[COT 2020-10-17 23:46:17] 76561199080140851: Item set MVS Loadout spawned on <11077.629883, 3.114501, 2911.390381>
[COT 2020-10-17 23:47:46] 76561199080140851: Set rain to 0.77 0 0
[COT 2020-10-17 23:47:46] 76561199080140851: Set storm to 0.5929 0.8 4000
[COT 2020-10-17 23:47:46] 76561199080140851: Set fog to 0.19 0 0
[COT 2020-10-17 23:47:46] 76561199080140851: Set overcast to 0.212509 0 0
[COT 2020-10-17 23:47:46] 76561199080140851: Set the date to 2020/8/10 16:45
[COT 2020-10-17 23:47:46] 76561199080140851: Set wind to 0.63 0.63 1
[COT 2020-10-17 23:47:50] 76561199080140851: Set rain to 0.92 0 0
[COT 2020-10-17 23:47:50] 76561199080140851: Set storm to 0.8464 0.8 4000
[COT 2020-10-17 23:47:50] 76561199080140851: Set fog to 0.19 0 0
[COT 2020-10-17 23:47:50] 76561199080140851: Set overcast to 0.212509 0 0
[COT 2020-10-17 23:47:50] 76561199080140851: Set the date to 2020/8/10 16:45
[COT 2020-10-17 23:47:50] 76561199080140851: Set wind to 0.63 0.63 1
[COT 2020-10-17 23:47:54] 76561199080140851: Set rain to 0 0 0
[COT 2020-10-17 23:47:54] 76561199080140851: Set storm to 0 0.8 4000
[COT 2020-10-17 23:47:54] 76561199080140851: Set fog to 0.19 0 0
[COT 2020-10-17 23:47:54] 76561199080140851: Set overcast to 0.212509 0 0
[COT 2020-10-17 23:47:54] 76561199080140851: Set the date to 2020/8/10 16:45
[COT 2020-10-17 23:47:54] 76561199080140851: Set wind to 0.63 0.63 1
[COT 2020-10-17 23:48:09] 76561199080140851: Set rain to 0 0 0
[COT 2020-10-17 23:48:09] 76561199080140851: Set storm to 0 0.8 4000
[COT 2020-10-17 23:48:09] 76561199080140851: Set fog to 0.93 0 0
[COT 2020-10-17 23:48:09] 76561199080140851: Set overcast to 0.212509 0 0
[COT 2020-10-17 23:48:09] 76561199080140851: Set the date to 2020/8/10 16:45
[COT 2020-10-17 23:48:09] 76561199080140851: Set wind to 0.09 0.09 1
[COT 2020-10-17 23:48:11] 76561199080140851: Set rain to 0 0 0
[COT 2020-10-17 23:48:11] 76561199080140851: Set storm to 0 0.8 4000
[COT 2020-10-17 23:48:11] 76561199080140851: Set fog to 0.93 0 0
[COT 2020-10-17 23:48:11] 76561199080140851: Set overcast to 0.212509 0 0
[COT 2020-10-17 23:48:11] 76561199080140851: Set the date to 2020/8/10 16:45
[COT 2020-10-17 23:48:11] 76561199080140851: Set wind to 0.09 0.09 1
[COT 2020-10-17 23:48:14] 76561199080140851: Set rain to 0 0 0
[COT 2020-10-17 23:48:14] 76561199080140851: Set storm to 0 0.8 4000
[COT 2020-10-17 23:48:14] 76561199080140851: Set fog to 0.14 0 0
[COT 2020-10-17 23:48:14] 76561199080140851: Set overcast to 0.212509 0 0
[COT 2020-10-17 23:48:14] 76561199080140851: Set the date to 2020/8/10 16:45
[COT 2020-10-17 23:48:14] 76561199080140851: Set wind to 0.09 0.09 1
[COT 2020-10-17 23:49:14] 76561197997236738: Teleported to position <6542.691406, 387.323425, 8612.048828>
[COT 2020-10-17 23:49:16] 76561199080140851: Set rain to 0 0 0
[COT 2020-10-17 23:49:16] 76561199080140851: Set storm to 0 0.8 4000
[COT 2020-10-17 23:49:16] 76561199080140851: Set fog to 0.13145 0 0
[COT 2020-10-17 23:49:16] 76561199080140851: Set overcast to 0.68 0 0
[COT 2020-10-17 23:49:16] 76561199080140851: Set the date to 2020/8/10 16:45
[COT 2020-10-17 23:49:16] 76561199080140851: Set wind to 1.88655 1.88655 1
[COT 2020-10-17 23:50:12] 76561199080140851: Deleted Entity ExpansionAirdropContainer_Basebuilding:065161 at <11077.629883, 3.176158, 2911.390381>
[COT 2020-10-17 23:50:16] 76561199080140851: Deleted Entity CanvasPants_Red:065060 at <11077.226563, 3.182281, 2912.250244>
[COT 2020-10-17 23:50:39] 76561199080140851: Set rain to 0.96 0 0
[COT 2020-10-17 23:50:39] 76561199080140851: Set storm to 0.9216 0.8 4000
[COT 2020-10-17 23:50:39] 76561199080140851: Set fog to 0.95 0 0
[COT 2020-10-17 23:50:39] 76561199080140851: Set overcast to 0.97 0 0
[COT 2020-10-17 23:50:39] 76561199080140851: Set the date to 2020/8/10 16:46
[COT 2020-10-17 23:50:39] 76561199080140851: Set wind to 0.96 0.96 1
[COT 2020-10-17 23:50:55] 76561199080140851: Set rain to 0 0 0
[COT 2020-10-17 23:50:55] 76561199080140851: Set storm to 0 0.8 4000
[COT 2020-10-17 23:50:55] 76561199080140851: Set fog to 0 0 0
[COT 2020-10-17 23:50:55] 76561199080140851: Set overcast to 0 0 0
[COT 2020-10-17 23:50:55] 76561199080140851: Set the date to 2020/8/10 16:46
[COT 2020-10-17 23:50:55] 76561199080140851: Set wind to 0.04 0.04 1
[COT 2020-10-17 23:51:26] 76561199080140851: Teleported to position <2743.225342, 200.219666, 5175.415527>
[COT 2020-10-17 23:51:29] 76561197997236738: Teleported to position <2553.807861, 190.275848, 5275.961426>
[COT 2020-10-17 23:52:48] 76561197997236738: Item set MVS Loadout spawned on <2550.023682, 190.216705, 5286.234375>
[COT 2020-10-17 23:54:01] 76561197997236738: Healed [guid=uvtdMd_cBerqVHmKHzn52eKFl-8jD7P9CNZONWv9pR0=]
[COT 2020-10-17 23:55:22] 76561198050722159: Teleported to position <314.542419, 295.202850, 9324.642578>
[COT 2020-10-17 23:57:01] 76561197997236738: Spawned vehicle TT650 (ExpansionTT650) at <2350.151611, 193.507416, 5379.439453>
[COT 2020-10-17 23:57:26] 76561198050722159: Teleported to position <3668.184326, 362.630127, 14896.657227>
[COT 2020-10-17 23:57:50] 76561198050722159: Healed [guid=bjiwSoIjED9FPjLYhFJx6Ml2-N7zn5tLIPDQpUMW2yY=]
[COT 2020-10-17 23:57:50] 76561198050722159: Healed [guid=bjiwSoIjED9FPjLYhFJx6Ml2-N7zn5tLIPDQpUMW2yY=]
[COT 2020-10-17 23:57:50] 76561198050722159: Healed [guid=bjiwSoIjED9FPjLYhFJx6Ml2-N7zn5tLIPDQpUMW2yY=]
[COT 2020-10-17 23:57:50] 76561198050722159: Healed [guid=bjiwSoIjED9FPjLYhFJx6Ml2-N7zn5tLIPDQpUMW2yY=]
[COT 2020-10-17 23:57:50] 76561198050722159: Healed [guid=bjiwSoIjED9FPjLYhFJx6Ml2-N7zn5tLIPDQpUMW2yY=]
[COT 2020-10-17 23:57:50] 76561198050722159: Healed [guid=bjiwSoIjED9FPjLYhFJx6Ml2-N7zn5tLIPDQpUMW2yY=]
[COT 2020-10-17 23:57:52] 76561198050722159: Bleeding stopped [guid=bjiwSoIjED9FPjLYhFJx6Ml2-N7zn5tLIPDQpUMW2yY=]
[COT 2020-10-17 23:57:52] 76561198050722159: Bleeding stopped [guid=bjiwSoIjED9FPjLYhFJx6Ml2-N7zn5tLIPDQpUMW2yY=]
[COT 2020-10-17 23:57:52] 76561198050722159: Bleeding stopped [guid=bjiwSoIjED9FPjLYhFJx6Ml2-N7zn5tLIPDQpUMW2yY=]
[COT 2020-10-17 23:57:58] 76561199080140851: Set rain to 0 0 0
[COT 2020-10-17 23:57:58] 76561199080140851: Set storm to 0 0.8 4000
[COT 2020-10-17 23:57:58] 76561199080140851: Set fog to 0.0181634 0 0
[COT 2020-10-17 23:57:58] 76561199080140851: Set overcast to 0.123878 0 0
[COT 2020-10-17 23:57:58] 76561199080140851: Set the date to 2020/8/10 16:52
[COT 2020-10-17 23:57:58] 76561199080140851: Set wind to 0 0 1
[COT 2020-10-17 23:58:00] 76561199080140851: Set rain to 0 0 0
[COT 2020-10-17 23:58:00] 76561199080140851: Set storm to 0 0.8 4000
[COT 2020-10-17 23:58:00] 76561199080140851: Set fog to 0.0181634 0 0
[COT 2020-10-17 23:58:00] 76561199080140851: Set overcast to 0.123878 0 0
[COT 2020-10-17 23:58:00] 76561199080140851: Set the date to 2020/8/10 16:52
[COT 2020-10-17 23:58:00] 76561199080140851: Set wind to 0 0 1
[COT 2020-10-17 23:58:03] 76561199080140851: Set rain to 0 0 0
[COT 2020-10-17 23:58:03] 76561199080140851: Set storm to 0 0.8 4000
[COT 2020-10-17 23:58:03] 76561199080140851: Set fog to 0 0 0
[COT 2020-10-17 23:58:03] 76561199080140851: Set overcast to 0.123878 0 0
[COT 2020-10-17 23:58:03] 76561199080140851: Set the date to 2020/8/10 16:52
[COT 2020-10-17 23:58:03] 76561199080140851: Set wind to 0 0 1
[COT 2020-10-17 23:58:03] 76561197997236738: Teleported [guid=uvtdMd_cBerqVHmKHzn52eKFl-8jD7P9CNZONWv9pR0=] to <6953.162109, -1.029705, 8966.813477>
[COT 2020-10-17 23:58:03] 76561197997236738: Teleported [guid=_gnMDbRKaeNWvFsJALyW8bD5G-qNFu3pvlBhjDdQBRU=] to <6953.162109, -1.029705, 8966.813477>
[COT 2020-10-17 23:58:19] 76561197997236738: Teleported _gnMDbRKaeNWvFsJALyW8bD5G-qNFu3pvlBhjDdQBRU= to (Zelenogorsk, <2712.408691, 206.527252, 5392.585938>)
[COT 2020-10-17 23:58:22] 76561197997236738: Teleported _gnMDbRKaeNWvFsJALyW8bD5G-qNFu3pvlBhjDdQBRU= to (Zelenogorsk, <2711.815430, 206.529999, 5391.526367>)
[COT 2020-10-17 23:58:29] 76561197997236738: Teleported to <6953.348633, -0.920744, 8966.291016> [guid=uvtdMd_cBerqVHmKHzn52eKFl-8jD7P9CNZONWv9pR0=]
[COT 2020-10-17 23:58:32] 76561197997236738: Teleported to <6953.348633, -0.872414, 8966.291016> [guid=uvtdMd_cBerqVHmKHzn52eKFl-8jD7P9CNZONWv9pR0=]
[COT 2020-10-17 23:58:39] 76561197997236738: Teleported to <2718.680176, 206.542435, 5398.520508> [guid=_gnMDbRKaeNWvFsJALyW8bD5G-qNFu3pvlBhjDdQBRU=]
[COT 2020-10-17 23:58:41] 76561197997236738: Teleported to <2719.076904, 206.542496, 5398.805664> [guid=_gnMDbRKaeNWvFsJALyW8bD5G-qNFu3pvlBhjDdQBRU=]
[COT 2020-10-17 23:58:43] 76561197997236738: Teleported to <2719.234131, 206.542480, 5398.490723> [guid=_gnMDbRKaeNWvFsJALyW8bD5G-qNFu3pvlBhjDdQBRU=]
[COT 2020-10-17 23:58:43] 76561197997236738: Teleported to <2719.517578, 206.542480, 5398.321777> [guid=_gnMDbRKaeNWvFsJALyW8bD5G-qNFu3pvlBhjDdQBRU=]
[COT 2020-10-17 23:59:33] 76561198050722159: Teleported to position <1672.357056, 451.730011, 14330.412109>
[COT 2020-10-17 23:59:35] 76561199080140851: Set rain to 0 0 0
[COT 2020-10-17 23:59:35] 76561199080140851: Set storm to 0 0.8 4000
[COT 2020-10-17 23:59:35] 76561199080140851: Set fog to 0.00266793 0 0
[COT 2020-10-17 23:59:35] 76561199080140851: Set overcast to 0.120488 0 0
[COT 2020-10-17 23:59:35] 76561199080140851: Set the date to 2020/8/10 16:53
[COT 2020-10-17 23:59:35] 76561199080140851: Set wind to 0.14 0.14 1
[COT 2020-10-17 23:59:40] 76561199080140851: Set rain to 0 0 0
[COT 2020-10-17 23:59:40] 76561199080140851: Set storm to 0 0.8 4000
[COT 2020-10-17 23:59:40] 76561199080140851: Set fog to 0.00266793 0 0
[COT 2020-10-17 23:59:40] 76561199080140851: Set overcast to 0.120488 0 0
[COT 2020-10-17 23:59:40] 76561199080140851: Set the date to 2020/8/10 16:53
[COT 2020-10-17 23:59:40] 76561199080140851: Set wind to 0.01 0.01 1
[COT 2020-10-17 23:59:52] 76561197997236738: Set rain to 0 0 0
[COT 2020-10-17 23:59:52] 76561197997236738: Set storm to 0 0.8 4000
[COT 2020-10-17 23:59:52] 76561197997236738: Set fog to 0.00285794 0 0
[COT 2020-10-17 23:59:52] 76561197997236738: Set overcast to 0.122743 0 0
[COT 2020-10-17 23:59:52] 76561197997236738: Set the date to 2020/8/10 16:53
[COT 2020-10-17 23:59:52] 76561197997236738: Set wind to 0.01 0.01 1
[COT 2020-10-17 23:59:56] 76561197997236738: Set rain to 0 0 0
[COT 2020-10-17 23:59:56] 76561197997236738: Set storm to 0 0.8 4000
[COT 2020-10-17 23:59:56] 76561197997236738: Set fog to 0.00285794 0 0
[COT 2020-10-17 23:59:56] 76561197997236738: Set overcast to 0 0 0
[COT 2020-10-17 23:59:56] 76561197997236738: Set the date to 2020/8/10 16:53
[COT 2020-10-17 23:59:56] 76561197997236738: Set wind to 0.01 0.01 1
[COT 2020-10-17 23:59:56] 76561197997236738: Set rain to 0 0 0
[COT 2020-10-17 23:59:56] 76561197997236738: Set storm to 0 0.8 4000
[COT 2020-10-17 23:59:56] 76561197997236738: Set fog to 0.00285794 0 0
[COT 2020-10-17 23:59:56] 76561197997236738: Set overcast to 0 0 0
[COT 2020-10-17 23:59:56] 76561197997236738: Set the date to 2020/8/10 16:53
[COT 2020-10-17 23:59:56] 76561197997236738: Set wind to 0.01 0.01 1
[COT 2020-10-17 23:59:59] 76561197997236738: Set rain to 0 0 0
[COT 2020-10-17 23:59:59] 76561197997236738: Set storm to 0 0.8 4000
[COT 2020-10-17 23:59:59] 76561197997236738: Set fog to 0.00285794 0 0
[COT 2020-10-17 23:59:59] 76561197997236738: Set overcast to 0 0 0
[COT 2020-10-17 23:59:59] 76561197997236738: Set the date to 2020/3/25 5:59
[COT 2020-10-17 23:59:59] 76561197997236738: Set wind to 0.01 0.01 1
[COT 2020-10-18 00:00:04] 76561197997236738: Set rain to 0 0 0
[COT 2020-10-18 00:00:04] 76561197997236738: Set storm to 0 0.8 4000
[COT 2020-10-18 00:00:04] 76561197997236738: Set fog to 0.00285794 0 0
[COT 2020-10-18 00:00:04] 76561197997236738: Set overcast to 0 0 0
[COT 2020-10-18 00:00:04] 76561197997236738: Set the date to 2020/3/25 7:54
[COT 2020-10-18 00:00:04] 76561197997236738: Set wind to 0.01 0.01 1
[COT 2020-10-18 00:00:17] 76561199080140851: Teleported to position <1494.866577, 453.686829, 14009.897461>
[COT 2020-10-18 00:00:36] 76561197997236738: Spawned vehicle C-130J Hercules (ExpansionC130J) at <2342.760010, 194.111115, 5383.286621>
[COT 2020-10-18 00:01:07] 76561197997236738: Teleported [guid=_gnMDbRKaeNWvFsJALyW8bD5G-qNFu3pvlBhjDdQBRU=] to <2344.048828, 195.688538, 5393.669922>
[COT 2020-10-18 00:01:24] 76561197997236738: Spawned vehicle An-2 (ExpansionAn2) at <2338.469727, 195.193542, 5390.736816>
[COT 2020-10-18 00:01:57] 76561197997236738: Deleted Entity ExpansionAn2:065356 at <2337.968994, 194.412704, 5385.484375>
[COT 2020-10-18 00:02:15] 76561197997236738: Spawned vehicle UH-1H (ExpansionUh1h) at <2336.126465, 194.231689, 5384.135254>
[COT 2020-10-18 00:03:58] 76561197997236738: Spawned Entity  (Building<bae12d30>, -1, 0) at <2351.589355, 195.482635, 5391.471191>
[COT 2020-10-18 00:04:35] 76561197997236738: Spawned Entity RPG7 Warhead (Ammunition_Base<a2942de0>, 1, 100) at <2359.830811, 196.098755, 5394.895996>
[COT 2020-10-18 00:04:50] 76561199080140851: Spawned Entity $UNT$M72 LAW Warhead (Ammo_LAW_HE<a2940fa0>, 1, 100) at <2344.485840, 196.569565, 5400.072754>
[COT 2020-10-18 00:04:51] 76561199080140851: Spawned Entity $UNT$M72 LAW Warhead (Ammo_LAW_HE<a2951fe0>, 1, 100) at <2344.485840, 196.569565, 5400.072754>
[COT 2020-10-18 00:04:52] 76561199080140851: Spawned Entity $UNT$M72 LAW Warhead (Ammo_LAW_HE<a2942de0>, 1, 100) at <2344.485840, 196.569565, 5400.072754>
[COT 2020-10-18 00:04:53] 76561199080140851: Spawned Entity $UNT$M72 LAW Warhead (Ammo_LAW_HE<a293c400>, 1, 100) at <2344.485840, 196.569565, 5400.072754>
[COT 2020-10-18 00:04:53] 76561199080140851: Spawned Entity $UNT$M72 LAW Warhead (Ammo_LAW_HE<a294b600>, 1, 100) at <2344.485840, 196.569565, 5400.072754>
[COT 2020-10-18 00:05:37] 76561198050722159: Healed [guid=bjiwSoIjED9FPjLYhFJx6Ml2-N7zn5tLIPDQpUMW2yY=]
[COT 2020-10-18 00:05:38] 76561198050722159: Healed [guid=bjiwSoIjED9FPjLYhFJx6Ml2-N7zn5tLIPDQpUMW2yY=]
[COT 2020-10-18 00:05:38] 76561198050722159: Healed [guid=bjiwSoIjED9FPjLYhFJx6Ml2-N7zn5tLIPDQpUMW2yY=]
[COT 2020-10-18 00:05:38] 76561198050722159: Bleeding stopped [guid=bjiwSoIjED9FPjLYhFJx6Ml2-N7zn5tLIPDQpUMW2yY=]
[COT 2020-10-18 00:05:38] 76561198050722159: Bleeding stopped [guid=bjiwSoIjED9FPjLYhFJx6Ml2-N7zn5tLIPDQpUMW2yY=]
[COT 2020-10-18 00:05:38] 76561198050722159: Bleeding stopped [guid=bjiwSoIjED9FPjLYhFJx6Ml2-N7zn5tLIPDQpUMW2yY=]
[COT 2020-10-18 00:05:39] 76561198050722159: Bleeding stopped [guid=bjiwSoIjED9FPjLYhFJx6Ml2-N7zn5tLIPDQpUMW2yY=]
[COT 2020-10-18 00:05:39] 76561198050722159: Bleeding stopped [guid=bjiwSoIjED9FPjLYhFJx6Ml2-N7zn5tLIPDQpUMW2yY=]
[COT 2020-10-18 00:05:39] 76561198050722159: Healed [guid=bjiwSoIjED9FPjLYhFJx6Ml2-N7zn5tLIPDQpUMW2yY=]
[COT 2020-10-18 00:05:39] 76561198050722159: Healed [guid=bjiwSoIjED9FPjLYhFJx6Ml2-N7zn5tLIPDQpUMW2yY=]
[COT 2020-10-18 00:05:40] 76561198050722159: Healed [guid=bjiwSoIjED9FPjLYhFJx6Ml2-N7zn5tLIPDQpUMW2yY=]
[COT 2020-10-18 00:05:55] 76561197997236738: Teleported [guid=_gnMDbRKaeNWvFsJALyW8bD5G-qNFu3pvlBhjDdQBRU=] to <2551.420654, 190.233765, 5286.472656>
[COT 2020-10-18 00:06:56] 76561198050722159: Teleported to <2349.907227, 195.178802, 5389.668945> [guid=uvtdMd_cBerqVHmKHzn52eKFl-8jD7P9CNZONWv9pR0=]
[COT 2020-10-18 00:07:00] 76561198050722159: Teleported to <2347.867676, 195.291702, 5390.590820> [guid=uvtdMd_cBerqVHmKHzn52eKFl-8jD7P9CNZONWv9pR0=]
[COT 2020-10-18 00:08:03] 76561198050722159: Teleported to position <745.897400, 6.110000, 1885.706177>
[COT 2020-10-18 00:09:36] 76561199080140851: Teleported to position <4945.332031, 9.500000, 2522.413330>
[COT 2020-10-18 00:09:40] 76561198050722159: Teleported to position <4999.917969, 9.500000, 2422.553955>
[COT 2020-10-18 00:10:37] 76561197997236738: Teleported to <12934.482422, 5.268643, 9365.145508> [guid=uvtdMd_cBerqVHmKHzn52eKFl-8jD7P9CNZONWv9pR0=]
[COT 2020-10-18 00:10:46] 76561197997236738: Teleported to <5093.441406, 9.352456, 2290.506104> [guid=bjiwSoIjED9FPjLYhFJx6Ml2-N7zn5tLIPDQpUMW2yY=]
[COT 2020-10-18 00:11:24] 76561197997236738: Healed [guid=bjiwSoIjED9FPjLYhFJx6Ml2-N7zn5tLIPDQpUMW2yY=]
[COT 2020-10-18 00:11:26] 76561197997236738: Bleeding stopped [guid=bjiwSoIjED9FPjLYhFJx6Ml2-N7zn5tLIPDQpUMW2yY=]
[COT 2020-10-18 00:11:28] 76561197997236738: Healed [guid=uvtdMd_cBerqVHmKHzn52eKFl-8jD7P9CNZONWv9pR0=]
[COT 2020-10-18 00:11:28] 76561197997236738: Bleeding stopped [guid=uvtdMd_cBerqVHmKHzn52eKFl-8jD7P9CNZONWv9pR0=]
[COT 2020-10-18 00:11:44] 76561197997236738: ESP: Viewing ESP
[COT 2020-10-18 00:11:54] 76561197997236738: ESP: Clearing ESP
[COT 2020-10-18 00:12:33] 76561199080140851: Spawned Entity M203 HE (Ammunition_Base<c04bcbb0>, 1, 100) at <5066.965820, 9.351971, 2285.080078>
[COT 2020-10-18 00:12:34] 76561199080140851: Spawned Entity M203 HE (Ammunition_Base<c04bc420>, 1, 100) at <5066.965820, 9.351971, 2285.080078>
[COT 2020-10-18 00:12:35] 76561199080140851: Spawned Entity M203 HE (Ammunition_Base<c04bf180>, 1, 100) at <5066.965820, 9.351971, 2285.080078>
[COT 2020-10-18 00:12:54] 76561197997236738: Teleported to position <4205.086914, 338.410004, 11059.923828>
[COT 2020-10-18 00:15:50] 76561197997236738: Teleported to <4959.773926, 9.512476, 2446.541992> [guid=bjiwSoIjED9FPjLYhFJx6Ml2-N7zn5tLIPDQpUMW2yY=]
[COT 2020-10-18 00:16:32] 76561199080140851: Spawned Entity Barret M82 (AKM_Base<a2640a50>, -1, 500) at <5383.899902, 101.672997, 2726.939941>
[COT 2020-10-18 00:16:35] 76561199080140851: Spawned Entity Barret Magazine (Mag_AKM_30Rnd<a026dbb0>, 1, 100) at <5383.899902, 101.672997, 2726.939941>
[COT 2020-10-18 00:16:53] 76561199080140851: Spawned Entity Hunting Scope (HuntingOptic<9d307fa0>, -1, 50) at <5383.899902, 101.672997, 2726.939941>
[COT 2020-10-18 00:18:26] 76561197997236738: Teleported to position <5367.778809, 59.174690, 2744.451660>
[COT 2020-10-18 00:19:04] 76561197997236738: Teleported to <5099.632324, 9.969560, 2250.395264> [guid=_gnMDbRKaeNWvFsJALyW8bD5G-qNFu3pvlBhjDdQBRU=]
[COT 2020-10-18 00:22:47] 76561199080140851: Spawned Entity BK-18 (Izh18_Base<a26560d0>, -1, 200) at <12884.059570, 4.987480, 9167.889648>
[COT 2020-10-18 00:24:04] 76561199080140851: Spawned vehicle Merlin (ExpansionMerlin) at <12866.773438, 5.594317, 9173.796875>
[COT 2020-10-18 00:32:55] 76561199080140851: Spawned Entity Boxed 7.62x39mm Rounds (AmmoBox_762x39_20Rnd<797453d0>, -1, 100) at <10964.180664, 236.420166, 12530.168945>
[COT 2020-10-18 00:36:13] 76561199080140851: Spawned Entity $UNT$M249 SAW (M249<a33ee6e0>, -1, 100) at <10960.689453, 228.215988, 12439.509766>
[COT 2020-10-18 00:36:42] 76561199080140851: Spawned Entity Revolver (Magnum<a33f22d0>, -1, 200) at <10960.689453, 228.215988, 12439.509766>
[COT 2020-10-18 00:36:59] 76561199080140851: Spawned Entity $UNT$200Rnd M249 box (Mag_M249_Box200Rnd<c04e7be0>, 1, 100) at <10960.689453, 228.215988, 12439.509766>
[COT 2020-10-18 00:36:59] 76561199080140851: Spawned Entity $UNT$200Rnd M249 box (Mag_M249_Box200Rnd<c04e3f60>, 1, 100) at <10960.689453, 228.215988, 12439.509766>
