[COT 2020-07-11 00:31:00] 76561197997236738: Teleported [guid=vXG_d8Ut0lfvvRXUTCtAJ3xVs0Z4IeW2luOShe3swGE=] to <7998.629395, 129.224594, 12598.887695>
[COT 2020-07-11 00:31:17] 76561197997236738: Item set MVS Loadout spawned on <8014.058105, 129.046448, 12601.594727>
[COT 2020-07-11 00:33:06] 76561197997236738: Spawned vehicle Merlin (ExpansionMerlin) at <8008.379395, 129.046631, 12598.384766>
[COT 2020-07-11 00:34:06] 76561197997236738: Spawned vehicle LHD-9 USS Khe Sanh (ExpansionLHD) at <7953.974609, 127.957870, 12578.324219>
[COT 2020-07-11 00:34:36] 76561197997236738: Deleted Entity ExpansionAirdropContainer_Basebuilding:050264 at <8014.058105, 129.248367, 12601.594727>
[COT 2020-07-11 00:35:17] 76561197997236738: Teleported to position <1659.511108, 6.554442, 2211.473633>
[COT 2020-07-11 00:35:32] 76561197997236738: Teleported to position <1130.510620, 5.647502, 2421.920410>
[COT 2020-07-11 00:35:38] 76561197997236738: Teleported [guid=vXG_d8Ut0lfvvRXUTCtAJ3xVs0Z4IeW2luOShe3swGE=] to <1130.510620, 5.788560, 2421.920410>
[COT 2020-07-11 00:36:33] 76561197997236738: Spawned vehicle Mh-6 Little Bird (ExpansionMh6) at <1148.367554, 6.069018, 2396.662109>
[COT 2020-07-11 00:45:03] 76561197997236738: Spawned vehicle Vodnik (ExpansionVodnik) at <9317.799805, 33.869469, 2220.726563>
[COT 2020-07-11 00:45:31] 76561197997236738: Deleted Entity ExpansionVodnikWheel:037587 at <9316.402344, 33.838459, 2217.376465>
[COT 2020-07-11 00:45:33] 76561197997236738: Deleted Entity ExpansionVodnikDoorDriver:034916 at <9315.884766, 34.331871, 2216.047852>
[COT 2020-07-11 00:45:39] 76561197997236738: Deleted Entity ExpansionVodnik:042009 at <9317.536133, 34.505253, 2213.093018>
[COT 2020-07-11 00:45:54] 76561197997236738: Spawned vehicle An-2 (ExpansionAn2) at <9320.783203, 31.736776, 2209.986328>
[COT 2020-07-11 00:47:18] 76561197997236738: Deleted Entity ExpansionAn2:039622 at <9318.983398, 25.010900, 2175.813232>
[COT 2020-07-11 00:47:41] 76561197997236738: Deleted Entity ExpansionMh6:054323 at <9295.338867, 36.981186, 2241.991943>
[COT 2020-07-11 00:47:58] 76561197997236738: Spawned vehicle An-2 (ExpansionAn2) at <8968.013672, 7.637313, 2070.581543>
[COT 2020-07-11 00:48:23] 76561197997236738: Spawned vehicle An-2 (ExpansionAn2) at <9258.779297, 6.249999, 2057.420410>
[COT 2020-07-11 00:49:20] 76561197997236738: Deleted Entity ExpansionAn2:023258 at <9258.607422, 6.236723, 2057.512939>
[COT 2020-07-11 00:49:56] 76561197997236738: Teleported to position <4577.621094, 340.312439, 10158.293945>
[COT 2020-07-11 00:50:06] 76561197997236738: Teleported [guid=vXG_d8Ut0lfvvRXUTCtAJ3xVs0Z4IeW2luOShe3swGE=] to <4577.621094, 340.326935, 10158.293945>
[COT 2020-07-11 00:50:45] 76561197997236738: Teleported [guid=vXG_d8Ut0lfvvRXUTCtAJ3xVs0Z4IeW2luOShe3swGE=] to <4593.964355, 339.012421, 10006.623047>
[COT 2020-07-11 00:50:52] 76561197997236738: Spawned vehicle An-2 (ExpansionAn2) at <4575.221680, 339.000061, 10019.337891>
[COT 2020-07-11 00:52:31] 76561197997236738: Deleted Entity ExpansionAn2:062068 at <4536.619141, 343.290527, 10158.390625>
[COT 2020-07-11 00:52:41] 76561197997236738: Teleported [guid=vXG_d8Ut0lfvvRXUTCtAJ3xVs0Z4IeW2luOShe3swGE=] to <4534.614746, 339.012421, 10156.340820>
[COT 2020-07-11 00:52:51] 76561197997236738: Spawned vehicle An-2 (ExpansionAn2) at <4518.422363, 339.000000, 10149.196289>
[COT 2020-07-11 00:53:54] 76561197997236738: Deleted Entity BushHard_t_PinusSylvestris_1f:-2147135488638768524 at <4560.833984, 341.988800, 10245.280273>
[COT 2020-07-11 00:54:03] 76561197997236738: Deleted Entity ExpansionAn2:025474 at <4558.421387, 341.023132, 10247.440430>
[COT 2020-07-11 00:54:08] 76561197997236738: Teleported [guid=vXG_d8Ut0lfvvRXUTCtAJ3xVs0Z4IeW2luOShe3swGE=] to <4560.879395, 340.305756, 10238.450195>
[COT 2020-07-11 00:54:39] 76561197997236738: Spawned vehicle An-2 (ExpansionAn2) at <4490.228027, 339.000031, 10191.902344>
[COT 2020-07-11 00:54:50] 76561197997236738: Deleted Entity ExpansionAn2:041441 at <4490.293945, 338.988495, 10191.955078>
[COT 2020-07-11 00:54:56] 76561197997236738: Spawned vehicle An-2 (ExpansionAn2) at <4476.626465, 339.000031, 10182.646484>
[COT 2020-07-11 00:57:01] 76561197997236738: Deleted Entity ExpansionAn2:063621 at <4122.351563, 342.146881, 11079.285156>
[COT 2020-07-11 00:57:07] 76561197997236738: Teleported [guid=vXG_d8Ut0lfvvRXUTCtAJ3xVs0Z4IeW2luOShe3swGE=] to <4124.605957, 338.001190, 11079.437500>
[COT 2020-07-11 00:58:29] 76561197997236738: Item set MVS Loadout spawned on <4167.818359, 338.409973, 11056.208984>
[COT 2020-07-11 00:59:05] 76561197997236738: Deleted Entity ExpansionAirdropContainer_Basebuilding:064675 at <4167.818359, 338.547974, 11056.208984>
[COT 2020-07-11 00:59:20] 76561197997236738: Spawned Entity  (Expansion_C4_Explosion<fbc8fa90>, -1, 0) at <4158.246094, 338.390015, 11021.442383>
[COT 2020-07-11 00:59:56] 76561197997236738: Teleported to position <4056.001221, 335.346985, 11082.666992>
[COT 2020-07-11 01:00:20] 76561197997236738: Item set MVS Loadout spawned on <4148.583008, 338.390015, 11033.916016>
[COT 2020-07-11 01:00:58] 76561197997236738: Deleted Entity ExpansionAirdropContainer_Basebuilding:065160 at <4148.583008, 338.403778, 11033.916016>
[COT 2020-07-11 01:02:04] 76561197997236738: Spawned Entity Handmade Explosive (ExpansionExplosive<4ef64420>, -1, 100) at <4170.438477, 338.390991, 11025.278320>
[COT 2020-07-11 01:02:14] 76561197997236738: Spawned Entity Handmade Explosive (ExpansionExplosive<4ef423a0>, -1, 100) at <4170.438477, 338.390991, 11025.278320>
[COT 2020-07-11 01:02:56] 76561197997236738: Spawned Entity M72 LAW (ExpansionLAW<b1b27190>, -1, 100) at <4171.015625, 338.401520, 11033.619141>
[COT 2020-07-11 01:02:57] 76561197997236738: Spawned Entity M72 LAW (ExpansionLAW<b1b20240>, -1, 100) at <4171.015625, 338.401520, 11033.619141>
[COT 2020-07-11 01:03:04] 76561197997236738: Spawned Entity M72 LAW Warhead (Ammunition_Base<58f2f730>, 1, 100) at <4170.861816, 338.469421, 11033.744141>
[COT 2020-07-11 01:03:04] 76561197997236738: Spawned Entity M72 LAW Warhead (Ammunition_Base<58f29f70>, 1, 100) at <4170.861816, 338.469421, 11033.744141>
[COT 2020-07-11 01:03:05] 76561197997236738: Spawned Entity M72 LAW Warhead (Ammunition_Base<58f31470>, 1, 100) at <4170.861816, 338.469421, 11033.744141>
[COT 2020-07-11 01:03:05] 76561197997236738: Spawned Entity M72 LAW Warhead (Ammunition_Base<58f2a6c0>, 1, 100) at <4170.551758, 338.606567, 11033.997070>
[COT 2020-07-11 01:03:05] 76561197997236738: Spawned Entity M72 LAW Warhead (Ammunition_Base<58f36c30>, 1, 100) at <4170.551758, 338.606567, 11033.997070>
[COT 2020-07-11 01:03:06] 76561197997236738: Spawned Entity M72 LAW Warhead (Ammunition_Base<58f347a0>, 1, 100) at <4170.551758, 338.606567, 11033.997070>
[COT 2020-07-11 01:03:06] 76561197997236738: Spawned Entity M72 LAW Warhead (Ammunition_Base<58f39810>, 1, 100) at <4170.551758, 338.606567, 11033.997070>
[COT 2020-07-11 01:04:18] 76561197997236738: Teleported to <4170.897949, 338.404205, 11026.021484> [guid=vXG_d8Ut0lfvvRXUTCtAJ3xVs0Z4IeW2luOShe3swGE=]
[COT 2020-07-11 01:05:19] 76561197997236738: Teleported to position <5689.200195, 70.701355, 2568.451660>
[COT 2020-07-11 01:05:30] 76561197997236738: Teleported [guid=vXG_d8Ut0lfvvRXUTCtAJ3xVs0Z4IeW2luOShe3swGE=] to <5696.694824, 118.768143, 2635.956055>
[COT 2020-07-11 01:05:39] 76561197997236738: Item set MVS Loadout spawned on <5691.154297, 118.731979, 2637.478516>
[COT 2020-07-11 01:05:53] 76561197997236738: Healed [guid=vXG_d8Ut0lfvvRXUTCtAJ3xVs0Z4IeW2luOShe3swGE=]
[COT 2020-07-11 01:05:55] 76561197997236738: Healed [guid=uvtdMd_cBerqVHmKHzn52eKFl-8jD7P9CNZONWv9pR0=]
[COT 2020-07-11 01:06:22] 76561197997236738: Deleted Entity ExpansionAirdropContainer_Basebuilding:041348 at <5691.154297, 118.744965, 2637.478516>
[COT 2020-07-11 01:07:02] 76561197997236738: Item set MVS Loadout spawned on <5689.197754, 118.733330, 2636.755615>
[COT 2020-07-11 01:10:38] 76561197997236738: Teleported to position <5689.254395, 75.550491, 2646.774902>
[COT 2020-07-11 01:12:01] 76561197997236738: Spawned Entity Handmade Explosive (ExpansionExplosive<4d1107a0>, -1, 100) at <5691.285645, 118.731888, 2643.602051>
