[COT 2020-10-17 22:41:43] 76561197997236738: Teleported [guid=bjiwSoIjED9FPjLYhFJx6Ml2-N7zn5tLIPDQpUMW2yY=] to <6889.630371, 404.697113, 11447.927734>
[COT 2020-10-17 22:46:05] 76561198050722159: Spawned Entity MCR Carbine (Tan) (M4A1_Base<646fa690>, -1, 500) at <6887.871094, 405.792480, 11440.683594>
[COT 2020-10-17 22:46:15] 76561198050722159: Spawned Entity Polymer 60rnd Magazine (Mag_AKM_30Rnd<7fea6700>, 1, 100) at <6887.803223, 405.874817, 11440.748047>
[COT 2020-10-17 22:46:38] 76561197997236738: Healed [guid=bjiwSoIjED9FPjLYhFJx6Ml2-N7zn5tLIPDQpUMW2yY=]
[COT 2020-10-17 22:46:40] 76561197997236738: Healed [guid=uvtdMd_cBerqVHmKHzn52eKFl-8jD7P9CNZONWv9pR0=]
[COT 2020-10-17 22:46:58] 76561197997236738: Bleeding stopped [guid=uvtdMd_cBerqVHmKHzn52eKFl-8jD7P9CNZONWv9pR0=]
[COT 2020-10-17 22:46:58] 76561197997236738: Healed [guid=uvtdMd_cBerqVHmKHzn52eKFl-8jD7P9CNZONWv9pR0=]
[COT 2020-10-17 22:47:41] 76561198050722159: Spawned Entity Standardized Suppressor (M4_Suppressor<84acfd30>, -1, 4) at <6883.407227, 405.773315, 11440.021484>
[COT 2020-10-17 22:48:33] 76561198050722159: Spawned Entity  (Building<84865600>, -1, 0) at <6883.407227, 405.769928, 11440.021484>
[COT 2020-10-17 22:48:57] 76561197997236738: Teleported [guid=_gnMDbRKaeNWvFsJALyW8bD5G-qNFu3pvlBhjDdQBRU=] to <6881.451172, 405.610291, 11441.568359>
[COT 2020-10-17 22:48:59] 76561198050722159: Spawned Entity M4-A1 MP Buttstock (M4_MPBttstck<84ad2300>, -1, 220) at <6882.821289, 405.885712, 11435.824219>
[COT 2020-10-17 22:49:54] 76561197997236738: Item set MVS Loadout spawned on <6889.828125, 406.320831, 11432.967773>
[COT 2020-10-17 22:51:13] 76561198050722159: Spawned Entity ETATH (ItemBase<84ae1c90>, -1, 100) at <6882.597656, 405.883057, 11436.028320>
[COT 2020-10-17 22:51:49] 76561198050722159: Spawned Entity EOTECH 512 Holographic Sight (ItemOptics<80da1230>, -1, 100) at <6885.108398, 405.940277, 11437.950195>
[COT 2020-10-17 22:52:12] 76561199080140851: Spawned vehicle Mh-6 Little Bird (ExpansionMh6) at <6894.357422, 405.809448, 11439.554688>
[COT 2020-10-17 22:52:31] 76561197997236738: Deleted Entity ExpansionMh6Wreck:063905 at <6892.369629, 406.586670, 11439.850586>
[COT 2020-10-17 22:52:38] 76561197997236738: Deleted Entity ExpansionAirdropContainer_Basebuilding:029691 at <6889.828125, 405.952271, 11432.967773>
[COT 2020-10-17 22:53:25] 76561197997236738: Spawned vehicle Merlin (ExpansionMerlin) at <6896.347656, 405.871063, 11438.042969>
[COT 2020-10-17 22:54:37] 76561198050722159: Spawned Entity Polymer 60rnd Magazine (Mag_AKM_30Rnd<84b02660>, 1, 100) at <6895.580078, 405.854187, 11430.499023>
[COT 2020-10-17 22:54:38] 76561198050722159: Spawned Entity Polymer 60rnd Magazine (Mag_AKM_30Rnd<84afe9e0>, 1, 100) at <6895.580078, 405.854187, 11430.499023>
[COT 2020-10-17 22:54:38] 76561198050722159: Spawned Entity Polymer 60rnd Magazine (Mag_AKM_30Rnd<84b00820>, 1, 100) at <6895.580078, 405.854187, 11430.499023>
[COT 2020-10-17 22:54:38] 76561198050722159: Spawned Entity Polymer 60rnd Magazine (Mag_AKM_30Rnd<84aff170>, 1, 100) at <6895.580078, 405.854187, 11430.499023>
[COT 2020-10-17 22:54:39] 76561198050722159: Spawned Entity Polymer 60rnd Magazine (Mag_AKM_30Rnd<84b01ed0>, 1, 100) at <6895.580078, 405.854187, 11430.499023>
[COT 2020-10-17 22:54:39] 76561198050722159: Spawned Entity Polymer 60rnd Magazine (Mag_AKM_30Rnd<84b01740>, 1, 100) at <6895.580078, 405.854187, 11430.499023>
[COT 2020-10-17 22:57:09] 76561197997236738: Teleported [guid=bjiwSoIjED9FPjLYhFJx6Ml2-N7zn5tLIPDQpUMW2yY=] to <7028.945313, 580.982361, 11430.421875>
[COT 2020-10-17 22:57:13] 76561197997236738: Teleported [guid=bjiwSoIjED9FPjLYhFJx6Ml2-N7zn5tLIPDQpUMW2yY=] to <7028.945313, 578.817810, 11430.446289>
[COT 2020-10-17 22:58:32] 76561198050722159: Entered the Free Camera
[COT 2020-10-17 22:58:33] 76561198050722159: Left the Free Camera
[COT 2020-10-17 22:58:34] 76561198050722159: Entered the Free Camera
[COT 2020-10-17 22:59:10] 76561197997236738: Teleported [guid=bjiwSoIjED9FPjLYhFJx6Ml2-N7zn5tLIPDQpUMW2yY=] to <7027.994629, 578.773804, 11429.391602>
[COT 2020-10-17 22:59:57] 76561198050722159: Left the Free Camera
[COT 2020-10-17 22:59:59] 76561198050722159: Left the Free Camera
[COT 2020-10-17 23:00:05] 76561198050722159: Entered the Free Camera
[COT 2020-10-17 23:01:46] 76561199080140851: Spawned vehicle Mh-6 Little Bird (ExpansionMh6) at <9866.965820, 384.784882, 2820.227783>
[COT 2020-10-17 23:01:46] 76561199080140851: Spawned vehicle Mh-6 Little Bird (ExpansionMh6) at <9866.964844, 384.784912, 2820.227539>
[COT 2020-10-17 23:01:49] 76561199080140851: Spawned vehicle Mh-6 Little Bird (ExpansionMh6) at <9866.971680, 384.785309, 2820.216797>
[COT 2020-10-17 23:01:58] 76561199080140851: Spawned vehicle Mh-6 Little Bird (ExpansionMh6) at <10797.656250, 7.247678, 2532.377197>
[COT 2020-10-17 23:02:08] 76561199080140851: Spawned vehicle Merlin (ExpansionMerlin) at <10849.862305, 5.914428, 2550.062988>
[COT 2020-10-17 23:02:31] 76561199080140851: Item set MVS Loadout spawned on <10853.301758, 6.102003, 2546.578613>
[COT 2020-10-17 23:03:14] 76561198050722159: Left the Free Camera
[COT 2020-10-17 23:03:43] 76561199080140851: Item set MVS Loadout spawned on <10852.851563, 5.567437, 2546.135010>
[COT 2020-10-17 23:04:26] 76561199080140851: Spawned Entity M200 (CZ527_Base<98e16380>, -1, 500) at <10866.151367, 4.498699, 2536.023438>
[COT 2020-10-17 23:04:59] 76561199080140851: Spawned Entity M200 Magazine (Mag_AKM_30Rnd<a30a4b10>, 1, 100) at <10866.151367, 4.498078, 2536.023438>
[COT 2020-10-17 23:05:12] 76561199080140851: Spawned Entity 408 M200 Rounds (Ammunition_Base<a308d0f0>, 1, 100) at <10866.151367, 4.498078, 2536.023438>
[COT 2020-10-17 23:05:14] 76561199080140851: Spawned Entity 408 M200 Rounds (Ammunition_Base<a30a52a0>, 1, 100) at <10866.151367, 4.498078, 2536.023438>
[COT 2020-10-17 23:05:40] 76561199080140851: Spawned Entity Hunting Scope (HuntingOptic<a765e340>, -1, 50) at <10866.151367, 4.498078, 2536.023438>
[COT 2020-10-17 23:06:00] 76561197997236738: Set GodMode To true [guid=uvtdMd_cBerqVHmKHzn52eKFl-8jD7P9CNZONWv9pR0=]
[COT 2020-10-17 23:06:00] 76561197997236738: Set UnlimitedAmmo To true [guid=uvtdMd_cBerqVHmKHzn52eKFl-8jD7P9CNZONWv9pR0=]
[COT 2020-10-17 23:07:43] 76561199080140851: Healed [guid=_gnMDbRKaeNWvFsJALyW8bD5G-qNFu3pvlBhjDdQBRU=]
[COT 2020-10-17 23:07:46] 76561199080140851: Set GodMode To true [guid=_gnMDbRKaeNWvFsJALyW8bD5G-qNFu3pvlBhjDdQBRU=]
[COT 2020-10-17 23:07:46] 76561199080140851: Set UnlimitedAmmo To true [guid=_gnMDbRKaeNWvFsJALyW8bD5G-qNFu3pvlBhjDdQBRU=]
[COT 2020-10-17 23:09:26] 76561199080140851: Teleported to position <4853.745117, 9.797276, 2615.340332>
[COT 2020-10-17 23:10:05] 76561199080140851: Spawned vehicle C-130J Hercules (ExpansionC130J) at <4902.488770, 9.500006, 2593.951416>
[COT 2020-10-17 23:13:03] 76561198050722159: Teleported to position <6918.509766, 400.447662, 11464.434570>
[COT 2020-10-17 23:14:25] 76561197997236738: Teleported to <6892.106445, 427.601868, 11398.138672> [guid=bjiwSoIjED9FPjLYhFJx6Ml2-N7zn5tLIPDQpUMW2yY=]
[COT 2020-10-17 23:16:48] 76561197997236738: Teleported to <6890.882324, 427.575256, 11401.553711> [guid=bjiwSoIjED9FPjLYhFJx6Ml2-N7zn5tLIPDQpUMW2yY=]
[COT 2020-10-17 23:16:52] 76561198050722159: Spawned Entity MCR SAW Black (M4A1_Base<64713070>, -1, 500) at <6890.377441, 427.528473, 11398.405273>
[COT 2020-10-17 23:16:56] 76561199080140851: Spawned vehicle Gyrocopter (ExpansionGyrocopter) at <4946.339355, 9.499999, 2530.444824>
[COT 2020-10-17 23:17:18] 76561197997236738: Healed [guid=uvtdMd_cBerqVHmKHzn52eKFl-8jD7P9CNZONWv9pR0=]
[COT 2020-10-17 23:17:18] 76561197997236738: Bleeding stopped [guid=uvtdMd_cBerqVHmKHzn52eKFl-8jD7P9CNZONWv9pR0=]
[COT 2020-10-17 23:17:20] 76561198050722159: Spawned Entity ETATH (ItemBase<bad8b010>, -1, 100) at <6890.387207, 427.614075, 11398.530273>
[COT 2020-10-17 23:17:30] 76561198050722159: Spawned Entity Polymer 60rnd Magazine (Mag_AKM_30Rnd<bad8a880>, 1, 100) at <6890.392578, 427.661896, 11398.601563>
[COT 2020-10-17 23:17:31] 76561198050722159: Spawned Entity Polymer 60rnd Magazine (Mag_AKM_30Rnd<bad8ce50>, 1, 100) at <6890.395996, 427.695496, 11398.652344>
[COT 2020-10-17 23:17:31] 76561198050722159: Spawned Entity Polymer 60rnd Magazine (Mag_AKM_30Rnd<bad8e500>, 1, 100) at <6890.399414, 427.723480, 11398.692383>
[COT 2020-10-17 23:17:32] 76561197997236738: Set GodMode To true [guid=uvtdMd_cBerqVHmKHzn52eKFl-8jD7P9CNZONWv9pR0=]
[COT 2020-10-17 23:17:43] 76561198050722159: Spawned Entity Vortex UH-1 (ItemOptics<a7674aa0>, -1, 100) at <6890.406250, 427.783112, 11398.781250>
[COT 2020-10-17 23:17:51] 76561198050722159: Spawned Entity 9V Battery (Battery9V<bad54a60>, 50, 20) at <6890.406738, 427.789673, 11398.791016>
[COT 2020-10-17 23:18:20] 76561197997236738: Teleported to <4946.669922, 111.252510, 2530.561035> [guid=_gnMDbRKaeNWvFsJALyW8bD5G-qNFu3pvlBhjDdQBRU=]
[COT 2020-10-17 23:19:24] 76561197997236738: Teleported [guid=bjiwSoIjED9FPjLYhFJx6Ml2-N7zn5tLIPDQpUMW2yY=] to <4952.633301, 9.512475, 2533.570068>
[COT 2020-10-17 23:19:48] 76561197997236738: Teleported bjiwSoIjED9FPjLYhFJx6Ml2-N7zn5tLIPDQpUMW2yY= to (Devil's Castle, <6908.848633, 402.089569, 11372.284180>)
[COT 2020-10-17 23:19:50] 76561197997236738: Teleported bjiwSoIjED9FPjLYhFJx6Ml2-N7zn5tLIPDQpUMW2yY= to (Devil's Castle, <6908.206055, 402.082703, 11371.378906>)
[COT 2020-10-17 23:19:55] 76561197997236738: Teleported [guid=bjiwSoIjED9FPjLYhFJx6Ml2-N7zn5tLIPDQpUMW2yY=] to <4937.230957, 9.500002, 2548.519775>
[COT 2020-10-17 23:20:04] 76561197997236738: Teleported bjiwSoIjED9FPjLYhFJx6Ml2-N7zn5tLIPDQpUMW2yY= to (Devil's Castle, <6909.576172, 401.995056, 11371.743164>)
[COT 2020-10-17 23:20:20] 76561197997236738: Deleted Entity ExpansionC130J:071197 at <4903.971680, 15.155467, 2542.546631>
[COT 2020-10-17 23:20:26] 76561197997236738: Teleported to <6909.556152, 405.420715, 11436.703125> [guid=bjiwSoIjED9FPjLYhFJx6Ml2-N7zn5tLIPDQpUMW2yY=]
[COT 2020-10-17 23:21:06] 76561198050722159: Entered the Free Camera
[COT 2020-10-17 23:21:55] 76561198050722159: Left the Free Camera
[COT 2020-10-17 23:21:56] 76561197997236738: Spawned Entity  (ExplosionTest<c794a210>, -1, 0) at <6913.504395, 435.623779, 11428.953125>
[COT 2020-10-17 23:22:37] 76561199080140851: Spawned vehicle Mh-6 Little Bird (ExpansionMh6) at <6257.186523, 178.248886, 3423.987549>
[COT 2020-10-17 23:22:38] 76561197997236738: Teleported [guid=bjiwSoIjED9FPjLYhFJx6Ml2-N7zn5tLIPDQpUMW2yY=] to <6916.740723, 435.623749, 11428.401367>
[COT 2020-10-17 23:23:13] 76561198050722159: Teleported to position <6918.014648, 400.943115, 11461.866211>
[COT 2020-10-17 23:24:21] 76561198050722159: Teleported to position <6515.959473, 386.634888, 8706.276367>
[COT 2020-10-17 23:24:37] 76561198050722159: Teleported to <6914.696777, 435.623718, 11427.546875> [guid=uvtdMd_cBerqVHmKHzn52eKFl-8jD7P9CNZONWv9pR0=]
[COT 2020-10-17 23:24:38] 76561197997236738: Teleported to position <6561.045410, 389.554138, 8596.458008>
[COT 2020-10-17 23:24:43] 76561198050722159: Teleported to <6561.045410, 389.573822, 8596.458008> [guid=uvtdMd_cBerqVHmKHzn52eKFl-8jD7P9CNZONWv9pR0=]
[COT 2020-10-17 23:25:22] 76561197997236738: Item set Expansion Floor spawned on <6542.447266, 388.492950, 8652.214844>
[COT 2020-10-17 23:25:33] 76561197997236738: Item set Expansion Ramp spawned on <6538.094238, 387.984253, 8653.070313>
[COT 2020-10-17 23:25:39] 76561198050722159: Spawned Entity Standardized Suppressor (M4_Suppressor<c782e910>, -1, 4) at <6559.012695, 390.179382, 8639.000000>
[COT 2020-10-17 23:25:40] 76561197997236738: Item set Expansion Stair spawned on <6542.121094, 387.838806, 8644.077148>
[COT 2020-10-17 23:25:42] 76561197997236738: Item set Expansion Wall spawned on <6542.262695, 388.008331, 8644.514648>
[COT 2020-10-17 23:25:42] 76561197997236738: Item set Expansion Wall spawned on <6542.397461, 388.169739, 8644.932617>
[COT 2020-10-17 23:25:43] 76561197997236738: Item set Expansion Wall spawned on <6542.455566, 388.238953, 8645.111328>
[COT 2020-10-17 23:25:45] 76561197997236738: Item set Fence Metal spawned on <6542.509277, 388.304230, 8645.279297>
[COT 2020-10-17 23:25:48] 76561197997236738: Item set Gate Metal spawned on <6542.636719, 388.456085, 8645.672852>
[COT 2020-10-17 23:25:50] 76561199080140851: Spawned Entity Bull (Animal_BosTaurus<a7682560>, -1, 500) at <6288.583496, 43.869862, 3541.816406>
[COT 2020-10-17 23:25:50] 76561197997236738: Item set Platform spawned on <6542.691406, 388.520905, 8645.839844>
[COT 2020-10-17 23:25:52] 76561197997236738: Item set Watchtower Metal spawned on <6542.691895, 388.520996, 8645.840820>
[COT 2020-10-17 23:25:56] 76561199080140851: Spawned Entity Wolf (Animal_CanisLupus<a767f680>, -1, 200) at <6288.653809, 44.208820, 3542.822998>
[COT 2020-10-17 23:26:38] 76561197997236738: Teleported [guid=_gnMDbRKaeNWvFsJALyW8bD5G-qNFu3pvlBhjDdQBRU=] to <6540.763184, 387.399689, 8637.869141>
[COT 2020-10-17 23:27:38] 76561199080140851: Spawned Entity Wolf (Animal_CanisLupus<a7687380>, -1, 200) at <6407.813477, 379.524872, 8762.986328>
[COT 2020-10-17 23:27:41] 76561199080140851: Spawned Entity Wolf (Animal_CanisLupus<a767fe50>, -1, 200) at <6407.813477, 379.524872, 8762.986328>
[COT 2020-10-17 23:27:42] 76561199080140851: Spawned Entity Wolf (Animal_CanisLupus<a7687b50>, -1, 200) at <6407.813477, 379.524872, 8762.986328>
[COT 2020-10-17 23:27:42] 76561199080140851: Spawned Entity Wolf (Animal_CanisLupus<a7680620>, -1, 200) at <6407.813477, 379.524872, 8762.986328>
[COT 2020-10-17 23:27:43] 76561199080140851: Spawned Entity Wolf (Animal_CanisLupus<a76815c0>, -1, 200) at <6407.929688, 379.534119, 8762.887695>
[COT 2020-10-17 23:27:44] 76561199080140851: Spawned Entity Wolf (Animal_CanisLupus<a7688320>, -1, 200) at <6408.053711, 379.544006, 8762.781250>
[COT 2020-10-17 23:27:45] 76561199080140851: Spawned Entity Wolf (Animal_CanisLupus<a7680df0>, -1, 200) at <6407.813477, 379.524872, 8762.986328>
[COT 2020-10-17 23:27:45] 76561199080140851: Spawned Entity Wolf (Animal_CanisLupus<a768aa30>, -1, 200) at <6407.953613, 379.536072, 8762.866211>
[COT 2020-10-17 23:27:45] 76561199080140851: Spawned Entity Wolf (Animal_CanisLupus<a7688af0>, -1, 200) at <6408.092773, 379.547119, 8762.748047>
[COT 2020-10-17 23:27:46] 76561199080140851: Spawned Entity Wolf (Animal_CanisLupus<a76892c0>, -1, 200) at <6408.232910, 379.558289, 8762.627930>
[COT 2020-10-17 23:27:46] 76561199080140851: Spawned Entity Wolf (Animal_CanisLupus<a7689a90>, -1, 200) at <6408.373047, 379.569427, 8762.508789>
[COT 2020-10-17 23:27:46] 76561199080140851: Spawned Entity Wolf (Animal_CanisLupus<a7683500>, -1, 200) at <6408.513184, 379.580597, 8762.389648>
[COT 2020-10-17 23:27:47] 76561199080140851: Spawned Entity Wolf (Animal_CanisLupus<a768e8b0>, -1, 200) at <6408.653320, 379.591736, 8762.270508>
[COT 2020-10-17 23:27:47] 76561199080140851: Spawned Entity Wolf (Animal_CanisLupus<a768f080>, -1, 200) at <6408.793457, 379.602875, 8762.151367>
[COT 2020-10-17 23:27:47] 76561199080140851: Spawned Entity Wolf (Animal_CanisLupus<a7690020>, -1, 200) at <6408.933594, 379.614014, 8762.032227>
[COT 2020-10-17 23:27:48] 76561199080140851: Spawned Entity Wolf (Animal_CanisLupus<a7690fc0>, -1, 200) at <6409.069336, 379.624847, 8761.916016>
[COT 2020-10-17 23:27:48] 76561198050722159: Spawned Entity Wooden log (WoodenLog<c813e9f0>, 1, 500) at <6533.832031, 386.370728, 8645.163086>
[COT 2020-10-17 23:27:48] 76561199080140851: Spawned Entity Wolf (Animal_CanisLupus<a7691790>, -1, 200) at <6409.209473, 379.635956, 8761.797852>
[COT 2020-10-17 23:27:48] 76561198050722159: Spawned Entity Wooden log (WoodenLog<c814c540>, 1, 500) at <6533.832031, 386.370728, 8645.163086>
[COT 2020-10-17 23:27:48] 76561199080140851: Spawned Entity Wolf (Animal_CanisLupus<a768b9d0>, -1, 200) at <6409.501465, 379.659149, 8761.549805>
[COT 2020-10-17 23:27:48] 76561198050722159: Spawned Entity Wooden log (WoodenLog<c81479a0>, 1, 500) at <6533.832031, 386.370728, 8645.163086>
[COT 2020-10-17 23:27:49] 76561199080140851: Spawned Entity Wolf (Animal_CanisLupus<a768a260>, -1, 200) at <6409.641602, 379.670349, 8761.429688>
[COT 2020-10-17 23:27:49] 76561198050722159: Spawned Entity Wooden log (WoodenLog<c814b620>, 1, 500) at <6533.832031, 386.370728, 8645.163086>
[COT 2020-10-17 23:27:49] 76561199080140851: Spawned Entity Wolf (Animal_CanisLupus<a76907f0>, -1, 200) at <6409.781738, 379.681488, 8761.310547>
[COT 2020-10-17 23:27:49] 76561199080140851: Spawned Entity Wolf (Animal_CanisLupus<a768c1a0>, -1, 200) at <6409.921875, 379.692627, 8761.191406>
[COT 2020-10-17 23:27:49] 76561199080140851: Spawned Entity Wolf (Animal_CanisLupus<a768f850>, -1, 200) at <6410.062012, 379.703766, 8761.072266>
[COT 2020-10-17 23:27:51] 76561197997236738: Item set MVS Loadout spawned on <6549.978516, 389.192963, 8640.600586>
[COT 2020-10-17 23:29:25] 76561198050722159: Healed [guid=bjiwSoIjED9FPjLYhFJx6Ml2-N7zn5tLIPDQpUMW2yY=]
[COT 2020-10-17 23:29:26] 76561198050722159: Bleeding stopped [guid=bjiwSoIjED9FPjLYhFJx6Ml2-N7zn5tLIPDQpUMW2yY=]
[COT 2020-10-17 23:29:28] 76561198050722159: Healed [guid=bjiwSoIjED9FPjLYhFJx6Ml2-N7zn5tLIPDQpUMW2yY=]
[COT 2020-10-17 23:29:28] 76561198050722159: Healed [guid=bjiwSoIjED9FPjLYhFJx6Ml2-N7zn5tLIPDQpUMW2yY=]
[COT 2020-10-17 23:29:28] 76561198050722159: Healed [guid=bjiwSoIjED9FPjLYhFJx6Ml2-N7zn5tLIPDQpUMW2yY=]
[COT 2020-10-17 23:29:28] 76561198050722159: Healed [guid=bjiwSoIjED9FPjLYhFJx6Ml2-N7zn5tLIPDQpUMW2yY=]
[COT 2020-10-17 23:29:29] 76561198050722159: Healed [guid=bjiwSoIjED9FPjLYhFJx6Ml2-N7zn5tLIPDQpUMW2yY=]
[COT 2020-10-17 23:29:29] 76561198050722159: Healed [guid=bjiwSoIjED9FPjLYhFJx6Ml2-N7zn5tLIPDQpUMW2yY=]
[COT 2020-10-17 23:29:29] 76561198050722159: Healed [guid=bjiwSoIjED9FPjLYhFJx6Ml2-N7zn5tLIPDQpUMW2yY=]
[COT 2020-10-17 23:29:49] 76561199080140851: Spawned Entity Roebuck (Animal_CapreolusCapreolus<a768d140>, -1, 160) at <6465.593262, 365.561066, 8565.960938>
[COT 2020-10-17 23:29:59] 76561199080140851: Spawned Entity Hen

 (Animal_GallusGallusDomesticusF<a768b200>, -1, 15) at <6465.593262, 365.561066, 8565.960938>
[COT 2020-10-17 23:30:36] 76561197997236738: Deleted Entity ExpansionAirdropContainer_Basebuilding:059822 at <6549.978516, 389.212891, 8640.600586>
[COT 2020-10-17 23:30:48] 76561199080140851: Spawned Entity Roebuck (Animal_CapreolusCapreolus<a7691f60>, -1, 160) at <6463.732910, 365.190643, 8567.172852>
[COT 2020-10-17 23:30:52] 76561199080140851: Spawned Entity Stag (Animal_CervusElaphus<a7692730>, -1, 400) at <6464.010254, 365.373810, 8567.489258>
[COT 2020-10-17 23:30:55] 76561199080140851: Spawned Entity Rooster (Animal_GallusGallusDomesticus<a7692f00>, -1, 15) at <6464.401367, 365.632263, 8567.934570>
[COT 2020-10-17 23:30:59] 76561199080140851: Spawned Entity Ram (Animal_OvisAries<a76936d0>, -1, 280) at <6464.401367, 365.632263, 8567.934570>
[COT 2020-10-17 23:31:04] 76561199080140851: Spawned Entity Pig (Animal_SusDomesticus<a7693ea0>, -1, 300) at <6464.678223, 365.815186, 8568.250000>
[COT 2020-10-17 23:31:06] 76561199080140851: Spawned Entity Pig (Animal_SusDomesticus<a7694670>, -1, 300) at <6465.040039, 366.054199, 8568.663086>
[COT 2020-10-17 23:31:09] 76561199080140851: Spawned Entity Wild Boar (Animal_SusScrofa<a7694e40>, -1, 350) at <6465.343262, 366.254761, 8569.008789>
[COT 2020-10-17 23:31:11] 76561199080140851: Spawned Entity Infected (ZmbM_HermitSkinny_Base<c5d81200>, -1, 100) at <6465.653320, 366.459351, 8569.361328>
[COT 2020-10-17 23:31:24] 76561199080140851: Spawned Entity Buck (Animal_CapraHircus<a7695610>, -1, 120) at <6463.732910, 365.190643, 8567.172852>
[COT 2020-10-17 23:31:44] 76561199080140851: Spawned Entity Wild Hare (Animal_LepusEuropaeus<a7695de0>, -1, 15) at <6463.732910, 365.190643, 8567.172852>
[COT 2020-10-17 23:31:47] 76561199080140851: Spawned Entity Wild Boar (Animal_SusScrofa<a76965b0>, -1, 350) at <6463.809570, 365.241394, 8567.260742>
[COT 2020-10-17 23:31:49] 76561199080140851: Spawned Entity Pig (Animal_SusDomesticus<a7675a40>, -1, 300) at <6464.119629, 365.446228, 8567.614258>
[COT 2020-10-17 23:31:50] 76561199080140851: Spawned Entity Ewe (Animal_OvisAriesF<80d89360>, -1, 250) at <6464.429199, 365.650818, 8567.966797>
[COT 2020-10-17 23:31:55] 76561199080140851: Spawned Entity Brown Bear (Animal_UrsusArctos<80d8a300>, -1, 800) at <6464.698730, 365.828552, 8568.273438>
[COT 2020-10-17 23:33:01] 76561198050722159: Healed [guid=bjiwSoIjED9FPjLYhFJx6Ml2-N7zn5tLIPDQpUMW2yY=]
[COT 2020-10-17 23:33:01] 76561198050722159: Healed [guid=bjiwSoIjED9FPjLYhFJx6Ml2-N7zn5tLIPDQpUMW2yY=]
[COT 2020-10-17 23:33:01] 76561198050722159: Healed [guid=bjiwSoIjED9FPjLYhFJx6Ml2-N7zn5tLIPDQpUMW2yY=]
[COT 2020-10-17 23:33:01] 76561198050722159: Healed [guid=bjiwSoIjED9FPjLYhFJx6Ml2-N7zn5tLIPDQpUMW2yY=]
[COT 2020-10-17 23:33:01] 76561198050722159: Healed [guid=bjiwSoIjED9FPjLYhFJx6Ml2-N7zn5tLIPDQpUMW2yY=]
[COT 2020-10-17 23:33:02] 76561198050722159: Healed [guid=bjiwSoIjED9FPjLYhFJx6Ml2-N7zn5tLIPDQpUMW2yY=]
[COT 2020-10-17 23:33:02] 76561198050722159: Bleeding stopped [guid=bjiwSoIjED9FPjLYhFJx6Ml2-N7zn5tLIPDQpUMW2yY=]
[COT 2020-10-17 23:33:02] 76561198050722159: Bleeding stopped [guid=bjiwSoIjED9FPjLYhFJx6Ml2-N7zn5tLIPDQpUMW2yY=]
[COT 2020-10-17 23:33:02] 76561198050722159: Bleeding stopped [guid=bjiwSoIjED9FPjLYhFJx6Ml2-N7zn5tLIPDQpUMW2yY=]
[COT 2020-10-17 23:33:02] 76561198050722159: Bleeding stopped [guid=bjiwSoIjED9FPjLYhFJx6Ml2-N7zn5tLIPDQpUMW2yY=]
[COT 2020-10-17 23:34:16] 76561197997236738: Spawned Entity Building (Building<c5520720>, -1, 0) at <6543.315430, 382.981598, 8557.249023>
[COT 2020-10-17 23:34:24] 76561199080140851: Spawned Entity Wild Hare (Animal_LepusEuropaeus<96e13c90>, -1, 15) at <6540.745117, 380.654236, 8539.967773>
[COT 2020-10-17 23:34:27] 76561199080140851: Spawned Entity Wild Boar (Animal_SusScrofa<80da29a0>, -1, 350) at <6540.771484, 380.708984, 8540.183594>
[COT 2020-10-17 23:34:33] 76561199080140851: Spawned Entity Brown Bear (Animal_UrsusArctos<80db23a0>, -1, 800) at <6540.745117, 380.654236, 8539.967773>
[COT 2020-10-17 23:34:34] 76561199080140851: Spawned Entity Brown Bear (Animal_UrsusArctos<fce9e0c0>, -1, 800) at <6540.745117, 380.654236, 8539.967773>
[COT 2020-10-17 23:34:36] 76561199080140851: Spawned Entity Brown Bear (Animal_UrsusArctos<9190e70>, -1, 800) at <6540.745117, 380.654236, 8539.967773>
[COT 2020-10-17 23:34:36] 76561199080140851: Spawned Entity Brown Bear (Animal_UrsusArctos<ec3ba1e0>, -1, 800) at <6540.745117, 380.654236, 8539.967773>
[COT 2020-10-17 23:34:37] 76561199080140851: Spawned Entity Brown Bear (Animal_UrsusArctos<f8c5eae0>, -1, 800) at <6540.745117, 380.654236, 8539.967773>
[COT 2020-10-17 23:34:38] 76561199080140851: Spawned Entity Brown Bear (Animal_UrsusArctos<342058c0>, -1, 800) at <6540.745117, 380.654236, 8539.967773>
[COT 2020-10-17 23:34:38] 76561199080140851: Spawned Entity Brown Bear (Animal_UrsusArctos<c4d76350>, -1, 800) at <6540.745117, 380.654236, 8539.967773>
[COT 2020-10-17 23:34:39] 76561199080140851: Spawned Entity Brown Bear (Animal_UrsusArctos<c4d73470>, -1, 800) at <6540.745117, 380.654236, 8539.967773>
[COT 2020-10-17 23:34:39] 76561199080140851: Spawned Entity Brown Bear (Animal_UrsusArctos<c4d78a60>, -1, 800) at <6540.745117, 380.654236, 8539.967773>
[COT 2020-10-17 23:34:39] 76561199080140851: Spawned Entity Brown Bear (Animal_UrsusArctos<c4d753b0>, -1, 800) at <6540.745117, 380.654236, 8539.967773>
[COT 2020-10-17 23:34:39] 76561199080140851: Spawned Entity Brown Bear (Animal_UrsusArctos<c4d75b80>, -1, 800) at <6540.745117, 380.654236, 8539.967773>
[COT 2020-10-17 23:34:56] 76561197997236738: Spawned Entity  (ExplosionTest<c551c300>, -1, 0) at <6541.234375, 381.418396, 8545.845703>
[COT 2020-10-17 23:34:57] 76561198050722159: Healed [guid=bjiwSoIjED9FPjLYhFJx6Ml2-N7zn5tLIPDQpUMW2yY=]
[COT 2020-10-17 23:34:57] 76561198050722159: Healed [guid=bjiwSoIjED9FPjLYhFJx6Ml2-N7zn5tLIPDQpUMW2yY=]
[COT 2020-10-17 23:34:57] 76561198050722159: Healed [guid=bjiwSoIjED9FPjLYhFJx6Ml2-N7zn5tLIPDQpUMW2yY=]
[COT 2020-10-17 23:34:57] 76561197997236738: Spawned Entity  (ExplosionTest<c551d770>, -1, 0) at <6541.234375, 381.418396, 8545.845703>
[COT 2020-10-17 23:34:57] 76561198050722159: Healed [guid=bjiwSoIjED9FPjLYhFJx6Ml2-N7zn5tLIPDQpUMW2yY=]
[COT 2020-10-17 23:34:57] 76561198050722159: Healed [guid=bjiwSoIjED9FPjLYhFJx6Ml2-N7zn5tLIPDQpUMW2yY=]
[COT 2020-10-17 23:34:58] 76561198050722159: Healed [guid=bjiwSoIjED9FPjLYhFJx6Ml2-N7zn5tLIPDQpUMW2yY=]
[COT 2020-10-17 23:34:58] 76561197997236738: Spawned Entity  (ExplosionTest<c551e510>, -1, 0) at <6541.234375, 381.418396, 8545.845703>
[COT 2020-10-17 23:34:58] 76561197997236738: Spawned Entity  (ExplosionTest<c5521b90>, -1, 0) at <6541.234375, 381.418396, 8545.845703>
[COT 2020-10-17 23:34:59] 76561197997236738: Spawned Entity  (ExplosionTest<c551de40>, -1, 0) at <6541.234375, 381.418396, 8545.845703>
[COT 2020-10-17 23:34:59] 76561197997236738: Spawned Entity  (ExplosionTest<c551f2b0>, -1, 0) at <6541.234375, 381.418396, 8545.845703>
[COT 2020-10-17 23:34:59] 76561197997236738: Spawned Entity  (ExplosionTest<c55214c0>, -1, 0) at <6541.234375, 381.418396, 8545.845703>
[COT 2020-10-17 23:35:00] 76561197997236738: Spawned Entity  (ExplosionTest<c551b560>, -1, 0) at <6541.234375, 381.418396, 8545.845703>
[COT 2020-10-17 23:35:00] 76561197997236738: Spawned Entity  (ExplosionTest<c551f980>, -1, 0) at <6541.234375, 381.418396, 8545.845703>
[COT 2020-10-17 23:35:00] 76561197997236738: Spawned Entity  (ExplosionTest<c5520050>, -1, 0) at <6541.234375, 381.418396, 8545.845703>
[COT 2020-10-17 23:35:00] 76561197997236738: Spawned Entity  (ExplosionTest<c551ebe0>, -1, 0) at <6541.234375, 381.418396, 8545.845703>
[COT 2020-10-17 23:35:00] 76561197997236738: Spawned Entity  (ExplosionTest<c551bc30>, -1, 0) at <6541.234375, 381.418396, 8545.845703>
[COT 2020-10-17 23:35:01] 76561197997236738: Spawned Entity  (ExplosionTest<c5523000>, -1, 0) at <6541.234375, 381.418396, 8545.845703>
[COT 2020-10-17 23:35:01] 76561197997236738: Spawned Entity  (ExplosionTest<c5523da0>, -1, 0) at <6541.234375, 381.418396, 8545.845703>
[COT 2020-10-17 23:35:01] 76561197997236738: Spawned Entity  (ExplosionTest<c55236d0>, -1, 0) at <6541.234375, 381.418396, 8545.845703>
[COT 2020-10-17 23:35:02] 76561197997236738: Spawned Entity  (ExplosionTest<c5522260>, -1, 0) at <6541.234375, 381.418396, 8545.845703>
[COT 2020-10-17 23:35:02] 76561197997236738: Spawned Entity  (ExplosionTest<c5522930>, -1, 0) at <6541.234375, 381.418396, 8545.845703>
[COT 2020-10-17 23:35:03] 76561197997236738: Spawned Entity  (ExplosionTest<c5524470>, -1, 0) at <6541.234375, 381.418396, 8545.845703>
[COT 2020-10-17 23:35:03] 76561197997236738: Spawned Entity  (ExplosionTest<c551d0a0>, -1, 0) at <6541.234375, 381.418396, 8545.845703>
[COT 2020-10-17 23:35:04] 76561197997236738: Spawned Entity  (ExplosionTest<c54eb390>, -1, 0) at <6541.234375, 381.418396, 8545.845703>
[COT 2020-10-17 23:35:04] 76561197997236738: Spawned Entity  (ExplosionTest<c54e7640>, -1, 0) at <6541.234375, 381.418396, 8545.845703>
[COT 2020-10-17 23:35:04] 76561197997236738: Spawned Entity  (ExplosionTest<c54e9f20>, -1, 0) at <6541.234375, 381.418396, 8545.845703>
[COT 2020-10-17 23:35:05] 76561197997236738: Spawned Entity  (ExplosionTest<c54e9850>, -1, 0) at <6541.234375, 381.418396, 8545.845703>
[COT 2020-10-17 23:35:05] 76561197997236738: Spawned Entity  (ExplosionTest<c54e6f70>, -1, 0) at <6541.234375, 381.418396, 8545.845703>
[COT 2020-10-17 23:35:05] 76561197997236738: Spawned Entity  (ExplosionTest<c54ea5f0>, -1, 0) at <6541.234375, 381.418396, 8545.845703>
[COT 2020-10-17 23:35:06] 76561197997236738: Spawned Entity  (ExplosionTest<c54e5b00>, -1, 0) at <6541.234375, 381.418396, 8545.845703>
[COT 2020-10-17 23:35:06] 76561197997236738: Spawned Entity  (ExplosionTest<c54e7d10>, -1, 0) at <6541.234375, 381.418396, 8545.845703>
[COT 2020-10-17 23:35:06] 76561197997236738: Spawned Entity  (ExplosionTest<c54e61d0>, -1, 0) at <6541.234375, 381.418396, 8545.845703>
[COT 2020-10-17 23:35:07] 76561197997236738: Spawned Entity  (ExplosionTest<c54eba60>, -1, 0) at <6541.234375, 381.418396, 8545.845703>
[COT 2020-10-17 23:35:07] 76561197997236738: Spawned Entity  (ExplosionTest<c54e68a0>, -1, 0) at <6541.234375, 381.418396, 8545.845703>
[COT 2020-10-17 23:35:07] 76561198050722159: Healed [guid=bjiwSoIjED9FPjLYhFJx6Ml2-N7zn5tLIPDQpUMW2yY=]
[COT 2020-10-17 23:35:07] 76561197997236738: Spawned Entity  (ExplosionTest<c54e8ab0>, -1, 0) at <6541.234375, 381.418396, 8545.845703>
[COT 2020-10-17 23:35:07] 76561198050722159: Healed [guid=bjiwSoIjED9FPjLYhFJx6Ml2-N7zn5tLIPDQpUMW2yY=]
[COT 2020-10-17 23:35:08] 76561198050722159: Bleeding stopped [guid=bjiwSoIjED9FPjLYhFJx6Ml2-N7zn5tLIPDQpUMW2yY=]
[COT 2020-10-17 23:35:08] 76561198050722159: Bleeding stopped [guid=bjiwSoIjED9FPjLYhFJx6Ml2-N7zn5tLIPDQpUMW2yY=]
[COT 2020-10-17 23:35:08] 76561198050722159: Bleeding stopped [guid=bjiwSoIjED9FPjLYhFJx6Ml2-N7zn5tLIPDQpUMW2yY=]
[COT 2020-10-17 23:35:09] 76561198050722159: Healed [guid=bjiwSoIjED9FPjLYhFJx6Ml2-N7zn5tLIPDQpUMW2yY=]
[COT 2020-10-17 23:35:09] 76561198050722159: Healed [guid=bjiwSoIjED9FPjLYhFJx6Ml2-N7zn5tLIPDQpUMW2yY=]
[COT 2020-10-17 23:35:09] 76561198050722159: Healed [guid=bjiwSoIjED9FPjLYhFJx6Ml2-N7zn5tLIPDQpUMW2yY=]
[COT 2020-10-17 23:35:09] 76561198050722159: Healed [guid=bjiwSoIjED9FPjLYhFJx6Ml2-N7zn5tLIPDQpUMW2yY=]
[COT 2020-10-17 23:35:09] 76561198050722159: Healed [guid=bjiwSoIjED9FPjLYhFJx6Ml2-N7zn5tLIPDQpUMW2yY=]
[COT 2020-10-17 23:35:10] 76561198050722159: Healed [guid=bjiwSoIjED9FPjLYhFJx6Ml2-N7zn5tLIPDQpUMW2yY=]
[COT 2020-10-17 23:35:10] 76561198050722159: Healed [guid=bjiwSoIjED9FPjLYhFJx6Ml2-N7zn5tLIPDQpUMW2yY=]
[COT 2020-10-17 23:35:10] 76561198050722159: Healed [guid=bjiwSoIjED9FPjLYhFJx6Ml2-N7zn5tLIPDQpUMW2yY=]
[COT 2020-10-17 23:35:10] 76561197997236738: Spawned Entity  (ExplosionTest<c54eacc0>, -1, 0) at <6541.234375, 381.418396, 8545.845703>
[COT 2020-10-17 23:35:11] 76561197997236738: Spawned Entity  (ExplosionTest<c54ec130>, -1, 0) at <6541.234375, 381.418396, 8545.845703>
[COT 2020-10-17 23:35:11] 76561197997236738: Spawned Entity  (ExplosionTest<c54e83e0>, -1, 0) at <6541.234375, 381.418396, 8545.845703>
[COT 2020-10-17 23:35:12] 76561197997236738: Spawned Entity  (ExplosionTest<c54e9180>, -1, 0) at <6541.234375, 381.418396, 8545.845703>
[COT 2020-10-17 23:35:13] 76561197997236738: Spawned Entity  (ExplosionTest<c54e4d60>, -1, 0) at <6541.234375, 381.418396, 8545.845703>
[COT 2020-10-17 23:35:13] 76561197997236738: Spawned Entity  (ExplosionTest<c54ec800>, -1, 0) at <6541.234375, 381.418396, 8545.845703>
[COT 2020-10-17 23:35:14] 76561197997236738: Spawned Entity  (ExplosionTest<c54e5430>, -1, 0) at <6541.234375, 381.418396, 8545.845703>
[COT 2020-10-17 23:35:15] 76561197997236738: Spawned Entity  (ExplosionTest<c54eea10>, -1, 0) at <6541.234375, 381.418396, 8545.845703>
[COT 2020-10-17 23:35:16] 76561197997236738: Spawned Entity  (ExplosionTest<c54ef0e0>, -1, 0) at <6541.234375, 381.418396, 8545.845703>
[COT 2020-10-17 23:35:16] 76561197997236738: Spawned Entity  (ExplosionTest<c551c9d0>, -1, 0) at <6541.234375, 381.418396, 8545.845703>
[COT 2020-10-17 23:35:17] 76561197997236738: Spawned Entity  (ExplosionTest<c54f3bd0>, -1, 0) at <6541.234375, 381.418396, 8545.845703>
[COT 2020-10-17 23:35:17] 76561197997236738: Spawned Entity  (ExplosionTest<c54ef7b0>, -1, 0) at <6541.234375, 381.418396, 8545.845703>
[COT 2020-10-17 23:35:17] 76561197997236738: Spawned Entity  (ExplosionTest<c54f0550>, -1, 0) at <6541.234375, 381.418396, 8545.845703>
[COT 2020-10-17 23:35:18] 76561197997236738: Spawned Entity  (ExplosionTest<c54f2e30>, -1, 0) at <6541.234375, 381.418396, 8545.845703>
[COT 2020-10-17 23:35:18] 76561197997236738: Spawned Entity  (ExplosionTest<c54ed5a0>, -1, 0) at <6541.234375, 381.418396, 8545.845703>
[COT 2020-10-17 23:35:18] 76561197997236738: Spawned Entity  (ExplosionTest<c54f12f0>, -1, 0) at <6541.234375, 381.418396, 8545.845703>
[COT 2020-10-17 23:35:19] 76561197997236738: Spawned Entity  (ExplosionTest<c54eced0>, -1, 0) at <6541.234375, 381.418396, 8545.845703>
[COT 2020-10-17 23:35:19] 76561197997236738: Spawned Entity  (ExplosionTest<c54f0c20>, -1, 0) at <6541.234375, 381.418396, 8545.845703>
[COT 2020-10-17 23:35:19] 76561197997236738: Spawned Entity  (ExplosionTest<c54edc70>, -1, 0) at <6541.234375, 381.418396, 8545.845703>
[COT 2020-10-17 23:35:19] 76561197997236738: Spawned Entity  (ExplosionTest<c54efe80>, -1, 0) at <6541.234375, 381.418396, 8545.845703>
[COT 2020-10-17 23:35:20] 76561197997236738: Spawned Entity  (ExplosionTest<c54f42a0>, -1, 0) at <6541.234375, 381.418396, 8545.845703>
[COT 2020-10-17 23:35:20] 76561197997236738: Spawned Entity  (ExplosionTest<c54f4970>, -1, 0) at <6541.234375, 381.418396, 8545.845703>
[COT 2020-10-17 23:35:20] 76561197997236738: Spawned Entity  (ExplosionTest<c54f3500>, -1, 0) at <6541.234375, 381.418396, 8545.845703>
[COT 2020-10-17 23:35:20] 76561197997236738: Spawned Entity  (ExplosionTest<c54f19c0>, -1, 0) at <6541.234375, 381.418396, 8545.845703>
[COT 2020-10-17 23:35:21] 76561197997236738: Spawned Entity  (ExplosionTest<c54f5040>, -1, 0) at <6541.234375, 381.418396, 8545.845703>
[COT 2020-10-17 23:35:21] 76561197997236738: Spawned Entity  (ExplosionTest<c54f2090>, -1, 0) at <6541.234375, 381.418396, 8545.845703>
[COT 2020-10-17 23:35:21] 76561197997236738: Spawned Entity  (ExplosionTest<c54f2760>, -1, 0) at <6541.234375, 381.418396, 8545.845703>
[COT 2020-10-17 23:35:21] 76561197997236738: Spawned Entity  (ExplosionTest<c54f5710>, -1, 0) at <6541.234375, 381.418396, 8545.845703>
[COT 2020-10-17 23:35:21] 76561197997236738: Spawned Entity  (ExplosionTest<c54ee340>, -1, 0) at <6541.234375, 381.418396, 8545.845703>
[COT 2020-10-17 23:35:22] 76561197997236738: Spawned Entity  (ExplosionTest<c54f7250>, -1, 0) at <6541.234375, 381.418396, 8545.845703>
[COT 2020-10-17 23:35:22] 76561197997236738: Spawned Entity  (ExplosionTest<c54f64b0>, -1, 0) at <6541.234375, 381.418396, 8545.845703>
[COT 2020-10-17 23:35:22] 76561197997236738: Spawned Entity  (ExplosionTest<c54fafa0>, -1, 0) at <6541.234375, 381.418396, 8545.845703>
[COT 2020-10-17 23:35:23] 76561197997236738: Spawned Entity  (ExplosionTest<c54f5de0>, -1, 0) at <6541.234375, 381.418396, 8545.845703>
[COT 2020-10-17 23:35:23] 76561197997236738: Spawned Entity  (ExplosionTest<c54f7ff0>, -1, 0) at <6541.234375, 381.418396, 8545.845703>
[COT 2020-10-17 23:35:23] 76561197997236738: Spawned Entity  (ExplosionTest<c54f86c0>, -1, 0) at <6541.234375, 381.418396, 8545.845703>
[COT 2020-10-17 23:35:24] 76561197997236738: Spawned Entity  (ExplosionTest<c54f9b30>, -1, 0) at <6541.234375, 381.418396, 8545.845703>
[COT 2020-10-17 23:35:24] 76561197997236738: Spawned Entity  (ExplosionTest<c54f8d90>, -1, 0) at <6541.234375, 381.418396, 8545.845703>
[COT 2020-10-17 23:35:24] 76561197997236738: Spawned Entity  (ExplosionTest<c54fd880>, -1, 0) at <6541.234375, 381.418396, 8545.845703>
[COT 2020-10-17 23:35:27] 76561197997236738: Spawned Entity  (ExplosionTest<c54fa200>, -1, 0) at <6541.234375, 381.418396, 8545.845703>
[COT 2020-10-17 23:35:27] 76561197997236738: Spawned Entity  (ExplosionTest<c54fa8d0>, -1, 0) at <6541.234375, 381.418396, 8545.845703>
[COT 2020-10-17 23:35:28] 76561197997236738: Spawned Entity  (ExplosionTest<c54f9460>, -1, 0) at <6541.234375, 381.418396, 8545.845703>
[COT 2020-10-17 23:35:28] 76561197997236738: Spawned Entity  (ExplosionTest<c54fb670>, -1, 0) at <6541.234375, 381.418396, 8545.845703>
[COT 2020-10-17 23:35:28] 76561197997236738: Spawned Entity  (ExplosionTest<c54fbd40>, -1, 0) at <6541.234375, 381.418396, 8545.845703>
[COT 2020-10-17 23:35:29] 76561197997236738: Spawned Entity  (ExplosionTest<c54fc410>, -1, 0) at <6541.234375, 381.418396, 8545.845703>
[COT 2020-10-17 23:35:29] 76561197997236738: Spawned Entity  (ExplosionTest<c54fd1b0>, -1, 0) at <6541.234375, 381.418396, 8545.845703>
[COT 2020-10-17 23:35:29] 76561197997236738: Spawned Entity  (ExplosionTest<c54fdf50>, -1, 0) at <6541.234375, 381.418396, 8545.845703>
[COT 2020-10-17 23:35:30] 76561197997236738: Spawned Entity  (ExplosionTest<c54f7920>, -1, 0) at <6541.234375, 381.418396, 8545.845703>
[COT 2020-10-17 23:35:30] 76561197997236738: Spawned Entity  (ExplosionTest<c54f6b80>, -1, 0) at <6541.234375, 381.418396, 8545.845703>
[COT 2020-10-17 23:35:30] 76561197997236738: Spawned Entity  (ExplosionTest<c54fecf0>, -1, 0) at <6541.234375, 381.418396, 8545.845703>
[COT 2020-10-17 23:35:31] 76561197997236738: Spawned Entity  (ExplosionTest<c54ff3c0>, -1, 0) at <6541.234375, 381.418396, 8545.845703>
[COT 2020-10-17 23:35:31] 76561197997236738: Spawned Entity  (ExplosionTest<c54ffa90>, -1, 0) at <6541.234375, 381.418396, 8545.845703>
[COT 2020-10-17 23:35:31] 76561197997236738: Spawned Entity  (ExplosionTest<6f08cfd0>, -1, 0) at <6541.234375, 381.418396, 8545.845703>
[COT 2020-10-17 23:35:32] 76561197997236738: Spawned Entity  (ExplosionTest<6f08dd70>, -1, 0) at <6541.234375, 381.418396, 8545.845703>
[COT 2020-10-17 23:35:32] 76561197997236738: Spawned Entity  (ExplosionTest<6f08eb10>, -1, 0) at <6541.234375, 381.418396, 8545.845703>
[COT 2020-10-17 23:35:33] 76561197997236738: Spawned Entity  (ExplosionTest<6f08f8b0>, -1, 0) at <6541.234375, 381.418396, 8545.845703>
[COT 2020-10-17 23:35:33] 76561197997236738: Spawned Entity  (ExplosionTest<6f088bb0>, -1, 0) at <6541.234375, 381.418396, 8545.845703>
[COT 2020-10-17 23:35:33] 76561197997236738: Spawned Entity  (ExplosionTest<6f094a70>, -1, 0) at <6541.234375, 381.418396, 8545.845703>
[COT 2020-10-17 23:35:34] 76561197997236738: Spawned Entity  (ExplosionTest<6f092f30>, -1, 0) at <6541.234375, 381.418396, 8545.845703>
[COT 2020-10-17 23:35:34] 76561197997236738: Spawned Entity  (ExplosionTest<6f095810>, -1, 0) at <6541.234375, 381.418396, 8545.845703>
[COT 2020-10-17 23:35:35] 76561197997236738: Spawned Entity  (ExplosionTest<6f0965b0>, -1, 0) at <6541.234375, 381.418396, 8545.845703>
[COT 2020-10-17 23:35:36] 76561197997236738: Spawned Entity  (ExplosionTest<6f0913f0>, -1, 0) at <6541.234375, 381.418396, 8545.845703>
[COT 2020-10-17 23:35:37] 76561197997236738: Spawned Entity  (ExplosionTest<6f098e90>, -1, 0) at <6541.234375, 381.418396, 8545.845703>
[COT 2020-10-17 23:35:37] 76561197997236738: Spawned Entity  (ExplosionTest<6f092190>, -1, 0) at <6541.234375, 381.418396, 8545.845703>
[COT 2020-10-17 23:35:37] 76561197997236738: Spawned Entity  (ExplosionTest<6f0a1da0>, -1, 0) at <6541.234375, 381.418396, 8545.845703>
[COT 2020-10-17 23:35:38] 76561197997236738: Spawned Entity  (ExplosionTest<6f09a9d0>, -1, 0) at <6541.234375, 381.418396, 8545.845703>
[COT 2020-10-17 23:35:38] 76561197997236738: Spawned Entity  (ExplosionTest<6f0a0260>, -1, 0) at <6541.234375, 381.418396, 8545.845703>
[COT 2020-10-17 23:35:38] 76561197997236738: Spawned Entity  (ExplosionTest<6f09b770>, -1, 0) at <6541.234375, 381.418396, 8545.845703>
[COT 2020-10-17 23:35:41] 76561197997236738: Spawned Entity  (ExplosionTest<6f09cbe0>, -1, 0) at <6541.234375, 381.418396, 8545.845703>
[COT 2020-10-17 23:35:42] 76561197997236738: Spawned Entity  (ExplosionTest<6f0a0930>, -1, 0) at <6541.234375, 381.418396, 8545.845703>
[COT 2020-10-17 23:35:42] 76561197997236738: Spawned Entity  (ExplosionTest<6f0a1000>, -1, 0) at <6541.234375, 381.418396, 8545.845703>
[COT 2020-10-17 23:35:42] 76561197997236738: Spawned Entity  (ExplosionTest<6f09f4c0>, -1, 0) at <6541.234375, 381.418396, 8545.845703>
[COT 2020-10-17 23:35:42] 76561197997236738: Spawned Entity  (ExplosionTest<6f09be40>, -1, 0) at <6541.234375, 381.418396, 8545.845703>
[COT 2020-10-17 23:35:43] 76561197997236738: Spawned Entity  (ExplosionTest<6f0a16d0>, -1, 0) at <6541.234375, 381.418396, 8545.845703>
[COT 2020-10-17 23:35:46] 76561197997236738: Spawned Entity  (ExplosionTest<6f09d2b0>, -1, 0) at <6541.234375, 381.418396, 8545.845703>
[COT 2020-10-17 23:35:46] 76561197997236738: Spawned Entity  (ExplosionTest<6f09d980>, -1, 0) at <6541.234375, 381.418396, 8545.845703>
[COT 2020-10-17 23:35:48] 76561197997236738: Spawned Entity  (ExplosionTest<6f0a6890>, -1, 0) at <6541.234375, 381.418396, 8545.845703>
[COT 2020-10-17 23:35:49] 76561197997236738: Spawned Entity  (ExplosionTest<6f0a2470>, -1, 0) at <6541.234375, 381.418396, 8545.845703>
[COT 2020-10-17 23:35:49] 76561197997236738: Spawned Entity  (ExplosionTest<6f0a61c0>, -1, 0) at <6541.234375, 381.418396, 8545.845703>
[COT 2020-10-17 23:35:49] 76561197997236738: Spawned Entity  (ExplosionTest<6f0adc60>, -1, 0) at <6541.234375, 381.418396, 8545.845703>
[COT 2020-10-17 23:35:49] 76561197997236738: Spawned Entity  (ExplosionTest<6f0a7630>, -1, 0) at <6540.938965, 382.517120, 8544.350586>
[COT 2020-10-17 23:35:50] 76561197997236738: Spawned Entity  (ExplosionTest<6f0a9170>, -1, 0) at <6540.943848, 382.573883, 8544.618164>
[COT 2020-10-17 23:35:50] 76561197997236738: Spawned Entity  (ExplosionTest<6f0a83d0>, -1, 0) at <6540.967285, 382.596466, 8544.847656>
[COT 2020-10-17 23:35:50] 76561197997236738: Spawned Entity  (ExplosionTest<6f0b3bc0>, -1, 0) at <6540.997559, 382.544952, 8544.618164>
[COT 2020-10-17 23:35:50] 76561197997236738: Spawned Entity  (ExplosionTest<6f0b5dd0>, -1, 0) at <6540.944336, 382.582916, 8544.506836>
[COT 2020-10-17 23:35:51] 76561197997236738: Spawned Entity  (ExplosionTest<6f0b0c10>, -1, 0) at <6541.010254, 380.863708, 8541.445313>
[COT 2020-10-17 23:35:51] 76561197997236738: Spawned Entity  (ExplosionTest<6f0b9450>, -1, 0) at <6541.075195, 380.880981, 8541.516602>
[COT 2020-10-17 23:35:51] 76561197997236738: Spawned Entity  (ExplosionTest<6f0ba1f0>, -1, 0) at <6541.078125, 380.750244, 8540.400391>
[COT 2020-10-17 23:35:55] 76561198050722159: Spawned Entity Polymer 60rnd Magazine (Mag_AKM_30Rnd<c811a3a0>, 1, 100) at <6516.390137, 377.990875, 8553.078125>
[COT 2020-10-17 23:35:55] 76561198050722159: Spawned Entity Polymer 60rnd Magazine (Mag_AKM_30Rnd<c811c970>, 1, 100) at <6516.295898, 378.077362, 8553.096680>
[COT 2020-10-17 23:35:55] 76561198050722159: Spawned Entity Polymer 60rnd Magazine (Mag_AKM_30Rnd<c811ab30>, 1, 100) at <6516.240234, 378.128998, 8553.107422>
[COT 2020-10-17 23:35:55] 76561198050722159: Spawned Entity Polymer 60rnd Magazine (Mag_AKM_30Rnd<c811c1e0>, 1, 100) at <6516.110840, 378.247406, 8553.131836>
[COT 2020-10-17 23:35:55] 76561198050722159: Spawned Entity Polymer 60rnd Magazine (Mag_AKM_30Rnd<c8115800>, 1, 100) at <6516.070313, 378.285431, 8553.140625>
