[COT 2020-07-09 02:02:40] 76561197997236738: Teleported to position <1129.855957, 11.975347, 2408.058838>
[COT 2020-07-09 02:02:43] 76561197997236738: Teleported to position <1098.065552, 16.140594, 2382.376221>
[COT 2020-07-09 02:02:47] 76561197997236738: Teleported to position <1134.860962, 10.586737, 2430.975586>
[COT 2020-07-09 02:04:34] 76561197997236738: Set the date to 2020/8/10 12:13
[COT 2020-07-09 02:04:35] 76561197997236738: Set the date to 2020/8/10 12:13
[COT 2020-07-09 02:04:35] 76561197997236738: Set the date to 2020/8/10 11:1
[COT 2020-07-09 02:04:35] 76561197997236738: Set the date to 2020/8/10 11:1
[COT 2020-07-09 02:04:36] 76561197997236738: Set the date to 2020/6/28 11:1
[COT 2020-07-09 02:04:36] 76561197997236738: Set the date to 2020/6/28 11:1
[COT 2020-07-09 02:04:36] 76561197997236738: Set the date to 2020/6/2 11:1
[COT 2020-07-09 02:04:36] 76561197997236738: Set the date to 2020/6/2 11:1
[COT 2020-07-09 02:04:37] 76561197997236738: Set overcast to 0.02 0 0
[COT 2020-07-09 02:04:37] 76561197997236738: Set the date to 2020/6/2 11:6
[COT 2020-07-09 02:04:38] 76561197997236738: Set overcast to 0.02 0 0
[COT 2020-07-09 02:04:38] 76561197997236738: Set the date to 2020/6/2 11:6
[COT 2020-07-09 02:04:39] 76561197997236738: Set wind to 2.93069 0.06 1
[COT 2020-07-09 02:04:40] 76561197997236738: Set wind to 2.93069 0.06 1
[COT 2020-07-09 02:04:40] 76561197997236738: Set wind to 2.93069 0.01 1
[COT 2020-07-09 02:04:40] 76561197997236738: Set wind to 2.93069 0.01 1
[COT 2020-07-09 02:04:41] 76561197997236738: Set fog to 0.0345028 0 0
[COT 2020-07-09 02:04:41] 76561197997236738: Set fog to 0 0 0
[COT 2020-07-09 02:04:41] 76561197997236738: Set fog to 0 0 0
[COT 2020-07-09 02:04:41] 76561197997236738: Set fog to 0 0 0
[COT 2020-07-09 02:04:41] 76561197997236738: Set fog to 0 0 0
[COT 2020-07-09 02:04:42] 76561197997236738: Set overcast to 0 0 0
[COT 2020-07-09 02:04:42] 76561197997236738: Set the date to 2020/6/2 11:6
[COT 2020-07-09 02:04:42] 76561197997236738: Set overcast to 0 0 0
[COT 2020-07-09 02:04:42] 76561197997236738: Set the date to 2020/6/2 11:6
[COT 2020-07-09 02:04:43] 76561197997236738: Set rain to 0 0 0
[COT 2020-07-09 02:04:43] 76561197997236738: Set storm to 0 0.8 4000
[COT 2020-07-09 02:04:43] 76561197997236738: Set fog to 0 0 0
[COT 2020-07-09 02:04:43] 76561197997236738: Set overcast to 0 0 0
[COT 2020-07-09 02:04:43] 76561197997236738: Set the date to 2020/6/2 11:1
[COT 2020-07-09 02:04:43] 76561197997236738: Set wind to 0.01 0.01 1
[COT 2020-07-09 02:05:09] 76561197997236738: Teleported to position <1122.804932, 11.411514, 2400.786377>
[COT 2020-07-09 02:05:11] 76561197997236738: Teleported to position <1124.325562, 12.147207, 2401.865723>
[COT 2020-07-09 02:05:15] 76561197997236738: Teleported to position <1136.476807, 10.585948, 2421.853271>
[COT 2020-07-09 02:05:51] 76561197997236738: Teleported to position <1129.597168, 12.032429, 2408.570557>
[COT 2020-07-09 02:06:50] 76561197997236738: Teleported to position <3481.959229, 282.165649, 14743.536133>
[COT 2020-07-09 02:06:57] 76561198050722159: Item set MVS Loadout spawned on <12886.088867, 3.763331, 9080.569336>
[COT 2020-07-09 02:07:26] 76561197997236738: Teleported to position <3420.114990, 290.201263, 14831.331055>
[COT 2020-07-09 02:08:12] 76561197997236738: Teleported to position <1402.584473, 459.983337, 14463.152344>
[COT 2020-07-09 02:09:01] 76561198050722159: Deleted Entity ExpansionAirdropContainer_Basebuilding at <12886.088867, 3.904242, 9080.569336>
[COT 2020-07-09 02:09:30] 76561198050722159: Teleported to position <6897.067871, 37.012104, 3381.333496>
[COT 2020-07-09 02:09:34] 76561198050722159: Entered the Free Camera
[COT 2020-07-09 02:09:36] 76561198050722159: Entered the Free Camera
[COT 2020-07-09 02:09:36] 76561198050722159: Entered the Free Camera
[COT 2020-07-09 02:09:36] 76561198050722159: Entered the Free Camera
[COT 2020-07-09 02:09:36] 76561198050722159: Entered the Free Camera
[COT 2020-07-09 02:09:36] 76561198050722159: Entered the Free Camera
[COT 2020-07-09 02:09:36] 76561198050722159: Entered the Free Camera
[COT 2020-07-09 02:09:37] 76561198050722159: Entered the Free Camera
[COT 2020-07-09 02:09:37] 76561198050722159: Entered the Free Camera
[COT 2020-07-09 02:09:42] 76561198050722159: Entered the Free Camera
[COT 2020-07-09 02:09:42] 76561198050722159: Entered the Free Camera
[COT 2020-07-09 02:09:44] 76561198050722159: Left the Free Camera
[COT 2020-07-09 02:09:46] 76561198050722159: Entered the Free Camera
[COT 2020-07-09 02:09:48] 76561197997236738: Teleported to position <7034.374023, 5.794995, 3289.997070>
[COT 2020-07-09 02:09:56] 76561197997236738: Entered the Free Camera
[COT 2020-07-09 02:09:59] 76561197997236738: Entered the Free Camera
[COT 2020-07-09 02:10:00] 76561197997236738: Entered the Free Camera
[COT 2020-07-09 02:10:38] 76561198050722159: Set overcast to 0.04 0 0
[COT 2020-07-09 02:10:38] 76561198050722159: Set the date to 2020/6/2 11:11
[COT 2020-07-09 02:10:38] 76561198050722159: Set overcast to 0.04 0 0
[COT 2020-07-09 02:10:38] 76561198050722159: Set the date to 2020/6/2 11:11
[COT 2020-07-09 02:10:40] 76561198050722159: Set overcast to 0 0 0
[COT 2020-07-09 02:10:40] 76561198050722159: Set the date to 2020/6/2 11:11
[COT 2020-07-09 02:10:40] 76561198050722159: Set overcast to 0 0 0
[COT 2020-07-09 02:10:40] 76561198050722159: Set the date to 2020/6/2 11:11
[COT 2020-07-09 02:10:41] 76561198050722159: Set fog to 0.01 0 0
[COT 2020-07-09 02:10:41] 76561198050722159: Set fog to 0.01 0 0
[COT 2020-07-09 02:10:41] 76561198050722159: Set wind to 11.8965 0 1
[COT 2020-07-09 02:10:42] 76561198050722159: Set wind to 11.8965 0 1
[COT 2020-07-09 02:10:44] 76561198050722159: Set rain to 0 0 0
[COT 2020-07-09 02:10:44] 76561198050722159: Set storm to 0 0.8 4000
[COT 2020-07-09 02:10:44] 76561198050722159: Set fog to 0.01 0 0
[COT 2020-07-09 02:10:44] 76561198050722159: Set overcast to 0 0 0
[COT 2020-07-09 02:10:44] 76561198050722159: Set the date to 2020/6/2 11:6
[COT 2020-07-09 02:10:44] 76561198050722159: Set wind to 0 0 1
[COT 2020-07-09 02:10:47] 76561198050722159: Set the date to 2020/6/2 9:21
[COT 2020-07-09 02:10:47] 76561198050722159: Set the date to 2020/6/2 9:21
[COT 2020-07-09 02:10:48] 76561198050722159: Set the date to 2020/6/2 10:4
[COT 2020-07-09 02:10:48] 76561198050722159: Set the date to 2020/6/2 10:4
[COT 2020-07-09 02:10:49] 76561198050722159: Set rain to 0 0 0
[COT 2020-07-09 02:10:49] 76561198050722159: Set storm to 0 0.8 4000
[COT 2020-07-09 02:10:49] 76561198050722159: Set fog to 0.01 0 0
[COT 2020-07-09 02:10:49] 76561198050722159: Set overcast to 0 0 0
[COT 2020-07-09 02:10:49] 76561198050722159: Set the date to 2020/6/2 10:4
[COT 2020-07-09 02:10:49] 76561198050722159: Set wind to 0 0 1
[COT 2020-07-09 02:11:50] 76561197997236738: Left the Free Camera
[COT 2020-07-09 02:12:12] 76561197997236738: Teleported to position <7076.157227, 42.181908, 2913.553467>
[COT 2020-07-09 02:12:20] 76561197997236738: Teleported to position <7103.883301, 52.721626, 2913.154541>
[COT 2020-07-09 02:12:31] 76561198050722159: Left the Free Camera
[COT 2020-07-09 02:12:31] 76561197997236738: Entered the Free Camera
[COT 2020-07-09 02:12:31] 76561197997236738: Left the Free Camera
[COT 2020-07-09 02:12:33] 76561197997236738: Entered the Free Camera
[COT 2020-07-09 02:12:47] 76561198050722159: Teleported to position <7111.750000, 53.620720, 2921.042969>
[COT 2020-07-09 02:13:00] 76561197997236738: Left the Free Camera
[COT 2020-07-09 02:13:03] 76561198050722159: Teleported to position <7110.585449, 55.547516, 2916.110840>
[COT 2020-07-09 02:13:12] 76561197997236738: Teleported to position <7111.422363, 55.507881, 2916.339111>
[COT 2020-07-09 02:13:58] 76561198050722159: Set GodMode To true [guid=bjiwSoIjED9FPjLYhFJx6Ml2-N7zn5tLIPDQpUMW2yY=]
[COT 2020-07-09 02:14:00] 76561198050722159: Healed [guid=bjiwSoIjED9FPjLYhFJx6Ml2-N7zn5tLIPDQpUMW2yY=]
[COT 2020-07-09 02:14:23] 76561198050722159: Teleported to position <7113.596680, 52.745110, 2912.809814>
[COT 2020-07-09 02:14:28] 76561198050722159: Teleported to position <7171.320801, 6.000004, 2782.260254>
[COT 2020-07-09 02:14:36] 76561198050722159: Teleported to position <7207.593750, 6.000002, 2678.736084>
[COT 2020-07-09 02:14:40] 76561198050722159: Teleported to position <7081.925293, 20.729164, 2600.484131>
[COT 2020-07-09 02:14:45] 76561198050722159: Teleported to position <7080.427734, 22.528250, 2600.133301>
[COT 2020-07-09 02:14:46] 76561198050722159: Teleported to position <7078.959473, 24.290443, 2599.810059>
[COT 2020-07-09 02:14:47] 76561198050722159: Teleported to position <7077.684570, 25.816391, 2599.572998>
[COT 2020-07-09 02:14:49] 76561198050722159: Teleported to position <7028.014648, 16.522665, 2576.486816>
[COT 2020-07-09 02:15:24] 76561198050722159: Teleported to position <6834.485840, 13.094461, 2606.879395>
[COT 2020-07-09 02:15:42] 76561198050722159: Teleported to position <6797.328125, 16.772913, 2577.790039>
[COT 2020-07-09 02:15:51] 76561198050722159: Teleported to position <6777.810059, 19.138586, 2610.384033>
[COT 2020-07-09 02:15:51] 76561198050722159: Teleported to position <6778.064941, 18.780388, 2609.738525>
[COT 2020-07-09 02:15:51] 76561198050722159: Teleported to position <6781.747070, 15.716999, 2606.111328>
[COT 2020-07-09 02:15:52] 76561198050722159: Teleported to position <6782.264160, 14.987096, 2606.110107>
[COT 2020-07-09 02:15:52] 76561198050722159: Teleported to position <6782.334961, 15.129193, 2606.110352>
[COT 2020-07-09 02:15:53] 76561198050722159: Teleported to position <6366.225586, 41.466827, 3345.798340>
[COT 2020-07-09 02:15:53] 76561198050722159: Teleported to position <6778.822754, 19.506912, 2611.047852>
[COT 2020-07-09 02:15:53] 76561198050722159: Teleported to position <6778.822754, 19.506912, 2611.047852>
[COT 2020-07-09 02:15:54] 76561198050722159: Teleported to position <6770.225098, 17.776272, 2614.318848>
[COT 2020-07-09 02:16:14] 76561198050722159: Teleported to position <6783.770020, 18.377949, 2625.867676>
[COT 2020-07-09 02:16:21] 76561198050722159: Teleported to position <6826.712402, 11.570654, 2637.869873>
[COT 2020-07-09 02:16:31] 76561198050722159: Teleported to position <6825.981445, 13.395195, 2673.868408>
[COT 2020-07-09 02:16:36] 76561198050722159: Teleported to position <6007.198242, 74.100311, 2787.337158>
[COT 2020-07-09 02:16:43] 76561198050722159: Teleported to position <5975.136230, 66.144257, 2766.130127>
[COT 2020-07-09 02:17:48] 76561198050722159: Teleported to position <5931.419434, 97.510269, 2732.239990>
[COT 2020-07-09 02:18:09] 76561198050722159: Teleported to position <5857.748047, 96.061325, 2636.716309>
[COT 2020-07-09 02:18:15] 76561198050722159: Teleported to position <5809.974121, 121.311050, 2651.478516>
[COT 2020-07-09 02:18:29] 76561198050722159: Teleported to position <6133.040527, 97.124184, 3195.870850>
[COT 2020-07-09 02:24:50] 76561197997236738: Entered the Free Camera
[COT 2020-07-09 02:24:50] 76561197997236738: Left the Free Camera
[COT 2020-07-09 02:24:51] 76561197997236738: Entered the Free Camera
[COT 2020-07-09 02:25:59] 76561197997236738: Left the Free Camera
[COT 2020-07-09 02:28:01] 76561198050722159: Teleported to position <6387.343750, 71.786011, 3684.438965>
[COT 2020-07-09 02:28:27] 76561197997236738: Teleported [guid=uvtdMd_cBerqVHmKHzn52eKFl-8jD7P9CNZONWv9pR0=] to <6128.000000, 0.000000, 2497.000000>
[COT 2020-07-09 02:28:30] 76561197997236738: Teleported [guid=uvtdMd_cBerqVHmKHzn52eKFl-8jD7P9CNZONWv9pR0=] to <6128.000000, 0.000000, 2497.000000>
[COT 2020-07-09 02:28:35] 76561197997236738: Teleported to position <6129.014648, -0.627162, 2496.223633>
[COT 2020-07-09 02:28:35] 76561197997236738: Teleported to position <6129.152832, -0.433956, 2494.780762>
[COT 2020-07-09 02:28:57] 76561197997236738: Teleported [guid=uvtdMd_cBerqVHmKHzn52eKFl-8jD7P9CNZONWv9pR0=] to <6128.000000, 50.000000, 2497.000000>
[COT 2020-07-09 02:28:58] 76561198050722159: Teleported [guid=bjiwSoIjED9FPjLYhFJx6Ml2-N7zn5tLIPDQpUMW2yY=] to <6128.000000, 96.524200, 2497.000000>
[COT 2020-07-09 02:30:08] 76561197997236738: Healed [guid=uvtdMd_cBerqVHmKHzn52eKFl-8jD7P9CNZONWv9pR0=]
[COT 2020-07-09 02:30:35] 76561198050722159: Teleported to position <6097.041016, 29.088762, 2448.872559>
[COT 2020-07-09 02:30:40] 76561197997236738: Teleported to position <6236.500000, 12.205462, 2503.242188>
[COT 2020-07-09 02:30:43] 76561197997236738: Entered the Free Camera
[COT 2020-07-09 02:30:57] 76561197997236738: Left the Free Camera
[COT 2020-07-09 02:31:13] 76561198050722159: Teleported to position <4888.739746, 9.481680, 2504.635742>
[COT 2020-07-09 02:31:52] 76561198050722159: Teleported to position <4953.859863, 9.514891, 2445.127441>
[COT 2020-07-09 02:32:01] 76561197997236738: Teleported to position <4890.240234, 9.470321, 2482.025879>
[COT 2020-07-09 02:32:06] 76561198050722159: Teleported to position <5016.596680, 9.694361, 2394.476563>
[COT 2020-07-09 02:32:10] 76561198050722159: Teleported to position <5123.095215, 10.533552, 2267.815674>
[COT 2020-07-09 02:32:55] 76561197997236738: Teleported to position <4948.656250, 9.500000, 2413.572021>
[COT 2020-07-09 02:32:57] 76561197997236738: Teleported to position <4928.588379, 9.500000, 2423.446533>
[COT 2020-07-09 02:32:58] 76561197997236738: Teleported to position <4919.546387, 9.500008, 2436.741455>
[COT 2020-07-09 02:33:30] 76561198050722159: Teleported to position <4953.780762, 15.148225, 2463.431641>
[COT 2020-07-09 02:33:30] 76561197997236738: Teleported to position <4967.228516, 9.499997, 2470.056885>
[COT 2020-07-09 02:33:30] 76561197997236738: Teleported to position <4984.037109, 9.499999, 2448.441650>
[COT 2020-07-09 02:33:31] 76561197997236738: Teleported to position <4992.494629, 9.500000, 2429.812256>
[COT 2020-07-09 02:33:32] 76561197997236738: Teleported to position <4994.187988, 10.538957, 2419.185547>
[COT 2020-07-09 02:33:33] 76561197997236738: Teleported to position <4996.888672, 11.161769, 2415.304688>
[COT 2020-07-09 02:33:36] 76561197997236738: Teleported to position <5024.265625, 9.319292, 2391.238770>
[COT 2020-07-09 02:33:37] 76561197997236738: Teleported to position <5034.053711, 9.398449, 2379.927979>
[COT 2020-07-09 02:33:45] 76561198050722159: Teleported to position <5216.166992, 9.979925, 2134.427490>
[COT 2020-07-09 02:33:48] 76561197997236738: Teleported to position <4953.134766, 16.004047, 2435.979980>
[COT 2020-07-09 02:33:49] 76561198050722159: Teleported to position <5102.870117, 9.934950, 2278.403320>
[COT 2020-07-09 02:33:50] 76561198050722159: Teleported to position <5098.458008, 11.553658, 2281.840820>
[COT 2020-07-09 02:33:52] 76561198050722159: Teleported to position <5078.546875, 12.803630, 2309.757324>
[COT 2020-07-09 02:34:07] 76561197997236738: Teleported to position <5073.348145, 11.447304, 2312.527344>
[COT 2020-07-09 02:34:48] 76561197997236738: Teleported to position <4955.640137, 15.610254, 2436.173340>
[COT 2020-07-09 02:35:11] 76561197997236738: Teleported to position <5073.228027, 11.908067, 2313.242676>
[COT 2020-07-09 02:36:06] 76561197997236738: Teleported to position <4957.189453, 14.672690, 2432.780762>
[COT 2020-07-09 02:36:22] 76561197997236738: Teleported to position <5004.695801, 9.130612, 2387.070557>
[COT 2020-07-09 02:36:49] 76561197997236738: Teleported to position <5072.230957, 12.660101, 2317.222168>
[COT 2020-07-09 02:37:04] 76561197997236738: Teleported to position <5495.841309, 111.021194, 2628.619873>
[COT 2020-07-09 02:38:00] 76561198050722159: Teleported to position <5068.344238, 10.287572, 2332.703125>
[COT 2020-07-09 02:38:03] 76561198050722159: Teleported to position <4952.047363, 13.536403, 2461.939941>
[COT 2020-07-09 02:38:03] 76561198050722159: Teleported to position <4952.276367, 13.289705, 2462.136963>
[COT 2020-07-09 02:38:15] 76561198050722159: Teleported to position <5411.605469, 104.092720, 2688.106445>
[COT 2020-07-09 02:38:52] 76561198050722159: Teleported to position <4955.236328, 14.951907, 2432.489502>
[COT 2020-07-09 02:39:46] 76561198050722159: Healed [guid=bjiwSoIjED9FPjLYhFJx6Ml2-N7zn5tLIPDQpUMW2yY=]
[COT 2020-07-09 02:39:47] 76561198050722159: Healed [guid=bjiwSoIjED9FPjLYhFJx6Ml2-N7zn5tLIPDQpUMW2yY=]
[COT 2020-07-09 02:39:47] 76561198050722159: Healed [guid=bjiwSoIjED9FPjLYhFJx6Ml2-N7zn5tLIPDQpUMW2yY=]
[COT 2020-07-09 02:40:40] 76561197997236738: Teleported to position <4997.070313, 9.500015, 2455.626221>
[COT 2020-07-09 02:41:02] 76561198050722159: Healed [guid=bjiwSoIjED9FPjLYhFJx6Ml2-N7zn5tLIPDQpUMW2yY=]
[COT 2020-07-09 02:41:03] 76561198050722159: Healed [guid=bjiwSoIjED9FPjLYhFJx6Ml2-N7zn5tLIPDQpUMW2yY=]
[COT 2020-07-09 02:41:03] 76561198050722159: Healed [guid=bjiwSoIjED9FPjLYhFJx6Ml2-N7zn5tLIPDQpUMW2yY=]
[COT 2020-07-09 02:41:03] 76561198050722159: Healed [guid=bjiwSoIjED9FPjLYhFJx6Ml2-N7zn5tLIPDQpUMW2yY=]
[COT 2020-07-09 02:41:03] 76561198050722159: Healed [guid=bjiwSoIjED9FPjLYhFJx6Ml2-N7zn5tLIPDQpUMW2yY=]
[COT 2020-07-09 02:41:03] 76561198050722159: Healed [guid=bjiwSoIjED9FPjLYhFJx6Ml2-N7zn5tLIPDQpUMW2yY=]
[COT 2020-07-09 02:41:21] 76561197997236738: Item set MVS Loadout spawned on <4975.065430, 9.500004, 2462.913330>
[COT 2020-07-09 02:41:57] 76561197997236738: Deleted Entity ExpansionAirdropContainer_Basebuilding at <4975.065430, 9.512982, 2462.913330>
[COT 2020-07-09 02:42:15] 76561197997236738: Teleported to position <4952.783691, 15.476436, 2433.003662>
[COT 2020-07-09 02:42:24] 76561197997236738: Teleported to position <4995.546387, 12.593866, 2417.293457>
