[COT 2020-07-07 04:53:24] 76561197997236738: Item set MVS Loadout spawned on <1931.274414, 445.382507, 15070.908203>
[COT 2020-07-07 04:56:28] 76561197997236738: Spawned Entity Can Opener (CanOpener<138fc0e0>, -1, 20) at <1925.781616, 445.224213, 15062.006836>
[COT 2020-07-07 04:57:35] 76561197997236738: Deleted Entity ExpansionAirdropContainer_Basebuilding at <1931.274414, 445.421112, 15070.908203>
[COT 2020-07-07 04:58:27] 76561197997236738: Teleported to position <9459.219727, 303.988373, 8836.418945>
[COT 2020-07-07 04:58:33] 76561197997236738: Teleported to position <9401.154297, 305.348724, 8817.506836>
[COT 2020-07-07 04:58:33] 76561197997236738: Teleported to position <9394.572266, 308.064240, 8814.829102>
[COT 2020-07-07 04:58:33] 76561197997236738: Teleported to position <9394.527344, 308.109802, 8814.723633>
[COT 2020-07-07 04:58:34] 76561197997236738: Teleported to position <9394.492188, 308.162750, 8814.584961>
[COT 2020-07-07 04:58:34] 76561197997236738: Teleported to position <9394.451172, 308.204712, 8814.486328>
[COT 2020-07-07 04:58:34] 76561197997236738: Teleported to position <9386.392578, 311.457764, 8811.219727>
[COT 2020-07-07 04:58:35] 76561197997236738: Teleported to position <9378.457031, 314.934387, 8803.310547>
[COT 2020-07-07 04:58:35] 76561197997236738: Teleported to position <9358.524414, 322.717377, 8784.715820>
[COT 2020-07-07 04:58:35] 76561197997236738: Teleported to position <9348.317383, 327.002411, 8777.374023>
[COT 2020-07-07 04:58:53] 76561197997236738: Teleported to position <9304.441406, 336.142334, 8815.220703>
[COT 2020-07-07 04:59:34] 76561197997236738: Teleported to position <9976.286133, 6.028605, 2064.450195>
[COT 2020-07-07 04:59:42] 76561197997236738: Teleported to position <9855.743164, 19.170399, 2176.253662>
[COT 2020-07-07 04:59:54] 76561197997236738: Teleported to position <10036.007813, 26.836130, 2126.459473>
[COT 2020-07-07 04:59:55] 76561197997236738: Teleported to position <10036.449219, 28.300064, 2124.887695>
[COT 2020-07-07 05:00:39] 76561197997236738: Teleported to position <10577.293945, 34.039219, 2507.384033>
[COT 2020-07-07 05:00:42] 76561197997236738: Teleported to position <10581.528320, 41.493256, 2507.851563>
[COT 2020-07-07 05:00:43] 76561197997236738: Teleported to position <10581.810547, 41.493263, 2507.611328>
[COT 2020-07-07 05:00:43] 76561197997236738: Teleported to position <10581.904297, 41.493279, 2507.326416>
[COT 2020-07-07 05:00:51] 76561197997236738: Teleported to position <10584.614258, 58.061939, 2505.974121>
[COT 2020-07-07 05:00:54] 76561197997236738: Teleported to position <10584.289063, 61.152901, 2506.116699>
[COT 2020-07-07 05:01:46] 76561197997236738: ESP: Viewing ESP
[COT 2020-07-07 05:02:01] 76561197997236738: Entered the Free Camera
[COT 2020-07-07 05:03:28] 76561197997236738: Left the Free Camera
[COT 2020-07-07 05:03:37] 76561197997236738: ESP: Clearing ESP
[COT 2020-07-07 05:03:46] 76561197997236738: Teleported to position <10297.422852, 38.967739, 2510.147217>
[COT 2020-07-07 05:03:51] 76561197997236738: Teleported to position <9947.357422, 48.963333, 2369.964355>
[COT 2020-07-07 05:03:58] 76561197997236738: Teleported to position <9930.694336, 44.647091, 2332.489258>
[COT 2020-07-07 05:03:58] 76561197997236738: Teleported to position <9923.762695, 44.267841, 2323.352539>
[COT 2020-07-07 05:04:05] 76561197997236738: Teleported to position <10060.076172, 28.586334, 2321.252441>
[COT 2020-07-07 05:04:06] 76561197997236738: Teleported to position <10081.280273, 28.077772, 2324.388428>
[COT 2020-07-07 05:04:08] 76561197997236738: Teleported to position <10018.657227, 28.610304, 2301.564453>
[COT 2020-07-07 05:04:08] 76561197997236738: Teleported to position <9997.516602, 29.737795, 2291.078369>
[COT 2020-07-07 05:04:08] 76561197997236738: Teleported to position <9980.232422, 28.189186, 2270.391357>
[COT 2020-07-07 05:04:09] 76561197997236738: Teleported to position <9969.977539, 26.800055, 2255.600342>
[COT 2020-07-07 05:04:09] 76561197997236738: Teleported to position <9962.438477, 26.344286, 2247.462158>
[COT 2020-07-07 05:04:09] 76561197997236738: Teleported to position <9952.557617, 26.021069, 2241.559082>
[COT 2020-07-07 05:04:09] 76561197997236738: Teleported to position <9944.361328, 25.890104, 2236.003418>
[COT 2020-07-07 05:04:10] 76561197997236738: Teleported to position <9935.108398, 25.482899, 2229.601318>
[COT 2020-07-07 05:04:10] 76561197997236738: Teleported to position <9923.644531, 24.568462, 2220.973877>
[COT 2020-07-07 05:04:10] 76561197997236738: Teleported to position <9904.096680, 21.619396, 2204.669922>
[COT 2020-07-07 05:04:10] 76561197997236738: Teleported to position <9840.736328, 10.197298, 2115.168945>
[COT 2020-07-07 05:04:12] 76561197997236738: Teleported to position <9829.774414, 9.574622, 2100.219482>
[COT 2020-07-07 05:04:12] 76561197997236738: Teleported to position <9819.995117, 9.032962, 2088.979736>
[COT 2020-07-07 05:04:12] 76561197997236738: Teleported to position <9819.882813, 9.023193, 2088.862061>
[COT 2020-07-07 05:04:12] 76561197997236738: Teleported to position <9819.791992, 9.015292, 2088.766357>
[COT 2020-07-07 05:04:12] 76561197997236738: Teleported to position <9819.719727, 9.008530, 2088.685059>
[COT 2020-07-07 05:04:12] 76561197997236738: Teleported to position <9819.673828, 9.003929, 2088.629883>
[COT 2020-07-07 05:04:12] 76561197997236738: Teleported to position <9819.631836, 8.999655, 2088.578369>
[COT 2020-07-07 05:04:12] 76561197997236738: Teleported to position <9816.085938, 8.737688, 2084.585938>
[COT 2020-07-07 05:04:12] 76561197997236738: Teleported to position <9809.553711, 7.828300, 2077.122070>
[COT 2020-07-07 05:04:12] 76561197997236738: Teleported to position <9808.304688, 7.908189, 2075.760498>
[COT 2020-07-07 05:04:12] 76561197997236738: Teleported to position <9808.270508, 7.910757, 2075.727295>
[COT 2020-07-07 05:04:12] 76561197997236738: Teleported to position <9808.242188, 7.913041, 2075.699707>
[COT 2020-07-07 05:04:12] 76561197997236738: Teleported to position <9806.844727, 8.002088, 2074.169189>
[COT 2020-07-07 05:04:12] 76561197997236738: Teleported to position <9804.758789, 7.987404, 2071.851807>
[COT 2020-07-07 05:04:12] 76561197997236738: Teleported to position <9802.787109, 7.959037, 2069.655273>
[COT 2020-07-07 05:04:12] 76561197997236738: Teleported to position <9802.615234, 7.944833, 2069.441895>
[COT 2020-07-07 05:04:12] 76561197997236738: Teleported to position <9802.471680, 7.932886, 2069.262695>
[COT 2020-07-07 05:04:12] 76561197997236738: Teleported to position <9801.505859, 7.866650, 2068.133301>
[COT 2020-07-07 05:04:12] 76561197997236738: Teleported to position <9805.433594, 9.050664, 2072.818848>
[COT 2020-07-07 05:04:12] 76561197997236738: Teleported to position <9796.704102, 7.470187, 2062.607422>
[COT 2020-07-07 05:04:12] 76561197997236738: Teleported to position <9792.670898, 7.211330, 2058.050781>
[COT 2020-07-07 05:04:12] 76561197997236738: Teleported to position <9791.340820, 7.095332, 2056.509766>
[COT 2020-07-07 05:04:12] 76561197997236738: Teleported to position <9790.522461, 7.015454, 2055.538330>
[COT 2020-07-07 05:04:12] 76561197997236738: Teleported to position <9790.748047, 7.736164, 2055.983643>
[COT 2020-07-07 05:04:12] 76561197997236738: Teleported to position <9790.550781, 8.436397, 2055.967773>
[COT 2020-07-07 05:04:12] 76561197997236738: Teleported to position <9790.500000, 8.663736, 2055.924072>
[COT 2020-07-07 05:04:12] 76561197997236738: Teleported to position <9779.328125, 6.236542, 2042.613525>
[COT 2020-07-07 05:04:12] 76561197997236738: Teleported to position <9776.202148, 6.056993, 2039.041260>
[COT 2020-07-07 05:04:12] 76561197997236738: Teleported to position <9790.400391, 10.123592, 2056.133545>
[COT 2020-07-07 05:04:12] 76561197997236738: Teleported to position <9790.476563, 10.072945, 2056.191650>
[COT 2020-07-07 05:04:12] 76561197997236738: Teleported to position <9790.454102, 10.004955, 2056.133057>
[COT 2020-07-07 05:04:12] 76561197997236738: Teleported to position <9769.288086, 5.999999, 2031.413086>
[COT 2020-07-07 05:04:12] 76561197997236738: Teleported to position <9768.229492, 6.000000, 2030.211548>
[COT 2020-07-07 05:04:12] 76561197997236738: Teleported to position <9782.618164, 9.424874, 2047.103394>
[COT 2020-07-07 05:04:12] 76561197997236738: Teleported to position <9790.318359, 11.558692, 2056.251953>
[COT 2020-07-07 05:04:12] 76561197997236738: Teleported to position <9781.093750, 10.021987, 2045.554443>
[COT 2020-07-07 05:04:12] 76561197997236738: Teleported to position <9755.419922, 5.999999, 2016.652710>
[COT 2020-07-07 05:04:14] 76561197997236738: Teleported to position <9658.157227, 16.346262, 2088.897461>
[COT 2020-07-07 05:04:14] 76561197997236738: Teleported to position <9658.909180, 16.206507, 2088.300049>
[COT 2020-07-07 05:04:14] 76561197997236738: Teleported to position <9659.798828, 16.030893, 2087.551514>
[COT 2020-07-07 05:04:14] 76561197997236738: Teleported to position <9660.820313, 15.809483, 2086.601318>
[COT 2020-07-07 05:04:14] 76561197997236738: Teleported to position <9662.000000, 15.554364, 2085.504395>
[COT 2020-07-07 05:04:14] 76561197997236738: Teleported to position <9652.863281, 17.229202, 2092.694336>
[COT 2020-07-07 05:04:14] 76561197997236738: Teleported to position <9640.025391, 19.673185, 2103.196777>
[COT 2020-07-07 05:04:15] 76561197997236738: Teleported to position <9633.596680, 21.883968, 2108.055176>
[COT 2020-07-07 05:04:15] 76561197997236738: Teleported to position <9604.989258, 23.933096, 2125.603760>
[COT 2020-07-07 05:04:15] 76561197997236738: Teleported to position <9605.625977, 23.864038, 2125.171631>
[COT 2020-07-07 05:04:15] 76561197997236738: Teleported to position <9606.333008, 23.786160, 2124.685791>
[COT 2020-07-07 05:04:15] 76561197997236738: Teleported to position <9607.094727, 23.699768, 2124.149658>
[COT 2020-07-07 05:04:15] 76561197997236738: Teleported to position <9607.688477, 23.632219, 2123.730713>
[COT 2020-07-07 05:04:16] 76561197997236738: Teleported to position <9564.070313, 26.460823, 2140.885010>
[COT 2020-07-07 05:04:16] 76561197997236738: Teleported to position <9564.049805, 26.462267, 2140.891602>
[COT 2020-07-07 05:04:16] 76561197997236738: Teleported to position <9564.029297, 26.463615, 2140.898438>
[COT 2020-07-07 05:04:16] 76561197997236738: Teleported to position <9564.309570, 26.446423, 2140.812012>
[COT 2020-07-07 05:04:17] 76561197997236738: Teleported to position <9540.938477, 28.207033, 2149.992920>
[COT 2020-07-07 05:04:17] 76561197997236738: Teleported to position <9521.948242, 28.240871, 2158.542480>
[COT 2020-07-07 05:04:17] 76561197997236738: Teleported to position <9508.676758, 27.566404, 2164.184082>
[COT 2020-07-07 05:04:18] 76561197997236738: Teleported to position <9501.950195, 27.824814, 2167.057617>
[COT 2020-07-07 05:04:18] 76561197997236738: Teleported to position <9495.712891, 28.215069, 2169.730713>
[COT 2020-07-07 05:04:18] 76561197997236738: Teleported to position <9488.378906, 28.407988, 2172.814453>
[COT 2020-07-07 05:04:18] 76561197997236738: Teleported to position <9480.504883, 28.488701, 2176.101807>
[COT 2020-07-07 05:04:18] 76561197997236738: Teleported to position <9471.761719, 28.507832, 2179.744141>
[COT 2020-07-07 05:04:18] 76561197997236738: Teleported to position <9471.724609, 28.508711, 2179.764160>
[COT 2020-07-07 05:04:18] 76561197997236738: Teleported to position <9471.691406, 28.509310, 2179.781006>
[COT 2020-07-07 05:04:18] 76561197997236738: Teleported to position <9471.658203, 28.509924, 2179.797852>
[COT 2020-07-07 05:04:18] 76561197997236738: Teleported to position <9471.626953, 28.510641, 2179.814697>
[COT 2020-07-07 05:04:18] 76561197997236738: Teleported to position <9471.597656, 28.511251, 2179.830078>
[COT 2020-07-07 05:04:18] 76561197997236738: Teleported to position <9470.659180, 28.515619, 2180.228271>
[COT 2020-07-07 05:04:18] 76561197997236738: Teleported to position <9466.734375, 28.532904, 2181.888184>
[COT 2020-07-07 05:04:18] 76561197997236738: Teleported to position <9463.878906, 28.545761, 2183.097412>
[COT 2020-07-07 05:04:53] 76561197997236738: Teleported to position <9469.144531, 41.502018, 2266.412842>
[COT 2020-07-07 05:04:53] 76561197997236738: Teleported to position <9474.646484, 43.858395, 2278.338867>
[COT 2020-07-07 05:04:54] 76561197997236738: Teleported to position <9479.018555, 46.121674, 2287.693848>
[COT 2020-07-07 05:04:54] 76561197997236738: Teleported to position <9483.010742, 48.366562, 2296.026611>
[COT 2020-07-07 05:04:54] 76561197997236738: Teleported to position <9487.106445, 50.604053, 2304.492676>
[COT 2020-07-07 05:04:54] 76561197997236738: Teleported to position <9491.833984, 52.930641, 2314.266357>
[COT 2020-07-07 05:07:09] 76561197997236738: Teleported to position <9456.165039, 45.030300, 2284.781494>
[COT 2020-07-07 05:07:10] 76561197997236738: Teleported to position <9446.004883, 43.450947, 2277.321289>
[COT 2020-07-07 05:07:10] 76561197997236738: Teleported to position <9439.206055, 42.791824, 2273.720459>
[COT 2020-07-07 05:07:10] 76561197997236738: Teleported to position <9432.686523, 42.168892, 2270.073975>
[COT 2020-07-07 05:07:11] 76561197997236738: Teleported to position <9425.685547, 41.393272, 2265.452637>
[COT 2020-07-07 05:07:11] 76561197997236738: Teleported to position <9421.629883, 40.785732, 2261.654297>
[COT 2020-07-07 05:07:11] 76561197997236738: Teleported to position <9417.898438, 40.205627, 2258.049072>
[COT 2020-07-07 05:07:11] 76561197997236738: Teleported to position <9413.574219, 39.638729, 2254.377686>
[COT 2020-07-07 05:07:11] 76561197997236738: Teleported to position <9407.906250, 39.150162, 2251.174316>
[COT 2020-07-07 05:07:12] 76561197997236738: Teleported to position <9401.822266, 38.681744, 2248.013184>
[COT 2020-07-07 05:07:12] 76561197997236738: Teleported to position <9396.404297, 38.258965, 2244.990723>
[COT 2020-07-07 05:07:12] 76561197997236738: Teleported to position <9393.665039, 38.798546, 2243.110107>
[COT 2020-07-07 05:07:12] 76561197997236738: Teleported to position <9387.291016, 37.198967, 2237.523193>
[COT 2020-07-07 05:07:12] 76561197997236738: Teleported to position <9384.913086, 37.820877, 2235.606445>
[COT 2020-07-07 05:07:13] 76561197997236738: Teleported to position <9382.165039, 38.233101, 2233.212891>
[COT 2020-07-07 05:10:39] 76561197997236738: Item set MVS Loadout spawned on <9427.288086, 39.702789, 2254.867188>
[COT 2020-07-07 05:10:55] 76561197997236738: Item set MVS Loadout spawned on <9426.830078, 40.393230, 2254.200684>
[COT 2020-07-07 05:11:02] 76561197997236738: Deleted Entity ExpansionAirdropContainer_Basebuilding at <9426.830078, 39.613316, 2254.200684>
[COT 2020-07-07 05:11:11] 76561197997236738: Deleted Entity ExpansionAirdropContainer_Basebuilding at <9427.288086, 39.720360, 2254.867188>
[COT 2020-07-07 05:11:19] 76561197997236738: Teleported to position <9432.134766, 28.084047, 2189.581787>
[COT 2020-07-07 05:11:20] 76561197997236738: Teleported to position <9420.488281, 22.831753, 2161.506592>
[COT 2020-07-07 05:11:20] 76561197997236738: Teleported to position <9412.018555, 19.498745, 2140.962402>
[COT 2020-07-07 05:11:20] 76561197997236738: Teleported to position <9402.048828, 16.262585, 2117.962646>
[COT 2020-07-07 05:11:20] 76561197997236738: Teleported to position <9402.055664, 16.222633, 2117.663818>
[COT 2020-07-07 05:11:20] 76561197997236738: Teleported to position <9402.062500, 16.182224, 2117.361084>
[COT 2020-07-07 05:11:20] 76561197997236738: Teleported to position <9402.074219, 16.144880, 2117.081787>
[COT 2020-07-07 05:11:20] 76561197997236738: Teleported to position <9402.118164, 16.120317, 2116.900635>
[COT 2020-07-07 05:11:20] 76561197997236738: Teleported to position <9402.155273, 16.099558, 2116.747559>
[COT 2020-07-07 05:11:20] 76561197997236738: Teleported to position <9401.703125, 15.938035, 2115.504395>
[COT 2020-07-07 05:11:20] 76561197997236738: Teleported to position <9396.394531, 14.059762, 2102.772461>
[COT 2020-07-07 05:11:20] 76561197997236738: Teleported to position <9382.686523, 7.466928, 2068.161377>
[COT 2020-07-07 05:11:20] 76561197997236738: Teleported to position <9382.750000, 7.465352, 2068.150391>
[COT 2020-07-07 05:11:20] 76561197997236738: Teleported to position <9382.799805, 7.464082, 2068.141357>
[COT 2020-07-07 05:11:20] 76561197997236738: Teleported to position <9382.102539, 7.330390, 2066.236572>
[COT 2020-07-07 05:11:20] 76561197997236738: Teleported to position <9381.134766, 7.130006, 2063.642578>
[COT 2020-07-07 05:11:20] 76561197997236738: Teleported to position <9380.503906, 7.116905, 2061.922363>
[COT 2020-07-07 05:11:20] 76561197997236738: Teleported to position <9380.448242, 7.113798, 2061.785400>
[COT 2020-07-07 05:11:20] 76561197997236738: Teleported to position <9379.891602, 7.083407, 2060.444580>
[COT 2020-07-07 05:11:20] 76561197997236738: Teleported to position <9378.845703, 7.042811, 2058.194580>
[COT 2020-07-07 05:11:20] 76561197997236738: Teleported to position <9378.769531, 7.044564, 2057.885010>
[COT 2020-07-07 05:11:20] 76561197997236738: Teleported to position <9378.118164, 7.059361, 2056.043701>
[COT 2020-07-07 05:11:20] 76561197997236738: Teleported to position <9376.661133, 6.817663, 2052.071777>
[COT 2020-07-07 05:11:20] 76561197997236738: Teleported to position <9375.659180, 6.606112, 2049.403320>
[COT 2020-07-07 05:11:20] 76561197997236738: Teleported to position <9375.583008, 6.812687, 2049.402832>
[COT 2020-07-07 05:11:20] 76561197997236738: Teleported to position <9375.521484, 6.974931, 2049.402588>
[COT 2020-07-07 05:11:21] 76561197997236738: Teleported to position <9369.237305, 6.076382, 2037.152100>
[COT 2020-07-07 05:11:21] 76561197997236738: Teleported to position <9364.315430, 5.999982, 2027.012695>
[COT 2020-07-07 05:11:21] 76561197997236738: Teleported to position <9364.286133, 6.000021, 2026.947388>
[COT 2020-07-07 05:11:21] 76561197997236738: Teleported to position <9364.262695, 6.000005, 2026.892944>
[COT 2020-07-07 05:11:21] 76561197997236738: Teleported to position <9364.242188, 5.999992, 2026.836914>
[COT 2020-07-07 05:11:21] 76561197997236738: Teleported to position <9364.219727, 5.999985, 2026.774536>
[COT 2020-07-07 05:11:21] 76561197997236738: Teleported to position <9364.202148, 6.000012, 2026.723755>
[COT 2020-07-07 05:11:21] 76561197997236738: Teleported to position <9363.838867, 6.000030, 2025.929077>
[COT 2020-07-07 05:11:21] 76561197997236738: Teleported to position <9362.410156, 6.000001, 2022.832397>
[COT 2020-07-07 05:11:21] 76561197997236738: Teleported to position <9361.219727, 5.999986, 2020.251831>
[COT 2020-07-07 05:11:21] 76561197997236738: Teleported to position <9360.234375, 5.999998, 2018.062378>
[COT 2020-07-07 05:11:21] 76561197997236738: Teleported to position <9360.312500, 6.000031, 2017.925049>
[COT 2020-07-07 05:11:21] 76561197997236738: Teleported to position <9360.409180, 6.000021, 2017.560303>
[COT 2020-07-07 05:11:21] 76561197997236738: Teleported to position <9360.412109, 5.999999, 2017.320679>
[COT 2020-07-07 05:11:21] 76561197997236738: Teleported to position <9360.414063, 5.999999, 2017.103394>
[COT 2020-07-07 05:11:21] 76561197997236738: Teleported to position <9359.783203, 5.999998, 2015.644287>
[COT 2020-07-07 05:11:21] 76561197997236738: Teleported to position <9358.511719, 6.000014, 2012.833740>
[COT 2020-07-07 05:11:21] 76561197997236738: Teleported to position <9357.133789, 6.000000, 2009.788696>
[COT 2020-07-07 05:11:21] 76561197997236738: Teleported to position <9356.955078, 6.000001, 2009.023804>
[COT 2020-07-07 05:11:21] 76561197997236738: Teleported to position <9357.041016, 6.000002, 2008.781738>
[COT 2020-07-07 05:11:21] 76561197997236738: Teleported to position <9357.043945, 6.000002, 2008.680176>
[COT 2020-07-07 05:11:21] 76561197997236738: Teleported to position <9357.000000, 6.000002, 2008.574707>
[COT 2020-07-07 05:11:21] 76561197997236738: Teleported to position <9356.866211, 6.000002, 2008.242188>
[COT 2020-07-07 05:11:22] 76561197997236738: Teleported to position <9356.129883, 6.000006, 2006.397217>
[COT 2020-07-07 05:11:22] 76561197997236738: Teleported to position <9355.507813, 6.000009, 2004.835938>
[COT 2020-07-07 05:11:22] 76561197997236738: Teleported to position <9351.806641, 5.999985, 1995.073364>
[COT 2020-07-07 05:11:22] 76561197997236738: Teleported to position <9350.048828, 7.069976, 1990.614014>
[COT 2020-07-07 05:11:22] 76561197997236738: Teleported to position <9344.720703, 6.041901, 1975.989746>
[COT 2020-07-07 05:11:22] 76561197997236738: Teleported to position <9341.477539, 6.122873, 1967.348511>
[COT 2020-07-07 05:11:23] 76561197997236738: Teleported to position <9337.690430, 5.877398, 1956.824829>
[COT 2020-07-07 05:11:23] 76561197997236738: Teleported to position <9334.067383, 5.630280, 1946.320923>
[COT 2020-07-07 05:11:23] 76561197997236738: Teleported to position <9332.306641, 5.422424, 1936.489868>
[COT 2020-07-07 05:11:23] 76561197997236738: Teleported to position <9331.203125, 5.347601, 1927.295166>
[COT 2020-07-07 05:11:23] 76561197997236738: Teleported to position <9331.388672, 5.169094, 1917.613525>
[COT 2020-07-07 05:11:24] 76561197997236738: Teleported to position <9331.678711, 4.838809, 1907.006714>
[COT 2020-07-07 05:11:24] 76561197997236738: Teleported to position <9332.038086, 4.313643, 1895.634888>
[COT 2020-07-07 05:11:24] 76561197997236738: Teleported to position <9332.863281, 1.606084, 1874.147339>
[COT 2020-07-07 05:11:24] 76561197997236738: Teleported to position <9333.260742, 0.931364, 1862.097900>
[COT 2020-07-07 05:11:24] 76561197997236738: Teleported to position <9333.606445, 0.494366, 1851.106201>
[COT 2020-07-07 05:11:39] 76561197997236738: Spawned vehicle LHD-9 USS Khe Sanh (ExpansionLHD) at <9317.732422, -0.191975, 1749.731445>
[COT 2020-07-07 05:11:43] 76561197997236738: Teleported to position <9350.835938, 0.418387, 1845.313110>
[COT 2020-07-07 05:11:44] 76561197997236738: Teleported to position <9357.845703, 0.695378, 1843.640869>
[COT 2020-07-07 05:11:44] 76561197997236738: Teleported to position <9369.901367, 1.227767, 1839.488525>
[COT 2020-07-07 05:11:44] 76561197997236738: Teleported to position <9389.876953, 1.052577, 1832.446777>
[COT 2020-07-07 05:11:44] 76561197997236738: Teleported to position <9405.779297, 1.242569, 1826.793945>
[COT 2020-07-07 05:11:44] 76561197997236738: Teleported to position <9419.611328, 1.205671, 1823.356567>
[COT 2020-07-07 05:11:44] 76561197997236738: Teleported to position <9428.687500, 1.382760, 1821.212280>
[COT 2020-07-07 05:11:44] 76561197997236738: Teleported to position <9428.774414, 1.523346, 1822.646729>
[COT 2020-07-07 05:11:58] 76561197997236738: Teleported to position <9441.831055, 8.155581, 1844.714844>
[COT 2020-07-07 05:11:58] 76561197997236738: Teleported to position <9549.129883, 25.513805, 2136.876465>
[COT 2020-07-07 05:11:58] 76561197997236738: Teleported to position <9456.748047, 9.485641, 1886.118286>
[COT 2020-07-07 05:11:58] 76561197997236738: Teleported to position <9446.739258, 9.150760, 1858.478516>
[COT 2020-07-07 05:11:58] 76561197997236738: Teleported to position <9450.437500, 9.248742, 1865.682495>
[COT 2020-07-07 05:11:59] 76561197997236738: Teleported to position <9574.426758, 33.120564, 2165.574951>
[COT 2020-07-07 05:11:59] 76561197997236738: Teleported to position <9573.823242, 37.888329, 2172.349121>
[COT 2020-07-07 05:11:59] 76561197997236738: Teleported to position <9588.675781, 49.058334, 2169.909180>
[COT 2020-07-07 05:11:59] 76561197997236738: Teleported to position <9585.535156, 47.968399, 2171.747070>
[COT 2020-07-07 05:12:00] 76561197997236738: Teleported to position <9555.980469, 27.781166, 2146.550537>
[COT 2020-07-07 05:12:00] 76561197997236738: Teleported to position <9543.640625, 17.667719, 2100.098389>
[COT 2020-07-07 05:12:00] 76561197997236738: Teleported to position <9571.333984, 25.524197, 2136.394775>
[COT 2020-07-07 05:12:00] 76561197997236738: Teleported to position <9568.566406, 22.206812, 2119.564209>
[COT 2020-07-07 05:12:01] 76561197997236738: Teleported to position <9568.686523, 22.194422, 2119.490723>
[COT 2020-07-07 05:12:01] 76561197997236738: Teleported to position <9568.601563, 22.158922, 2119.305908>
[COT 2020-07-07 05:12:01] 76561197997236738: Teleported to position <9569.260742, 21.605713, 2116.305420>
[COT 2020-07-07 05:12:01] 76561197997236738: Teleported to position <9568.486328, 21.564339, 2116.133301>
[COT 2020-07-07 05:12:02] 76561197997236738: Teleported to position <9568.410156, 22.094265, 2118.970215>
[COT 2020-07-07 05:12:02] 76561197997236738: Teleported to position <9568.410156, 22.094238, 2118.970215>
[COT 2020-07-07 05:12:04] 76561197997236738: Teleported to position <9592.031250, 52.727436, 2150.366455>
[COT 2020-07-07 05:12:05] 76561197997236738: Teleported to position <9595.997070, 50.987816, 2151.302246>
[COT 2020-07-07 05:12:05] 76561197997236738: Teleported to position <9596.860352, 50.794212, 2151.537354>
[COT 2020-07-07 05:12:09] 76561197997236738: Teleported to position <9601.658203, 26.632074, 2139.123779>
[COT 2020-07-07 05:12:09] 76561197997236738: Teleported to position <9599.472656, 25.770208, 2135.381104>
[COT 2020-07-07 05:12:09] 76561197997236738: Teleported to position <9596.937500, 24.817125, 2131.060547>
[COT 2020-07-07 05:12:09] 76561197997236738: Teleported to position <9593.924805, 23.499372, 2124.708740>
[COT 2020-07-07 05:12:09] 76561197997236738: Teleported to position <9591.123047, 21.984432, 2117.154053>
[COT 2020-07-07 05:12:09] 76561197997236738: Teleported to position <9587.922852, 20.228251, 2108.543945>
[COT 2020-07-07 05:12:13] 76561197997236738: Teleported to position <9587.137695, 71.696014, 2151.588379>
[COT 2020-07-07 05:12:13] 76561197997236738: Teleported to position <9587.498047, 76.311195, 2152.290283>
[COT 2020-07-07 05:12:14] 76561197997236738: Teleported to position <9587.620117, 78.436409, 2153.303223>
[COT 2020-07-07 05:12:15] 76561197997236738: Teleported to position <9526.942383, 174.282471, 2748.244629>
[COT 2020-07-07 05:12:21] 76561197997236738: Teleported to position <9668.252930, 56.287621, 2172.107422>
[COT 2020-07-07 05:13:11] 76561197997236738: Teleported to position <9667.110352, 5.887823, 1866.704712>
[COT 2020-07-07 05:13:12] 76561197997236738: Teleported to position <9668.229492, 5.512440, 1822.717651>
[COT 2020-07-07 05:13:12] 76561197997236738: Teleported to position <9681.051758, 0.252690, 1552.694458>
[COT 2020-07-07 05:13:12] 76561197997236738: Teleported to position <9684.000977, 0.265909, 1491.916992>
[COT 2020-07-07 05:13:12] 76561197997236738: Teleported to position <9683.272461, 0.279548, 1462.536987>
[COT 2020-07-07 05:13:30] 76561197997236738: Entered the Free Camera
[COT 2020-07-07 05:13:33] 76561197997236738: Left the Free Camera
[COT 2020-07-07 05:13:37] 76561197997236738: Teleported to position <9915.576172, 2.327973, 1615.034424>
[COT 2020-07-07 05:13:41] 76561197997236738: Entered the Free Camera
[COT 2020-07-07 05:13:47] 76561197997236738: Left the Free Camera
[COT 2020-07-07 05:13:55] 76561197997236738: Entered the Free Camera
[COT 2020-07-07 05:14:10] 76561197997236738: Spawned vehicle LHD-9 USS Khe Sanh (ExpansionLHD) at <9719.211914, -0.151076, 1238.928711>
[COT 2020-07-07 05:14:14] 76561197997236738: Left the Free Camera
[COT 2020-07-07 05:14:18] 76561197997236738: Teleported to position <9734.196289, 22.770054, 1281.418213>
[COT 2020-07-07 05:14:25] 76561197997236738: Teleported to position <9719.577148, 28.085920, 1247.565796>
[COT 2020-07-07 05:14:26] 76561197997236738: Teleported to position <9731.311523, 30.613323, 1220.781616>
[COT 2020-07-07 05:14:33] 76561197997236738: Teleported to position <9726.563477, 36.588661, 1237.093994>
[COT 2020-07-07 05:14:34] 76561197997236738: Teleported to position <9726.791016, 35.620575, 1237.282837>
[COT 2020-07-07 05:14:35] 76561197997236738: Teleported to position <9726.231445, 35.621864, 1237.646606>
[COT 2020-07-07 05:16:01] 76561197997236738: Teleported to position <9735.568359, 29.282515, 1269.178345>
[COT 2020-07-07 05:16:05] 76561197997236738: Teleported to position <9711.951172, 19.003336, 1301.412842>
[COT 2020-07-07 05:16:15] 76561197997236738: Spawned vehicle Merlin (ExpansionMerlin) at <9714.551758, 18.981234, 1352.345459>
[COT 2020-07-07 05:16:24] 76561197997236738: Spawned vehicle Mh-6 Little Bird (ExpansionMh6) at <9819.247070, -0.025381, 1413.909058>
[COT 2020-07-07 05:18:47] 76561197997236738: Teleported to position <9485.363281, 19.085018, 2105.567383>
[COT 2020-07-07 05:19:17] 76561197997236738: Deleted Entity ExpansionMerlin at <9485.258789, 20.358831, 2107.628418>
[COT 2020-07-07 05:19:54] 76561197997236738: Spawned Entity M72 LAW Warhead (Ammunition_Base<51dd37c0>, 1, 100) at <9476.521484, 15.426744, 2106.949707>
[COT 2020-07-07 05:19:54] 76561197997236738: Spawned Entity M72 LAW Warhead (Ammunition_Base<51dd21d0>, 1, 100) at <9476.521484, 15.426744, 2106.949707>
[COT 2020-07-07 05:19:54] 76561197997236738: Spawned Entity M72 LAW Warhead (Ammunition_Base<51dd1a80>, 1, 100) at <9476.521484, 15.426744, 2106.949707>
[COT 2020-07-07 05:19:55] 76561197997236738: Spawned Entity M72 LAW Warhead (Ammunition_Base<51dd6af0>, 1, 100) at <9476.521484, 15.426744, 2106.949707>
[COT 2020-07-07 05:20:32] 76561197997236738: Teleported to position <9452.371094, 14.910158, 2106.544922>
[COT 2020-07-07 05:20:32] 76561197997236738: Teleported to position <9429.497070, 17.257690, 2125.255371>
[COT 2020-07-07 05:20:32] 76561197997236738: Teleported to position <9407.069336, 20.053078, 2144.333008>
[COT 2020-07-07 05:20:32] 76561197997236738: Teleported to position <9391.634766, 22.261730, 2157.476074>
[COT 2020-07-07 05:20:32] 76561197997236738: Teleported to position <9376.880859, 24.420074, 2170.645752>
[COT 2020-07-07 05:21:17] 76561197997236738: Spawned Entity Combat Knife (CombatKnife<5614c0d0>, -1, 150) at <9364.368164, 31.711637, 2207.645508>
[COT 2020-07-07 05:21:59] 76561197997236738: Teleported to position <9411.864258, 21.521149, 2153.566650>
[COT 2020-07-07 05:21:59] 76561197997236738: Teleported to position <9420.088867, 22.376808, 2158.847412>
[COT 2020-07-07 05:21:59] 76561197997236738: Teleported to position <9489.801758, 33.090321, 2205.091797>
[COT 2020-07-07 05:21:59] 76561197997236738: Teleported to position <9544.791992, 41.222630, 2239.576904>
[COT 2020-07-07 05:21:59] 76561197997236738: Teleported to position <9508.972656, 35.327950, 2213.060059>
[COT 2020-07-07 05:22:00] 76561197997236738: Teleported to position <9510.500977, 35.018215, 2210.304688>
[COT 2020-07-07 05:22:00] 76561197997236738: Teleported to position <9602.981445, 43.894310, 2232.383545>
[COT 2020-07-07 05:22:00] 76561197997236738: Teleported to position <9518.059570, 37.052654, 2211.797363>
[COT 2020-07-07 05:22:00] 76561197997236738: Teleported to position <9571.026367, 41.412689, 2193.515869>
[COT 2020-07-07 05:22:01] 76561197997236738: Teleported to position <9564.982422, 37.535511, 2194.894531>
[COT 2020-07-07 05:22:01] 76561197997236738: Teleported to position <9547.026367, 35.711967, 2199.096924>
[COT 2020-07-07 05:22:01] 76561197997236738: Teleported to position <9553.278320, 36.018253, 2197.809082>
[COT 2020-07-07 05:22:01] 76561197997236738: Teleported to position <9554.015625, 36.039520, 2197.533691>
[COT 2020-07-07 05:22:02] 76561197997236738: Teleported to position <9565.547852, 37.730942, 2195.521240>
[COT 2020-07-07 05:22:03] 76561197997236738: Teleported to position <10068.348633, 13.455920, 2007.543091>
[COT 2020-07-07 05:22:03] 76561197997236738: Teleported to position <10239.496094, 6.268733, 1947.352661>
[COT 2020-07-07 05:22:03] 76561197997236738: Teleported to position <10079.162109, 13.926512, 2006.715332>
[COT 2020-07-07 05:22:51] 76561197997236738: Healed [guid=uvtdMd_cBerqVHmKHzn52eKFl-8jD7P9CNZONWv9pR0=]
[COT 2020-07-07 05:23:04] 76561197997236738: Entered the Free Camera
[COT 2020-07-07 05:23:06] 76561197997236738: Left the Free Camera
[COT 2020-07-07 05:23:23] 76561197997236738: Stripped [guid=uvtdMd_cBerqVHmKHzn52eKFl-8jD7P9CNZONWv9pR0=]
[COT 2020-07-07 05:23:53] 76561197997236738: Spawned Entity Kitchen Knife (KitchenKnife<1bb87f90>, -1, 80) at <10087.169922, 6.012446, 2006.320435>
[COT 2020-07-07 05:23:55] 76561197997236738: Spawned Entity Kitchen Knife (KitchenKnife<1bb83670>, -1, 80) on 76561197997236738 at <10087.169922, 6.012446, 2006.320435>
[COT 2020-07-07 05:23:56] 76561197997236738: Spawned Entity Kitchen Knife (KitchenKnife<1bb853b0>, -1, 80) on 76561197997236738 at <10087.169922, 6.012447, 2006.320435>
[COT 2020-07-07 05:24:11] 76561197997236738: Spawned Entity Steak Knife (SteakKnife<1bb827d0>, -1, 50) on 76561197997236738 at <10086.572266, 6.012457, 2007.248779>
[COT 2020-07-07 05:24:13] 76561197997236738: Spawned Entity Steak Knife (SteakKnife<1bb84510>, -1, 50) at <10086.572266, 6.012457, 2007.248779>
[COT 2020-07-07 05:24:15] 76561197997236738: Spawned Entity Steak Knife (SteakKnife<1bb82f20>, -1, 50) at <10087.062500, 5.999992, 2005.986694>
[COT 2020-07-07 05:24:22] 76561197997236738: Spawned Entity  (Building<59baa1f0>, -1, 0) on 76561197997236738 at <10086.572266, 6.012457, 2007.248779>
[COT 2020-07-07 05:27:18] 76561197997236738: Item set MVS Loadout spawned on <12940.777344, 5.533079, 9349.326172>
[COT 2020-07-07 05:28:14] 76561197997236738: Deleted Entity ExpansionAirdropContainer_Basebuilding at <12940.777344, 5.663596, 9349.326172>
[COT 2020-07-07 05:28:52] 76561197997236738: Entered the Free Camera
[COT 2020-07-07 05:28:52] 76561197997236738: Left the Free Camera
[COT 2020-07-07 05:28:53] 76561197997236738: Entered the Free Camera
[COT 2020-07-07 05:28:55] 76561197997236738: Left the Free Camera
[COT 2020-07-07 05:29:18] 76561197997236738: Teleported to position <12849.841797, 6.150472, 9418.136719>
[COT 2020-07-07 05:29:18] 76561197997236738: Teleported to position <12841.689453, 6.326738, 9442.019531>
[COT 2020-07-07 05:29:18] 76561197997236738: Teleported to position <12833.367188, 6.396618, 9466.387695>
[COT 2020-07-07 05:29:19] 76561197997236738: Teleported to position <12826.031250, 6.760246, 9487.916016>
[COT 2020-07-07 05:29:19] 76561197997236738: Teleported to position <12814.497070, 6.014030, 9521.506836>
[COT 2020-07-07 05:29:19] 76561197997236738: Teleported to position <12802.250000, 5.979999, 9540.458008>
[COT 2020-07-07 05:29:20] 76561197997236738: Teleported to position <12788.092773, 5.989186, 9550.063477>
[COT 2020-07-07 05:29:20] 76561197997236738: Teleported to position <12776.277344, 5.999995, 9556.833008>
[COT 2020-07-07 05:29:20] 76561197997236738: Teleported to position <12764.440430, 5.992543, 9563.339844>
[COT 2020-07-07 05:29:21] 76561197997236738: Teleported to position <12752.181641, 5.900001, 9570.049805>
[COT 2020-07-07 05:29:21] 76561197997236738: Teleported to position <12740.357422, 5.899989, 9576.378906>
[COT 2020-07-07 05:30:37] 76561197997236738: Teleported to position <12775.566406, 16.499443, 9635.965820>
[COT 2020-07-07 05:30:42] 76561197997236738: Teleported to position <12772.979492, 12.588907, 9633.964844>
[COT 2020-07-07 05:30:46] 76561197997236738: Teleported to position <12767.866211, 14.030180, 9629.838867>
[COT 2020-07-07 05:31:50] 76561197997236738: Spawned Entity M72 LAW Warhead (Ammunition_Base<5a17e0b0>, 1, 100) at <12765.783203, 13.886428, 9633.832031>
[COT 2020-07-07 05:31:51] 76561197997236738: Spawned Entity M72 LAW Warhead (Ammunition_Base<5a17fdf0>, 1, 100) at <12765.783203, 13.886428, 9633.832031>
[COT 2020-07-07 05:31:56] 76561197997236738: Spawned Entity M72 LAW (ExpansionLAW<1bcbda20>, -1, 100) at <12765.783203, 13.886428, 9633.832031>
[COT 2020-07-07 05:32:45] 76561197997236738: Teleported to position <9756.996094, 10.694672, 1787.197021>
[COT 2020-07-07 05:32:55] 76561197997236738: Item set MVS Loadout spawned on <9773.354492, 4.050324, 1803.557251>
[COT 2020-07-07 05:34:26] 76561197997236738: Deleted Entity ExpansionAirdropContainer_Basebuilding at <9773.354492, 4.093299, 1803.557251>
[COT 2020-07-07 05:36:14] 76561197997236738: Spawned Entity M72 LAW (ExpansionLAW<1bcb9e30>, -1, 100) at <9602.166992, 5.984653, 1897.381104>
[COT 2020-07-07 05:36:18] 76561197997236738: Spawned Entity M72 LAW Warhead (Ammunition_Base<5c830d20>, 1, 100) at <9599.101563, 5.843236, 1889.774780>
[COT 2020-07-07 05:36:18] 76561197997236738: Spawned Entity M72 LAW Warhead (Ammunition_Base<5c82e140>, 1, 100) at <9599.101563, 5.843236, 1889.774780>
[COT 2020-07-07 05:36:19] 76561197997236738: Spawned Entity M72 LAW Warhead (Ammunition_Base<5c82e890>, 1, 100) at <9599.101563, 5.843236, 1889.774780>
[COT 2020-07-07 05:36:19] 76561197997236738: Spawned Entity M72 LAW Warhead (Ammunition_Base<5c82f730>, 1, 100) at <9599.101563, 5.843236, 1889.774780>
[COT 2020-07-07 05:36:43] 76561197997236738: Teleported to position <9577.900391, 9.192896, 1970.791382>
[COT 2020-07-07 05:36:56] 76561197997236738: Teleported to position <9578.353516, 9.215711, 1970.778564>
[COT 2020-07-07 05:37:16] 76561197997236738: Teleported to position <9614.784180, 11.267886, 1972.777710>
[COT 2020-07-07 05:37:44] 76561197997236738: Spawned Entity M72 LAW Warhead (Ammunition_Base<5bfe8480>, 1, 100) at <9618.312500, 11.280404, 1972.961792>
[COT 2020-07-07 05:37:44] 76561197997236738: Spawned Entity M72 LAW Warhead (Ammunition_Base<5bfebf00>, 1, 100) at <9618.312500, 11.280404, 1972.961792>
[COT 2020-07-07 05:37:44] 76561197997236738: Spawned Entity M72 LAW Warhead (Ammunition_Base<5bfef230>, 1, 100) at <9618.312500, 11.280404, 1972.961792>
[COT 2020-07-07 05:37:44] 76561197997236738: Spawned Entity M72 LAW Warhead (Ammunition_Base<5bfef980>, 1, 100) at <9618.312500, 11.280404, 1972.961792>
[COT 2020-07-07 05:38:06] 76561197997236738: Teleported to position <9597.955078, 9.470503, 1973.255737>
[COT 2020-07-07 05:38:36] 76561197997236738: Healed [guid=uvtdMd_cBerqVHmKHzn52eKFl-8jD7P9CNZONWv9pR0=]
[COT 2020-07-07 05:38:58] 76561197997236738: Teleported to position <9552.057617, 10.350665, 2000.789429>
[COT 2020-07-07 05:39:50] 76561197997236738: Spawned Entity M72 LAW Warhead (Ammunition_Base<a4c378f0>, 1, 100) at <9549.248047, 9.251688, 2006.179810>
[COT 2020-07-07 05:39:50] 76561197997236738: Spawned Entity M72 LAW Warhead (Ammunition_Base<a4bfbb00>, 1, 100) at <9549.248047, 9.251688, 2006.179810>
[COT 2020-07-07 05:39:50] 76561197997236738: Spawned Entity M72 LAW Warhead (Ammunition_Base<a4bf9dc0>, 1, 100) at <9549.248047, 9.251688, 2006.179810>
[COT 2020-07-07 05:39:51] 76561197997236738: Spawned Entity M72 LAW Warhead (Ammunition_Base<a4bfc250>, 1, 100) at <9549.248047, 9.251688, 2006.179810>
[COT 2020-07-07 05:41:54] 76561197997236738: Teleported to position <3880.590332, 310.846680, 4205.369629>
[COT 2020-07-07 05:42:58] 76561197997236738: Teleported to position <1786.049561, 332.643341, 6209.800293>
[COT 2020-07-07 05:43:04] 76561197997236738: Entered the Free Camera
[COT 2020-07-07 05:43:12] 76561197997236738: Left the Free Camera
[COT 2020-07-07 05:43:15] 76561197997236738: Entered the Free Camera
[COT 2020-07-07 05:43:23] 76561197997236738: Left the Free Camera
[COT 2020-07-07 05:43:25] 76561197997236738: Entered the Free Camera
[COT 2020-07-07 05:44:04] 76561197997236738: Left the Free Camera
[COT 2020-07-07 05:44:07] 76561197997236738: Entered the Free Camera
[COT 2020-07-07 05:44:12] 76561197997236738: Left the Free Camera
[COT 2020-07-07 05:44:32] 76561197997236738: Teleported to position <3874.461914, 310.532684, 4207.013672>
[COT 2020-07-07 05:46:13] 76561197997236738: Teleported to position <1805.115112, 332.590729, 6207.015625>
[COT 2020-07-07 05:46:40] 76561197997236738: Entered the Free Camera
[COT 2020-07-07 05:46:45] 76561197997236738: Left the Free Camera
[COT 2020-07-07 05:46:50] 76561197997236738: Entered the Free Camera
[COT 2020-07-07 05:47:01] 76561197997236738: Left the Free Camera
