[COT 2020-07-08 22:47:42] 76561197997236738: Teleported to position <12215.240234, 140.000000, 12478.066406>
[COT 2020-07-08 22:48:40] 76561197997236738: Teleported to position <12146.592773, 139.999985, 12494.167969>
[COT 2020-07-08 22:48:40] 76561197997236738: Teleported to position <12132.609375, 139.999985, 12494.813477>
[COT 2020-07-08 22:48:40] 76561197997236738: Teleported to position <12119.947266, 140.000000, 12495.449219>
[COT 2020-07-08 22:48:41] 76561197997236738: Teleported to position <12118.605469, 140.000000, 12495.504883>
[COT 2020-07-08 22:48:41] 76561197997236738: Teleported to position <12104.235352, 139.999985, 12496.213867>
[COT 2020-07-08 22:48:46] 76561197997236738: Teleported to position <12074.382813, 140.000000, 12499.722656>
[COT 2020-07-08 22:48:46] 76561197997236738: Teleported to position <12056.138672, 140.000000, 12501.846680>
[COT 2020-07-08 22:48:47] 76561197997236738: Teleported to position <12038.601563, 140.000000, 12503.013672>
[COT 2020-07-08 22:48:47] 76561197997236738: Teleported to position <12021.704102, 140.000000, 12503.865234>
[COT 2020-07-08 22:48:51] 76561197997236738: Teleported to position <11998.036133, 140.000015, 12506.092773>
[COT 2020-07-08 22:48:52] 76561197997236738: Teleported to position <11986.279297, 140.000000, 12507.248047>
[COT 2020-07-08 22:48:53] 76561197997236738: Teleported to position <11974.115234, 141.067886, 12513.301758>
[COT 2020-07-08 22:48:54] 76561197997236738: Teleported to position <11957.804688, 139.999954, 12510.455078>
[COT 2020-07-08 22:49:00] 76561197997236738: Teleported to position <11911.091797, 140.000031, 12495.284180>
[COT 2020-07-08 22:49:01] 76561197997236738: Teleported to position <11896.788086, 140.000000, 12485.655273>
[COT 2020-07-08 22:49:01] 76561197997236738: Teleported to position <11882.649414, 140.000000, 12475.996094>
[COT 2020-07-08 22:49:30] 76561197997236738: Teleported to position <11864.541992, 139.999359, 12493.112305>
[COT 2020-07-08 22:49:31] 76561197997236738: Teleported to position <11866.709961, 140.000015, 12483.914063>
[COT 2020-07-08 22:49:31] 76561197997236738: Teleported to position <11868.783203, 140.000015, 12475.095703>
[COT 2020-07-08 22:49:32] 76561197997236738: Teleported to position <11870.924805, 140.000031, 12466.008789>
[COT 2020-07-08 22:49:45] 76561197997236738: Teleported to position <11850.094727, 140.565109, 12470.316406>
[COT 2020-07-08 22:49:45] 76561197997236738: Teleported to position <11855.108398, 139.940109, 12479.482422>
[COT 2020-07-08 22:49:45] 76561197997236738: Teleported to position <11860.405273, 139.981567, 12486.570313>
[COT 2020-07-08 23:18:46] 76561197997236738: Set wind to 8.45148 0.1 1
[COT 2020-07-08 23:18:46] 76561197997236738: Set wind to 8.45148 0.1 1
[COT 2020-07-08 23:18:47] 76561197997236738: Set wind to 8.45148 0.02 1
[COT 2020-07-08 23:18:47] 76561197997236738: Set wind to 8.45148 0.02 1
[COT 2020-07-08 23:18:47] 76561197997236738: Set wind to 8.45148 0.02 1
[COT 2020-07-08 23:18:47] 76561197997236738: Set wind to 8.45148 0.02 1
[COT 2020-07-08 23:18:47] 76561197997236738: Set wind to 8.45148 0 1
[COT 2020-07-08 23:18:47] 76561197997236738: Set wind to 8.45148 0 1
[COT 2020-07-08 23:18:47] 76561197997236738: Set fog to 0.03 0 0
[COT 2020-07-08 23:18:47] 76561197997236738: Set fog to 0.03 0 0
[COT 2020-07-08 23:18:47] 76561197997236738: Set fog to 0.02 0 0
[COT 2020-07-08 23:18:47] 76561197997236738: Set fog to 0.02 0 0
[COT 2020-07-08 23:18:48] 76561197997236738: Set rain to 0.04 0 0
[COT 2020-07-08 23:18:48] 76561197997236738: Set storm to 0.0016 0.8 4000
[COT 2020-07-08 23:18:48] 76561197997236738: Set rain to 0.04 0 0
[COT 2020-07-08 23:18:48] 76561197997236738: Set storm to 0.0016 0.8 4000
[COT 2020-07-08 23:18:48] 76561197997236738: Set rain to 0.04 0 0
[COT 2020-07-08 23:18:48] 76561197997236738: Set storm to 0.0016 0.8 4000
[COT 2020-07-08 23:18:48] 76561197997236738: Set rain to 0.04 0 0
[COT 2020-07-08 23:18:48] 76561197997236738: Set storm to 0.0016 0.8 4000
[COT 2020-07-08 23:18:48] 76561197997236738: Set rain to 0.03 0 0
[COT 2020-07-08 23:18:48] 76561197997236738: Set storm to 0.0009 0.8 4000
[COT 2020-07-08 23:18:48] 76561197997236738: Set rain to 0.03 0 0
[COT 2020-07-08 23:18:48] 76561197997236738: Set storm to 0.0009 0.8 4000
[COT 2020-07-08 23:18:49] 76561197997236738: Set rain to 0.01 0 0
[COT 2020-07-08 23:18:49] 76561197997236738: Set storm to 0.0001 0.8 4000
[COT 2020-07-08 23:18:49] 76561197997236738: Set rain to 0.01 0 0
[COT 2020-07-08 23:18:49] 76561197997236738: Set storm to 0.0001 0.8 4000
[COT 2020-07-08 23:18:49] 76561197997236738: Set overcast to 0.01 0 0
[COT 2020-07-08 23:18:49] 76561197997236738: Set the date to 2020/8/10 16:22
[COT 2020-07-08 23:18:50] 76561197997236738: Set overcast to 0.01 0 0
[COT 2020-07-08 23:18:50] 76561197997236738: Set the date to 2020/8/10 16:22
[COT 2020-07-08 23:18:50] 76561197997236738: Set overcast to 0.02 0 0
[COT 2020-07-08 23:18:50] 76561197997236738: Set the date to 2020/8/10 16:22
[COT 2020-07-08 23:18:50] 76561197997236738: Set overcast to 0.02 0 0
[COT 2020-07-08 23:18:50] 76561197997236738: Set the date to 2020/8/10 16:22
[COT 2020-07-08 23:18:50] 76561197997236738: Set overcast to 0 0 0
[COT 2020-07-08 23:18:50] 76561197997236738: Set the date to 2020/8/10 16:22
[COT 2020-07-08 23:18:50] 76561197997236738: Set overcast to 0 0 0
[COT 2020-07-08 23:18:50] 76561197997236738: Set the date to 2020/8/10 16:22
[COT 2020-07-08 23:18:52] 76561197997236738: Set the date to 2020/6/6 16:17
[COT 2020-07-08 23:18:53] 76561197997236738: Set the date to 2020/6/6 16:17
[COT 2020-07-08 23:18:54] 76561197997236738: Set rain to 0.01 0 0
[COT 2020-07-08 23:18:54] 76561197997236738: Set storm to 0.0001 0.8 4000
[COT 2020-07-08 23:18:54] 76561197997236738: Set fog to 0.02 0 0
[COT 2020-07-08 23:18:54] 76561197997236738: Set overcast to 0 0 0
[COT 2020-07-08 23:18:54] 76561197997236738: Set the date to 2020/6/6 16:17
[COT 2020-07-08 23:18:54] 76561197997236738: Set wind to 0 0 1
[COT 2020-07-08 23:20:02] 76561197997236738: Teleported [guid=uvtdMd_cBerqVHmKHzn52eKFl-8jD7P9CNZONWv9pR0=] to <11821.283203, 139.877991, 12509.501953>
[COT 2020-07-08 23:21:07] 76561197997236738: Teleported [guid=bjiwSoIjED9FPjLYhFJx6Ml2-N7zn5tLIPDQpUMW2yY=] to <11841.403320, 140.012421, 12543.012695>
