[COT 2020-10-15 06:38:07] 76561197997236738: Healed [guid=uvtdMd_cBerqVHmKHzn52eKFl-8jD7P9CNZONWv9pR0=]
[COT 2020-10-15 06:38:10] 76561197997236738: Stripped [guid=uvtdMd_cBerqVHmKHzn52eKFl-8jD7P9CNZONWv9pR0=]
[COT 2020-10-15 06:38:56] 76561197997236738: Teleported to position <1123.969360, 5.685514, 2404.577637>
[COT 2020-10-15 06:40:57] 76561197997236738: Item set MVS Loadout spawned on <1141.841553, 6.054634, 2399.790283>
[COT 2020-10-15 06:42:38] 76561197997236738: Teleported to position <4917.064453, 95.898422, 3165.421143>
[COT 2020-10-15 06:45:09] 76561197997236738: Teleported to position <7379.914551, 19.708250, 3637.017578>
[COT 2020-10-15 06:46:50] 76561197997236738: Teleported to position <5231.360352, 151.029556, 3418.666992>
[COT 2020-10-15 06:47:39] 76561197997236738: Entered the Free Camera
[COT 2020-10-15 06:49:28] 76561197997236738: Set rain to 0.0953834 0 0
[COT 2020-10-15 06:49:28] 76561197997236738: Set storm to 0.00909799 0.8 4000
[COT 2020-10-15 06:49:28] 76561197997236738: Set fog to 0.0183988 0 0
[COT 2020-10-15 06:49:28] 76561197997236738: Set overcast to 0.740095 0 0
[COT 2020-10-15 06:49:28] 76561197997236738: Set the date to 2020/8/10 1:55
[COT 2020-10-15 06:49:28] 76561197997236738: Set wind to 13.4824 13.4824 1
[COT 2020-10-15 06:49:30] 76561197997236738: Set rain to 0.0953834 0 0
[COT 2020-10-15 06:49:30] 76561197997236738: Set storm to 0.00909799 0.8 4000
[COT 2020-10-15 06:49:30] 76561197997236738: Set fog to 0.0183988 0 0
[COT 2020-10-15 06:49:30] 76561197997236738: Set overcast to 0.740095 0 0
[COT 2020-10-15 06:49:30] 76561197997236738: Set the date to 2020/8/10 4:33
[COT 2020-10-15 06:49:30] 76561197997236738: Set wind to 13.4824 13.4824 1
[COT 2020-10-15 06:49:44] 76561197997236738: Set rain to 0 0 0
[COT 2020-10-15 06:49:44] 76561197997236738: Set storm to 0 0.8 4000
[COT 2020-10-15 06:49:44] 76561197997236738: Set fog to 0 0 0
[COT 2020-10-15 06:49:44] 76561197997236738: Set overcast to 0 0 0
[COT 2020-10-15 06:49:44] 76561197997236738: Set the date to 2020/8/10 4:33
[COT 2020-10-15 06:49:44] 76561197997236738: Set wind to 0 0 1
[COT 2020-10-15 06:52:05] 76561197997236738: Left the Free Camera
[COT 2020-10-15 06:52:27] 76561197997236738: Entered the Free Camera
[COT 2020-10-15 06:55:45] 76561197997236738: Left the Free Camera
[COT 2020-10-15 06:58:37] 76561197997236738: Teleported to position <1784.448608, 332.661591, 6218.688477>
[COT 2020-10-15 06:58:54] 76561197997236738: Teleported to position <1798.011841, 332.661713, 6208.638672>
[COT 2020-10-15 06:59:05] 76561197997236738: Entered the Free Camera
[COT 2020-10-15 06:59:48] 76561197997236738: Left the Free Camera
[COT 2020-10-15 07:04:22] 76561197997236738: Set rain to 0.04 0 0
[COT 2020-10-15 07:04:22] 76561197997236738: Set storm to 0.0016 0.8 4000
[COT 2020-10-15 07:04:22] 76561197997236738: Set fog to 0.05271 0 0
[COT 2020-10-15 07:04:22] 76561197997236738: Set overcast to 0.01 0 0
[COT 2020-10-15 07:04:22] 76561197997236738: Set the date to 2020/1/1 4:47
[COT 2020-10-15 07:04:22] 76561197997236738: Set wind to 1.69427 1.69427 1
[COT 2020-10-15 07:04:26] 76561197997236738: Set rain to 0.04 0 0
[COT 2020-10-15 07:04:26] 76561197997236738: Set storm to 0.0016 0.8 4000
[COT 2020-10-15 07:04:26] 76561197997236738: Set fog to 0.05271 0 0
[COT 2020-10-15 07:04:26] 76561197997236738: Set overcast to 0.01 0 0
[COT 2020-10-15 07:04:26] 76561197997236738: Set the date to 2020/1/1 6:28
[COT 2020-10-15 07:04:26] 76561197997236738: Set wind to 1.69427 1.69427 1
[COT 2020-10-15 07:05:40] 76561197997236738: Teleported to position <10133.756836, 319.228180, 6213.977051>
[COT 2020-10-15 07:05:45] 76561197997236738: Entered the Free Camera
[COT 2020-10-15 07:08:19] 76561197997236738: Teleported uvtdMd_cBerqVHmKHzn52eKFl-8jD7P9CNZONWv9pR0= to (Kumyrna, <8404.957031, 298.005493, 6031.999512>)
[COT 2020-10-15 07:08:23] 76561197997236738: Left the Free Camera
