[COT 2020-10-16 01:16:30] 76561197997236738: Teleported to position <4198.553223, 338.410004, 11045.993164>
[COT 2020-10-16 01:21:03] 76561197997236738: Healed [guid=uvtdMd_cBerqVHmKHzn52eKFl-8jD7P9CNZONWv9pR0=]
[COT 2020-10-16 01:24:08] 76561198084318372: Teleported to position <4644.890625, 339.000000, 10318.656250>
[COT 2020-10-16 01:26:30] 76561197997236738: Teleported [guid=uvtdMd_cBerqVHmKHzn52eKFl-8jD7P9CNZONWv9pR0=] to <4625.789551, 358.941864, 10424.666992>
[COT 2020-10-16 01:26:30] 76561197997236738: Teleported [guid=UbUhdrF3XROqfFERb5c8x5XBDuMms-EQmK4MWA45UoE=] to <4625.789551, 358.941864, 10424.666992>
[COT 2020-10-16 01:26:33] 76561197997236738: Teleported [guid=uvtdMd_cBerqVHmKHzn52eKFl-8jD7P9CNZONWv9pR0=] to <4625.789551, 358.941864, 10424.666992>
[COT 2020-10-16 01:26:33] 76561197997236738: Teleported [guid=UbUhdrF3XROqfFERb5c8x5XBDuMms-EQmK4MWA45UoE=] to <4625.789551, 358.941864, 10424.666992>
[COT 2020-10-16 01:26:37] 76561197997236738: Teleported [guid=UbUhdrF3XROqfFERb5c8x5XBDuMms-EQmK4MWA45UoE=] to <4625.789551, 358.941864, 10424.666992>
[COT 2020-10-16 01:26:50] 76561197997236738: Teleported [guid=UbUhdrF3XROqfFERb5c8x5XBDuMms-EQmK4MWA45UoE=] to <4625.789551, 358.941864, 10424.666992>
[COT 2020-10-16 01:27:23] 76561198084318372: Spawned Entity Gyrocopter (ExpansionGyrocopter<bd69ab60>, -1, 2750) at <4657.425293, 338.999939, 10339.190430>
[COT 2020-10-16 01:28:12] 76561197997236738: Spawned Entity Spark Plug (SparkPlug<1b008ca0>, -1, 20) at <4665.681641, 339.012390, 10355.351563>
[COT 2020-10-16 01:28:12] 76561198084318372: Spawned Entity Car Battery (CarBattery<1b002a50>, 50, 200) at <4651.226563, 339.000061, 10338.206055>
[COT 2020-10-16 01:28:22] 76561197997236738: Spawned Entity Helicopter Battery (ExpansionHelicopterBattery<1b00c920>, 50, 100) at <4665.106934, 338.999969, 10347.832031>
[COT 2020-10-16 01:29:46] 76561198084318372: Spawned Entity Jerrycan (CanisterGasoline<1df5ad10>, 20000, 300) at <4654.999023, 339.000031, 10342.159180>
[COT 2020-10-16 01:29:57] 76561197997236738: Spawned vehicle Gyrocopter (ExpansionGyrocopter) at <4680.559570, 338.999939, 10383.313477>
[COT 2020-10-16 01:37:44] 76561197997236738: Teleported to position <1117.260986, 5.538086, 2408.298340>
[COT 2020-10-16 01:37:53] 76561197997236738: Teleported [guid=UbUhdrF3XROqfFERb5c8x5XBDuMms-EQmK4MWA45UoE=] to <1117.826660, 5.553181, 2409.118652>
[COT 2020-10-16 01:39:20] 76561197997236738: Teleported to position <1554.338257, 2.885315, 2074.966797>
[COT 2020-10-16 01:39:45] 76561197997236738: Teleported [guid=UbUhdrF3XROqfFERb5c8x5XBDuMms-EQmK4MWA45UoE=] to <1755.559814, 1.555546, 2029.121704>
[COT 2020-10-16 01:40:04] 76561197997236738: Spawned Entity 100 Ruble Note (ItemBase<329a8a30>, 1, 100) at <1755.658447, 1.463938, 2027.994385>
[COT 2020-10-16 01:40:04] 76561197997236738: Spawned Entity 100 Ruble Note (ItemBase<329a91c0>, 1, 100) at <1755.658447, 1.463938, 2027.994385>
[COT 2020-10-16 01:40:05] 76561197997236738: Spawned Entity 100 Ruble Note (ItemBase<329ab790>, 1, 100) at <1755.658447, 1.463938, 2027.994385>
[COT 2020-10-16 01:40:05] 76561197997236738: Spawned Entity 100 Ruble Note (ItemBase<329ace40>, 1, 100) at <1755.658447, 1.463938, 2027.994385>
[COT 2020-10-16 01:40:06] 76561197997236738: Spawned Entity 100 Ruble Note (ItemBase<329ad5d0>, 1, 100) at <1755.658447, 1.463938, 2027.994385>
[COT 2020-10-16 01:40:06] 76561197997236738: Spawned Entity 100 Ruble Note (ItemBase<329ae4f0>, 1, 100) at <1755.658447, 1.463938, 2027.994385>
[COT 2020-10-16 01:40:07] 76561197997236738: Spawned Entity 100 Ruble Note (ItemBase<329a9950>, 1, 100) at <1755.658447, 1.463938, 2027.994385>
[COT 2020-10-16 01:40:25] 76561197997236738: Spawned Entity 100 Ruble Note (ItemBase<329b0ac0>, 500, 100) at <1756.553345, 1.878011, 2027.656372>
[COT 2020-10-16 01:40:41] 76561197997236738: Spawned Entity 100 Ruble Note (ItemBase<329aa870>, 500, 100) at <1755.038574, 1.548780, 2029.034668>
[COT 2020-10-16 01:40:42] 76561197997236738: Spawned Entity 100 Ruble Note (ItemBase<329a91c0>, 500, 100) at <1755.038574, 1.548780, 2029.034668>
[COT 2020-10-16 01:40:43] 76561197997236738: Spawned Entity 100 Ruble Note (ItemBase<329add60>, 500, 100) at <1755.038574, 1.548780, 2029.034668>
[COT 2020-10-16 01:40:43] 76561197997236738: Spawned Entity 100 Ruble Note (ItemBase<329ab790>, 500, 100) at <1755.038574, 1.548780, 2029.034668>
[COT 2020-10-16 01:40:44] 76561197997236738: Spawned Entity 100 Ruble Note (ItemBase<329ae4f0>, 500, 100) at <1755.038574, 1.548780, 2029.034668>
[COT 2020-10-16 01:40:45] 76561197997236738: Spawned Entity 100 Ruble Note (ItemBase<329b0ac0>, 500, 100) at <1755.038574, 1.548780, 2029.034668>
[COT 2020-10-16 01:40:45] 76561197997236738: Spawned Entity 100 Ruble Note (ItemBase<329a9950>, 500, 100) at <1755.038574, 1.548780, 2029.034668>
[COT 2020-10-16 01:40:45] 76561197997236738: Spawned Entity 100 Ruble Note (ItemBase<329b1250>, 500, 100) at <1755.038574, 1.548780, 2029.034668>
[COT 2020-10-16 01:41:32] 76561197997236738: Spawned vehicle LHD-9 USS Khe Sanh (ExpansionLHD) at <1999.089600, 0.265440, 1428.507935>
[COT 2020-10-16 01:46:04] 76561197997236738: Spawned vehicle RHIB (ExpansionUtilityBoat) at <0.605416, 0.251673, 0.159314>
[COT 2020-10-16 01:49:23] 76561197997236738: Set UnlimitedAmmo To true [guid=UbUhdrF3XROqfFERb5c8x5XBDuMms-EQmK4MWA45UoE=]
[COT 2020-10-16 01:50:23] 76561197997236738: Teleported [guid=UbUhdrF3XROqfFERb5c8x5XBDuMms-EQmK4MWA45UoE=] to <4397.559570, 3.012478, 2233.708008>
[COT 2020-10-16 01:50:37] 76561197997236738: Healed [guid=UbUhdrF3XROqfFERb5c8x5XBDuMms-EQmK4MWA45UoE=]
[COT 2020-10-16 01:50:37] 76561197997236738: Healed [guid=UbUhdrF3XROqfFERb5c8x5XBDuMms-EQmK4MWA45UoE=]
[COT 2020-10-16 01:50:37] 76561197997236738: Healed [guid=UbUhdrF3XROqfFERb5c8x5XBDuMms-EQmK4MWA45UoE=]
[COT 2020-10-16 01:50:55] 76561197997236738: Healed [guid=uvtdMd_cBerqVHmKHzn52eKFl-8jD7P9CNZONWv9pR0=]
[COT 2020-10-16 01:50:55] 76561197997236738: Healed [guid=uvtdMd_cBerqVHmKHzn52eKFl-8jD7P9CNZONWv9pR0=]
[COT 2020-10-16 01:50:58] 76561197997236738: Teleported [guid=UbUhdrF3XROqfFERb5c8x5XBDuMms-EQmK4MWA45UoE=] to <4387.008789, -1.524538, 2169.895752>
[COT 2020-10-16 01:51:12] 76561197997236738: Teleported [guid=UbUhdrF3XROqfFERb5c8x5XBDuMms-EQmK4MWA45UoE=] to <4405.284180, 3.010860, 2224.971191>
[COT 2020-10-16 01:51:14] 76561197997236738: Healed [guid=UbUhdrF3XROqfFERb5c8x5XBDuMms-EQmK4MWA45UoE=]
[COT 2020-10-16 01:51:14] 76561197997236738: Healed [guid=UbUhdrF3XROqfFERb5c8x5XBDuMms-EQmK4MWA45UoE=]
[COT 2020-10-16 01:52:43] 76561197997236738: Teleported [guid=UbUhdrF3XROqfFERb5c8x5XBDuMms-EQmK4MWA45UoE=] to <4394.664551, 3.010839, 2227.302246>
[COT 2020-10-16 01:54:30] 76561197997236738: Teleported UbUhdrF3XROqfFERb5c8x5XBDuMms-EQmK4MWA45UoE= to (Tisy Military, <1682.209351, 451.730011, 14117.080078>)
[COT 2020-10-16 01:54:41] 76561197997236738: Teleported uvtdMd_cBerqVHmKHzn52eKFl-8jD7P9CNZONWv9pR0= to (Tisy Military, <1681.707031, 451.730011, 14116.228516>)
