[COT 2020-10-15 08:51:44] 76561197997236738: Teleported uvtdMd_cBerqVHmKHzn52eKFl-8jD7P9CNZONWv9pR0= to (Skalisty Island, <13660.578125, 44.334183, 2958.769531>)
[COT 2020-10-15 08:53:11] 76561197997236738: Teleported [guid=bjiwSoIjED9FPjLYhFJx6Ml2-N7zn5tLIPDQpUMW2yY=] to <13505.590820, 22.189878, 3107.393066>
[COT 2020-10-15 08:53:23] 76561197997236738: Item set MVS Loadout spawned on <13463.186523, 13.473017, 3093.015869>
[COT 2020-10-15 08:53:59] 76561197997236738: Healed [guid=uvtdMd_cBerqVHmKHzn52eKFl-8jD7P9CNZONWv9pR0=]
[COT 2020-10-15 08:53:59] 76561197997236738: Healed [guid=uvtdMd_cBerqVHmKHzn52eKFl-8jD7P9CNZONWv9pR0=]
[COT 2020-10-15 08:53:59] 76561197997236738: Healed [guid=uvtdMd_cBerqVHmKHzn52eKFl-8jD7P9CNZONWv9pR0=]
[COT 2020-10-15 08:54:00] 76561197997236738: Healed [guid=uvtdMd_cBerqVHmKHzn52eKFl-8jD7P9CNZONWv9pR0=]
[COT 2020-10-15 08:54:00] 76561197997236738: Healed [guid=uvtdMd_cBerqVHmKHzn52eKFl-8jD7P9CNZONWv9pR0=]
[COT 2020-10-15 08:55:09] 76561198050722159: Set GodMode To true [guid=bjiwSoIjED9FPjLYhFJx6Ml2-N7zn5tLIPDQpUMW2yY=]
[COT 2020-10-15 08:55:09] 76561198050722159: Set UnlimitedAmmo To true [guid=bjiwSoIjED9FPjLYhFJx6Ml2-N7zn5tLIPDQpUMW2yY=]
[COT 2020-10-15 08:55:32] 76561197997236738: ESP: Clearing ESP
[COT 2020-10-15 08:55:32] 76561197997236738: ESP: Viewing ESP
[COT 2020-10-15 08:55:36] 76561198050722159: Set GodMode To true [guid=uvtdMd_cBerqVHmKHzn52eKFl-8jD7P9CNZONWv9pR0=]
[COT 2020-10-15 08:55:36] 76561198050722159: Set UnlimitedAmmo To true [guid=uvtdMd_cBerqVHmKHzn52eKFl-8jD7P9CNZONWv9pR0=]
[COT 2020-10-15 08:55:47] 76561197997236738: Teleported uvtdMd_cBerqVHmKHzn52eKFl-8jD7P9CNZONWv9pR0= to (NW Airfield Tents, <4165.078125, 338.390015, 11015.347656>)
[COT 2020-10-15 08:55:53] 76561197997236738: Teleported [guid=bjiwSoIjED9FPjLYhFJx6Ml2-N7zn5tLIPDQpUMW2yY=] to <4165.078125, 338.390015, 11015.347656>
[COT 2020-10-15 08:55:59] 76561198050722159: Healed [guid=bjiwSoIjED9FPjLYhFJx6Ml2-N7zn5tLIPDQpUMW2yY=]
[COT 2020-10-15 08:55:59] 76561198050722159: Healed [guid=bjiwSoIjED9FPjLYhFJx6Ml2-N7zn5tLIPDQpUMW2yY=]
[COT 2020-10-15 08:56:00] 76561198050722159: Healed [guid=bjiwSoIjED9FPjLYhFJx6Ml2-N7zn5tLIPDQpUMW2yY=]
[COT 2020-10-15 08:56:00] 76561198050722159: Healed [guid=bjiwSoIjED9FPjLYhFJx6Ml2-N7zn5tLIPDQpUMW2yY=]
[COT 2020-10-15 08:56:00] 76561198050722159: Healed [guid=bjiwSoIjED9FPjLYhFJx6Ml2-N7zn5tLIPDQpUMW2yY=]
[COT 2020-10-15 08:56:01] 76561198050722159: Bleeding stopped [guid=bjiwSoIjED9FPjLYhFJx6Ml2-N7zn5tLIPDQpUMW2yY=]
[COT 2020-10-15 08:56:01] 76561198050722159: Bleeding stopped [guid=bjiwSoIjED9FPjLYhFJx6Ml2-N7zn5tLIPDQpUMW2yY=]
[COT 2020-10-15 08:56:01] 76561198050722159: Bleeding stopped [guid=bjiwSoIjED9FPjLYhFJx6Ml2-N7zn5tLIPDQpUMW2yY=]
[COT 2020-10-15 08:56:02] 76561197997236738: ESP: Clearing ESP
[COT 2020-10-15 08:56:02] 76561198050722159: Healed [guid=bjiwSoIjED9FPjLYhFJx6Ml2-N7zn5tLIPDQpUMW2yY=]
[COT 2020-10-15 08:56:02] 76561197997236738: ESP: Viewing ESP
[COT 2020-10-15 08:56:02] 76561198050722159: Healed [guid=bjiwSoIjED9FPjLYhFJx6Ml2-N7zn5tLIPDQpUMW2yY=]
[COT 2020-10-15 08:56:26] 76561198050722159: Set Health To 100 [guid=bjiwSoIjED9FPjLYhFJx6Ml2-N7zn5tLIPDQpUMW2yY=]
[COT 2020-10-15 08:56:37] 76561198050722159: Set Health To 1000 [guid=bjiwSoIjED9FPjLYhFJx6Ml2-N7zn5tLIPDQpUMW2yY=]
[COT 2020-10-15 08:56:56] 76561198050722159: Set Health To 0 [guid=bjiwSoIjED9FPjLYhFJx6Ml2-N7zn5tLIPDQpUMW2yY=]
[COT 2020-10-15 08:56:56] 76561198050722159: Set GodMode To false [guid=bjiwSoIjED9FPjLYhFJx6Ml2-N7zn5tLIPDQpUMW2yY=]
[COT 2020-10-15 08:57:00] 76561198050722159: Set Health To 100 [guid=bjiwSoIjED9FPjLYhFJx6Ml2-N7zn5tLIPDQpUMW2yY=]
[COT 2020-10-15 08:57:21] 76561198050722159: Updated permissions [guid=bjiwSoIjED9FPjLYhFJx6Ml2-N7zn5tLIPDQpUMW2yY=]
[COT 2020-10-15 08:57:29] 76561198050722159: Set GodMode To true [guid=bjiwSoIjED9FPjLYhFJx6Ml2-N7zn5tLIPDQpUMW2yY=]
[COT 2020-10-15 08:58:08] 76561197997236738: Teleported to position <4048.341553, 378.957764, 11768.938477>
[COT 2020-10-15 08:58:15] 76561197997236738: ESP: Clearing ESP
[COT 2020-10-15 08:58:15] 76561197997236738: ESP: Viewing ESP
[COT 2020-10-15 08:58:43] 76561197997236738: ESP: Clearing ESP
[COT 2020-10-15 08:58:44] 76561197997236738: ESP: Viewing ESP
[COT 2020-10-15 09:03:16] 76561198050722159: Set rain to 0 0 0
[COT 2020-10-15 09:03:16] 76561198050722159: Set storm to 0 0.8 4000
[COT 2020-10-15 09:03:16] 76561198050722159: Set fog to 0.00356348 0 0
[COT 2020-10-15 09:03:16] 76561198050722159: Set overcast to 0.125643 0 0
[COT 2020-10-15 09:03:16] 76561198050722159: Set the date to 2020/8/10 9:35
[COT 2020-10-15 09:03:16] 76561198050722159: Set wind to 19.9215 19.9215 1
[COT 2020-10-15 09:03:29] 76561198050722159: Set rain to 0 0 0
[COT 2020-10-15 09:03:29] 76561198050722159: Set storm to 0 0.8 4000
[COT 2020-10-15 09:03:29] 76561198050722159: Set fog to 0.00412613 0 0
[COT 2020-10-15 09:03:29] 76561198050722159: Set overcast to 0.131626 0 0
[COT 2020-10-15 09:03:29] 76561198050722159: Set the date to 2020/8/10 9:35
[COT 2020-10-15 09:03:29] 76561198050722159: Set wind to 0.01 0.01 1
[COT 2020-10-15 09:03:29] 76561198050722159: Set rain to 0 0 0
[COT 2020-10-15 09:03:29] 76561198050722159: Set storm to 0 0.8 4000
[COT 2020-10-15 09:03:29] 76561198050722159: Set fog to 0.00412613 0 0
[COT 2020-10-15 09:03:29] 76561198050722159: Set overcast to 0.131626 0 0
[COT 2020-10-15 09:03:29] 76561198050722159: Set the date to 2020/8/10 9:35
[COT 2020-10-15 09:03:29] 76561198050722159: Set wind to 0.01 0.01 1
[COT 2020-10-15 09:03:32] 76561198050722159: Set rain to 0 0 0
[COT 2020-10-15 09:03:32] 76561198050722159: Set storm to 0 0.8 4000
[COT 2020-10-15 09:03:32] 76561198050722159: Set fog to 0.00412613 0 0
[COT 2020-10-15 09:03:32] 76561198050722159: Set overcast to 0.131626 0 0
[COT 2020-10-15 09:03:32] 76561198050722159: Set the date to 2020/8/10 9:35
[COT 2020-10-15 09:03:32] 76561198050722159: Set wind to 0.01 0.01 1
[COT 2020-10-15 09:03:37] 76561198050722159: Set rain to 0 0 0
[COT 2020-10-15 09:03:37] 76561198050722159: Set storm to 0 0.8 4000
[COT 2020-10-15 09:03:37] 76561198050722159: Set fog to 0.00417469 0 0
[COT 2020-10-15 09:03:37] 76561198050722159: Set overcast to 0.131368 0 0
[COT 2020-10-15 09:03:37] 76561198050722159: Set the date to 2020/8/10 9:35
[COT 2020-10-15 09:03:37] 76561198050722159: Set wind to 0.04 0.04 1
[COT 2020-10-15 09:03:38] 76561198050722159: Set rain to 0 0 0
[COT 2020-10-15 09:03:38] 76561198050722159: Set storm to 0 0.8 4000
[COT 2020-10-15 09:03:38] 76561198050722159: Set fog to 0.00417469 0 0
[COT 2020-10-15 09:03:38] 76561198050722159: Set overcast to 0.131368 0 0
[COT 2020-10-15 09:03:38] 76561198050722159: Set the date to 2020/8/10 9:35
[COT 2020-10-15 09:03:38] 76561198050722159: Set wind to 0.43 0.43 1
[COT 2020-10-15 09:03:39] 76561198050722159: Set rain to 0 0 0
[COT 2020-10-15 09:03:39] 76561198050722159: Set storm to 0 0.8 4000
[COT 2020-10-15 09:03:39] 76561198050722159: Set fog to 0.00417469 0 0
[COT 2020-10-15 09:03:39] 76561198050722159: Set overcast to 0.131368 0 0
[COT 2020-10-15 09:03:39] 76561198050722159: Set the date to 2020/8/10 9:35
[COT 2020-10-15 09:03:39] 76561198050722159: Set wind to 0.43 0.43 1
[COT 2020-10-15 09:03:39] 76561198050722159: Set rain to 0 0 0
[COT 2020-10-15 09:03:39] 76561198050722159: Set storm to 0 0.8 4000
[COT 2020-10-15 09:03:39] 76561198050722159: Set fog to 0.00417469 0 0
[COT 2020-10-15 09:03:39] 76561198050722159: Set overcast to 0.131368 0 0
[COT 2020-10-15 09:03:39] 76561198050722159: Set the date to 2020/8/10 9:35
[COT 2020-10-15 09:03:39] 76561198050722159: Set wind to 0.43 0.43 1
[COT 2020-10-15 09:03:39] 76561198050722159: Set rain to 0 0 0
[COT 2020-10-15 09:03:39] 76561198050722159: Set storm to 0 0.8 4000
[COT 2020-10-15 09:03:39] 76561198050722159: Set fog to 0.00417469 0 0
[COT 2020-10-15 09:03:39] 76561198050722159: Set overcast to 0.131368 0 0
[COT 2020-10-15 09:03:39] 76561198050722159: Set the date to 2020/8/10 9:35
[COT 2020-10-15 09:03:39] 76561198050722159: Set wind to 0.43 0.43 1
[COT 2020-10-15 09:03:39] 76561198050722159: Set rain to 0 0 0
[COT 2020-10-15 09:03:39] 76561198050722159: Set storm to 0 0.8 4000
[COT 2020-10-15 09:03:39] 76561198050722159: Set fog to 0.00417469 0 0
[COT 2020-10-15 09:03:39] 76561198050722159: Set overcast to 0.131368 0 0
[COT 2020-10-15 09:03:39] 76561198050722159: Set the date to 2020/8/10 9:35
[COT 2020-10-15 09:03:39] 76561198050722159: Set wind to 0.43 0.43 1
[COT 2020-10-15 09:03:40] 76561198050722159: Set rain to 0 0 0
[COT 2020-10-15 09:03:40] 76561198050722159: Set storm to 0 0.8 4000
[COT 2020-10-15 09:03:40] 76561198050722159: Set fog to 0.00417469 0 0
[COT 2020-10-15 09:03:40] 76561198050722159: Set overcast to 0.131368 0 0
[COT 2020-10-15 09:03:40] 76561198050722159: Set the date to 2020/8/10 9:35
[COT 2020-10-15 09:03:40] 76561198050722159: Set wind to 0.43 0.43 1
[COT 2020-10-15 09:03:51] 76561198050722159: Set rain to 0 0 0
[COT 2020-10-15 09:03:51] 76561198050722159: Set storm to 0 0.8 4000
[COT 2020-10-15 09:03:51] 76561198050722159: Set fog to 0.00423203 0 0
[COT 2020-10-15 09:03:51] 76561198050722159: Set overcast to 0.139088 0 0
[COT 2020-10-15 09:03:51] 76561198050722159: Set the date to 2020/8/10 9:35
[COT 2020-10-15 09:03:51] 76561198050722159: Set wind to 0.66 0.66 1
[COT 2020-10-15 09:03:51] 76561198050722159: Set rain to 0 0 0
[COT 2020-10-15 09:03:51] 76561198050722159: Set storm to 0 0.8 4000
[COT 2020-10-15 09:03:51] 76561198050722159: Set fog to 0.00423203 0 0
[COT 2020-10-15 09:03:51] 76561198050722159: Set overcast to 0.139088 0 0
[COT 2020-10-15 09:03:51] 76561198050722159: Set the date to 2020/8/10 9:35
[COT 2020-10-15 09:03:51] 76561198050722159: Set wind to 0.66 0.66 1
[COT 2020-10-15 09:03:51] 76561198050722159: Set rain to 0 0 0
[COT 2020-10-15 09:03:51] 76561198050722159: Set storm to 0 0.8 4000
[COT 2020-10-15 09:03:51] 76561198050722159: Set fog to 0.00423203 0 0
[COT 2020-10-15 09:03:51] 76561198050722159: Set overcast to 0.139088 0 0
[COT 2020-10-15 09:03:51] 76561198050722159: Set the date to 2020/8/10 9:35
[COT 2020-10-15 09:03:51] 76561198050722159: Set wind to 0.66 0.66 1
[COT 2020-10-15 09:03:52] 76561198050722159: Set rain to 0 0 0
[COT 2020-10-15 09:03:52] 76561198050722159: Set storm to 0 0.8 4000
[COT 2020-10-15 09:03:52] 76561198050722159: Set fog to 0.00423203 0 0
[COT 2020-10-15 09:03:52] 76561198050722159: Set overcast to 0.139088 0 0
[COT 2020-10-15 09:03:52] 76561198050722159: Set the date to 2020/8/10 9:35
[COT 2020-10-15 09:03:52] 76561198050722159: Set wind to 0.66 0.66 1
[COT 2020-10-15 09:03:52] 76561198050722159: Set rain to 0 0 0
[COT 2020-10-15 09:03:52] 76561198050722159: Set storm to 0 0.8 4000
[COT 2020-10-15 09:03:52] 76561198050722159: Set fog to 0.00423203 0 0
[COT 2020-10-15 09:03:52] 76561198050722159: Set overcast to 0.139088 0 0
[COT 2020-10-15 09:03:52] 76561198050722159: Set the date to 2020/8/10 9:35
[COT 2020-10-15 09:03:52] 76561198050722159: Set wind to 0.66 0.66 1
[COT 2020-10-15 09:03:55] 76561198050722159: Set rain to 0 0 0
[COT 2020-10-15 09:03:55] 76561198050722159: Set storm to 0 0.8 4000
[COT 2020-10-15 09:03:55] 76561198050722159: Set fog to 0.00423203 0 0
[COT 2020-10-15 09:03:55] 76561198050722159: Set overcast to 0.139088 0 0
[COT 2020-10-15 09:03:55] 76561198050722159: Set the date to 2020/8/10 9:35
[COT 2020-10-15 09:03:55] 76561198050722159: Set wind to 0.66 0.66 1
[COT 2020-10-15 09:03:55] 76561198050722159: Set rain to 0 0 0
[COT 2020-10-15 09:03:55] 76561198050722159: Set storm to 0 0.8 4000
[COT 2020-10-15 09:03:56] 76561198050722159: Set fog to 0.00423203 0 0
[COT 2020-10-15 09:03:56] 76561198050722159: Set overcast to 0.139088 0 0
[COT 2020-10-15 09:03:56] 76561198050722159: Set the date to 2020/8/10 9:35
[COT 2020-10-15 09:03:56] 76561198050722159: Set wind to 0.66 0.66 1
[COT 2020-10-15 09:03:59] 76561198050722159: Set rain to 0 0 0
[COT 2020-10-15 09:03:59] 76561198050722159: Set storm to 0 0.8 4000
[COT 2020-10-15 09:03:59] 76561198050722159: Set fog to 0.00423203 0 0
[COT 2020-10-15 09:03:59] 76561198050722159: Set overcast to 0.139088 0 0
[COT 2020-10-15 09:03:59] 76561198050722159: Set the date to 2020/8/10 9:35
[COT 2020-10-15 09:03:59] 76561198050722159: Set wind to 0.64 0.64 1
[COT 2020-10-15 09:03:59] 76561198050722159: Set rain to 0 0 0
[COT 2020-10-15 09:03:59] 76561198050722159: Set storm to 0 0.8 4000
[COT 2020-10-15 09:03:59] 76561198050722159: Set fog to 0.00423203 0 0
[COT 2020-10-15 09:03:59] 76561198050722159: Set overcast to 0.139088 0 0
[COT 2020-10-15 09:03:59] 76561198050722159: Set the date to 2020/8/10 9:35
[COT 2020-10-15 09:03:59] 76561198050722159: Set wind to 0.64 0.64 1
[COT 2020-10-15 09:03:59] 76561198050722159: Set rain to 0 0 0
[COT 2020-10-15 09:03:59] 76561198050722159: Set storm to 0 0.8 4000
[COT 2020-10-15 09:03:59] 76561198050722159: Set fog to 0.00423203 0 0
[COT 2020-10-15 09:03:59] 76561198050722159: Set overcast to 0.139088 0 0
[COT 2020-10-15 09:03:59] 76561198050722159: Set the date to 2020/8/10 9:35
[COT 2020-10-15 09:03:59] 76561198050722159: Set wind to 0.64 0.64 1
[COT 2020-10-15 09:03:59] 76561198050722159: Set rain to 0 0 0
[COT 2020-10-15 09:03:59] 76561198050722159: Set storm to 0 0.8 4000
[COT 2020-10-15 09:03:59] 76561198050722159: Set fog to 0.00423203 0 0
[COT 2020-10-15 09:03:59] 76561198050722159: Set overcast to 0.139088 0 0
[COT 2020-10-15 09:03:59] 76561198050722159: Set the date to 2020/8/10 9:35
[COT 2020-10-15 09:03:59] 76561198050722159: Set wind to 0.64 0.64 1
[COT 2020-10-15 09:04:00] 76561198050722159: Set rain to 0 0 0
[COT 2020-10-15 09:04:00] 76561198050722159: Set storm to 0 0.8 4000
[COT 2020-10-15 09:04:00] 76561198050722159: Set fog to 0.00423203 0 0
[COT 2020-10-15 09:04:00] 76561198050722159: Set overcast to 0.139088 0 0
[COT 2020-10-15 09:04:00] 76561198050722159: Set the date to 2020/8/10 9:35
[COT 2020-10-15 09:04:00] 76561198050722159: Set wind to 0.64 0.64 1
[COT 2020-10-15 09:04:00] 76561198050722159: Set rain to 0 0 0
[COT 2020-10-15 09:04:00] 76561198050722159: Set storm to 0 0.8 4000
[COT 2020-10-15 09:04:00] 76561198050722159: Set fog to 0.00423203 0 0
[COT 2020-10-15 09:04:00] 76561198050722159: Set overcast to 0.139088 0 0
[COT 2020-10-15 09:04:00] 76561198050722159: Set the date to 2020/8/10 9:35
[COT 2020-10-15 09:04:00] 76561198050722159: Set wind to 0.64 0.64 1
[COT 2020-10-15 09:04:24] 76561197997236738: Teleported [guid=bjiwSoIjED9FPjLYhFJx6Ml2-N7zn5tLIPDQpUMW2yY=] to <4001.521973, 375.742432, 11806.575195>
[COT 2020-10-15 09:05:10] 76561197997236738: Healed [guid=bjiwSoIjED9FPjLYhFJx6Ml2-N7zn5tLIPDQpUMW2yY=]
[COT 2020-10-15 09:07:15] 76561197997236738: Spawned Entity M200 (CZ527_Base<c49e1c10>, -1, 500) at <4007.387695, 375.751984, 11829.136719>
