[COT 2020-07-07 01:55:58] 76561197997236738: Teleported to position <6841.608398, 402.751923, 11429.165039>
[COT 2020-07-07 01:56:01] 76561197997236738: Teleported to position <6842.256348, 404.356079, 11428.870117>
[COT 2020-07-07 01:56:02] 76561197997236738: Teleported to position <6842.465332, 406.065704, 11428.571289>
[COT 2020-07-07 01:56:02] 76561197997236738: Teleported to position <6842.575684, 407.618896, 11428.208008>
[COT 2020-07-07 01:56:03] 76561197997236738: Teleported to position <6842.623047, 406.134094, 11428.052734>
[COT 2020-07-07 01:56:03] 76561197997236738: Teleported to position <6858.333984, 403.573120, 11443.571289>
[COT 2020-07-07 01:56:03] 76561197997236738: Teleported to position <6846.270508, 404.892365, 11434.312500>
[COT 2020-07-07 01:56:04] 76561197997236738: Teleported to position <6865.690430, 404.755402, 11438.517578>
[COT 2020-07-07 01:56:04] 76561197997236738: Teleported to position <6879.123047, 405.620392, 11440.390625>
[COT 2020-07-07 01:56:04] 76561197997236738: Teleported to position <6888.727539, 405.723755, 11441.939453>
[COT 2020-07-07 01:56:04] 76561197997236738: Teleported to position <6896.401855, 405.608612, 11442.775391>
[COT 2020-07-07 01:56:15] 76561197997236738: Item set MVS Loadout spawned on <6899.697266, 405.294678, 11445.906250>
[COT 2020-07-07 01:56:32] 76561197997236738: Spawned Entity Kitchen Knife (KitchenKnife<10b3e8e0>, -1, 80) at <6893.086426, 405.344116, 11445.737305>
[COT 2020-07-07 01:57:28] 76561197997236738: Teleported to position <6834.240234, 397.735840, 11466.666992>
[COT 2020-07-07 01:57:31] 76561197997236738: Teleported to position <6836.900391, 400.848602, 11458.636719>
[COT 2020-07-07 01:57:31] 76561197997236738: Teleported to position <6837.040527, 401.790100, 11457.247070>
[COT 2020-07-07 01:57:31] 76561197997236738: Teleported to position <6837.111816, 402.412750, 11456.541992>
[COT 2020-07-07 01:57:34] 76561197997236738: Teleported to position <6835.929688, 399.169067, 11468.253906>
[COT 2020-07-07 01:57:34] 76561197997236738: Teleported to position <6835.884277, 400.237366, 11468.707031>
[COT 2020-07-07 01:57:35] 76561197997236738: Teleported to position <6835.884277, 400.669952, 11468.705078>
[COT 2020-07-07 01:57:36] 76561197997236738: Teleported to position <6836.079102, 404.294495, 11468.491211>
[COT 2020-07-07 01:57:39] 76561197997236738: Teleported to position <6851.436523, 402.171265, 11450.569336>
[COT 2020-07-07 01:57:40] 76561197997236738: Teleported to position <6865.335938, 403.752075, 11446.273438>
[COT 2020-07-07 01:57:41] 76561197997236738: Teleported to position <6873.705078, 405.504883, 11445.014648>
[COT 2020-07-07 01:57:41] 76561197997236738: Teleported to position <6883.729004, 405.537048, 11444.613281>
[COT 2020-07-07 01:57:42] 76561197997236738: Teleported to position <6894.033691, 405.466400, 11445.173828>
[COT 2020-07-07 01:59:41] 76561198050722159: Spawned Entity Combat Knife (CombatKnife<1bb8a1b0>, -1, 150) at <8060.661133, 2.349899, 2799.319336>
[COT 2020-07-07 02:00:45] 76561198050722159: Teleported to <6893.086426, 405.355042, 11445.737305> [guid=uvtdMd_cBerqVHmKHzn52eKFl-8jD7P9CNZONWv9pR0=]
[COT 2020-07-07 02:01:00] 76561198050722159: Item set MVS Loadout spawned on <6895.545410, 405.854248, 11433.386719>
[COT 2020-07-07 02:01:09] 76561197997236738: Deleted Entity ExpansionAirdropContainer_Basebuilding at <6899.697266, 405.307312, 11445.906250>
[COT 2020-07-07 02:03:27] 76561197997236738: Teleported to position <6929.076172, 411.520447, 11357.383789>
[COT 2020-07-07 02:04:33] 76561198050722159: Teleported to position <6922.409180, 411.022491, 11357.687500>
[COT 2020-07-07 02:05:43] 76561197997236738: Item set MVS Loadout spawned on <6128.335449, 3.341885, 2034.651733>
[COT 2020-07-07 02:05:58] 76561198050722159: Teleported to position <6980.343750, 411.972229, 11334.638672>
[COT 2020-07-07 02:06:51] 76561197997236738: Spawned Entity ATOG Scope (ACOGOptic<e6d7850>, -1, 50) at <6117.438965, 3.553332, 2032.021606>
[COT 2020-07-07 02:07:30] 76561198050722159: Spawned Entity Spectre Elcan Scope (ItemOptics<e6d06e0>, -1, 100) at <6986.411133, 411.054749, 11327.596680>
[COT 2020-07-07 02:07:49] 76561197997236738: Teleported to position <6800.579102, 388.610748, 11377.780273>
[COT 2020-07-07 02:08:13] 76561197997236738: Teleported to position <6805.030762, 391.435028, 11419.140625>
[COT 2020-07-07 02:08:14] 76561197997236738: Teleported to position <6804.488281, 392.389404, 11435.360352>
[COT 2020-07-07 02:08:14] 76561197997236738: Teleported to position <6804.893066, 393.120758, 11453.743164>
[COT 2020-07-07 02:08:14] 76561197997236738: Teleported to position <6815.696777, 392.787567, 11480.168945>
[COT 2020-07-07 02:08:15] 76561197997236738: Teleported to position <6816.549805, 390.332886, 11493.912109>
[COT 2020-07-07 02:08:16] 76561197997236738: Teleported to position <6826.323730, 388.755157, 11512.954102>
[COT 2020-07-07 02:08:16] 76561197997236738: Teleported to position <6826.947266, 390.641144, 11514.983398>
[COT 2020-07-07 02:08:18] 76561197997236738: Teleported to position <6831.352051, 388.054077, 11531.574219>
[COT 2020-07-07 02:08:18] 76561197997236738: Teleported to position <6834.160156, 388.846954, 11536.942383>
[COT 2020-07-07 02:08:19] 76561197997236738: Teleported to position <6834.080566, 385.908051, 11555.218750>
[COT 2020-07-07 02:08:19] 76561197997236738: Teleported to position <6834.487305, 385.781067, 11561.202148>
[COT 2020-07-07 02:08:20] 76561197997236738: Teleported to position <6835.976563, 385.686401, 11567.527344>
[COT 2020-07-07 02:08:20] 76561197997236738: Teleported to position <6838.777832, 386.148804, 11573.404297>
[COT 2020-07-07 02:08:20] 76561197997236738: Teleported to position <6842.974121, 386.885895, 11581.508789>
[COT 2020-07-07 02:08:20] 76561197997236738: Teleported to position <6855.224609, 384.200348, 11602.152344>
[COT 2020-07-07 02:08:20] 76561197997236738: Teleported to position <6862.404785, 382.980896, 11615.372070>
[COT 2020-07-07 02:10:31] 76561197997236738: Teleported to position <6967.760742, 394.465088, 11424.187500>
[COT 2020-07-07 02:10:31] 76561197997236738: Teleported to position <6970.127441, 394.599701, 11413.299805>
[COT 2020-07-07 02:10:31] 76561197997236738: Teleported to position <6976.362305, 388.836029, 11369.719727>
[COT 2020-07-07 02:10:31] 76561197997236738: Teleported to position <6976.897949, 390.600311, 11369.825195>
[COT 2020-07-07 02:10:36] 76561197997236738: Teleported to position <6963.569336, 396.882996, 11388.446289>
[COT 2020-07-07 02:10:43] 76561197997236738: Teleported to position <6979.920410, 410.137726, 11332.939453>
[COT 2020-07-07 02:10:54] 76561197997236738: Teleported to position <6977.199707, 398.406097, 11324.156250>
[COT 2020-07-07 02:10:58] 76561197997236738: Teleported to position <6979.576172, 407.927917, 11325.179688>
[COT 2020-07-07 02:10:59] 76561197997236738: Teleported to position <6979.618652, 410.107605, 11325.860352>
[COT 2020-07-07 02:11:00] 76561197997236738: Teleported to position <6979.891113, 412.360504, 11326.413086>
[COT 2020-07-07 02:11:34] 76561198050722159: Item set MVS Loadout spawned on uvtdMd_cBerqVHmKHzn52eKFl-8jD7P9CNZONWv9pR0=
[COT 2020-07-07 02:11:49] 76561198050722159: Item set MVS Loadout spawned on bjiwSoIjED9FPjLYhFJx6Ml2-N7zn5tLIPDQpUMW2yY=
[COT 2020-07-07 02:12:03] 76561198050722159: Item set MVS Loadout spawned on <12459.504883, 6.885658, 3572.608643>
[COT 2020-07-07 02:13:06] 76561197997236738: Teleported to position <6898.532227, 428.267059, 11395.584961>
[COT 2020-07-07 02:13:08] 76561197997236738: Teleported to position <6887.273438, 427.511566, 11401.213867>
[COT 2020-07-07 02:13:11] 76561198050722159: Deleted Entity ExpansionAirdropContainer_Basebuilding at <12459.504883, 6.898686, 3572.608643>
[COT 2020-07-07 02:13:23] 76561197997236738: Set the date to 2020/8/10 13:40
[COT 2020-07-07 02:13:24] 76561197997236738: Set the date to 2020/8/10 13:40
[COT 2020-07-07 02:13:25] 76561197997236738: Set the date to 2020/7/23 13:40
[COT 2020-07-07 02:13:25] 76561197997236738: Set the date to 2020/7/23 13:40
[COT 2020-07-07 02:13:25] 76561197997236738: Set the date to 2020/7/5 13:40
[COT 2020-07-07 02:13:26] 76561197997236738: Set the date to 2020/7/5 13:40
[COT 2020-07-07 02:13:27] 76561198050722159: Healed [guid=bjiwSoIjED9FPjLYhFJx6Ml2-N7zn5tLIPDQpUMW2yY=]
[COT 2020-07-07 02:13:29] 76561197997236738: Set overcast to 0.02 0 0
[COT 2020-07-07 02:13:29] 76561197997236738: Set the date to 2020/7/5 13:45
[COT 2020-07-07 02:13:29] 76561197997236738: Set overcast to 0.02 0 0
[COT 2020-07-07 02:13:29] 76561197997236738: Set the date to 2020/7/5 13:45
[COT 2020-07-07 02:13:30] 76561197997236738: Set overcast to 0.01 0 0
[COT 2020-07-07 02:13:30] 76561197997236738: Set the date to 2020/7/5 13:45
[COT 2020-07-07 02:13:30] 76561197997236738: Set overcast to 0.01 0 0
[COT 2020-07-07 02:13:30] 76561197997236738: Set the date to 2020/7/5 13:45
[COT 2020-07-07 02:13:31] 76561197997236738: Set wind to 8.39937 0.11 1
[COT 2020-07-07 02:13:31] 76561197997236738: Set wind to 8.39937 0.11 1
[COT 2020-07-07 02:13:32] 76561197997236738: Set wind to 8.39937 0 1
[COT 2020-07-07 02:13:32] 76561197997236738: Set wind to 8.39937 0 1
[COT 2020-07-07 02:13:34] 76561197997236738: Set rain to 0 0 0
[COT 2020-07-07 02:13:34] 76561197997236738: Set storm to 0 0.8 4000
[COT 2020-07-07 02:13:34] 76561197997236738: Set fog to 0.0222599 0 0
[COT 2020-07-07 02:13:34] 76561197997236738: Set overcast to 0.01 0 0
[COT 2020-07-07 02:13:34] 76561197997236738: Set the date to 2020/7/5 13:40
[COT 2020-07-07 02:13:34] 76561197997236738: Set wind to 0 0 1
[COT 2020-07-07 02:14:09] 76561197997236738: Spawned Entity Pipsi Cola (SodaCan_ColorBase<395a2a40>, 330, 30) at <6888.183594, 427.526337, 11398.877930>
[COT 2020-07-07 02:14:09] 76561197997236738: Spawned Entity Pipsi Cola (SodaCan_ColorBase<39598210>, 330, 30) at <6888.183594, 427.526337, 11398.877930>
[COT 2020-07-07 02:14:10] 76561197997236738: Spawned Entity Pipsi Cola (SodaCan_ColorBase<395964d0>, 330, 30) at <6888.183594, 427.526337, 11398.877930>
[COT 2020-07-07 02:14:14] 76561197997236738: Spawned Entity Rice (Rice<39596c20>, 500, 100) at <6888.183594, 427.526337, 11398.877930>
[COT 2020-07-07 02:14:14] 76561197997236738: Spawned Entity Rice (Rice<3959c3e0>, 500, 100) at <6888.183594, 427.526337, 11398.877930>
[COT 2020-07-07 02:14:15] 76561197997236738: Spawned Entity Rice (Rice<39595630>, 500, 100) at <6888.183594, 427.526337, 11398.877930>
[COT 2020-07-07 02:14:25] 76561198050722159: ESP: Viewing ESP
[COT 2020-07-07 02:14:45] 76561198050722159: Teleported to position <12347.798828, 6.357314, 3584.104980>
[COT 2020-07-07 02:14:48] 76561198050722159: Teleported to position <12331.031250, 7.432094, 3581.482178>
[COT 2020-07-07 02:14:53] 76561198050722159: Teleported to position <12287.746094, 5.999998, 3572.541748>
[COT 2020-07-07 02:14:54] 76561198050722159: Teleported to position <12242.027344, 5.999999, 3558.349365>
[COT 2020-07-07 02:14:57] 76561198050722159: Teleported to position <12209.929688, 6.161171, 3540.663574>
[COT 2020-07-07 02:16:00] 76561197997236738: Teleported to position <6895.737305, 406.276825, 11432.753906>
[COT 2020-07-07 02:16:08] 76561197997236738: Deleted Entity ExpansionAirdropContainer_Basebuilding at <6895.545410, 405.891693, 11433.386719>
[COT 2020-07-07 02:16:23] 76561197997236738: Deleted Entity ExpansionAirdropContainer_Basebuilding at <6893.086426, 405.346069, 11445.737305>
[COT 2020-07-07 02:16:29] 76561198050722159: Healed [guid=bjiwSoIjED9FPjLYhFJx6Ml2-N7zn5tLIPDQpUMW2yY=]
[COT 2020-07-07 02:16:29] 76561198050722159: Healed [guid=bjiwSoIjED9FPjLYhFJx6Ml2-N7zn5tLIPDQpUMW2yY=]
[COT 2020-07-07 02:16:29] 76561198050722159: Healed [guid=bjiwSoIjED9FPjLYhFJx6Ml2-N7zn5tLIPDQpUMW2yY=]
[COT 2020-07-07 02:16:30] 76561198050722159: Healed [guid=bjiwSoIjED9FPjLYhFJx6Ml2-N7zn5tLIPDQpUMW2yY=]
[COT 2020-07-07 02:16:30] 76561198050722159: Healed [guid=bjiwSoIjED9FPjLYhFJx6Ml2-N7zn5tLIPDQpUMW2yY=]
[COT 2020-07-07 02:16:30] 76561198050722159: Healed [guid=bjiwSoIjED9FPjLYhFJx6Ml2-N7zn5tLIPDQpUMW2yY=]
[COT 2020-07-07 02:16:30] 76561198050722159: Healed [guid=bjiwSoIjED9FPjLYhFJx6Ml2-N7zn5tLIPDQpUMW2yY=]
[COT 2020-07-07 02:16:30] 76561198050722159: Healed [guid=bjiwSoIjED9FPjLYhFJx6Ml2-N7zn5tLIPDQpUMW2yY=]
[COT 2020-07-07 02:16:32] 76561198050722159: Bleeding stopped [guid=bjiwSoIjED9FPjLYhFJx6Ml2-N7zn5tLIPDQpUMW2yY=]
[COT 2020-07-07 02:16:32] 76561198050722159: Bleeding stopped [guid=bjiwSoIjED9FPjLYhFJx6Ml2-N7zn5tLIPDQpUMW2yY=]
[COT 2020-07-07 02:16:32] 76561198050722159: Bleeding stopped [guid=bjiwSoIjED9FPjLYhFJx6Ml2-N7zn5tLIPDQpUMW2yY=]
[COT 2020-07-07 02:16:32] 76561198050722159: Bleeding stopped [guid=bjiwSoIjED9FPjLYhFJx6Ml2-N7zn5tLIPDQpUMW2yY=]
[COT 2020-07-07 02:16:33] 76561198050722159: Bleeding stopped [guid=bjiwSoIjED9FPjLYhFJx6Ml2-N7zn5tLIPDQpUMW2yY=]
[COT 2020-07-07 02:16:54] 76561197997236738: Teleported to position <6859.865234, 405.034790, 11495.643555>
[COT 2020-07-07 02:19:10] 76561198050722159: Healed [guid=bjiwSoIjED9FPjLYhFJx6Ml2-N7zn5tLIPDQpUMW2yY=]
[COT 2020-07-07 02:19:10] 76561198050722159: Healed [guid=bjiwSoIjED9FPjLYhFJx6Ml2-N7zn5tLIPDQpUMW2yY=]
[COT 2020-07-07 02:19:32] 76561198050722159: Teleported to position <2318.747803, 360.966370, 13650.386719>
[COT 2020-07-07 02:20:12] 76561197997236738: Teleported to position <2294.760254, 364.273438, 13664.387695>
[COT 2020-07-07 02:20:35] 76561198050722159: Teleported to position <2761.569580, 240.584946, 13611.933594>
[COT 2020-07-07 02:20:55] 76561198050722159: Teleported to position <702.683777, 443.290192, 14580.847656>
[COT 2020-07-07 02:22:11] 76561197997236738: Teleported to position <1425.688599, 446.481598, 13653.835938>
[COT 2020-07-07 02:22:23] 76561197997236738: Teleported to position <1427.432373, 456.207245, 13657.136719>
[COT 2020-07-07 02:22:38] 76561197997236738: Teleported to position <1427.237305, 458.547180, 13655.931641>
[COT 2020-07-07 02:23:05] 76561198050722159: Teleported to position <331.093353, 495.504944, 12981.793945>
[COT 2020-07-07 02:23:17] 76561198050722159: Teleported to position <437.647888, 474.769684, 13109.863281>
[COT 2020-07-07 02:23:19] 76561198050722159: Teleported to position <365.866760, 478.201447, 13406.300781>
[COT 2020-07-07 02:23:20] 76561197997236738: Teleported to position <1537.980347, 439.009979, 13597.672852>
[COT 2020-07-07 02:23:21] 76561198050722159: Teleported to position <410.074921, 474.509430, 13169.035156>
[COT 2020-07-07 02:23:22] 76561198050722159: Teleported to position <429.121887, 475.850464, 13088.774414>
[COT 2020-07-07 02:23:23] 76561198050722159: Teleported to position <585.235535, 481.751984, 12778.178711>
[COT 2020-07-07 02:23:25] 76561198050722159: Teleported to position <619.129211, 473.955231, 12775.834961>
[COT 2020-07-07 02:23:27] 76561198050722159: Teleported to position <619.203552, 474.028473, 12775.817383>
[COT 2020-07-07 02:23:27] 76561198050722159: Teleported to position <811.907959, 450.164429, 12906.261719>
[COT 2020-07-07 02:23:29] 76561198050722159: Teleported to position <812.304993, 449.765900, 12906.175781>
[COT 2020-07-07 02:23:29] 76561198050722159: Teleported to position <938.176758, 430.515350, 12955.581055>
[COT 2020-07-07 02:23:31] 76561198050722159: Teleported to position <979.023254, 420.472321, 13000.803711>
[COT 2020-07-07 02:23:32] 76561198050722159: Teleported to position <1031.367554, 406.642914, 13056.754883>
[COT 2020-07-07 02:23:33] 76561198050722159: Teleported to position <1046.871216, 409.784760, 13069.302734>
[COT 2020-07-07 02:23:34] 76561198050722159: Teleported to position <1057.726685, 412.352081, 13079.064453>
[COT 2020-07-07 02:23:36] 76561198050722159: Teleported to position <1058.428101, 415.382050, 13086.792969>
[COT 2020-07-07 02:23:37] 76561198050722159: Teleported to position <1059.962036, 418.172424, 13094.630859>
[COT 2020-07-07 02:23:38] 76561198050722159: Teleported to position <1073.476074, 430.151306, 13164.862305>
[COT 2020-07-07 02:23:39] 76561198050722159: Teleported to position <1076.937378, 433.375763, 13199.206055>
[COT 2020-07-07 02:23:40] 76561198050722159: Teleported to position <1091.220459, 437.745056, 13274.949219>
[COT 2020-07-07 02:23:42] 76561198050722159: Teleported to position <1103.088989, 441.371765, 13314.936523>
[COT 2020-07-07 02:23:43] 76561198050722159: Teleported to position <1171.584229, 447.101227, 13449.598633>
[COT 2020-07-07 02:23:44] 76561198050722159: Teleported to position <1204.829834, 452.619415, 13492.286133>
[COT 2020-07-07 02:23:45] 76561198050722159: Teleported to position <1486.840454, 462.322876, 13841.347656>
[COT 2020-07-07 02:23:47] 76561198050722159: Teleported to position <1498.457153, 460.847900, 13929.931641>
[COT 2020-07-07 02:23:48] 76561198050722159: Teleported to position <1539.132690, 453.557678, 14019.213867>
[COT 2020-07-07 02:24:02] 76561198050722159: Teleported to position <1545.911133, 453.302948, 14076.115234>
[COT 2020-07-07 02:24:26] 76561197997236738: Teleported to position <1539.593872, 439.039032, 13578.605469>
[COT 2020-07-07 02:24:26] 76561197997236738: Teleported to position <1539.980347, 439.010010, 13590.092773>
[COT 2020-07-07 02:24:27] 76561197997236738: Teleported to position <1537.899780, 439.010040, 13599.858398>
[COT 2020-07-07 02:24:27] 76561197997236738: Teleported to position <1537.188110, 439.142883, 13609.064453>
[COT 2020-07-07 02:24:28] 76561197997236738: Teleported to position <1541.020020, 440.702179, 13613.648438>
[COT 2020-07-07 02:24:28] 76561197997236738: Teleported to position <1551.253906, 442.395874, 13653.753906>
[COT 2020-07-07 02:25:19] 76561198050722159: Teleported [guid=uvtdMd_cBerqVHmKHzn52eKFl-8jD7P9CNZONWv9pR0=] to <1554.875732, 452.782440, 14083.899414>
[COT 2020-07-07 02:25:52] 76561197997236738: Teleported to position <1492.660889, 440.405121, 13609.415039>
[COT 2020-07-07 02:25:58] 76561197997236738: Teleported to position <1486.048828, 440.937775, 13636.295898>
[COT 2020-07-07 02:25:58] 76561197997236738: Teleported to position <1484.343872, 441.370575, 13643.786133>
[COT 2020-07-07 02:25:58] 76561197997236738: Teleported to position <1484.333740, 441.370148, 13643.784180>
[COT 2020-07-07 02:25:58] 76561197997236738: Teleported to position <1484.323608, 441.369812, 13643.781250>
[COT 2020-07-07 02:25:58] 76561197997236738: Teleported to position <1484.370972, 441.351196, 13643.792969>
[COT 2020-07-07 02:25:58] 76561197997236738: Teleported to position <1484.422607, 441.330597, 13643.805664>
[COT 2020-07-07 02:25:58] 76561197997236738: Teleported to position <1484.468506, 441.450745, 13643.816406>
[COT 2020-07-07 02:25:58] 76561197997236738: Teleported to position <1484.511719, 442.228760, 13643.827148>
[COT 2020-07-07 02:25:58] 76561197997236738: Teleported to position <1484.506958, 442.907440, 13643.825195>
[COT 2020-07-07 02:25:58] 76561197997236738: Teleported to position <1483.872803, 442.789276, 13646.086914>
[COT 2020-07-07 02:25:58] 76561197997236738: Teleported to position <1475.926392, 445.690277, 13686.037109>
[COT 2020-07-07 02:25:59] 76561197997236738: Teleported to position <1473.110718, 449.108856, 13697.421875>
[COT 2020-07-07 02:25:59] 76561197997236738: Teleported to position <1466.442749, 453.733429, 13715.727539>
[COT 2020-07-07 02:25:59] 76561197997236738: Teleported to position <1466.472656, 455.832672, 13715.724609>
[COT 2020-07-07 02:25:59] 76561197997236738: Teleported to position <1444.499512, 448.248383, 13787.833984>
[COT 2020-07-07 02:26:00] 76561197997236738: Teleported to position <1442.693848, 449.539337, 13792.006836>
[COT 2020-07-07 02:26:00] 76561197997236738: Teleported to position <1432.479980, 450.812256, 13827.773438>
[COT 2020-07-07 02:26:00] 76561197997236738: Teleported to position <1427.106567, 452.135742, 13841.373047>
[COT 2020-07-07 02:26:00] 76561197997236738: Teleported to position <1422.788452, 453.729340, 13852.065430>
[COT 2020-07-07 02:26:01] 76561197997236738: Teleported to position <1397.624146, 458.864807, 13928.579102>
[COT 2020-07-07 02:26:01] 76561197997236738: Teleported to position <1395.796021, 460.027222, 13938.193359>
[COT 2020-07-07 02:26:01] 76561197997236738: Teleported to position <1395.586914, 461.117371, 13938.676758>
[COT 2020-07-07 02:26:01] 76561197997236738: Teleported to position <1394.578613, 460.530670, 13938.528320>
[COT 2020-07-07 02:26:02] 76561197997236738: Teleported to position <1401.700439, 460.230225, 13955.603516>
[COT 2020-07-07 02:26:02] 76561197997236738: Teleported to position <1416.029053, 459.580048, 13996.208008>
[COT 2020-07-07 02:26:02] 76561197997236738: Teleported to position <1424.756348, 459.515594, 14022.067383>
[COT 2020-07-07 02:26:02] 76561197997236738: Teleported to position <1426.701660, 460.586487, 14031.067383>
[COT 2020-07-07 02:26:02] 76561197997236738: Teleported to position <1427.275269, 461.775024, 14036.722656>
[COT 2020-07-07 02:26:08] 76561197997236738: Teleported to position <1448.828369, 462.422577, 14039.994141>
[COT 2020-07-07 02:26:36] 76561197997236738: Teleported to position <1523.227295, 459.494263, 14082.501953>
[COT 2020-07-07 02:27:19] 76561198050722159: Teleported to position <1546.210327, 460.473663, 14076.606445>
[COT 2020-07-07 02:27:25] 76561198050722159: Teleported to position <1553.922485, 452.769989, 14082.357422>
[COT 2020-07-07 02:27:45] 76561197997236738: Teleported to position <1554.116333, 452.769989, 14084.201172>
[COT 2020-07-07 02:27:46] 76561197997236738: Teleported to position <1562.452148, 452.769989, 14081.325195>
[COT 2020-07-07 02:27:49] 76561198050722159: Teleported to position <1585.860962, 453.916687, 14063.474609>
[COT 2020-07-07 02:28:24] 76561198050722159: Teleported to position <1584.427246, 452.303802, 14128.291016>
[COT 2020-07-07 02:28:26] 76561198050722159: Teleported to position <1648.010254, 454.515869, 14264.859375>
[COT 2020-07-07 02:28:45] 76561198050722159: Teleported to position <1690.747437, 459.577576, 14220.744141>
[COT 2020-07-07 02:29:27] 76561198050722159: Teleported to position <1661.734619, 455.577789, 14310.113281>
[COT 2020-07-07 02:29:27] 76561197997236738: Teleported to position <1577.694092, 452.610413, 14092.193359>
[COT 2020-07-07 02:29:40] 76561197997236738: Teleported to position <1583.119629, 452.117584, 14108.823242>
[COT 2020-07-07 02:29:40] 76561197997236738: Teleported to position <1583.891113, 452.080750, 14109.770508>
[COT 2020-07-07 02:29:40] 76561197997236738: Teleported to position <1584.868530, 451.956757, 14114.746094>
[COT 2020-07-07 02:29:40] 76561197997236738: Teleported to position <1593.006836, 451.748932, 14128.786133>
[COT 2020-07-07 02:29:41] 76561197997236738: Teleported to position <1600.394165, 451.730042, 14141.382813>
[COT 2020-07-07 02:29:41] 76561197997236738: Teleported to position <1607.471680, 451.730011, 14153.436523>
[COT 2020-07-07 02:29:41] 76561197997236738: Teleported to position <1614.776123, 451.730011, 14166.000977>
[COT 2020-07-07 02:29:41] 76561197997236738: Teleported to position <1621.680054, 451.730042, 14178.386719>
[COT 2020-07-07 02:29:41] 76561197997236738: Teleported to position <1628.214844, 451.730011, 14190.508789>
[COT 2020-07-07 02:29:42] 76561197997236738: Teleported to position <1634.779419, 451.730011, 14202.939453>
[COT 2020-07-07 02:29:42] 76561197997236738: Teleported to position <1640.770142, 451.730042, 14214.687500>
[COT 2020-07-07 02:30:57] 76561197997236738: Teleported to position <1661.587891, 454.751587, 14304.313477>
[COT 2020-07-07 02:31:36] 76561198050722159: Teleported to position <1544.562988, 452.861145, 14084.411133>
[COT 2020-07-07 02:31:44] 76561198050722159: Teleported to position <1684.431152, 462.039459, 14219.926758>
[COT 2020-07-07 02:31:48] 76561198050722159: Teleported to position <1667.883057, 456.421478, 14300.083008>
[COT 2020-07-07 02:31:51] 76561198050722159: Teleported to position <1666.478882, 454.708221, 14307.273438>
[COT 2020-07-07 02:32:59] 76561198050722159: Teleported to position <1643.352051, 455.271393, 14343.053711>
[COT 2020-07-07 02:33:01] 76561198050722159: Teleported to position <1638.599243, 455.563568, 14350.041992>
[COT 2020-07-07 02:33:04] 76561197997236738: Teleported to position <1669.877319, 454.750488, 14321.240234>
[COT 2020-07-07 02:33:45] 76561198050722159: Teleported to position <1644.119995, 454.743164, 14345.911133>
[COT 2020-07-07 02:33:57] 76561198050722159: Teleported to position <1590.266968, 456.504547, 14369.892578>
[COT 2020-07-07 02:33:59] 76561198050722159: Teleported to position <1531.561523, 459.109924, 14411.988281>
[COT 2020-07-07 02:34:00] 76561198050722159: Teleported to position <1507.442261, 461.400818, 14429.115234>
[COT 2020-07-07 02:34:01] 76561198050722159: Teleported to position <1498.970825, 462.139893, 14434.465820>
[COT 2020-07-07 02:34:02] 76561198050722159: Teleported to position <1496.655762, 463.486908, 14435.213867>
[COT 2020-07-07 02:34:04] 76561198050722159: Teleported to position <1393.752197, 470.388977, 14435.912109>
[COT 2020-07-07 02:34:12] 76561197997236738: Spawned Entity EGD-5 Frag Grenade (RGD5Grenade<3b26aca0>, -1, 50) at <1668.344971, 455.696503, 14314.640625>
[COT 2020-07-07 02:34:12] 76561197997236738: Spawned Entity EGD-5 Frag Grenade (RGD5Grenade<3b26c350>, -1, 50) at <1668.344971, 455.696503, 14314.640625>
[COT 2020-07-07 02:34:12] 76561197997236738: Spawned Entity EGD-5 Frag Grenade (RGD5Grenade<3b26cae0>, -1, 50) at <1668.344971, 455.696503, 14314.640625>
[COT 2020-07-07 02:34:25] 76561197997236738: Spawned Entity SR-25 Suppressor (M4_Suppressor<5692bee0>, -1, 4) at <1668.344971, 455.696503, 14314.640625>
[COT 2020-07-07 02:34:47] 76561198050722159: Teleported to position <1396.951172, 467.835938, 14446.733398>
[COT 2020-07-07 02:34:48] 76561197997236738: Teleported to position <1662.146362, 451.729980, 14279.739258>
[COT 2020-07-07 02:34:48] 76561197997236738: Teleported to position <1661.109863, 451.730042, 14267.172852>
[COT 2020-07-07 02:34:48] 76561197997236738: Teleported to position <1656.911865, 451.730011, 14250.548828>
[COT 2020-07-07 02:34:48] 76561197997236738: Teleported to position <1642.031250, 451.729980, 14229.814453>
[COT 2020-07-07 02:34:49] 76561197997236738: Teleported to position <1628.269165, 451.877045, 14211.190430>
[COT 2020-07-07 02:34:49] 76561197997236738: Teleported to position <1619.014893, 451.728699, 14195.791992>
[COT 2020-07-07 02:34:49] 76561197997236738: Teleported to position <1614.507324, 451.729553, 14182.849609>
[COT 2020-07-07 02:34:49] 76561197997236738: Teleported to position <1610.114624, 451.726807, 14169.890625>
[COT 2020-07-07 02:34:49] 76561197997236738: Teleported to position <1604.285645, 451.729980, 14157.155273>
[COT 2020-07-07 02:34:50] 76561197997236738: Teleported to position <1601.795288, 452.717438, 14151.575195>
[COT 2020-07-07 02:34:55] 76561198050722159: Teleported to position <1390.644897, 467.439697, 14440.929688>
[COT 2020-07-07 02:34:56] 76561197997236738: Teleported to position <1616.469482, 451.730042, 14169.508789>
[COT 2020-07-07 02:34:56] 76561197997236738: Teleported to position <1622.438110, 451.730042, 14182.535156>
[COT 2020-07-07 02:34:56] 76561197997236738: Teleported to position <1624.085815, 451.730042, 14186.215820>
[COT 2020-07-07 02:34:57] 76561197997236738: Teleported to position <1628.896240, 451.730011, 14197.417969>
[COT 2020-07-07 02:34:57] 76561197997236738: Teleported to position <1631.579224, 451.729980, 14204.186523>
[COT 2020-07-07 02:34:57] 76561197997236738: Teleported to position <1636.384521, 451.729980, 14215.843750>
[COT 2020-07-07 02:34:57] 76561197997236738: Teleported to position <1643.537842, 451.730011, 14230.757813>
[COT 2020-07-07 02:34:57] 76561197997236738: Teleported to position <1653.617554, 451.729980, 14249.821289>
[COT 2020-07-07 02:34:57] 76561197997236738: Teleported to position <1663.727417, 451.730011, 14268.925781>
[COT 2020-07-07 02:34:58] 76561197997236738: Teleported to position <1671.824097, 451.730011, 14285.780273>
[COT 2020-07-07 02:34:58] 76561197997236738: Teleported to position <1679.122070, 451.730011, 14301.775391>
[COT 2020-07-07 02:34:58] 76561197997236738: Teleported to position <1680.988647, 452.519836, 14308.760742>
[COT 2020-07-07 02:34:58] 76561198050722159: Teleported to position <1390.381348, 470.334991, 14439.442383>
[COT 2020-07-07 02:34:58] 76561197997236738: Teleported to position <1684.279297, 451.737183, 14326.214844>
[COT 2020-07-07 02:34:58] 76561197997236738: Teleported to position <1686.128906, 451.729980, 14338.825195>
[COT 2020-07-07 02:34:58] 76561197997236738: Teleported to position <1682.986206, 451.730011, 14350.944336>
[COT 2020-07-07 02:34:59] 76561197997236738: Teleported to position <1678.351929, 451.732178, 14361.996094>
[COT 2020-07-07 02:34:59] 76561197997236738: Teleported to position <1672.379395, 451.736877, 14370.662109>
[COT 2020-07-07 02:34:59] 76561197997236738: Teleported to position <1666.522217, 451.760559, 14378.784180>
[COT 2020-07-07 02:34:59] 76561197997236738: Teleported to position <1661.779907, 451.886871, 14388.195313>
[COT 2020-07-07 02:34:59] 76561197997236738: Teleported to position <1661.011475, 453.416443, 14389.779297>
[COT 2020-07-07 02:35:00] 76561197997236738: Teleported to position <1661.807251, 453.637421, 14390.610352>
[COT 2020-07-07 02:35:00] 76561197997236738: Teleported to position <1660.167358, 455.141541, 14392.706055>
[COT 2020-07-07 02:35:01] 76561197997236738: Teleported to position <1620.389893, 452.495087, 14438.000000>
[COT 2020-07-07 02:35:01] 76561197997236738: Teleported to position <1608.321289, 453.115265, 14451.137695>
[COT 2020-07-07 02:35:01] 76561198050722159: Teleported to position <1408.388916, 459.062225, 14492.575195>
[COT 2020-07-07 02:35:01] 76561197997236738: Teleported to position <1580.216675, 455.016357, 14482.657227>
[COT 2020-07-07 02:35:01] 76561197997236738: Teleported to position <1575.009766, 456.988129, 14488.263672>
[COT 2020-07-07 02:35:02] 76561198050722159: Teleported to position <1415.808105, 461.813751, 14498.516602>
[COT 2020-07-07 02:35:03] 76561197997236738: Teleported to position <1566.544922, 456.878815, 14499.733398>
[COT 2020-07-07 02:35:04] 76561198050722159: Teleported to position <1414.466797, 462.788361, 14491.689453>
[COT 2020-07-07 02:35:06] 76561197997236738: Teleported to position <1569.006470, 455.716278, 14520.374023>
[COT 2020-07-07 02:35:06] 76561197997236738: Teleported to position <1580.782715, 454.506378, 14528.083008>
[COT 2020-07-07 02:35:06] 76561197997236738: Teleported to position <1593.067749, 453.130707, 14536.116211>
[COT 2020-07-07 02:35:07] 76561197997236738: Teleported to position <1605.520996, 451.718384, 14544.260742>
[COT 2020-07-07 02:35:07] 76561197997236738: Teleported to position <1614.977783, 451.082764, 14550.488281>
[COT 2020-07-07 02:35:07] 76561197997236738: Teleported to position <1635.136353, 447.659454, 14565.304688>
[COT 2020-07-07 02:35:07] 76561197997236738: Teleported to position <1641.141479, 447.649963, 14571.805664>
[COT 2020-07-07 02:35:08] 76561197997236738: Teleported to position <1640.802368, 447.360596, 14584.440430>
[COT 2020-07-07 02:35:08] 76561197997236738: Teleported to position <1642.041870, 446.442719, 14597.970703>
[COT 2020-07-07 02:35:08] 76561197997236738: Teleported to position <1644.366089, 444.871338, 14615.997070>
[COT 2020-07-07 02:35:08] 76561197997236738: Teleported to position <1646.958740, 443.458405, 14634.412109>
[COT 2020-07-07 02:35:08] 76561197997236738: Teleported to position <1646.374023, 442.259094, 14651.853516>
[COT 2020-07-07 02:35:09] 76561197997236738: Teleported to position <1645.551392, 441.476959, 14666.243164>
[COT 2020-07-07 02:35:09] 76561197997236738: Teleported to position <1644.465454, 440.894348, 14679.248047>
[COT 2020-07-07 02:35:09] 76561197997236738: Teleported to position <1640.858276, 440.229126, 14693.781250>
[COT 2020-07-07 02:35:09] 76561197997236738: Teleported to position <1635.016479, 439.643127, 14706.085938>
[COT 2020-07-07 02:35:10] 76561197997236738: Teleported to position <1629.672974, 439.256805, 14717.222656>
[COT 2020-07-07 02:35:10] 76561197997236738: Teleported to position <1624.496094, 438.902344, 14728.035156>
[COT 2020-07-07 02:35:10] 76561198050722159: Teleported to position <1318.472290, 453.766296, 14527.501953>
[COT 2020-07-07 02:35:17] 76561198050722159: Teleported to position <1336.987061, 457.030334, 14502.202148>
[COT 2020-07-07 02:35:18] 76561198050722159: Teleported to position <1402.708008, 461.261627, 14466.954102>
[COT 2020-07-07 02:35:20] 76561198050722159: Teleported to position <1398.509033, 468.044403, 14450.782227>
[COT 2020-07-07 02:35:38] 76561198050722159: Teleported to position <843.184265, 460.725403, 14748.783203>
[COT 2020-07-07 02:35:42] 76561198050722159: Teleported to position <1389.492432, 467.018738, 14444.274414>
[COT 2020-07-07 02:35:47] 76561197997236738: Teleported to position <1595.823730, 436.298431, 14795.667969>
[COT 2020-07-07 02:35:47] 76561197997236738: Teleported to position <1588.788818, 435.815582, 14812.115234>
[COT 2020-07-07 02:36:05] 76561198050722159: Teleported to position <1492.056274, 462.750336, 14437.062500>
[COT 2020-07-07 02:36:07] 76561197997236738: Teleported to position <1866.848877, 435.131744, 14861.837891>
[COT 2020-07-07 02:36:15] 76561198050722159: Teleported to position <1496.130615, 463.603302, 14435.506836>
[COT 2020-07-07 02:36:19] 76561198050722159: Teleported to position <1584.041504, 452.236633, 14700.591797>
[COT 2020-07-07 02:36:20] 76561198050722159: Teleported to position <1690.959595, 440.462006, 15009.592773>
[COT 2020-07-07 02:36:22] 76561198050722159: Teleported to position <1723.799316, 435.202759, 14941.013672>
[COT 2020-07-07 02:36:24] 76561198050722159: Teleported to position <1791.226929, 429.301971, 14708.763672>
[COT 2020-07-07 02:36:27] 76561198050722159: Teleported to position <1784.985107, 436.274200, 14668.964844>
[COT 2020-07-07 02:36:38] 76561197997236738: Teleported to position <1785.658325, 436.403351, 14668.097656>
[COT 2020-07-07 02:36:43] 76561198050722159: Teleported to position <1785.560059, 436.615723, 14668.397461>
[COT 2020-07-07 02:36:52] 76561198050722159: Teleported to position <1779.555786, 438.745239, 14663.782227>
[COT 2020-07-07 02:37:09] 76561198050722159: Teleported to position <1782.140869, 434.555817, 14678.485352>
[COT 2020-07-07 02:37:18] 76561198050722159: Teleported to position <1802.850220, 435.433990, 14661.906250>
[COT 2020-07-07 02:37:25] 76561198050722159: Teleported to position <1780.161865, 434.780609, 14680.806641>
[COT 2020-07-07 02:37:28] 76561198050722159: Teleported to position <1805.524902, 434.544830, 14664.691406>
[COT 2020-07-07 02:37:30] 76561198050722159: Teleported to position <1785.782104, 434.888580, 14679.518555>
[COT 2020-07-07 02:37:36] 76561198050722159: Teleported to position <1767.813843, 436.030396, 14685.725586>
[COT 2020-07-07 02:37:38] 76561198050722159: Teleported to position <1784.756714, 434.520081, 14680.383789>
[COT 2020-07-07 02:37:39] 76561198050722159: Teleported to position <1767.932495, 435.507355, 14690.503906>
[COT 2020-07-07 02:37:40] 76561198050722159: Teleported to position <1780.300537, 434.292908, 14690.851563>
[COT 2020-07-07 02:37:41] 76561198050722159: Teleported to position <1780.694214, 434.900726, 14682.971680>
[COT 2020-07-07 02:37:42] 76561198050722159: Teleported to position <1788.967285, 434.857666, 14672.780273>
[COT 2020-07-07 02:37:43] 76561198050722159: Teleported to position <1795.566650, 435.307495, 14666.231445>
[COT 2020-07-07 02:37:43] 76561198050722159: Teleported to position <1801.994507, 435.925720, 14660.047852>
[COT 2020-07-07 02:37:46] 76561198050722159: Teleported to position <1664.959473, 426.370453, 14837.207031>
[COT 2020-07-07 02:37:57] 76561198050722159: Teleported to position <1745.753296, 436.183228, 14722.724609>
[COT 2020-07-07 02:37:57] 76561198050722159: Teleported to position <1768.039307, 438.808868, 14691.062500>
[COT 2020-07-07 02:37:58] 76561198050722159: Teleported to position <1771.248291, 436.678223, 14675.109375>
[COT 2020-07-07 02:38:00] 76561198050722159: Teleported to position <1782.658569, 434.722076, 14683.750977>
[COT 2020-07-07 02:38:00] 76561197997236738: Healed [guid=uvtdMd_cBerqVHmKHzn52eKFl-8jD7P9CNZONWv9pR0=]
[COT 2020-07-07 02:38:20] 76561198050722159: Teleported to position <1858.614990, 435.299500, 14749.557617>
[COT 2020-07-07 02:38:25] 76561198050722159: Teleported to position <2382.484375, 438.495819, 14851.014648>
[COT 2020-07-07 02:38:28] 76561198050722159: Teleported to position <2391.192383, 438.050690, 14755.205078>
[COT 2020-07-07 02:38:29] 76561198050722159: Teleported to position <2392.998535, 437.194702, 14755.846680>
[COT 2020-07-07 02:38:34] 76561198050722159: Teleported to position <2244.847412, 436.666687, 14748.298828>
[COT 2020-07-07 02:38:41] 76561198050722159: Teleported to position <2426.332764, 447.648926, 15044.473633>
[COT 2020-07-07 02:38:49] 76561197997236738: Item set MVS Loadout spawned on <12475.460938, 6.778399, 3560.809814>
[COT 2020-07-07 02:39:03] 76561198050722159: Teleported to position <2008.118774, 445.203705, 15443.266602>
[COT 2020-07-07 02:39:07] 76561198050722159: Teleported to position <2007.313721, 452.292542, 15174.125977>
[COT 2020-07-07 02:39:08] 76561198050722159: Teleported to position <2004.977051, 452.462524, 15171.611328>
[COT 2020-07-07 02:39:23] 76561197997236738: Deleted Entity ExpansionAirdropContainer_Basebuilding at <12475.460938, 6.827906, 3560.809814>
[COT 2020-07-07 02:39:34] 76561198050722159: Teleported to position <1941.018555, 450.737457, 15059.958984>
[COT 2020-07-07 02:39:55] 76561198050722159: Teleported [guid=uvtdMd_cBerqVHmKHzn52eKFl-8jD7P9CNZONWv9pR0=] to <1935.625732, 445.212463, 15046.556641>
[COT 2020-07-07 02:39:55] 76561198050722159: Teleported [guid=uvtdMd_cBerqVHmKHzn52eKFl-8jD7P9CNZONWv9pR0=] to <1935.625732, 445.212463, 15046.556641>
[COT 2020-07-07 02:39:56] 76561198050722159: Teleported [guid=uvtdMd_cBerqVHmKHzn52eKFl-8jD7P9CNZONWv9pR0=] to <1935.625732, 445.212463, 15046.556641>
[COT 2020-07-07 02:39:56] 76561198050722159: Teleported [guid=uvtdMd_cBerqVHmKHzn52eKFl-8jD7P9CNZONWv9pR0=] to <1935.625732, 445.212463, 15046.556641>
[COT 2020-07-07 02:39:56] 76561198050722159: Teleported [guid=uvtdMd_cBerqVHmKHzn52eKFl-8jD7P9CNZONWv9pR0=] to <1935.625732, 445.212463, 15046.556641>
[COT 2020-07-07 02:39:56] 76561198050722159: Teleported [guid=uvtdMd_cBerqVHmKHzn52eKFl-8jD7P9CNZONWv9pR0=] to <1935.625732, 445.212463, 15046.556641>
[COT 2020-07-07 02:39:56] 76561198050722159: Teleported [guid=uvtdMd_cBerqVHmKHzn52eKFl-8jD7P9CNZONWv9pR0=] to <1935.625732, 445.212463, 15046.556641>
[COT 2020-07-07 02:39:57] 76561198050722159: Teleported [guid=uvtdMd_cBerqVHmKHzn52eKFl-8jD7P9CNZONWv9pR0=] to <1935.625732, 445.212463, 15046.556641>
[COT 2020-07-07 02:39:57] 76561198050722159: Teleported [guid=uvtdMd_cBerqVHmKHzn52eKFl-8jD7P9CNZONWv9pR0=] to <1935.625732, 445.212463, 15046.556641>
[COT 2020-07-07 02:39:57] 76561198050722159: Teleported [guid=uvtdMd_cBerqVHmKHzn52eKFl-8jD7P9CNZONWv9pR0=] to <1935.625732, 445.212463, 15046.556641>
[COT 2020-07-07 02:39:57] 76561198050722159: Teleported [guid=uvtdMd_cBerqVHmKHzn52eKFl-8jD7P9CNZONWv9pR0=] to <1935.625732, 445.212463, 15046.556641>
[COT 2020-07-07 02:39:58] 76561198050722159: Teleported [guid=uvtdMd_cBerqVHmKHzn52eKFl-8jD7P9CNZONWv9pR0=] to <1935.625732, 445.212463, 15046.556641>
[COT 2020-07-07 02:39:59] 76561198050722159: Teleported [guid=uvtdMd_cBerqVHmKHzn52eKFl-8jD7P9CNZONWv9pR0=] to <1935.625732, 445.212463, 15046.556641>
[COT 2020-07-07 02:40:00] 76561198050722159: Teleported [guid=uvtdMd_cBerqVHmKHzn52eKFl-8jD7P9CNZONWv9pR0=] to <1935.625732, 445.212463, 15046.556641>
[COT 2020-07-07 02:40:00] 76561198050722159: Teleported [guid=uvtdMd_cBerqVHmKHzn52eKFl-8jD7P9CNZONWv9pR0=] to <1935.625732, 445.212463, 15046.556641>
[COT 2020-07-07 02:40:00] 76561198050722159: Teleported [guid=uvtdMd_cBerqVHmKHzn52eKFl-8jD7P9CNZONWv9pR0=] to <1935.625732, 445.212463, 15046.556641>
[COT 2020-07-07 02:40:00] 76561198050722159: Teleported [guid=uvtdMd_cBerqVHmKHzn52eKFl-8jD7P9CNZONWv9pR0=] to <1935.625732, 445.212463, 15046.556641>
[COT 2020-07-07 02:40:01] 76561198050722159: Teleported [guid=uvtdMd_cBerqVHmKHzn52eKFl-8jD7P9CNZONWv9pR0=] to <1935.625732, 445.212463, 15046.556641>
[COT 2020-07-07 02:40:01] 76561198050722159: Teleported [guid=uvtdMd_cBerqVHmKHzn52eKFl-8jD7P9CNZONWv9pR0=] to <1935.625732, 445.212463, 15046.556641>
[COT 2020-07-07 02:40:01] 76561198050722159: Teleported [guid=uvtdMd_cBerqVHmKHzn52eKFl-8jD7P9CNZONWv9pR0=] to <1935.625732, 445.212463, 15046.556641>
[COT 2020-07-07 02:40:01] 76561198050722159: Teleported [guid=uvtdMd_cBerqVHmKHzn52eKFl-8jD7P9CNZONWv9pR0=] to <1935.625732, 445.212463, 15046.556641>
[COT 2020-07-07 02:40:01] 76561198050722159: Teleported [guid=uvtdMd_cBerqVHmKHzn52eKFl-8jD7P9CNZONWv9pR0=] to <1935.625732, 445.212463, 15046.556641>
[COT 2020-07-07 02:40:01] 76561198050722159: Teleported [guid=uvtdMd_cBerqVHmKHzn52eKFl-8jD7P9CNZONWv9pR0=] to <1935.625732, 445.212463, 15046.556641>
[COT 2020-07-07 02:40:03] 76561198050722159: Teleported [guid=uvtdMd_cBerqVHmKHzn52eKFl-8jD7P9CNZONWv9pR0=] to <1935.625732, 445.212463, 15046.556641>
[COT 2020-07-07 02:40:03] 76561198050722159: Teleported [guid=uvtdMd_cBerqVHmKHzn52eKFl-8jD7P9CNZONWv9pR0=] to <1935.625732, 445.212463, 15046.556641>
[COT 2020-07-07 02:40:03] 76561198050722159: Teleported [guid=uvtdMd_cBerqVHmKHzn52eKFl-8jD7P9CNZONWv9pR0=] to <1935.625732, 445.212463, 15046.556641>
[COT 2020-07-07 02:40:20] 76561197997236738: Spawned Entity ATOG Scope (ACOGOptic<3b267f40>, -1, 50) at <12459.745117, 7.224343, 3570.267822>
[COT 2020-07-07 02:41:07] 76561197997236738: Teleported to position <644.791565, 501.671021, 13692.772461>
[COT 2020-07-07 02:41:19] 76561197997236738: Teleported to position <617.115784, 509.830109, 13680.357422>
[COT 2020-07-07 02:41:21] 76561197997236738: Teleported to position <610.542114, 524.051453, 13674.799805>
[COT 2020-07-07 02:41:32] 76561197997236738: Teleported to position <639.137878, 501.668182, 13704.761719>
[COT 2020-07-07 02:41:46] 76561197997236738: Teleported to position <636.405457, 501.507233, 13656.965820>
[COT 2020-07-07 02:42:20] 76561197997236738: Teleported to position <1861.933350, 432.931000, 14839.454102>
[COT 2020-07-07 02:42:21] 76561197997236738: Teleported to position <1858.703003, 431.872009, 14836.222656>
[COT 2020-07-07 02:42:23] 76561197997236738: Teleported to position <1862.864990, 433.597626, 14849.000000>
[COT 2020-07-07 02:42:31] 76561197997236738: Teleported to position <1907.026855, 435.047729, 14896.552734>
[COT 2020-07-07 02:42:31] 76561197997236738: Teleported to position <1919.800659, 436.011322, 14920.454102>
[COT 2020-07-07 02:42:31] 76561197997236738: Teleported to position <1935.264160, 434.999756, 14973.276367>
[COT 2020-07-07 02:42:31] 76561197997236738: Teleported to position <1937.132813, 436.960693, 14977.466797>
[COT 2020-07-07 02:42:31] 76561197997236738: Teleported to position <1939.182861, 438.745483, 14983.190430>
[COT 2020-07-07 02:42:32] 76561197997236738: Teleported to position <1940.058960, 440.707642, 14989.798828>
[COT 2020-07-07 02:42:32] 76561197997236738: Teleported to position <1941.008667, 441.731445, 14997.727539>
[COT 2020-07-07 02:42:32] 76561197997236738: Teleported to position <1941.468262, 441.990356, 15006.478516>
[COT 2020-07-07 02:42:32] 76561197997236738: Teleported to position <1942.583740, 443.252472, 15009.521484>
[COT 2020-07-07 02:42:33] 76561197997236738: Teleported to position <1943.981934, 443.619629, 15016.875000>
[COT 2020-07-07 02:42:33] 76561197997236738: Teleported to position <1944.022827, 444.343719, 15026.304688>
[COT 2020-07-07 02:42:34] 76561197997236738: Teleported to position <1939.754883, 450.287231, 15051.907227>
[COT 2020-07-07 02:43:35] 76561197997236738: Spawned Entity Wolf (Animal_CanisLupus<54b98b30>, -1, 200) at <1950.876709, 445.168396, 15037.977539>
[COT 2020-07-07 02:44:24] 76561197997236738: Deleted Entity Animal_CanisLupus_Grey at <1951.600952, 445.157257, 15037.037109>
[COT 2020-07-07 02:44:36] 76561197997236738: Spawned Entity Roebuck (Animal_CapreolusCapreolus<54b8fe90>, -1, 160) at <1968.417725, 445.237061, 15038.691406>
[COT 2020-07-07 02:44:40] 76561198050722159: Teleported to position <1977.936523, 447.806244, 15031.288086>
[COT 2020-07-07 02:44:47] 76561197997236738: Deleted Entity Animal_CapreolusCapreolus at <1968.417725, 445.224640, 15038.691406>
[COT 2020-07-07 02:45:04] 76561197997236738: Spawned Entity Ram (Animal_OvisAries<54b8e720>, -1, 280) at <1967.417969, 445.238403, 15039.605469>
[COT 2020-07-07 02:45:15] 76561197997236738: Deleted Entity Animal_OvisAries at <1967.417969, 445.225952, 15039.605469>
[COT 2020-07-07 02:45:30] 76561197997236738: Spawned Entity Hen

 (Animal_GallusGallusDomesticusF<54b99ad0>, -1, 15) at <1966.424683, 445.242676, 15040.695313>
[COT 2020-07-07 02:45:39] 76561197997236738: Deleted Entity Animal_GallusGallusDomesticusF_Brown at <1966.424683, 445.230164, 15040.695313>
[COT 2020-07-07 02:45:51] 76561197997236738: Spawned Entity Infected (ZmbM_HermitSkinny_Base<5a5b7dc0>, -1, 100) at <1966.328735, 445.220703, 15040.185547>
[COT 2020-07-07 02:45:55] 76561198050722159: Spawned Entity Barbed Wire (ExpansionBarbedWire<54b9d180>, -1, 100) at <1981.547241, 445.930969, 15046.056641>
[COT 2020-07-07 02:45:59] 76561198050722159: Teleported to position <1980.199219, 445.913208, 15046.300781>
[COT 2020-07-07 02:46:09] 76561197997236738: Spawned Entity Infected (ZmbF_CitizenANormal_Base<5a5ba610>, -1, 100) at <1972.726318, 445.621460, 15043.720703>
[COT 2020-07-07 02:46:18] 76561198050722159: Deleted Entity ExpansionBarbedWire at <1981.547241, 446.074188, 15046.056641>
[COT 2020-07-07 02:46:37] 76561197997236738: Spawned Entity Doe (Animal_CapreolusCapreolusF<54b9e120>, -1, 160) at <1968.029785, 445.453461, 15044.901367>
[COT 2020-07-07 02:46:48] 76561198050722159: Spawned Entity Barbed Wire (ExpansionBarbedWire<54ba0060>, -1, 100) at <1977.553833, 445.493683, 15039.695313>
[COT 2020-07-07 02:46:50] 76561197997236738: Deleted Entity Animal_CapreolusCapreolusF at <1968.029785, 445.440063, 15044.901367>
[COT 2020-07-07 02:46:59] 76561197997236738: Spawned Entity Wild Boar (Animal_SusScrofa<54b98b30>, -1, 350) at <1967.091553, 445.412689, 15045.449219>
[COT 2020-07-07 02:47:02] 76561197997236738: Spawned Entity Pig (Animal_SusDomesticus<54b9f0c0>, -1, 300) at <1967.091553, 445.412689, 15045.449219>
[COT 2020-07-07 02:47:22] 76561197997236738: Spawned Entity Wild Boar (Animal_SusScrofa<54b8c010>, -1, 350) at <1969.368896, 445.480743, 15044.102539>
[COT 2020-07-07 02:47:26] 76561198050722159: Spawned Entity Barbed Wire (ExpansionBarbedWireKit<5a6ea250>, -1, 100) at <1969.234009, 446.424866, 15044.763672>
[COT 2020-07-07 02:47:41] 76561197997236738: Deleted Entity Animal_SusScrofa at <1967.091553, 445.399750, 15045.449219>
[COT 2020-07-07 02:47:42] 76561197997236738: Deleted Entity Animal_SusDomesticus at <1967.091553, 445.399750, 15045.449219>
[COT 2020-07-07 02:47:49] 76561197997236738: Deleted Entity Animal_SusScrofa at <1969.369141, 445.507111, 15044.097656>
[COT 2020-07-07 02:48:49] 76561197997236738: Spawned Entity Bandage (BandageDressing<545fde70>, 4, 50) at <1964.518311, 445.319641, 15049.052734>
[COT 2020-07-07 02:48:50] 76561197997236738: Spawned Entity Bandage (BandageDressing<54606960>, 4, 50) at <1964.546631, 445.328339, 15048.999023>
[COT 2020-07-07 02:48:50] 76561197997236738: Spawned Entity Bandage (BandageDressing<54605ac0>, 4, 50) at <1964.559937, 445.332153, 15048.975586>
[COT 2020-07-07 02:48:51] 76561198050722159: Healed [guid=uvtdMd_cBerqVHmKHzn52eKFl-8jD7P9CNZONWv9pR0=]
[COT 2020-07-07 02:48:51] 76561198050722159: Healed [guid=uvtdMd_cBerqVHmKHzn52eKFl-8jD7P9CNZONWv9pR0=]
[COT 2020-07-07 02:48:51] 76561198050722159: Healed [guid=uvtdMd_cBerqVHmKHzn52eKFl-8jD7P9CNZONWv9pR0=]
[COT 2020-07-07 02:49:23] 76561198050722159: Set the date to 2020/6/2 14:15
[COT 2020-07-07 02:49:24] 76561198050722159: Set the date to 2020/6/2 14:15
[COT 2020-07-07 02:49:24] 76561198050722159: Set the date to 2020/2/13 14:15
[COT 2020-07-07 02:49:24] 76561198050722159: Set the date to 2020/2/13 14:15
[COT 2020-07-07 02:49:25] 76561198050722159: Set the date to 2020/2/20 14:15
[COT 2020-07-07 02:49:25] 76561198050722159: Set the date to 2020/2/20 14:15
[COT 2020-07-07 02:49:25] 76561198050722159: Set the date to 2020/2/28 14:15
[COT 2020-07-07 02:49:25] 76561198050722159: Set the date to 2020/2/28 14:15
[COT 2020-07-07 02:49:26] 76561198050722159: Set the date to 2020/3/18 14:15
[COT 2020-07-07 02:49:26] 76561198050722159: Set the date to 2020/3/18 14:15
[COT 2020-07-07 02:49:26] 76561198050722159: Set the date to 2020/4/12 14:15
[COT 2020-07-07 02:49:26] 76561198050722159: Set the date to 2020/4/12 14:15
[COT 2020-07-07 02:49:27] 76561198050722159: Set the date to 2020/4/12 8:23
[COT 2020-07-07 02:49:28] 76561198050722159: Set the date to 2020/4/12 8:23
[COT 2020-07-07 02:49:28] 76561197997236738: Set the date to 2020/4/12 0:28
[COT 2020-07-07 02:49:28] 76561197997236738: Set the date to 2020/4/12 0:28
[COT 2020-07-07 02:49:28] 76561197997236738: Set the date to 2020/4/12 3:35
[COT 2020-07-07 02:49:29] 76561198050722159: Set the date to 2020/4/12 11:45
[COT 2020-07-07 02:49:29] 76561198050722159: Set the date to 2020/4/12 11:45
[COT 2020-07-07 02:49:29] 76561197997236738: Set the date to 2020/4/12 3:35
[COT 2020-07-07 02:49:29] 76561197997236738: Set the date to 2020/4/12 9:49
[COT 2020-07-07 02:49:29] 76561197997236738: Set the date to 2020/4/12 9:49
[COT 2020-07-07 02:49:30] 76561197997236738: Set wind to 11.5396 0.04 1
[COT 2020-07-07 02:49:30] 76561197997236738: Set wind to 11.5396 0.04 1
[COT 2020-07-07 02:49:31] 76561197997236738: Set wind to 11.5396 0.01 1
[COT 2020-07-07 02:49:31] 76561197997236738: Set wind to 11.5396 0.01 1
[COT 2020-07-07 02:49:31] 76561198050722159: Set the date to 2020/4/12 11:59
[COT 2020-07-07 02:49:31] 76561197997236738: Set fog to 0.01 0 0
[COT 2020-07-07 02:49:31] 76561198050722159: Set the date to 2020/4/12 11:59
[COT 2020-07-07 02:49:31] 76561197997236738: Set fog to 0.01 0 0
[COT 2020-07-07 02:49:32] 76561197997236738: Set overcast to 0.04 0 0
[COT 2020-07-07 02:49:32] 76561197997236738: Set the date to 2020/4/12 9:54
[COT 2020-07-07 02:49:32] 76561197997236738: Set overcast to 0.04 0 0
[COT 2020-07-07 02:49:32] 76561197997236738: Set the date to 2020/4/12 9:54
[COT 2020-07-07 02:49:33] 76561197997236738: Set overcast to 0 0 0
[COT 2020-07-07 02:49:33] 76561197997236738: Set the date to 2020/4/12 9:54
[COT 2020-07-07 02:49:33] 76561197997236738: Set overcast to 0 0 0
[COT 2020-07-07 02:49:33] 76561197997236738: Set the date to 2020/4/12 9:54
[COT 2020-07-07 02:49:33] 76561198050722159: Set fog to 0.01 0 0
[COT 2020-07-07 02:49:33] 76561197997236738: Set overcast to 0 0 0
[COT 2020-07-07 02:49:33] 76561197997236738: Set the date to 2020/4/12 9:54
[COT 2020-07-07 02:49:33] 76561197997236738: Set overcast to 0 0 0
[COT 2020-07-07 02:49:33] 76561197997236738: Set the date to 2020/4/12 9:54
[COT 2020-07-07 02:49:33] 76561198050722159: Set fog to 0.01 0 0
[COT 2020-07-07 02:49:34] 76561198050722159: Set wind to 12.0232 0.01 1
[COT 2020-07-07 02:49:34] 76561198050722159: Set wind to 12.0232 0.01 1
[COT 2020-07-07 02:49:35] 76561197997236738: Set rain to 0 0 0
[COT 2020-07-07 02:49:35] 76561197997236738: Set storm to 0 0.8 4000
[COT 2020-07-07 02:49:35] 76561197997236738: Set fog to 0.01 0 0
[COT 2020-07-07 02:49:35] 76561197997236738: Set overcast to 0 0 0
[COT 2020-07-07 02:49:35] 76561197997236738: Set the date to 2020/4/12 9:49
[COT 2020-07-07 02:49:35] 76561197997236738: Set wind to 0.01 0.01 1
[COT 2020-07-07 02:49:36] 76561198050722159: Set overcast to 0.03 0 0
[COT 2020-07-07 02:49:36] 76561198050722159: Set the date to 2020/4/12 11:64
[COT 2020-07-07 02:49:36] 76561198050722159: Set overcast to 0.03 0 0
[COT 2020-07-07 02:49:36] 76561198050722159: Set the date to 2020/4/12 11:64
[COT 2020-07-07 02:49:37] 76561198050722159: Set overcast to 0 0 0
[COT 2020-07-07 02:49:37] 76561198050722159: Set the date to 2020/4/12 11:64
[COT 2020-07-07 02:49:37] 76561198050722159: Set overcast to 0 0 0
[COT 2020-07-07 02:49:37] 76561198050722159: Set the date to 2020/4/12 11:64
[COT 2020-07-07 02:49:38] 76561198050722159: Set the date to 2020/4/27 11:59
[COT 2020-07-07 02:49:38] 76561198050722159: Set the date to 2020/4/27 11:59
[COT 2020-07-07 02:49:38] 76561198050722159: Set the date to 2020/5/26 11:59
[COT 2020-07-07 02:49:38] 76561198050722159: Set the date to 2020/5/26 11:59
[COT 2020-07-07 02:49:39] 76561198050722159: Set the date to 2020/6/24 11:59
[COT 2020-07-07 02:49:39] 76561198050722159: Set the date to 2020/6/24 11:59
[COT 2020-07-07 02:49:40] 76561198050722159: Set the date to 2020/6/24 11:59
[COT 2020-07-07 02:49:40] 76561198050722159: Set the date to 2020/6/24 11:59
[COT 2020-07-07 02:49:41] 76561198050722159: Set the date to 2020/6/28 11:59
[COT 2020-07-07 02:49:41] 76561198050722159: Set the date to 2020/6/28 11:59
[COT 2020-07-07 02:49:41] 76561198050722159: Set the date to 2020/7/31 11:59
[COT 2020-07-07 02:49:41] 76561198050722159: Set the date to 2020/7/31 11:59
[COT 2020-07-07 02:49:42] 76561198050722159: Set the date to 2020/8/18 11:59
[COT 2020-07-07 02:49:42] 76561198050722159: Set the date to 2020/8/18 11:59
[COT 2020-07-07 02:49:42] 76561198050722159: Set the date to 2020/2/6 11:59
[COT 2020-07-07 02:49:42] 76561198050722159: Set the date to 2020/2/6 11:59
[COT 2020-07-07 02:49:43] 76561198050722159: Set the date to 2020/5/1 11:59
[COT 2020-07-07 02:49:43] 76561198050722159: Set the date to 2020/5/1 11:59
[COT 2020-07-07 02:49:44] 76561198050722159: Set the date to 2020/5/1 12:42
[COT 2020-07-07 02:49:44] 76561198050722159: Set the date to 2020/5/1 12:42
[COT 2020-07-07 02:49:44] 76561198050722159: Set the date to 2020/5/1 15:20
[COT 2020-07-07 02:49:44] 76561198050722159: Set the date to 2020/5/1 15:20
[COT 2020-07-07 02:49:45] 76561198050722159: Set the date to 2020/5/1 10:18
[COT 2020-07-07 02:49:45] 76561198050722159: Set the date to 2020/5/1 10:18
[COT 2020-07-07 02:49:46] 76561198050722159: Set the date to 2020/5/1 6:57
[COT 2020-07-07 02:49:46] 76561198050722159: Set the date to 2020/5/1 6:57
[COT 2020-07-07 02:49:46] 76561198050722159: Set the date to 2020/5/1 11:16
[COT 2020-07-07 02:49:46] 76561198050722159: Set the date to 2020/5/1 11:16
[COT 2020-07-07 02:49:47] 76561198050722159: Set the date to 2020/5/1 17:30
[COT 2020-07-07 02:49:47] 76561198050722159: Set the date to 2020/5/1 17:30
[COT 2020-07-07 02:49:48] 76561198050722159: Set the date to 2020/5/1 11:59
[COT 2020-07-07 02:49:48] 76561198050722159: Set the date to 2020/5/1 11:59
[COT 2020-07-07 02:50:08] 76561197997236738: Spawned Entity  (Building<567b7d30>, -1, 0) at <1973.367676, 445.818573, 15046.997070>
[COT 2020-07-07 02:50:27] 76561198050722159: Spawned Entity Medium Safe (ExpansionSafeMedium<54639510>, -1, 10000) at <1966.532227, 445.921722, 15038.324219>
[COT 2020-07-07 02:50:49] 76561197997236738: Healed [guid=uvtdMd_cBerqVHmKHzn52eKFl-8jD7P9CNZONWv9pR0=]
[COT 2020-07-07 02:51:42] 76561197997236738: Spawned Entity MVS Canteen - Multicam Black (Canteen<54ba5e20>, 1000, 100) at <1957.799927, 445.221283, 15048.183594>
[COT 2020-07-07 02:51:42] 76561197997236738: Spawned Entity MVS Canteen - Multicam Black (Canteen<54b9e8f0>, 1000, 100) at <1957.799927, 445.221283, 15048.183594>
[COT 2020-07-07 02:53:19] 76561197997236738: Teleported to position <1872.709839, 435.309052, 14890.528320>
[COT 2020-07-07 02:53:19] 76561197997236738: Teleported to position <1855.766602, 434.945923, 14860.659180>
[COT 2020-07-07 02:53:19] 76561197997236738: Teleported to position <1855.837524, 434.960815, 14860.786133>
[COT 2020-07-07 02:53:19] 76561197997236738: Teleported to position <1855.898682, 434.973694, 14860.895508>
[COT 2020-07-07 02:53:19] 76561197997236738: Teleported to position <1855.950806, 434.984650, 14860.987305>
[COT 2020-07-07 02:53:19] 76561197997236738: Teleported to position <1856.005859, 434.996338, 14861.087891>
[COT 2020-07-07 02:53:19] 76561197997236738: Teleported to position <1856.062134, 435.008209, 14861.188477>
[COT 2020-07-07 02:53:19] 76561197997236738: Teleported to position <1856.127441, 435.022003, 14861.306641>
[COT 2020-07-07 02:53:19] 76561197997236738: Teleported to position <1848.453613, 434.137177, 14847.651367>
[COT 2020-07-07 02:53:19] 76561197997236738: Teleported to position <1847.881348, 434.635315, 14846.742188>
[COT 2020-07-07 02:53:19] 76561197997236738: Teleported to position <1781.658447, 427.051636, 14728.940430>
[COT 2020-07-07 02:53:19] 76561197997236738: Teleported to position <1781.214355, 427.222137, 14728.195313>
[COT 2020-07-07 02:53:19] 76561197997236738: Teleported to position <1781.224365, 427.217743, 14728.215820>
[COT 2020-07-07 02:53:19] 76561197997236738: Teleported to position <1780.674194, 427.429932, 14727.287109>
[COT 2020-07-07 02:53:19] 76561197997236738: Teleported to position <1780.202515, 427.655579, 14726.500000>
[COT 2020-07-07 02:53:27] 76561197997236738: Teleported to position <1768.387695, 434.827698, 14693.089844>
[COT 2020-07-07 02:53:48] 76561198050722159: Deleted Entity ExpansionSafeMedium at <1953.453491, 445.185913, 15042.995117>
[COT 2020-07-07 02:53:56] 76561198050722159: Deleted Entity ExpansionBarbedWire at <1963.167847, 445.242065, 15042.924805>
[COT 2020-07-07 02:54:04] 76561198050722159: Deleted Entity ZmbM_HermitSkinny_Beige at <1966.773804, 445.240509, 15038.554688>
[COT 2020-07-07 02:54:16] 76561198050722159: Deleted Entity ExpansionBarbedWire at <1977.553833, 445.635925, 15039.695313>
[COT 2020-07-07 02:55:20] 76561198050722159: Teleported to position <2056.207520, 443.192932, 14970.862305>
[COT 2020-07-07 02:55:28] 76561198050722159: Teleported to position <2008.850586, 443.617676, 14998.738281>
[COT 2020-07-07 02:55:41] 76561198050722159: Teleported to position <1580.124634, 437.044373, 14783.472656>
[COT 2020-07-07 02:55:42] 76561198050722159: Teleported to position <1579.991211, 438.515228, 14783.538086>
[COT 2020-07-07 02:55:48] 76561198050722159: Teleported to position <1608.185669, 437.079895, 14784.018555>
[COT 2020-07-07 02:56:26] 76561198050722159: Teleported to position <1726.228516, 438.797058, 14732.005859>
[COT 2020-07-07 02:56:40] 76561198050722159: Teleported to position <1715.059570, 440.189667, 14719.911133>
[COT 2020-07-07 02:56:48] 76561198050722159: Teleported to position <1660.011108, 435.363068, 14906.022461>
[COT 2020-07-07 02:56:50] 76561198050722159: Teleported to position <1745.558594, 435.273651, 14723.149414>
[COT 2020-07-07 02:56:52] 76561198050722159: Teleported to position <1745.770386, 437.032593, 14722.002930>
[COT 2020-07-07 02:56:53] 76561198050722159: Teleported to position <1770.957520, 438.198059, 14667.663086>
[COT 2020-07-07 02:57:01] 76561198050722159: Teleported to position <1750.793213, 438.083466, 14698.511719>
[COT 2020-07-07 02:57:13] 76561197997236738: Teleported to position <1805.687134, 442.170837, 14966.182617>
[COT 2020-07-07 02:57:14] 76561197997236738: Teleported to position <1804.950562, 440.102509, 14964.769531>
[COT 2020-07-07 02:57:27] 76561197997236738: Teleported to position <1933.919189, 450.888184, 15052.887695>
[COT 2020-07-07 02:57:30] 76561197997236738: Teleported to position <1935.657593, 449.479156, 15057.364258>
[COT 2020-07-07 02:58:00] 76561198050722159: Teleported to position <1943.284668, 450.479797, 15054.436523>
[COT 2020-07-07 02:58:34] 76561197997236738: Teleported to position <1680.286987, 436.244202, 14940.395508>
[COT 2020-07-07 02:58:42] 76561197997236738: Teleported to position <1936.672241, 447.118958, 15049.444336>
[COT 2020-07-07 02:58:42] 76561197997236738: Teleported to position <1937.284790, 448.141144, 15049.825195>
[COT 2020-07-07 02:59:22] 76561198050722159: Teleported to position <1945.236816, 445.209991, 15059.984375>
[COT 2020-07-07 03:01:04] 76561197997236738: Teleported to position <1931.795532, 445.652924, 15077.418945>
[COT 2020-07-07 03:01:04] 76561197997236738: Teleported to position <1926.603149, 446.445221, 15093.222656>
[COT 2020-07-07 03:01:04] 76561197997236738: Teleported to position <1918.077881, 447.004944, 15110.830078>
[COT 2020-07-07 03:01:04] 76561197997236738: Teleported to position <1909.510254, 447.817688, 15124.160156>
[COT 2020-07-07 03:01:04] 76561197997236738: Teleported to position <1899.380737, 448.190918, 15138.863281>
[COT 2020-07-07 03:01:04] 76561197997236738: Teleported to position <1890.218994, 448.900208, 15152.575195>
[COT 2020-07-07 03:01:05] 76561197997236738: Teleported to position <1882.712280, 449.643951, 15167.010742>
[COT 2020-07-07 03:01:05] 76561197997236738: Teleported to position <1874.558838, 450.450500, 15180.595703>
[COT 2020-07-07 03:01:05] 76561197997236738: Teleported to position <1865.289551, 451.334656, 15193.730469>
[COT 2020-07-07 03:01:05] 76561197997236738: Teleported to position <1855.979248, 452.255798, 15206.846680>
[COT 2020-07-07 03:01:05] 76561197997236738: Teleported to position <1848.010986, 453.172058, 15218.557617>
[COT 2020-07-07 03:01:06] 76561197997236738: Teleported to position <1840.087891, 454.065308, 15230.230469>
[COT 2020-07-07 03:01:06] 76561197997236738: Teleported to position <1830.785889, 454.937012, 15243.570313>
[COT 2020-07-07 03:01:18] 76561197997236738: Teleported to position <1818.526123, 456.355682, 15275.750977>
[COT 2020-07-07 03:01:18] 76561197997236738: Teleported to position <1809.134277, 456.512573, 15288.276367>
[COT 2020-07-07 03:01:18] 76561197997236738: Teleported to position <1799.730591, 456.589417, 15300.793945>
[COT 2020-07-07 03:01:22] 76561197997236738: Teleported to position <1823.239990, 456.936005, 15296.087891>
[COT 2020-07-07 03:01:22] 76561197997236738: Teleported to position <1834.530518, 456.959137, 15293.115234>
[COT 2020-07-07 03:01:27] 76561197997236738: Teleported to position <1841.198730, 456.535797, 15275.921875>
[COT 2020-07-07 03:01:28] 76561197997236738: Teleported to position <1843.935913, 456.313721, 15267.889648>
[COT 2020-07-07 03:02:02] 76561197997236738: Teleported to position <1960.255371, 445.291992, 15055.146484>
[COT 2020-07-07 03:02:02] 76561197997236738: Teleported to position <1947.088257, 446.842834, 15071.675781>
[COT 2020-07-07 03:02:02] 76561197997236738: Teleported to position <1945.815674, 445.616791, 15070.544922>
[COT 2020-07-07 03:02:03] 76561197997236738: Teleported to position <1895.661865, 449.126190, 15157.181641>
[COT 2020-07-07 03:02:03] 76561197997236738: Teleported to position <1880.913940, 451.115570, 15190.551758>
[COT 2020-07-07 03:02:03] 76561197997236738: Teleported to position <1884.078003, 450.748169, 15185.182617>
[COT 2020-07-07 03:02:09] 76561197997236738: Teleported to position <1893.315430, 449.614014, 15166.928711>
[COT 2020-07-07 03:02:09] 76561197997236738: Teleported to position <1901.868652, 448.731506, 15149.659180>
[COT 2020-07-07 03:02:09] 76561197997236738: Teleported to position <1910.606201, 447.863800, 15132.051758>
[COT 2020-07-07 03:02:09] 76561197997236738: Teleported to position <1914.003540, 448.545532, 15124.890625>
[COT 2020-07-07 03:02:10] 76561197997236738: Teleported to position <1920.946533, 447.078522, 15111.921875>
[COT 2020-07-07 03:02:10] 76561197997236738: Teleported to position <1925.885620, 446.780396, 15102.582031>
[COT 2020-07-07 03:02:10] 76561197997236738: Teleported to position <1930.929688, 446.502045, 15093.105469>
[COT 2020-07-07 03:02:10] 76561197997236738: Teleported to position <1935.478394, 446.308380, 15084.601563>
[COT 2020-07-07 03:02:10] 76561197997236738: Teleported to position <1934.639648, 446.333557, 15086.032227>
[COT 2020-07-07 03:02:11] 76561197997236738: Teleported to position <1933.983276, 446.349487, 15086.942383>
[COT 2020-07-07 03:02:11] 76561197997236738: Teleported to position <1937.799316, 445.852417, 15078.920898>
[COT 2020-07-07 03:02:22] 76561197997236738: Teleported to position <1940.633789, 450.227966, 15052.451172>
