[COT 2020-07-06 04:28:30] 76561197997236738: Spawned vehicle Mh-6 Little Bird (ExpansionMh6) at <4630.102539, 339.000000, 10362.141602>
[COT 2020-07-06 04:31:15] 76561197997236738: Spawned vehicle Gyrocopter (ExpansionGyrocopter) at <4330.399902, 338.999969, 10887.342773>
[COT 2020-07-06 04:31:36] 76561197997236738: Set GodMode To true [guid=uvtdMd_cBerqVHmKHzn52eKFl-8jD7P9CNZONWv9pR0=]
[COT 2020-07-06 04:32:31] 76561197997236738: Spawned vehicle Gyrocopter (ExpansionGyrocopter) at <4311.908203, 339.000000, 10885.341797>
[COT 2020-07-06 04:32:51] 76561197997236738: Spawned vehicle UH-1H (ExpansionUh1h) at <4332.307617, 339.329956, 10864.005859>
[COT 2020-07-06 04:33:13] 76561197997236738: Set fog to 0.02 0 0
[COT 2020-07-06 04:33:14] 76561197997236738: Set fog to 0.02 0 0
[COT 2020-07-06 04:33:14] 76561197997236738: Set overcast to 0.4 0 0
[COT 2020-07-06 04:33:14] 76561197997236738: Set the date to 2020/8/10 21:37
[COT 2020-07-06 04:33:15] 76561197997236738: Set overcast to 0.4 0 0
[COT 2020-07-06 04:33:15] 76561197997236738: Set the date to 2020/8/10 21:37
[COT 2020-07-06 04:33:15] 76561197997236738: Set overcast to 0.11 0 0
[COT 2020-07-06 04:33:15] 76561197997236738: Set the date to 2020/8/10 21:37
[COT 2020-07-06 04:33:15] 76561197997236738: Set overcast to 0.11 0 0
[COT 2020-07-06 04:33:15] 76561197997236738: Set the date to 2020/8/10 21:37
[COT 2020-07-06 04:33:15] 76561197997236738: Set overcast to 0.08 0 0
[COT 2020-07-06 04:33:15] 76561197997236738: Set the date to 2020/8/10 21:37
[COT 2020-07-06 04:33:15] 76561197997236738: Set overcast to 0.08 0 0
[COT 2020-07-06 04:33:15] 76561197997236738: Set the date to 2020/8/10 21:37
[COT 2020-07-06 04:33:15] 76561197997236738: Set overcast to 0.05 0 0
[COT 2020-07-06 04:33:15] 76561197997236738: Set the date to 2020/8/10 21:37
[COT 2020-07-06 04:33:15] 76561197997236738: Set overcast to 0.05 0 0
[COT 2020-07-06 04:33:15] 76561197997236738: Set the date to 2020/8/10 21:37
[COT 2020-07-06 04:33:15] 76561197997236738: Set overcast to 0.01 0 0
[COT 2020-07-06 04:33:15] 76561197997236738: Set the date to 2020/8/10 21:37
[COT 2020-07-06 04:33:16] 76561197997236738: Set overcast to 0.01 0 0
[COT 2020-07-06 04:33:16] 76561197997236738: Set the date to 2020/8/10 21:37
[COT 2020-07-06 04:33:16] 76561197997236738: Set overcast to 0.06 0 0
[COT 2020-07-06 04:33:16] 76561197997236738: Set the date to 2020/8/10 21:37
[COT 2020-07-06 04:33:16] 76561197997236738: Set overcast to 0.06 0 0
[COT 2020-07-06 04:33:16] 76561197997236738: Set the date to 2020/8/10 21:37
[COT 2020-07-06 04:33:18] 76561197997236738: Set wind to 9.70124 0.48 1
[COT 2020-07-06 04:33:18] 76561197997236738: Set wind to 9.70124 0.48 1
[COT 2020-07-06 04:33:18] 76561197997236738: Set wind to 9.70124 0.01 1
[COT 2020-07-06 04:33:18] 76561197997236738: Set wind to 9.70124 0.01 1
[COT 2020-07-06 04:33:18] 76561197997236738: Set wind to 9.70124 0 1
[COT 2020-07-06 04:33:18] 76561197997236738: Set wind to 9.70124 0 1
[COT 2020-07-06 04:33:19] 76561197997236738: Set wind to 9.70124 0 1
[COT 2020-07-06 04:33:19] 76561197997236738: Set wind to 9.70124 0 1
[COT 2020-07-06 04:33:22] 76561197997236738: Set overcast to 0 0 0
[COT 2020-07-06 04:33:22] 76561197997236738: Set the date to 2020/8/10 21:37
[COT 2020-07-06 04:33:22] 76561197997236738: Set overcast to 0 0 0
[COT 2020-07-06 04:33:22] 76561197997236738: Set the date to 2020/8/10 21:37
[COT 2020-07-06 04:33:22] 76561197997236738: Set overcast to 0 0 0
[COT 2020-07-06 04:33:22] 76561197997236738: Set the date to 2020/8/10 21:37
[COT 2020-07-06 04:33:22] 76561197997236738: Set overcast to 0 0 0
[COT 2020-07-06 04:33:22] 76561197997236738: Set the date to 2020/8/10 21:37
[COT 2020-07-06 04:33:23] 76561197997236738: Set rain to 0 0 0
[COT 2020-07-06 04:33:23] 76561197997236738: Set storm to 0 0.8 4000
[COT 2020-07-06 04:33:23] 76561197997236738: Set fog to 0.02 0 0
[COT 2020-07-06 04:33:23] 76561197997236738: Set overcast to 0 0 0
[COT 2020-07-06 04:33:23] 76561197997236738: Set the date to 2020/8/10 21:32
[COT 2020-07-06 04:33:23] 76561197997236738: Set wind to 0 0 1
[COT 2020-07-06 04:33:24] 76561197997236738: Set the date to 2020/8/10 20:37
[COT 2020-07-06 04:33:25] 76561197997236738: Set the date to 2020/8/10 20:37
[COT 2020-07-06 04:33:25] 76561197997236738: Set the date to 2020/8/10 13:11
[COT 2020-07-06 04:33:25] 76561197997236738: Set the date to 2020/8/10 13:11
[COT 2020-07-06 04:33:27] 76561197997236738: Set rain to 0 0 0
[COT 2020-07-06 04:33:27] 76561197997236738: Set storm to 0 0.8 4000
[COT 2020-07-06 04:33:27] 76561197997236738: Set fog to 0.02 0 0
[COT 2020-07-06 04:33:27] 76561197997236738: Set overcast to 0 0 0
[COT 2020-07-06 04:33:27] 76561197997236738: Set the date to 2020/8/10 13:11
[COT 2020-07-06 04:33:27] 76561197997236738: Set wind to 0 0 1
[COT 2020-07-06 04:34:11] 76561197997236738: Spawned Entity Gyrocopter (ExpansionGyrocopter<1be307f0>, -1, 7500) at <4321.255859, 338.999969, 10845.947266>
[COT 2020-07-06 04:35:24] 76561197997236738: Teleported uvtdMd_cBerqVHmKHzn52eKFl-8jD7P9CNZONWv9pR0= to (NW Airfield ATC, <4618.810059, 339.000000, 10440.630859>)
[COT 2020-07-06 04:35:28] 76561197997236738: Teleported uvtdMd_cBerqVHmKHzn52eKFl-8jD7P9CNZONWv9pR0= to (NW Airfield ATC, <4619.588379, 339.000000, 10439.182617>)
[COT 2020-07-06 04:35:28] 76561197997236738: Teleported uvtdMd_cBerqVHmKHzn52eKFl-8jD7P9CNZONWv9pR0= to (NW Airfield ATC, <4620.095215, 339.000000, 10439.923828>)
[COT 2020-07-06 04:35:28] 76561197997236738: Teleported uvtdMd_cBerqVHmKHzn52eKFl-8jD7P9CNZONWv9pR0= to (NW Airfield ATC, <4616.977539, 339.000000, 10438.272461>)
[COT 2020-07-06 04:35:44] 76561197997236738: Teleported to position <4555.570801, 339.000000, 10451.961914>
[COT 2020-07-06 04:36:32] 76561197997236738: Spawned Entity Helicopter Battery (ExpansionHelicopterBattery<a606ca40>, -1, 100) at <4662.400391, 339.012451, 10364.612305>
[COT 2020-07-06 04:36:54] 76561197997236738: Spawned Entity Spark Plug (SparkPlug<9fdea3b0>, -1, 20) at <4665.711914, 339.012451, 10365.347656>
[COT 2020-07-06 04:37:17] 76561197997236738: Healed [guid=uvtdMd_cBerqVHmKHzn52eKFl-8jD7P9CNZONWv9pR0=]
[COT 2020-07-06 04:37:37] 76561197997236738: Healed [guid=uvtdMd_cBerqVHmKHzn52eKFl-8jD7P9CNZONWv9pR0=]
[COT 2020-07-06 04:38:10] 76561197997236738: Spawned Entity Igniter Plug (GlowPlug<a848cdc0>, -1, 20) at <4664.154297, 339.012421, 10361.947266>
[COT 2020-07-06 04:38:57] 76561197997236738: Item set Expansion Floor spawned on uvtdMd_cBerqVHmKHzn52eKFl-8jD7P9CNZONWv9pR0=
[COT 2020-07-06 04:38:57] 76561197997236738: Item set Expansion Floor spawned on <4639.369629, 339.000031, 10363.762695>
[COT 2020-07-06 04:41:18] 76561197997236738: Entered the Free Camera
[COT 2020-07-06 04:42:08] 76561197997236738: Left the Free Camera
[COT 2020-07-06 04:42:35] 76561197997236738: Spawned vehicle Vodnik (ExpansionVodnik) at <4560.202637, 339.172211, 10400.318359>
[COT 2020-07-06 04:43:46] 76561197997236738: Spawned vehicle LHD-9 USS Khe Sanh (ExpansionLHD) at <4637.419922, 338.999969, 10345.392578>
