[COT 2020-10-14 20:36:47] 76561197997236738: Spawned vehicle Gyrocopter (ExpansionGyrocopter) at <4642.890625, 339.000000, 10362.455078>
[COT 2020-10-14 20:40:04] 76561197997236738: Teleported to position <3556.367676, 343.613678, 9430.321289>
[COT 2020-10-14 20:40:05] 76561197997236738: Teleported to position <3552.269287, 343.171295, 9434.419922>
[COT 2020-10-14 20:42:11] 76561197997236738: Teleported to position <1123.712646, 5.535629, 2420.577393>
[COT 2020-10-14 20:43:16] 76561197997236738: Teleported to position <923.345642, 5.457510, 1831.753174>
[COT 2020-10-14 20:43:43] 76561197997236738: Spawned vehicle UH-1H (ExpansionUh1h) at <947.754028, 2.151804, 1802.931763>
[COT 2020-10-14 20:50:25] 76561197997236738: Teleported to position <2768.055420, 25.934643, 1269.314575>
[COT 2020-10-14 20:50:41] 76561197997236738: Teleported to position <2579.672852, 21.014008, 1332.401733>
[COT 2020-10-14 20:52:57] 76561197997236738: Teleported to position <1187.714600, 3.104660, 2211.458008>
[COT 2020-10-14 20:54:45] 76561197997236738: Spawned vehicle Cator 2009 (ExpansionTractor) at <1475.644897, 5.378412, 2127.596191>
[COT 2020-10-14 20:55:18] 76561197997236738: Spawned vehicle An-2 (ExpansionAn2) at <1476.045898, 5.402163, 2128.210449>
[COT 2020-10-14 20:55:34] 76561197997236738: Deleted Entity ExpansionAn2:08646 at <1476.178101, 5.421983, 2127.915771>
[COT 2020-10-14 21:00:00] 76561197997236738: Teleported [guid=UbUhdrF3XROqfFERb5c8x5XBDuMms-EQmK4MWA45UoE=] to <1500.418335, 6.092864, 2148.234863>
[COT 2020-10-14 21:00:13] 76561197997236738: Item set MVS Loadout spawned on <1494.236816, 5.967785, 2156.416260>
[COT 2020-10-14 21:01:02] 76561197997236738: Healed [guid=UbUhdrF3XROqfFERb5c8x5XBDuMms-EQmK4MWA45UoE=]
[COT 2020-10-14 21:02:27] 76561197997236738: Stripped [guid=UbUhdrF3XROqfFERb5c8x5XBDuMms-EQmK4MWA45UoE=]
[COT 2020-10-14 21:02:36] 76561197997236738: Teleported [guid=UbUhdrF3XROqfFERb5c8x5XBDuMms-EQmK4MWA45UoE=] to <8304.809570, 7.484965, 2920.429932>
[COT 2020-10-14 21:02:56] 76561197997236738: Healed [guid=UbUhdrF3XROqfFERb5c8x5XBDuMms-EQmK4MWA45UoE=]
[COT 2020-10-14 21:03:04] 76561197997236738: Healed [guid=UbUhdrF3XROqfFERb5c8x5XBDuMms-EQmK4MWA45UoE=]
[COT 2020-10-14 21:03:38] 76561197997236738: Set Health To 0 [guid=UbUhdrF3XROqfFERb5c8x5XBDuMms-EQmK4MWA45UoE=]
[COT 2020-10-14 21:04:09] 76561197997236738: Teleported [guid=UbUhdrF3XROqfFERb5c8x5XBDuMms-EQmK4MWA45UoE=] to <8316.179688, 7.395252, 2916.309570>
[COT 2020-10-14 21:04:15] 76561197997236738: Item set MVS Loadout spawned on <8311.029297, 7.413293, 2912.215088>
[COT 2020-10-14 21:04:16] 76561197997236738: Item set MVS Loadout spawned on <8311.556641, 7.583488, 2912.533447>
[COT 2020-10-14 21:05:44] 76561197997236738: Teleported [guid=UbUhdrF3XROqfFERb5c8x5XBDuMms-EQmK4MWA45UoE=] to <8316.666016, 8.290713, 2906.721191>
[COT 2020-10-14 21:06:07] 76561197997236738: Healed [guid=UbUhdrF3XROqfFERb5c8x5XBDuMms-EQmK4MWA45UoE=]
[COT 2020-10-14 21:06:09] 76561197997236738: Healed [guid=uvtdMd_cBerqVHmKHzn52eKFl-8jD7P9CNZONWv9pR0=]
[COT 2020-10-14 21:06:32] 76561197997236738: Teleported to position <1126.723633, 5.581910, 2421.283203>
[COT 2020-10-14 21:06:44] 76561197997236738: Teleported [guid=UbUhdrF3XROqfFERb5c8x5XBDuMms-EQmK4MWA45UoE=] to <1126.723633, 5.581910, 2421.283203>
[COT 2020-10-14 21:08:30] 76561197997236738: Spawned vehicle Gyrocopter (ExpansionGyrocopter) at <1139.038940, 5.881942, 2408.155762>
[COT 2020-10-14 21:09:32] 76561197997236738: Teleported [guid=UbUhdrF3XROqfFERb5c8x5XBDuMms-EQmK4MWA45UoE=] to <1129.689209, 5.324280, 2460.804443>
[COT 2020-10-14 21:09:43] 76561197997236738: Spawned vehicle Gyrocopter (ExpansionGyrocopter) at <1126.375977, 5.263555, 2459.769531>
[COT 2020-10-14 21:09:59] 76561197997236738: Spawned vehicle Vodnik (ExpansionVodnik) at <1128.660400, 5.291399, 2461.791504>
[COT 2020-10-14 21:10:16] 76561197997236738: Deleted Entity ExpansionVodnikWheel:035322 at <1127.670288, 5.990341, 2463.454346>
[COT 2020-10-14 21:10:18] 76561197997236738: Deleted Entity ExpansionVodnikDoorDriver:041853 at <1127.646851, 6.884582, 2464.047607>
[COT 2020-10-14 21:10:19] 76561197997236738: Deleted Entity ExpansionVodnik:027663 at <1128.636230, 7.508653, 2461.859131>
[COT 2020-10-14 21:10:34] 76561197997236738: Spawned vehicle Mh-6 Little Bird (ExpansionMh6) at <1136.489014, 5.373228, 2467.845703>
[COT 2020-10-14 21:10:51] 76561197997236738: Spawned vehicle Mh-6 Little Bird (ExpansionMh6) at <1135.006104, 4.768701, 2493.980957>
[COT 2020-10-14 21:11:21] 76561197997236738: Spawned vehicle UH-1H (ExpansionUh1h) at <1103.178711, 4.943088, 2452.738770>
[COT 2020-10-14 21:13:00] 76561197997236738: Set GodMode To true [guid=uvtdMd_cBerqVHmKHzn52eKFl-8jD7P9CNZONWv9pR0=]
[COT 2020-10-14 21:13:28] 76561197997236738: Spawned vehicle Merlin (ExpansionMerlin) at <1130.428833, 5.987322, 2381.705811>
[COT 2020-10-14 21:13:40] 76561197997236738: Deleted Entity ExpansionMerlin:031628 at <1130.380615, 9.812286, 2381.562744>
[COT 2020-10-14 21:13:51] 76561197997236738: Spawned vehicle Merlin (ExpansionMerlin) at <1125.668823, 5.920598, 2365.135254>
[COT 2020-10-14 21:15:11] 76561197997236738: Teleported [guid=uvtdMd_cBerqVHmKHzn52eKFl-8jD7P9CNZONWv9pR0=] to <1113.532715, 99.322876, 2347.374023>
[COT 2020-10-14 21:15:35] 76561197997236738: Teleported [guid=UbUhdrF3XROqfFERb5c8x5XBDuMms-EQmK4MWA45UoE=] to <1103.036743, 264.266602, 2300.497070>
[COT 2020-10-14 21:16:37] 76561197997236738: Teleported [guid=UbUhdrF3XROqfFERb5c8x5XBDuMms-EQmK4MWA45UoE=] to <1101.822144, 168.033279, 2296.784668>
[COT 2020-10-14 21:16:45] 76561197997236738: Teleported [guid=UbUhdrF3XROqfFERb5c8x5XBDuMms-EQmK4MWA45UoE=] to <1101.315552, 171.186432, 2296.653076>
[COT 2020-10-14 21:16:51] 76561197997236738: Teleported [guid=UbUhdrF3XROqfFERb5c8x5XBDuMms-EQmK4MWA45UoE=] to <1100.831055, 167.415039, 2296.497070>
[COT 2020-10-14 21:16:52] 76561197997236738: Teleported [guid=UbUhdrF3XROqfFERb5c8x5XBDuMms-EQmK4MWA45UoE=] to <1100.347778, 168.772675, 2296.336182>
[COT 2020-10-14 21:17:00] 76561197997236738: Teleported [guid=UbUhdrF3XROqfFERb5c8x5XBDuMms-EQmK4MWA45UoE=] to <1100.849731, 171.271988, 2297.581787>
[COT 2020-10-14 21:18:04] 76561197997236738: Teleported [guid=UbUhdrF3XROqfFERb5c8x5XBDuMms-EQmK4MWA45UoE=] to <1100.643677, 170.552078, 2296.263428>
[COT 2020-10-14 21:18:17] 76561197997236738: Teleported [guid=UbUhdrF3XROqfFERb5c8x5XBDuMms-EQmK4MWA45UoE=] to <1100.052734, 170.275726, 2295.160645>
[COT 2020-10-14 21:18:20] 76561197997236738: Teleported [guid=UbUhdrF3XROqfFERb5c8x5XBDuMms-EQmK4MWA45UoE=] to <1100.055176, 178.671661, 2295.164307>
[COT 2020-10-14 21:19:10] 76561197997236738: Teleported [guid=UbUhdrF3XROqfFERb5c8x5XBDuMms-EQmK4MWA45UoE=] to <1139.564697, 6.032058, 2379.281494>
[COT 2020-10-14 21:20:08] 76561197997236738: Teleported to position <991.999512, 12.535562, 2420.906982>
[COT 2020-10-14 21:20:10] 76561197997236738: Teleported to position <1023.999939, 3.669195, 2372.905762>
[COT 2020-10-14 21:20:51] 76561197997236738: Spawned vehicle Mh-6 Little Bird (ExpansionMh6) at <1108.514648, 5.821191, 2367.772461>
[COT 2020-10-14 21:21:56] 76561197997236738: Teleported to position <4497.617676, 340.937561, 10281.610352>
[COT 2020-10-14 21:22:03] 76561197997236738: Teleported [guid=UbUhdrF3XROqfFERb5c8x5XBDuMms-EQmK4MWA45UoE=] to <4497.636230, 340.952637, 10281.624023>
[COT 2020-10-14 21:22:19] 76561197997236738: Spawned vehicle Merlin (ExpansionMerlin) at <4447.862305, 339.000061, 10269.603516>
[COT 2020-10-14 21:22:57] 76561197997236738: Teleported UbUhdrF3XROqfFERb5c8x5XBDuMms-EQmK4MWA45UoE= to (NW Airfield ATC, <4618.124023, 339.000000, 10437.913086>)
[COT 2020-10-14 21:23:05] 76561197997236738: Teleported uvtdMd_cBerqVHmKHzn52eKFl-8jD7P9CNZONWv9pR0= to (NW Airfield ATC, <4618.671387, 339.000000, 10441.126953>)
[COT 2020-10-14 21:23:42] 76561197997236738: Spawned vehicle Merlin (ExpansionMerlin) at <4637.049316, 339.000000, 10331.730469>
[COT 2020-10-14 21:24:00] 76561197997236738: Item set MVS Loadout spawned on <4637.144531, 340.316620, 10326.949219>
[COT 2020-10-14 21:25:49] 76561197997236738: Spawned Entity $UNT$Long Range Scope (LongrangeOptic<c3b63470>, -1, 100) at <4683.936035, 876.346619, 10894.117188>
[COT 2020-10-14 21:26:55] 76561197997236738: Teleported [guid=UbUhdrF3XROqfFERb5c8x5XBDuMms-EQmK4MWA45UoE=] to <11813.546875, 2.793796, 3398.296143>
[COT 2020-10-14 21:27:54] 76561197997236738: Healed [guid=uvtdMd_cBerqVHmKHzn52eKFl-8jD7P9CNZONWv9pR0=]
[COT 2020-10-14 21:30:53] 76561197997236738: Item set MVS Loadout spawned on <12210.408203, 5.858420, 3506.641602>
