[COT 2020-07-07 00:03:19] 76561197997236738: Healed [guid=uvtdMd_cBerqVHmKHzn52eKFl-8jD7P9CNZONWv9pR0=]
[COT 2020-07-07 00:03:27] 76561197997236738: Stripped [guid=uvtdMd_cBerqVHmKHzn52eKFl-8jD7P9CNZONWv9pR0=]
[COT 2020-07-07 00:03:54] 76561197997236738: Spawned Entity MVS Heavy - Black (ModularVestSystem_Heavy<8dde5f50>, -1, 100) on 76561197997236738
[COT 2020-07-07 00:04:08] 76561197997236738: Spawned Entity Steak Knife (SteakKnife<8dde83e0>, -1, 50) on 76561197997236738
[COT 2020-07-07 00:06:59] 76561197997236738: Teleported uvtdMd_cBerqVHmKHzn52eKFl-8jD7P9CNZONWv9pR0= to (Sosnovka, <2512.466064, 306.366852, 6371.314941>)
[COT 2020-07-07 00:07:27] 76561197997236738: Teleported to position <1938.705078, 294.458832, 6769.496094>
[COT 2020-07-07 00:07:59] 76561197997236738: Teleported to position <2154.785645, 280.410919, 7347.212891>
[COT 2020-07-07 00:08:30] 76561197997236738: Teleported to position <2524.286621, 299.372253, 6299.671387>
[COT 2020-07-07 00:08:38] 76561197997236738: Entered the Free Camera
[COT 2020-07-07 00:08:42] 76561197997236738: Left the Free Camera
[COT 2020-07-07 00:08:44] 76561197997236738: Teleported to position <2597.612061, 301.185760, 6269.460449>
[COT 2020-07-07 00:08:44] 76561197997236738: Teleported to position <2614.151611, 303.416809, 6265.131348>
[COT 2020-07-07 00:08:44] 76561197997236738: Teleported to position <2614.184570, 303.417816, 6265.081055>
[COT 2020-07-07 00:08:44] 76561197997236738: Teleported to position <2614.211426, 303.418579, 6265.040039>
[COT 2020-07-07 00:08:44] 76561197997236738: Teleported to position <2614.237549, 303.419189, 6265.000000>
[COT 2020-07-07 00:08:44] 76561197997236738: Teleported to position <2614.260010, 303.419678, 6264.963379>
[COT 2020-07-07 00:08:44] 76561197997236738: Teleported to position <2615.338867, 303.569366, 6264.669434>
[COT 2020-07-07 00:08:44] 76561197997236738: Teleported to position <2621.442383, 304.407928, 6263.165527>
[COT 2020-07-07 00:08:44] 76561197997236738: Teleported to position <2627.672607, 305.252014, 6261.630371>
[COT 2020-07-07 00:08:45] 76561197997236738: Teleported to position <2653.159668, 308.153412, 6255.228516>
[COT 2020-07-07 00:08:45] 76561197997236738: Teleported to position <2672.057861, 309.175293, 6250.075195>
[COT 2020-07-07 00:08:45] 76561197997236738: Teleported to position <2683.222900, 309.682465, 6246.727051>
[COT 2020-07-07 00:08:46] 76561197997236738: Teleported to position <2687.010010, 308.014709, 6228.825684>
[COT 2020-07-07 00:08:46] 76561197997236738: Teleported to position <2690.104980, 307.024841, 6218.408691>
[COT 2020-07-07 00:08:47] 76561197997236738: Teleported to position <2693.189209, 305.916168, 6208.416016>
[COT 2020-07-07 00:08:47] 76561197997236738: Teleported to position <2695.933350, 304.564911, 6198.936035>
[COT 2020-07-07 00:08:47] 76561197997236738: Teleported to position <2698.693359, 303.047791, 6189.482910>
[COT 2020-07-07 00:09:12] 76561197997236738: Teleported to position <2659.715576, 207.243652, 5488.227539>
[COT 2020-07-07 00:09:13] 76561197997236738: Teleported to position <2714.266602, 208.048981, 5528.225098>
[COT 2020-07-07 00:09:13] 76561197997236738: Teleported to position <2714.266602, 208.050812, 5528.265625>
[COT 2020-07-07 00:09:13] 76561197997236738: Teleported to position <2714.265869, 208.052582, 5528.305664>
[COT 2020-07-07 00:09:13] 76561197997236738: Teleported to position <2714.265381, 208.053589, 5528.341309>
[COT 2020-07-07 00:09:13] 76561197997236738: Teleported to position <2714.264404, 208.055923, 5528.379395>
[COT 2020-07-07 00:09:13] 76561197997236738: Teleported to position <2714.263428, 208.056503, 5528.404785>
[COT 2020-07-07 00:09:13] 76561197997236738: Teleported to position <2714.262695, 208.058685, 5528.440918>
[COT 2020-07-07 00:09:13] 76561197997236738: Teleported to position <2714.261963, 208.059952, 5528.468750>
[COT 2020-07-07 00:09:13] 76561197997236738: Teleported to position <2700.459961, 298.928528, 6164.085449>
[COT 2020-07-07 00:09:18] 76561197997236738: Teleported to position <2722.625977, 268.043823, 5998.571777>
[COT 2020-07-07 00:09:18] 76561197997236738: Teleported to position <2723.225586, 268.903992, 5991.539063>
[COT 2020-07-07 00:09:18] 76561197997236738: Teleported to position <2723.227295, 268.911469, 5991.510742>
[COT 2020-07-07 00:09:18] 76561197997236738: Teleported to position <2723.232422, 268.921539, 5991.471680>
