[COT 2020-07-07 00:25:34] 76561197997236738: Item set MVS Gear spawned on <2725.076172, 263.529846, 5956.959473>
[COT 2020-07-07 00:26:05] 76561197997236738: Item set MVS Gear spawned on <2722.651367, 263.157013, 5968.188965>
[COT 2020-07-07 00:26:08] 76561197997236738: Item set MVS Gear spawned on <2722.651367, 263.157013, 5968.188965>
[COT 2020-07-07 00:26:27] 76561197997236738: Teleported to position <2717.985352, 268.975067, 5979.641602>
[COT 2020-07-07 00:26:56] 76561197997236738: Spawned Entity MVS Rucksack - Black (MountainBag_ColorBase<67cbf70>, -1, 300) at <2722.133789, 270.671021, 5984.300293>
[COT 2020-07-07 00:27:18] 76561197997236738: Teleported to position <2717.739746, 266.050018, 6014.807129>
[COT 2020-07-07 00:27:19] 76561197997236738: Teleported to position <2716.706787, 266.335114, 6025.298340>
[COT 2020-07-07 00:27:19] 76561197997236738: Teleported to position <2716.343018, 268.283997, 6030.577148>
[COT 2020-07-07 00:27:20] 76561197997236738: Teleported to position <2714.666748, 276.738892, 6046.190918>
[COT 2020-07-07 00:27:20] 76561197997236738: Teleported to position <2714.741943, 275.714203, 6044.940430>
[COT 2020-07-07 00:27:20] 76561197997236738: Teleported to position <2714.867432, 274.943054, 6043.770020>
[COT 2020-07-07 00:27:20] 76561197997236738: Teleported to position <2714.966309, 274.414948, 6042.967285>
[COT 2020-07-07 00:27:20] 76561197997236738: Teleported to position <2715.043701, 274.004608, 6042.342285>
[COT 2020-07-07 00:27:20] 76561197997236738: Teleported to position <2715.005127, 274.344574, 6042.859375>
[COT 2020-07-07 00:27:20] 76561197997236738: Teleported to position <2714.690674, 276.219666, 6045.987793>
[COT 2020-07-07 00:27:24] 76561197997236738: Teleported to position <2706.794922, 281.621216, 6073.120605>
[COT 2020-07-07 00:27:25] 76561197997236738: Teleported to position <2703.021973, 284.691559, 6087.506348>
[COT 2020-07-07 00:27:25] 76561197997236738: Teleported to position <2699.657471, 287.601990, 6100.618652>
[COT 2020-07-07 00:27:25] 76561197997236738: Teleported to position <2696.537598, 290.315430, 6113.560059>
[COT 2020-07-07 00:27:25] 76561197997236738: Teleported to position <2695.886230, 291.672089, 6119.979492>
[COT 2020-07-07 00:27:25] 76561197997236738: Teleported to position <2696.465820, 293.308716, 6128.574219>
[COT 2020-07-07 00:27:26] 76561197997236738: Teleported to position <2697.392334, 295.004883, 6139.022461>
[COT 2020-07-07 00:27:26] 76561197997236738: Teleported to position <2698.409180, 297.244598, 6153.574707>
[COT 2020-07-07 00:27:26] 76561197997236738: Teleported to position <2699.211182, 299.080841, 6165.563477>
[COT 2020-07-07 00:27:26] 76561197997236738: Teleported to position <2699.872314, 300.836029, 6176.455078>
[COT 2020-07-07 00:27:26] 76561197997236738: Teleported to position <2700.337158, 302.495850, 6185.867188>
[COT 2020-07-07 00:27:47] 76561197997236738: Spawned Entity Kitchen Knife (KitchenKnife<67a51e0>, -1, 80) at <2698.059326, 301.606384, 6181.662598>
[COT 2020-07-07 00:31:05] 76561197997236738: Item set MVS Gear spawned on <14718.972656, 3.514890, 13237.283203>
[COT 2020-07-07 00:31:21] 76561197997236738: Item set Platform spawned on <14723.867188, 3.701608, 13237.129883>
