[COT 2020-07-09 03:02:10] 76561197997236738: Set the date to 2020/8/10 9:6
[COT 2020-07-09 03:02:11] 76561197997236738: Set the date to 2020/8/10 9:6
[COT 2020-07-09 03:02:12] 76561197997236738: Set the date to 2020/6/24 9:6
[COT 2020-07-09 03:02:12] 76561197997236738: Set the date to 2020/6/24 9:6
[COT 2020-07-09 03:02:13] 76561197997236738: Set the date to 2020/5/22 9:6
[COT 2020-07-09 03:02:13] 76561197997236738: Set the date to 2020/5/22 9:6
[COT 2020-07-09 03:02:13] 76561197997236738: Set the date to 2020/6/10 9:6
[COT 2020-07-09 03:02:13] 76561197997236738: Set the date to 2020/6/10 9:6
[COT 2020-07-09 03:02:15] 76561197997236738: Set wind to 2.12832 0.03 1
[COT 2020-07-09 03:02:15] 76561197997236738: Set wind to 2.12832 0.03 1
[COT 2020-07-09 03:02:15] 76561197997236738: Set wind to 2.12832 0.02 1
[COT 2020-07-09 03:02:15] 76561197997236738: Set wind to 2.12832 0.02 1
[COT 2020-07-09 03:02:16] 76561197997236738: Set overcast to 0.07 0 0
[COT 2020-07-09 03:02:16] 76561197997236738: Set the date to 2020/6/10 9:11
[COT 2020-07-09 03:02:16] 76561197997236738: Set overcast to 0.07 0 0
[COT 2020-07-09 03:02:16] 76561197997236738: Set the date to 2020/6/10 9:11
[COT 2020-07-09 03:02:16] 76561197997236738: Set overcast to 0.01 0 0
[COT 2020-07-09 03:02:16] 76561197997236738: Set the date to 2020/6/10 9:11
[COT 2020-07-09 03:02:16] 76561197997236738: Set overcast to 0.01 0 0
[COT 2020-07-09 03:02:16] 76561197997236738: Set the date to 2020/6/10 9:11
[COT 2020-07-09 03:02:16] 76561197997236738: Set overcast to 0.01 0 0
[COT 2020-07-09 03:02:16] 76561197997236738: Set the date to 2020/6/10 9:11
[COT 2020-07-09 03:02:17] 76561197997236738: Set overcast to 0.01 0 0
[COT 2020-07-09 03:02:17] 76561197997236738: Set the date to 2020/6/10 9:11
[COT 2020-07-09 03:02:17] 76561197997236738: Set overcast to 0 0 0
[COT 2020-07-09 03:02:17] 76561197997236738: Set the date to 2020/6/10 9:11
[COT 2020-07-09 03:02:17] 76561197997236738: Set overcast to 0 0 0
[COT 2020-07-09 03:02:17] 76561197997236738: Set the date to 2020/6/10 9:11
[COT 2020-07-09 03:02:18] 76561197997236738: Set the date to 2020/6/10 3:21
[COT 2020-07-09 03:02:19] 76561197997236738: Set the date to 2020/6/10 3:21
[COT 2020-07-09 03:02:19] 76561197997236738: Set the date to 2020/6/10 7:11
[COT 2020-07-09 03:02:19] 76561197997236738: Set the date to 2020/6/10 7:11
[COT 2020-07-09 03:02:21] 76561197997236738: Set rain to 0 0 0
[COT 2020-07-09 03:02:21] 76561197997236738: Set storm to 0 0.8 4000
[COT 2020-07-09 03:02:21] 76561197997236738: Set fog to 0.0377717 0 0
[COT 2020-07-09 03:02:21] 76561197997236738: Set overcast to 0 0 0
[COT 2020-07-09 03:02:21] 76561197997236738: Set the date to 2020/6/10 7:11
[COT 2020-07-09 03:02:21] 76561197997236738: Set wind to 0.02 0.02 1
[COT 2020-07-09 03:02:23] 76561197997236738: Set the date to 2020/4/20 7:11
[COT 2020-07-09 03:02:23] 76561197997236738: Set the date to 2020/4/20 7:11
[COT 2020-07-09 03:02:26] 76561197997236738: Set the date to 2020/3/18 7:11
[COT 2020-07-09 03:02:26] 76561197997236738: Set the date to 2020/3/18 7:11
[COT 2020-07-09 03:02:27] 76561197997236738: Set the date to 2020/3/29 7:11
[COT 2020-07-09 03:02:27] 76561197997236738: Set the date to 2020/3/29 7:11
[COT 2020-07-09 03:02:28] 76561197997236738: Set the date to 2020/3/18 7:11
[COT 2020-07-09 03:02:28] 76561197997236738: Set the date to 2020/3/18 7:11
[COT 2020-07-09 03:02:29] 76561197997236738: Set the date to 2020/3/29 7:11
[COT 2020-07-09 03:02:29] 76561197997236738: Set the date to 2020/3/29 7:11
[COT 2020-07-09 03:02:29] 76561197997236738: Set the date to 2020/4/5 7:11
[COT 2020-07-09 03:02:30] 76561197997236738: Set the date to 2020/4/5 7:11
[COT 2020-07-09 03:02:31] 76561197997236738: Set the date to 2020/4/12 7:11
[COT 2020-07-09 03:02:31] 76561197997236738: Set the date to 2020/4/12 7:11
[COT 2020-07-09 03:02:31] 76561197997236738: Set the date to 2020/4/12 7:11
[COT 2020-07-09 03:02:31] 76561197997236738: Set the date to 2020/4/12 7:11
[COT 2020-07-09 03:02:32] 76561197997236738: Set the date to 2020/4/16 7:11
[COT 2020-07-09 03:02:32] 76561197997236738: Set the date to 2020/4/16 7:11
[COT 2020-07-09 03:02:32] 76561197997236738: Set the date to 2020/5/19 7:11
[COT 2020-07-09 03:02:33] 76561197997236738: Set the date to 2020/5/19 7:11
[COT 2020-07-09 03:02:33] 76561197997236738: Set the date to 2020/9/27 7:11
[COT 2020-07-09 03:02:33] 76561197997236738: Set the date to 2020/9/27 7:11
[COT 2020-07-09 03:02:33] 76561197997236738: Set the date to 2020/11/20 7:11
[COT 2020-07-09 03:02:33] 76561197997236738: Set the date to 2020/11/20 7:11
[COT 2020-07-09 03:02:34] 76561197997236738: Set the date to 2020/3/29 7:11
[COT 2020-07-09 03:02:34] 76561197997236738: Set the date to 2020/3/29 7:11
[COT 2020-07-09 03:02:34] 76561197997236738: Set the date to 2020/2/20 7:11
[COT 2020-07-09 03:02:34] 76561197997236738: Set the date to 2020/2/20 7:11
[COT 2020-07-09 03:02:35] 76561197997236738: Set the date to 2020/1/22 7:11
[COT 2020-07-09 03:02:35] 76561197997236738: Set the date to 2020/1/22 7:11
[COT 2020-07-09 03:02:35] 76561197997236738: Set the date to 2020/2/13 7:11
[COT 2020-07-09 03:02:35] 76561197997236738: Set the date to 2020/2/13 7:11
[COT 2020-07-09 03:02:36] 76561197997236738: Set the date to 2020/2/28 7:11
[COT 2020-07-09 03:02:36] 76561197997236738: Set the date to 2020/2/28 7:11
[COT 2020-07-09 03:02:38] 76561197997236738: Set the date to 2020/2/28 7:11
[COT 2020-07-09 03:02:38] 76561197997236738: Set the date to 2020/2/28 7:11
[COT 2020-07-09 03:02:38] 76561197997236738: Set the date to 2020/3/11 7:11
[COT 2020-07-09 03:02:38] 76561197997236738: Set the date to 2020/3/11 7:11
[COT 2020-07-09 03:02:41] 76561197997236738: Set the date to 2020/3/25 7:11
[COT 2020-07-09 03:02:41] 76561197997236738: Set the date to 2020/3/25 7:11
[COT 2020-07-09 03:02:42] 76561197997236738: Set the date to 2020/4/5 7:11
[COT 2020-07-09 03:02:42] 76561197997236738: Set the date to 2020/4/5 7:11
[COT 2020-07-09 03:02:43] 76561197997236738: Set the date to 2020/4/5 5:59
[COT 2020-07-09 03:02:43] 76561197997236738: Set the date to 2020/4/5 5:59
[COT 2020-07-09 03:02:43] 76561197997236738: Set the date to 2020/4/5 4:4
[COT 2020-07-09 03:02:43] 76561197997236738: Set the date to 2020/4/5 4:4
[COT 2020-07-09 03:02:44] 76561197997236738: Set the date to 2020/4/5 5:2
[COT 2020-07-09 03:02:44] 76561197997236738: Set the date to 2020/4/5 5:2
[COT 2020-07-09 03:02:45] 76561197997236738: Set the date to 2020/3/14 5:2
[COT 2020-07-09 03:02:45] 76561197997236738: Set the date to 2020/3/14 5:2
[COT 2020-07-09 03:02:46] 76561197997236738: Set the date to 2020/3/11 5:2
[COT 2020-07-09 03:02:46] 76561197997236738: Set the date to 2020/3/11 5:2
[COT 2020-07-09 03:02:46] 76561197997236738: Set the date to 2020/3/25 5:2
[COT 2020-07-09 03:02:47] 76561197997236738: Set the date to 2020/3/25 5:2
[COT 2020-07-09 03:02:47] 76561197997236738: Set the date to 2020/3/18 5:2
[COT 2020-07-09 03:02:47] 76561197997236738: Set the date to 2020/3/18 5:2
[COT 2020-07-09 03:02:48] 76561197997236738: Set the date to 2020/4/2 5:2
[COT 2020-07-09 03:02:48] 76561197997236738: Set the date to 2020/4/2 5:2
[COT 2020-07-09 03:02:48] 76561197997236738: Set the date to 2020/4/2 5:16
[COT 2020-07-09 03:02:48] 76561197997236738: Set the date to 2020/4/2 5:16
[COT 2020-07-09 03:02:49] 76561197997236738: Set the date to 2020/4/2 5:30
[COT 2020-07-09 03:02:49] 76561197997236738: Set the date to 2020/4/2 5:30
[COT 2020-07-09 03:02:49] 76561197997236738: Set the date to 2020/4/2 5:59
[COT 2020-07-09 03:02:49] 76561197997236738: Set the date to 2020/4/2 5:59
[COT 2020-07-09 03:02:50] 76561197997236738: Set the date to 2020/4/2 6:28
[COT 2020-07-09 03:02:50] 76561197997236738: Set the date to 2020/4/2 6:28
[COT 2020-07-09 03:02:51] 76561197997236738: Set the date to 2020/4/2 7:26
[COT 2020-07-09 03:02:51] 76561197997236738: Set the date to 2020/4/2 7:26
[COT 2020-07-09 03:03:48] 76561197997236738: Teleported uvtdMd_cBerqVHmKHzn52eKFl-8jD7P9CNZONWv9pR0= to (Novy Sobor, <7158.896973, 293.936066, 7689.640625>)
[COT 2020-07-09 03:03:59] 76561197997236738: Teleported to position <7454.160645, 321.860718, 7724.583984>
[COT 2020-07-09 03:04:26] 76561197997236738: Teleported to position <7471.455566, 319.073334, 7665.827637>
[COT 2020-07-09 03:04:26] 76561197997236738: Teleported to position <7488.171387, 319.983978, 7645.284180>
[COT 2020-07-09 03:06:48] 76561197997236738: Set wind to 10.3455 0.09 1
[COT 2020-07-09 03:06:49] 76561197997236738: Set wind to 10.3455 0.09 1
[COT 2020-07-09 03:06:49] 76561197997236738: Set wind to 10.3455 0.02 1
[COT 2020-07-09 03:06:49] 76561197997236738: Set wind to 10.3455 0.02 1
[COT 2020-07-09 03:06:51] 76561197997236738: Set fog to 0.01 0 0
[COT 2020-07-09 03:06:51] 76561197997236738: Set fog to 0.01 0 0
[COT 2020-07-09 03:06:52] 76561197997236738: Set rain to 0 0 0
[COT 2020-07-09 03:06:52] 76561197997236738: Set storm to 0 0.8 4000
[COT 2020-07-09 03:06:52] 76561197997236738: Set fog to 0.01 0 0
[COT 2020-07-09 03:06:52] 76561197997236738: Set overcast to 0.258602 0 0
[COT 2020-07-09 03:06:52] 76561197997236738: Set the date to 2020/4/2 7:29
[COT 2020-07-09 03:06:52] 76561197997236738: Set wind to 0.02 0.02 1
[COT 2020-07-09 03:06:53] 76561197997236738: Set overcast to 0.01 0 0
[COT 2020-07-09 03:06:53] 76561197997236738: Set the date to 2020/4/2 7:34
[COT 2020-07-09 03:06:54] 76561197997236738: Set overcast to 0.01 0 0
[COT 2020-07-09 03:06:54] 76561197997236738: Set the date to 2020/4/2 7:34
[COT 2020-07-09 03:06:54] 76561197997236738: Set rain to 0 0 0
[COT 2020-07-09 03:06:54] 76561197997236738: Set storm to 0 0.8 4000
[COT 2020-07-09 03:06:54] 76561197997236738: Set fog to 0.01 0 0
[COT 2020-07-09 03:06:54] 76561197997236738: Set overcast to 0.01 0 0
[COT 2020-07-09 03:06:54] 76561197997236738: Set the date to 2020/4/2 7:29
[COT 2020-07-09 03:06:54] 76561197997236738: Set wind to 0.02 0.02 1
[COT 2020-07-09 03:06:55] 76561197997236738: Set the date to 2020/4/2 7:54
[COT 2020-07-09 03:06:56] 76561197997236738: Set the date to 2020/4/2 7:54
[COT 2020-07-09 03:06:57] 76561197997236738: Set rain to 0 0 0
[COT 2020-07-09 03:06:57] 76561197997236738: Set storm to 0 0.8 4000
[COT 2020-07-09 03:06:57] 76561197997236738: Set fog to 0.01 0 0
[COT 2020-07-09 03:06:57] 76561197997236738: Set overcast to 0.01 0 0
[COT 2020-07-09 03:06:57] 76561197997236738: Set the date to 2020/4/2 7:54
[COT 2020-07-09 03:06:57] 76561197997236738: Set wind to 0.02 0.02 1
[COT 2020-07-09 03:07:37] 76561197997236738: Spawned vehicle Cator 2009 (ExpansionTractor) at <7409.264648, 312.590088, 7704.159180>
[COT 2020-07-09 03:08:00] 76561197997236738: Deleted Entity ExpansionTractor at <7409.182617, 312.631622, 7704.139160>
[COT 2020-07-09 03:09:15] 76561197997236738: Spawned vehicle PBX (ExpansionZodiacBoat) at <7433.685059, 318.770355, 7718.345215>
[COT 2020-07-09 03:09:23] 76561197997236738: Deleted Entity ExpansionZodiacBoat at <7433.135254, 321.329498, 7717.735352>
[COT 2020-07-09 03:09:38] 76561197997236738: Spawned vehicle Transit Bus (ExpansionBus) at <7433.685059, 318.770355, 7718.345215>
[COT 2020-07-09 03:09:47] 76561197997236738: Deleted Entity ExpansionBus at <7432.826660, 319.948456, 7718.128906>
[COT 2020-07-09 03:09:55] 76561197997236738: Spawned vehicle Transit Bus (ExpansionBus) at <7412.292969, 313.043243, 7683.367676>
[COT 2020-07-09 03:10:19] 76561197997236738: Deleted Entity ExpansionBus at <7412.249023, 313.147034, 7683.371094>
[COT 2020-07-09 03:11:09] 76561197997236738: Spawned vehicle UAZ 469 Cargo (ExpansionUAZCargo) at <7433.685059, 318.770355, 7718.345215>
[COT 2020-07-09 03:12:11] 76561198050722159: Teleported bjiwSoIjED9FPjLYhFJx6Ml2-N7zn5tLIPDQpUMW2yY= to (Novy Sobor, <7159.393555, 293.922241, 7687.494141>)
[COT 2020-07-09 03:12:25] 76561198050722159: Teleported to position <7166.910645, 302.259552, 7674.301758>
[COT 2020-07-09 03:12:34] 76561198050722159: Teleported to position <7414.915527, 317.344025, 7743.006348>
[COT 2020-07-09 03:12:37] 76561198050722159: Teleported to position <7433.678223, 318.763397, 7718.341309>
[COT 2020-07-09 03:13:10] 76561197997236738: Spawned vehicle UAZ 469 Cargo (ExpansionUAZCargo) at <7433.678223, 318.763397, 7718.341309>
[COT 2020-07-09 03:13:20] 76561198050722159: Healed [guid=bjiwSoIjED9FPjLYhFJx6Ml2-N7zn5tLIPDQpUMW2yY=]
[COT 2020-07-09 03:13:30] 76561197997236738: Deleted Entity ExpansionUAZDoorCoDriver at <7434.466309, 321.970551, 7718.537109>
[COT 2020-07-09 03:13:35] 76561197997236738: Deleted Entity ExpansionUAZDoorCargo2 at <7434.477051, 322.016815, 7717.744141>
[COT 2020-07-09 03:13:37] 76561197997236738: Deleted Entity ExpansionUAZCargo at <7433.630859, 322.373169, 7718.389160>
[COT 2020-07-09 03:13:49] 76561197997236738: Spawned vehicle UAZ 469 Cargo (ExpansionUAZCargo) at <7440.487793, 318.322174, 7700.183105>
[COT 2020-07-09 03:15:05] 76561197997236738: Teleported to position <7333.053711, 302.953094, 7651.958984>
[COT 2020-07-09 03:15:11] 76561197997236738: Teleported to position <7276.901367, 293.844818, 7594.136230>
[COT 2020-07-09 03:15:22] 76561197997236738: Teleported to position <7229.740234, 286.604095, 7559.216309>
[COT 2020-07-09 03:15:22] 76561197997236738: Teleported to position <7218.234375, 284.386047, 7544.922852>
[COT 2020-07-09 03:15:29] 76561197997236738: Teleported to position <7181.175781, 283.040558, 7536.341309>
[COT 2020-07-09 03:15:37] 76561197997236738: Teleported to position <7434.622070, 313.891449, 7615.208984>
[COT 2020-07-09 03:15:39] 76561197997236738: Teleported to position <7499.238770, 321.249176, 7637.666504>
[COT 2020-07-09 03:15:49] 76561197997236738: Teleported to position <7460.943848, 319.457214, 7685.660645>
[COT 2020-07-09 03:15:49] 76561197997236738: Teleported to position <7452.772461, 319.373779, 7695.676758>
[COT 2020-07-09 03:15:51] 76561197997236738: Teleported to position <7440.559570, 319.144257, 7710.804199>
[COT 2020-07-09 03:18:26] 76561197997236738: Spawned vehicle Merlin (ExpansionMerlin) at <6439.590332, 286.365234, 7537.767090>
[COT 2020-07-09 03:18:36] 76561197997236738: Spawned vehicle UH-1H (ExpansionUh1h) at <6444.827637, 287.877350, 7570.196777>
[COT 2020-07-09 03:20:07] 76561197997236738: Teleported to position <6453.756836, 289.081360, 7591.899902>
[COT 2020-07-09 03:20:13] 76561197997236738: Teleported to position <6444.050293, 286.333008, 7516.229004>
[COT 2020-07-09 03:20:29] 76561198050722159: Set overcast to 0.55 0 0
[COT 2020-07-09 03:20:29] 76561198050722159: Set the date to 2020/4/2 8:12
[COT 2020-07-09 03:20:29] 76561198050722159: Set overcast to 0.55 0 0
[COT 2020-07-09 03:20:29] 76561198050722159: Set the date to 2020/4/2 8:12
[COT 2020-07-09 03:20:30] 76561198050722159: Set overcast to 0.08 0 0
[COT 2020-07-09 03:20:30] 76561198050722159: Set the date to 2020/4/2 8:12
[COT 2020-07-09 03:20:30] 76561198050722159: Set overcast to 0.08 0 0
[COT 2020-07-09 03:20:30] 76561198050722159: Set the date to 2020/4/2 8:12
[COT 2020-07-09 03:20:30] 76561198050722159: Set overcast to 0.02 0 0
[COT 2020-07-09 03:20:30] 76561198050722159: Set the date to 2020/4/2 8:12
[COT 2020-07-09 03:20:30] 76561198050722159: Set overcast to 0.02 0 0
[COT 2020-07-09 03:20:30] 76561198050722159: Set the date to 2020/4/2 8:12
[COT 2020-07-09 03:20:31] 76561198050722159: Set rain to 0.02 0 0
[COT 2020-07-09 03:20:31] 76561198050722159: Set storm to 0.0004 0.8 4000
[COT 2020-07-09 03:20:31] 76561198050722159: Set rain to 0.02 0 0
[COT 2020-07-09 03:20:31] 76561198050722159: Set storm to 0.0004 0.8 4000
[COT 2020-07-09 03:20:31] 76561198050722159: Set fog to 0.01 0 0
[COT 2020-07-09 03:20:31] 76561198050722159: Set fog to 0.01 0 0
[COT 2020-07-09 03:20:33] 76561198050722159: Set rain to 0.01 0 0
[COT 2020-07-09 03:20:33] 76561198050722159: Set storm to 0.0001 0.8 4000
[COT 2020-07-09 03:20:33] 76561198050722159: Set rain to 0.01 0 0
[COT 2020-07-09 03:20:33] 76561198050722159: Set storm to 0.0001 0.8 4000
[COT 2020-07-09 03:20:34] 76561198050722159: Set wind to 12.7502 0.07 1
[COT 2020-07-09 03:20:34] 76561198050722159: Set wind to 12.7502 0.07 1
[COT 2020-07-09 03:20:34] 76561198050722159: Set wind to 12.7502 0.01 1
[COT 2020-07-09 03:20:34] 76561198050722159: Set wind to 12.7502 0.01 1
[COT 2020-07-09 03:20:35] 76561198050722159: Set wind to 12.7502 0.73 1
[COT 2020-07-09 03:20:35] 76561198050722159: Set wind to 12.7502 0.73 1
[COT 2020-07-09 03:20:36] 76561198050722159: Set rain to 0.01 0 0
[COT 2020-07-09 03:20:36] 76561198050722159: Set storm to 0.0001 0.8 4000
[COT 2020-07-09 03:20:36] 76561198050722159: Set fog to 0.01 0 0
[COT 2020-07-09 03:20:36] 76561198050722159: Set overcast to 0.02 0 0
[COT 2020-07-09 03:20:36] 76561198050722159: Set the date to 2020/4/2 8:7
[COT 2020-07-09 03:20:36] 76561198050722159: Set wind to 0.73 0.73 1
[COT 2020-07-09 03:21:57] 76561197997236738: Deleted Entity ExpansionUAZDoorCargo2 at <6448.180664, 287.233673, 7519.035156>
[COT 2020-07-09 03:21:59] 76561197997236738: Deleted Entity ExpansionUAZDoorCoDriver at <6447.904297, 287.238373, 7518.291016>
[COT 2020-07-09 03:22:00] 76561197997236738: Deleted Entity ExpansionUAZCargo at <6448.728516, 287.668701, 7518.157715>
[COT 2020-07-09 03:22:17] 76561197997236738: Deleted Entity ExpansionUh1h at <6444.821777, 290.862488, 7570.030762>
[COT 2020-07-09 03:23:55] 76561198050722159: Deleted Entity ExpansionUAZCargo at <6434.722168, 287.991974, 7518.421387>
[COT 2020-07-09 03:32:31] 76561197997236738: Teleported to position <8017.924316, 132.194901, 12607.058594>
[COT 2020-07-09 03:33:17] 76561198050722159: Teleported to position <8019.282227, 132.156860, 12604.561523>
[COT 2020-07-09 03:33:26] 76561198050722159: Teleported to position <8022.933594, 132.234146, 12607.534180>
[COT 2020-07-09 03:33:29] 76561198050722159: Teleported to position <8022.933594, 132.234146, 12607.534180>
[COT 2020-07-09 03:36:45] 76561197997236738: Teleported to position <8049.705078, 119.403358, 12635.154297>
[COT 2020-07-09 03:36:51] 76561198050722159: Teleported to position <8050.336426, 119.156136, 12636.125977>
[COT 2020-07-09 03:37:02] 76561198050722159: Teleported to position <8057.231934, 126.106781, 12655.435547>
[COT 2020-07-09 03:37:04] 76561197997236738: Teleported to position <8057.035645, 126.080025, 12655.457031>
[COT 2020-07-09 03:37:10] 76561198050722159: Teleported to position <8014.254883, 146.980743, 12662.272461>
[COT 2020-07-09 03:37:13] 76561197997236738: Teleported to position <8014.278320, 147.026642, 12662.063477>
[COT 2020-07-09 03:37:34] 76561198050722159: Teleported to position <8004.402832, 146.718506, 12655.655273>
[COT 2020-07-09 03:37:36] 76561197997236738: Teleported to position <8414.389648, 137.866272, 12884.014648>
[COT 2020-07-09 03:37:39] 76561198050722159: Teleported to position <8001.484863, 147.133087, 12650.974609>
[COT 2020-07-09 03:37:45] 76561198050722159: Teleported to position <7993.024902, 148.078217, 12641.666992>
[COT 2020-07-09 03:38:02] 76561197997236738: Teleported to position <8002.922852, 146.823776, 12651.739258>
[COT 2020-07-09 03:38:37] 76561197997236738: Teleported to position <7988.240234, 130.939499, 12612.115234>
[COT 2020-07-09 03:38:37] 76561198050722159: Teleported to position <8050.740723, 125.017441, 12658.618164>
[COT 2020-07-09 03:38:43] 76561197997236738: Teleported to position <7991.140625, 130.049026, 12605.230469>
[COT 2020-07-09 03:40:17] 76561197997236738: Deleted Entity Land_Construction_Building at <8001.071777, 123.769287, 12613.569336>
[COT 2020-07-09 03:40:26] 76561197997236738: Deleted Entity Land_Construction_Building at <8001.071777, 123.769287, 12613.569336>
[COT 2020-07-09 03:41:22] 76561197997236738: Deleted Entity Land_Construction_Building at <8001.071777, 123.769287, 12613.569336>
[COT 2020-07-09 03:41:23] 76561197997236738: Deleted Entity Land_Construction_Building at <8001.071777, 123.769287, 12613.569336>
[COT 2020-07-09 03:41:25] 76561197997236738: Deleted Entity Land_Construction_Building at <8001.071777, 123.769287, 12613.569336>
[COT 2020-07-09 03:41:26] 76561197997236738: Deleted Entity Land_Construction_Building at <8001.071777, 123.769287, 12613.569336>
[COT 2020-07-09 03:45:23] 76561198050722159: Teleported to position <7837.466309, 131.369644, 12455.544922>
[COT 2020-07-09 03:45:27] 76561198050722159: Teleported to position <7857.444824, 133.182343, 12458.989258>
[COT 2020-07-09 03:45:27] 76561198050722159: Teleported to position <7858.347656, 133.741104, 12458.808594>
[COT 2020-07-09 03:45:28] 76561198050722159: Teleported to position <7860.722656, 133.875839, 12458.770508>
[COT 2020-07-09 03:45:29] 76561198050722159: Teleported to position <7859.191895, 133.292496, 12458.226563>
[COT 2020-07-09 03:45:30] 76561198050722159: Teleported to position <7881.479980, 133.200729, 12455.661133>
[COT 2020-07-09 03:45:31] 76561198050722159: Teleported to position <7890.121582, 133.565292, 12456.108398>
[COT 2020-07-09 03:45:31] 76561198050722159: Teleported to position <7909.849121, 132.877609, 12458.120117>
[COT 2020-07-09 03:45:32] 76561198050722159: Teleported to position <7941.500488, 129.049149, 12469.599609>
[COT 2020-07-09 03:45:33] 76561198050722159: Teleported to position <7940.961914, 128.666550, 12469.799805>
[COT 2020-07-09 03:45:34] 76561198050722159: Teleported to position <7941.242188, 128.766861, 12469.235352>
[COT 2020-07-09 03:45:35] 76561198050722159: Teleported to position <7941.312988, 128.841080, 12469.322266>
[COT 2020-07-09 03:45:36] 76561198050722159: Teleported to position <7941.251953, 128.781372, 12469.263672>
[COT 2020-07-09 03:45:37] 76561198050722159: Teleported to position <7941.246582, 128.777222, 12469.263672>
[COT 2020-07-09 03:45:39] 76561198050722159: Teleported to position <7999.083984, 129.281525, 12590.688477>
[COT 2020-07-09 03:45:40] 76561198050722159: Teleported to position <8008.848633, 126.353714, 12610.666016>
[COT 2020-07-09 03:45:43] 76561198050722159: Teleported to position <7998.250000, 129.330704, 12592.212891>
[COT 2020-07-09 03:45:46] 76561198050722159: Teleported to position <7991.572754, 121.581848, 12593.886719>
[COT 2020-07-09 03:45:47] 76561198050722159: Teleported to position <7991.079590, 131.353271, 12606.875000>
[COT 2020-07-09 03:47:23] 76561198050722159: Teleported to position <8000.034668, 130.536026, 12617.698242>
[COT 2020-07-09 03:47:39] 76561198050722159: Teleported to position <4187.169434, 338.410004, 11062.617188>
[COT 2020-07-09 03:48:49] 76561198050722159: Teleported to position <4157.615723, 339.564911, 11064.706055>
[COT 2020-07-09 03:49:11] 76561198050722159: Teleported to position <4047.793701, 343.560120, 10900.819336>
[COT 2020-07-09 03:49:16] 76561198050722159: Teleported to position <4110.122559, 339.948242, 10641.401367>
[COT 2020-07-09 03:49:33] 76561198050722159: Teleported to position <4086.943115, 340.633881, 10660.846680>
[COT 2020-07-09 03:49:35] 76561198050722159: Teleported to position <4115.142578, 340.340942, 10644.355469>
[COT 2020-07-09 03:50:22] 76561198050722159: Teleported to position <4134.066895, 347.712555, 10578.616211>
[COT 2020-07-09 03:50:23] 76561198050722159: Teleported to position <4136.393555, 339.830139, 10574.467773>
[COT 2020-07-09 03:50:26] 76561198050722159: Teleported to position <4135.507324, 341.658600, 10573.515625>
[COT 2020-07-09 03:50:28] 76561198050722159: Teleported to position <4135.120605, 341.077271, 10573.303711>
[COT 2020-07-09 03:50:42] 76561198050722159: Teleported to position <4135.154297, 345.239868, 10573.266602>
[COT 2020-07-09 03:50:58] 76561198050722159: Teleported to position <4143.923828, 341.115845, 10544.227539>
[COT 2020-07-09 03:51:00] 76561198050722159: Teleported to position <4150.564941, 340.953033, 10532.535156>
[COT 2020-07-09 03:51:02] 76561198050722159: Teleported to position <4161.525391, 342.563538, 10443.223633>
[COT 2020-07-09 03:51:06] 76561198050722159: Teleported to position <4620.758301, 359.401001, 10436.978516>
[COT 2020-07-09 03:51:10] 76561198050722159: Teleported to position <4619.702148, 360.047394, 10436.329102>
[COT 2020-07-09 03:51:24] 76561198050722159: Teleported to position <4635.857422, 360.307922, 10429.224609>
[COT 2020-07-09 03:51:25] 76561198050722159: Teleported to position <4658.130371, 339.000031, 10370.736328>
[COT 2020-07-09 03:52:15] 76561198050722159: Teleported to position <4795.238770, 345.180054, 10294.314453>
[COT 2020-07-09 03:52:19] 76561198050722159: Teleported to position <4793.394531, 344.392548, 10315.875000>
[COT 2020-07-09 03:52:22] 76561198050722159: Teleported to position <4786.544922, 348.725677, 10355.346680>
[COT 2020-07-09 03:52:33] 76561198050722159: Teleported to position <4468.307129, 345.356140, 9679.296875>
[COT 2020-07-09 03:52:34] 76561198050722159: Teleported to position <4467.380859, 344.342987, 9679.286133>
[COT 2020-07-09 03:52:36] 76561198050722159: Teleported to position <4468.088379, 345.596985, 9679.293945>
[COT 2020-07-09 03:52:41] 76561198050722159: Teleported to position <4516.376465, 346.473328, 9654.219727>
[COT 2020-07-09 03:52:49] 76561198050722159: Teleported to position <4547.900391, 339.412659, 9608.959961>
[COT 2020-07-09 03:54:53] 76561198050722159: Set GodMode To true [guid=bjiwSoIjED9FPjLYhFJx6Ml2-N7zn5tLIPDQpUMW2yY=]
[COT 2020-07-09 03:54:55] 76561198050722159: Healed [guid=bjiwSoIjED9FPjLYhFJx6Ml2-N7zn5tLIPDQpUMW2yY=]
[COT 2020-07-09 03:55:22] 76561198050722159: Teleported to position <4546.366699, 339.035919, 9530.683594>
[COT 2020-07-09 03:55:43] 76561198050722159: Teleported to position <4508.541504, 339.151001, 9557.882813>
[COT 2020-07-09 03:56:23] 76561198050722159: Teleported to position <1882.394409, 433.070007, 13721.426758>
[COT 2020-07-09 03:56:27] 76561198050722159: Teleported to position <1883.121460, 446.749115, 13720.217773>
[COT 2020-07-09 03:56:30] 76561198050722159: Teleported to position <1869.501831, 433.918091, 13734.009766>
[COT 2020-07-09 03:56:30] 76561198050722159: Teleported to position <1853.618286, 436.495239, 13767.835938>
[COT 2020-07-09 03:56:32] 76561198050722159: Teleported to position <1839.042114, 434.969757, 13777.275391>
[COT 2020-07-09 03:56:33] 76561198050722159: Teleported to position <1799.477905, 436.062622, 13802.750000>
[COT 2020-07-09 03:56:35] 76561198050722159: Teleported to position <1794.604248, 439.209412, 13797.696289>
[COT 2020-07-09 03:56:35] 76561198050722159: Teleported to position <1794.019897, 439.123077, 13797.498047>
[COT 2020-07-09 03:56:39] 76561198050722159: Teleported to position <1754.558350, 449.905487, 13751.446289>
[COT 2020-07-09 03:56:40] 76561198050722159: Teleported to position <1750.249268, 451.172028, 13747.386719>
[COT 2020-07-09 03:56:41] 76561198050722159: Teleported to position <1742.322388, 451.692474, 13738.663086>
[COT 2020-07-09 03:56:56] 76561198050722159: Teleported to position <1691.197144, 447.704163, 13872.951172>
[COT 2020-07-09 03:57:06] 76561198050722159: Teleported to position <1679.702881, 446.864990, 13884.761719>
[COT 2020-07-09 03:57:26] 76561198050722159: Teleported to position <1698.776733, 448.517212, 13921.888672>
[COT 2020-07-09 03:58:00] 76561198050722159: Teleported to position <1589.378296, 457.508759, 14040.779297>
[COT 2020-07-09 03:58:13] 76561198050722159: Teleported to position <1687.018188, 454.415405, 14184.462891>
[COT 2020-07-09 03:59:47] 76561198050722159: Teleported to position <1666.374023, 454.804596, 14307.386719>
[COT 2020-07-09 03:59:52] 76561198050722159: Teleported to position <1686.662842, 455.325867, 14360.496094>
[COT 2020-07-09 04:00:03] 76561198050722159: Teleported to position <1670.068115, 451.779968, 14388.371094>
