[COT 2020-10-15 08:25:06] 76561198050722159: Spawned Entity  (Building<52c5e800>, -1, 0) at <8349.006836, 291.989990, 5989.744141>
[COT 2020-10-15 08:25:53] 76561198050722159: Spawned Entity  (Building<565b9890>, -1, 0) at <8348.092773, 292.002380, 5990.795410>
[COT 2020-10-15 08:26:00] 76561198050722159: Spawned Entity  (Building<5472cf30>, -1, 0) at <8348.092773, 292.002380, 5990.795410>
[COT 2020-10-15 08:26:06] 76561198050722159: Spawned Entity 30rd Mag-C Mag (Mag_CMAG_30Rnd<d6e3add0>, 1, 100) at <8348.092773, 292.002380, 5990.795410>
[COT 2020-10-15 08:26:31] 76561198050722159: Spawned Entity Standardized Suppressor (M4_Suppressor<558e4810>, -1, 4) at <8348.092773, 292.002380, 5990.795410>
[COT 2020-10-15 08:26:36] 76561197997236738: Item set MVS Loadout spawned on <8349.735352, 291.999146, 5993.479004>
[COT 2020-10-15 08:27:15] 76561197997236738: Deleted Entity ExpansionAirdropContainer_Basebuilding:025589 at <8349.735352, 292.141144, 5993.479004>
[COT 2020-10-15 08:28:46] 76561197997236738: Healed [guid=bjiwSoIjED9FPjLYhFJx6Ml2-N7zn5tLIPDQpUMW2yY=]
[COT 2020-10-15 08:28:46] 76561197997236738: Set UnlimitedAmmo To true [guid=bjiwSoIjED9FPjLYhFJx6Ml2-N7zn5tLIPDQpUMW2yY=]
[COT 2020-10-15 08:28:57] 76561197997236738: Entered the Free Camera
[COT 2020-10-15 08:29:10] 76561198050722159: Spawned Entity 30rd Mag-C Mag (Mag_CMAG_30Rnd<55906890>, 1, 100) at <8120.494629, 277.309814, 5919.759277>
[COT 2020-10-15 08:29:10] 76561198050722159: Spawned Entity 30rd Mag-C Mag (Mag_CMAG_30Rnd<55907f40>, 1, 100) at <8120.494629, 277.309814, 5919.759277>
[COT 2020-10-15 08:29:11] 76561198050722159: Spawned Entity 30rd Mag-C Mag (Mag_CMAG_30Rnd<55907020>, 1, 100) at <8120.494629, 277.309814, 5919.759277>
[COT 2020-10-15 08:29:27] 76561197997236738: Left the Free Camera
[COT 2020-10-15 08:31:12] 76561197997236738: Teleported uvtdMd_cBerqVHmKHzn52eKFl-8jD7P9CNZONWv9pR0= to (Tisy Military, <1682.701538, 451.730011, 14117.753906>)
[COT 2020-10-15 08:31:26] 76561197997236738: Teleported [guid=uvtdMd_cBerqVHmKHzn52eKFl-8jD7P9CNZONWv9pR0=] to <1682.701538, 451.742401, 14117.753906>
[COT 2020-10-15 08:31:26] 76561197997236738: Teleported [guid=bjiwSoIjED9FPjLYhFJx6Ml2-N7zn5tLIPDQpUMW2yY=] to <1682.701538, 451.742401, 14117.753906>
[COT 2020-10-15 08:33:17] 76561197997236738: Item set MVS Loadout spawned on <1671.638672, 451.730011, 14220.546875>
[COT 2020-10-15 08:34:13] 76561197997236738: Bleeding stopped [guid=uvtdMd_cBerqVHmKHzn52eKFl-8jD7P9CNZONWv9pR0=]
[COT 2020-10-15 08:34:13] 76561197997236738: Bleeding stopped [guid=uvtdMd_cBerqVHmKHzn52eKFl-8jD7P9CNZONWv9pR0=]
[COT 2020-10-15 08:34:13] 76561197997236738: Bleeding stopped [guid=uvtdMd_cBerqVHmKHzn52eKFl-8jD7P9CNZONWv9pR0=]
[COT 2020-10-15 08:34:14] 76561197997236738: Healed [guid=uvtdMd_cBerqVHmKHzn52eKFl-8jD7P9CNZONWv9pR0=]
[COT 2020-10-15 08:34:14] 76561197997236738: Healed [guid=uvtdMd_cBerqVHmKHzn52eKFl-8jD7P9CNZONWv9pR0=]
[COT 2020-10-15 08:34:14] 76561197997236738: Healed [guid=uvtdMd_cBerqVHmKHzn52eKFl-8jD7P9CNZONWv9pR0=]
[COT 2020-10-15 08:34:14] 76561197997236738: Healed [guid=uvtdMd_cBerqVHmKHzn52eKFl-8jD7P9CNZONWv9pR0=]
[COT 2020-10-15 08:36:39] 76561197997236738: ESP: Viewing ESP
[COT 2020-10-15 08:41:43] 76561198050722159: Set GodMode To true [guid=bjiwSoIjED9FPjLYhFJx6Ml2-N7zn5tLIPDQpUMW2yY=]
