[COT 2020-10-16 00:19:04] 76561197997236738: Healed [guid=uvtdMd_cBerqVHmKHzn52eKFl-8jD7P9CNZONWv9pR0=]
[COT 2020-10-16 00:19:06] 76561197997236738: Teleported uvtdMd_cBerqVHmKHzn52eKFl-8jD7P9CNZONWv9pR0= to (Balota, <4392.892090, 7.979258, 2410.417236>)
[COT 2020-10-16 00:19:20] 76561197997236738: Entered the Free Camera
[COT 2020-10-16 00:19:58] 76561197997236738: Left the Free Camera
[COT 2020-10-16 00:20:25] 76561197997236738: Item set MVS Loadout spawned on <5007.576172, 9.537594, 2511.451660>
[COT 2020-10-16 00:20:53] 76561197997236738: Deleted Entity ExpansionAirdropContainer_Basebuilding:066718 at <5007.576172, 9.562774, 2511.451660>
[COT 2020-10-16 00:22:36] 76561197997236738: Teleported uvtdMd_cBerqVHmKHzn52eKFl-8jD7P9CNZONWv9pR0= to (NW Airfield Tents, <4162.319336, 338.390015, 11015.322266>)
[COT 2020-10-16 00:23:43] 76561197997236738: Healed [guid=uvtdMd_cBerqVHmKHzn52eKFl-8jD7P9CNZONWv9pR0=]
[COT 2020-10-16 00:23:43] 76561197997236738: Bleeding stopped [guid=uvtdMd_cBerqVHmKHzn52eKFl-8jD7P9CNZONWv9pR0=]
[COT 2020-10-16 00:26:51] 76561197997236738: Teleported to position <4114.882324, 383.024963, 11768.501953>
[COT 2020-10-16 00:28:34] 76561197997236738: Teleported to position <3436.118652, 287.548370, 14807.592773>
[COT 2020-10-16 00:28:46] 76561197997236738: Teleported to position <1579.845215, 451.576050, 14204.523438>
[COT 2020-10-16 00:28:47] 76561197997236738: Teleported to position <1579.845215, 451.576050, 14204.523438>
[COT 2020-10-16 00:29:41] 76561197997236738: Teleported to position <1581.376465, 451.559692, 14205.583984>
[COT 2020-10-16 00:29:43] 76561197997236738: Teleported to position <1409.328125, 459.653473, 14473.609375>
[COT 2020-10-16 00:30:29] 76561197997236738: Teleported to position <376.644653, 330.742706, 9581.747070>
[COT 2020-10-16 00:32:03] 76561197997236738: Teleported uvtdMd_cBerqVHmKHzn52eKFl-8jD7P9CNZONWv9pR0= to (Myshkino Military, <1266.531738, 195.225113, 7224.270508>)
[COT 2020-10-16 00:34:23] 76561197997236738: Teleported to position <4505.274414, 316.274231, 8299.886719>
[COT 2020-10-16 00:36:57] 76561197997236738: ESP: Viewing ESP
[COT 2020-10-16 00:37:05] 76561197997236738: Entered the Free Camera
[COT 2020-10-16 00:38:00] 76561197997236738: ESP: Viewing ESP
[COT 2020-10-16 00:39:38] 76561197997236738: ESP: Clearing ESP
[COT 2020-10-16 00:39:38] 76561197997236738: ESP: Viewing ESP
