[COT 2020-10-14 22:54:11] 76561197997236738: Teleported to position <2829.424316, 275.386719, 4023.126465>
[COT 2020-10-14 22:54:40] 76561197997236738: Teleported to position <1772.656250, 332.484589, 6221.510742>
[COT 2020-10-14 22:54:50] 76561197997236738: Teleported to position <3735.378662, 398.804413, 6037.349609>
[COT 2020-10-14 22:56:07] 76561197997236738: Teleported uvtdMd_cBerqVHmKHzn52eKFl-8jD7P9CNZONWv9pR0= to (Kumyrna, <8404.212891, 297.126923, 6028.856934>)
[COT 2020-10-14 22:58:27] 76561197997236738: Teleported uvtdMd_cBerqVHmKHzn52eKFl-8jD7P9CNZONWv9pR0= to (Svetlojarsk, <13933.071289, 19.169489, 13229.615234>)
[COT 2020-10-14 23:00:34] 76561197997236738: Teleported [guid=uvtdMd_cBerqVHmKHzn52eKFl-8jD7P9CNZONWv9pR0=] to <11821.000000, 139.000000, 12509.000000>
[COT 2020-10-14 23:00:54] 76561197997236738: Teleported [guid=uvtdMd_cBerqVHmKHzn52eKFl-8jD7P9CNZONWv9pR0=] to <11820.099609, 135.778000, 13000.000000>
[COT 2020-10-14 23:01:14] 76561197997236738: Teleported to position <11814.031250, 147.918991, 13005.287109>
[COT 2020-10-14 23:01:33] 76561197997236738: Teleported [guid=uvtdMd_cBerqVHmKHzn52eKFl-8jD7P9CNZONWv9pR0=] to <11814.000000, 139.000000, 13005.299805>
[COT 2020-10-14 23:01:49] 76561197997236738: Teleported to position <11819.000000, 147.957733, 13005.373047>
[COT 2020-10-14 23:03:48] 76561197997236738: Teleported [guid=uvtdMd_cBerqVHmKHzn52eKFl-8jD7P9CNZONWv9pR0=] to <14357.000000, 4.300000, 13234.000000>
[COT 2020-10-14 23:04:58] 76561197997236738: Teleported [guid=uvtdMd_cBerqVHmKHzn52eKFl-8jD7P9CNZONWv9pR0=] to <7414.000000, 13.000000, 1507.000000>
[COT 2020-10-14 23:07:05] 76561197997236738: Teleported uvtdMd_cBerqVHmKHzn52eKFl-8jD7P9CNZONWv9pR0= to (Balota Airstrip, <5024.638184, 9.530000, 2361.604248>)
[COT 2020-10-14 23:08:44] 76561197997236738: Spawned Entity Barret M82 (Gold) (AKM_Base<6e1882e0>, -1, 500) at <5093.331543, 9.352393, 2308.665527>
[COT 2020-10-14 23:09:13] 76561197997236738: Spawned Entity Barret Magazine (Mag_AKM_30Rnd<71e4ad90>, 1, 100) at <5093.331543, 9.352393, 2308.665527>
[COT 2020-10-14 23:09:14] 76561197997236738: Spawned Entity Barret Magazine (Mag_AKM_30Rnd<71e43c20>, 1, 100) at <5093.331543, 9.352393, 2308.665527>
[COT 2020-10-14 23:09:30] 76561197997236738: Spawned Entity $UNT$Long Range Scope (LongrangeOptic<6a7b86a0>, -1, 100) at <5093.331543, 9.352393, 2308.665527>
[COT 2020-10-14 23:09:49] 76561197997236738: Spawned Entity $UNT$Long Range Scope (LongrangeOptic<6a7b7ed0>, -1, 100) at <5093.331543, 9.352393, 2308.665527>
[COT 2020-10-14 23:10:38] 76561197997236738: Spawned Entity Bandage (BandageDressing<71e59070>, 4, 50) at <5067.648438, 9.323133, 2365.429932>
[COT 2020-10-14 23:10:38] 76561197997236738: Spawned Entity Bandage (BandageDressing<71e579c0>, 4, 50) at <5067.656250, 9.334791, 2365.467529>
[COT 2020-10-14 23:11:07] 76561197997236738: Healed [guid=uvtdMd_cBerqVHmKHzn52eKFl-8jD7P9CNZONWv9pR0=]
[COT 2020-10-14 23:11:08] 76561197997236738: Set UnlimitedAmmo To true [guid=uvtdMd_cBerqVHmKHzn52eKFl-8jD7P9CNZONWv9pR0=]
[COT 2020-10-14 23:11:40] 76561197997236738: Spawned Entity $UNT$Long Range Scope (LongrangeOptic<6a7b6760>, -1, 100) at <5071.570801, 9.335329, 2361.205078>
[COT 2020-10-14 23:11:49] 76561197997236738: Spawned Entity $UNT$PO4x34 Scope (GrozaOptic<6a7badb0>, -1, 100) at <5071.570801, 9.335329, 2361.205078>
[COT 2020-10-14 23:13:59] 76561197997236738: Spawned Entity ATOG Scope (ACOGOptic<6a7bbd50>, -1, 50) at <5069.307617, 9.360496, 2280.573242>
