[COT 2020-10-15 08:07:53] 76561197997236738: Entered the Free Camera
[COT 2020-10-15 08:10:29] 76561197997236738: Left the Free Camera
[COT 2020-10-15 08:10:47] 76561197997236738: Teleported [guid=bjiwSoIjED9FPjLYhFJx6Ml2-N7zn5tLIPDQpUMW2yY=] to <8403.915039, 297.752075, 6031.248047>
[COT 2020-10-15 08:19:50] 76561198050722159: Set rain to 0 0 0
[COT 2020-10-15 08:19:50] 76561198050722159: Set storm to 0 0.8 4000
[COT 2020-10-15 08:19:50] 76561198050722159: Set fog to 0.0740044 0 0
[COT 2020-10-15 08:19:50] 76561198050722159: Set overcast to 0.38 0 0
[COT 2020-10-15 08:19:50] 76561198050722159: Set the date to 2020/8/10 1:18
[COT 2020-10-15 08:19:50] 76561198050722159: Set wind to 19.4213 19.4213 1
[COT 2020-10-15 08:19:55] 76561198050722159: Set rain to 0 0 0
[COT 2020-10-15 08:19:55] 76561198050722159: Set storm to 0 0.8 4000
[COT 2020-10-15 08:19:55] 76561198050722159: Set fog to 0.0740044 0 0
[COT 2020-10-15 08:19:55] 76561198050722159: Set overcast to 0.38 0 0
[COT 2020-10-15 08:19:55] 76561198050722159: Set the date to 2020/8/10 7:11
[COT 2020-10-15 08:19:55] 76561198050722159: Set wind to 19.4213 19.4213 1
[COT 2020-10-15 08:20:47] 76561198050722159: Spawned Entity  (Building<f6cdfd50>, -1, 0) at <8350.973633, 292.002411, 5990.907715>
[COT 2020-10-15 08:20:57] 76561198050722159: Spawned Entity M4-A1 (M4A1_Base<ead981f0>, -1, 200) at <8350.973633, 292.002411, 5990.907715>
[COT 2020-10-15 08:21:10] 76561198050722159: Spawned Entity M4-A1 Rail Handguard (M4_RISHndgrd<ede16270>, -1, 250) at <8350.973633, 292.002411, 5990.907715>
[COT 2020-10-15 08:21:16] 76561198050722159: Spawned Entity M4-A1 MP Buttstock (M4_MPBttstck<ede14430>, -1, 220) at <8350.973633, 292.002411, 5990.907715>
[COT 2020-10-15 08:21:25] 76561198050722159: Spawned Entity RVN Sights (M4_T3NRDSOptic<ce38f410>, -1, 50) at <8350.973633, 292.002411, 5990.907715>
