[COT 2020-07-12 00:36:29] 76561198050722159: Spawned Entity 100 Ruble Note (ItemBase<45ab1390>, 100, 100) at <1756.462280, 1.580483, 2029.579224>
[COT 2020-07-12 00:36:39] 76561197997236738: Deleted Entity ExpansionZodiacBoat:051894 at <1756.248657, 0.790190, 1925.520874>
[COT 2020-07-12 00:37:09] 76561197997236738: Spawned Entity 100 Ruble Note (ItemBase<45ac46b0>, 500, 100) at <1759.490601, 1.534651, 2028.970581>
[COT 2020-07-12 00:37:09] 76561197997236738: Spawned Entity 100 Ruble Note (ItemBase<45abd1b0>, 500, 100) at <1759.475098, 1.544287, 2028.968872>
[COT 2020-07-12 00:37:10] 76561197997236738: Spawned Entity 100 Ruble Note (ItemBase<45aca5c0>, 500, 100) at <1759.459717, 1.553923, 2028.967285>
[COT 2020-07-12 00:37:10] 76561197997236738: Spawned Entity 100 Ruble Note (ItemBase<45acb460>, 500, 100) at <1759.444214, 1.563559, 2028.965332>
[COT 2020-07-12 00:37:10] 76561197997236738: Spawned Entity 100 Ruble Note (ItemBase<45acad10>, 500, 100) at <1759.428955, 1.573195, 2028.963623>
[COT 2020-07-12 00:37:10] 76561197997236738: Spawned Entity 100 Ruble Note (ItemBase<45ac8fd0>, 500, 100) at <1759.413452, 1.582831, 2028.962158>
[COT 2020-07-12 00:37:10] 76561197997236738: Spawned Entity 100 Ruble Note (ItemBase<45acbbb0>, 500, 100) at <1759.398315, 1.592467, 2028.960449>
[COT 2020-07-12 00:37:10] 76561197997236738: Spawned Entity 100 Ruble Note (ItemBase<45acc300>, 500, 100) at <1759.382690, 1.602103, 2028.958740>
[COT 2020-07-12 00:37:11] 76561197997236738: Spawned Entity 100 Ruble Note (ItemBase<45acd1a0>, 500, 100) at <1759.367432, 1.611738, 2028.956909>
[COT 2020-07-12 00:37:11] 76561197997236738: Spawned Entity 100 Ruble Note (ItemBase<45ac6b40>, 500, 100) at <1759.351929, 1.621374, 2028.955078>
[COT 2020-07-12 00:37:11] 76561197997236738: Spawned Entity 100 Ruble Note (ItemBase<45ac79e0>, 500, 100) at <1759.336426, 1.631010, 2028.953491>
[COT 2020-07-12 00:37:11] 76561197997236738: Spawned Entity 100 Ruble Note (ItemBase<45ace790>, 500, 100) at <1759.320923, 1.640646, 2028.951660>
[COT 2020-07-12 00:37:17] 76561198050722159: Spawned Entity 100 Ruble Note (ItemBase<45ac5ca0>, 500, 100) at <1756.113647, 1.602035, 2029.838257>
[COT 2020-07-12 00:37:17] 76561198050722159: Spawned Entity 100 Ruble Note (ItemBase<45ad4df0>, 500, 100) at <1756.105591, 1.611671, 2029.846313>
[COT 2020-07-12 00:45:37] 76561197997236738: Spawned vehicle Mh-6 Little Bird (ExpansionMh6) at <2620.523438, 21.873705, 1316.740356>
[COT 2020-07-12 00:51:44] 76561197997236738: Teleported [guid=bjiwSoIjED9FPjLYhFJx6Ml2-N7zn5tLIPDQpUMW2yY=] to <1758.373779, 1.730577, 2031.093262>
[COT 2020-07-12 00:51:44] 76561197997236738: Teleported [guid=uvtdMd_cBerqVHmKHzn52eKFl-8jD7P9CNZONWv9pR0=] to <1758.373779, 1.730577, 2031.093262>
[COT 2020-07-12 01:00:34] 76561197997236738: Healed [guid=uvtdMd_cBerqVHmKHzn52eKFl-8jD7P9CNZONWv9pR0=]
[COT 2020-07-12 01:02:01] 76561197997236738: Teleported [guid=bjiwSoIjED9FPjLYhFJx6Ml2-N7zn5tLIPDQpUMW2yY=] to <1143.108154, 6.061147, 2400.483887>
[COT 2020-07-12 01:02:54] 76561197997236738: Teleported [guid=bjiwSoIjED9FPjLYhFJx6Ml2-N7zn5tLIPDQpUMW2yY=] to <1098.490112, 5.709959, 2352.220215>
[COT 2020-07-12 01:18:17] 76561198050722159: Teleported to <1114.887207, 5.471148, 2412.065674> [guid=uvtdMd_cBerqVHmKHzn52eKFl-8jD7P9CNZONWv9pR0=]
[COT 2020-07-12 01:28:40] 76561198050722159: Entered the Free Camera
[COT 2020-07-12 01:34:27] 76561198050722159: Set rain to 0 0 0
[COT 2020-07-12 01:34:27] 76561198050722159: Set storm to 0 0.8 4000
[COT 2020-07-12 01:34:27] 76561198050722159: Set fog to 0.0223184 0 0
[COT 2020-07-12 01:34:27] 76561198050722159: Set overcast to 0.0355444 0 0
[COT 2020-07-12 01:34:27] 76561198050722159: Set the date to 2020/8/11 18:42
[COT 2020-07-12 01:34:27] 76561198050722159: Set wind to 8.72483 8.72483 1
[COT 2020-07-12 01:34:29] 76561198050722159: Set rain to 0 0 0
[COT 2020-07-12 01:34:29] 76561198050722159: Set storm to 0 0.8 4000
[COT 2020-07-12 01:34:29] 76561198050722159: Set fog to 0.0223184 0 0
[COT 2020-07-12 01:34:29] 76561198050722159: Set overcast to 0.0355444 0 0
[COT 2020-07-12 01:34:29] 76561198050722159: Set the date to 2020/8/18 18:42
[COT 2020-07-12 01:34:29] 76561198050722159: Set wind to 8.72483 8.72483 1
[COT 2020-07-12 01:34:32] 76561198050722159: Set rain to 0 0 0
[COT 2020-07-12 01:34:32] 76561198050722159: Set storm to 0 0.8 4000
[COT 2020-07-12 01:34:32] 76561198050722159: Set fog to 0.0223184 0 0
[COT 2020-07-12 01:34:32] 76561198050722159: Set overcast to 0.0355444 0 0
[COT 2020-07-12 01:34:32] 76561198050722159: Set the date to 2020/8/29 18:42
[COT 2020-07-12 01:34:32] 76561198050722159: Set wind to 8.72483 8.72483 1
[COT 2020-07-12 01:34:36] 76561198050722159: Set rain to 0 0 0
[COT 2020-07-12 01:34:36] 76561198050722159: Set storm to 0 0.8 4000
[COT 2020-07-12 01:34:36] 76561198050722159: Set fog to 0.0223184 0 0
[COT 2020-07-12 01:34:36] 76561198050722159: Set overcast to 0.0355444 0 0
[COT 2020-07-12 01:34:36] 76561198050722159: Set the date to 2020/8/14 18:42
[COT 2020-07-12 01:34:36] 76561198050722159: Set wind to 8.72483 8.72483 1
[COT 2020-07-12 01:34:45] 76561198050722159: Set rain to 0 0 0
[COT 2020-07-12 01:34:45] 76561198050722159: Set storm to 0 0.8 4000
[COT 2020-07-12 01:34:45] 76561198050722159: Set fog to 0.0223184 0 0
[COT 2020-07-12 01:34:45] 76561198050722159: Set overcast to 0.0355444 0 0
[COT 2020-07-12 01:34:45] 76561198050722159: Set the date to 2020/8/11 18:42
[COT 2020-07-12 01:34:45] 76561198050722159: Set wind to 8.72483 8.72483 1
[COT 2020-07-12 01:34:46] 76561198050722159: Set rain to 0 0 0
[COT 2020-07-12 01:34:46] 76561198050722159: Set storm to 0 0.8 4000
[COT 2020-07-12 01:34:46] 76561198050722159: Set fog to 0.0223184 0 0
[COT 2020-07-12 01:34:46] 76561198050722159: Set overcast to 0.0355444 0 0
[COT 2020-07-12 01:34:46] 76561198050722159: Set the date to 2020/8/11 18:42
[COT 2020-07-12 01:34:46] 76561198050722159: Set wind to 8.72483 8.72483 1
[COT 2020-07-12 01:34:48] 76561198050722159: Set rain to 0 0 0
[COT 2020-07-12 01:34:48] 76561198050722159: Set storm to 0 0.8 4000
[COT 2020-07-12 01:34:48] 76561198050722159: Set fog to 0.0223184 0 0
[COT 2020-07-12 01:34:48] 76561198050722159: Set overcast to 0.0355444 0 0
[COT 2020-07-12 01:34:48] 76561198050722159: Set the date to 2020/8/18 18:42
[COT 2020-07-12 01:34:48] 76561198050722159: Set wind to 8.72483 8.72483 1
[COT 2020-07-12 01:34:52] 76561198050722159: Set rain to 0 0 0
[COT 2020-07-12 01:34:52] 76561198050722159: Set storm to 0 0.8 4000
[COT 2020-07-12 01:34:52] 76561198050722159: Set fog to 0.0223184 0 0
[COT 2020-07-12 01:34:52] 76561198050722159: Set overcast to 0.28 0 0
[COT 2020-07-12 01:34:52] 76561198050722159: Set the date to 2020/8/18 18:42
[COT 2020-07-12 01:34:52] 76561198050722159: Set wind to 8.72483 8.72483 1
[COT 2020-07-12 01:34:55] 76561198050722159: Set rain to 0 0 0
[COT 2020-07-12 01:34:55] 76561198050722159: Set storm to 0 0.8 4000
[COT 2020-07-12 01:34:55] 76561198050722159: Set fog to 0.0223184 0 0
[COT 2020-07-12 01:34:55] 76561198050722159: Set overcast to 0.24 0 0
[COT 2020-07-12 01:34:55] 76561198050722159: Set the date to 2020/8/18 18:42
[COT 2020-07-12 01:34:55] 76561198050722159: Set wind to 8.72483 8.72483 1
[COT 2020-07-12 01:34:59] 76561198050722159: Set rain to 0 0 0
[COT 2020-07-12 01:34:59] 76561198050722159: Set storm to 0 0.8 4000
[COT 2020-07-12 01:34:59] 76561198050722159: Set fog to 0.38 0 0
[COT 2020-07-12 01:34:59] 76561198050722159: Set overcast to 0.24 0 0
[COT 2020-07-12 01:34:59] 76561198050722159: Set the date to 2020/8/18 18:42
[COT 2020-07-12 01:34:59] 76561198050722159: Set wind to 8.72483 8.72483 1
[COT 2020-07-12 01:35:02] 76561198050722159: Set rain to 0 0 0
[COT 2020-07-12 01:35:02] 76561198050722159: Set storm to 0 0.8 4000
[COT 2020-07-12 01:35:02] 76561198050722159: Set fog to 0.05 0 0
[COT 2020-07-12 01:35:02] 76561198050722159: Set overcast to 0.24 0 0
[COT 2020-07-12 01:35:02] 76561198050722159: Set the date to 2020/8/18 18:42
[COT 2020-07-12 01:35:02] 76561198050722159: Set wind to 8.72483 8.72483 1
[COT 2020-07-12 01:35:55] 76561198050722159: Left the Free Camera
