[COT 2020-10-17 20:21:07] 76561197997236738: Healed [guid=uvtdMd_cBerqVHmKHzn52eKFl-8jD7P9CNZONWv9pR0=]
[COT 2020-10-17 20:21:28] 76561197997236738: Teleported uvtdMd_cBerqVHmKHzn52eKFl-8jD7P9CNZONWv9pR0= to (Green Mtn, <3745.887207, 402.052856, 6014.330566>)
[COT 2020-10-17 20:26:49] 76561197997236738: Spawned vehicle Vodnik (ExpansionVodnik) at <3703.188477, 401.999969, 5992.429688>
[COT 2020-10-17 20:27:18] 76561197997236738: Deleted Entity ExpansionVodnikWheel:066749 at <3702.202637, 402.710144, 5994.068359>
[COT 2020-10-17 20:27:20] 76561197997236738: Deleted Entity ExpansionVodnikDoorDriver:067368 at <3702.192871, 403.604767, 5994.650879>
[COT 2020-10-17 20:27:21] 76561197997236738: Deleted Entity ExpansionVodnik:012241 at <3703.189209, 404.190308, 5992.455078>
[COT 2020-10-17 20:27:32] 76561197997236738: Spawned vehicle Gyrocopter (ExpansionGyrocopter) at <3706.302490, 402.000000, 5995.473633>
[COT 2020-10-17 20:28:28] 76561197997236738: Teleported uvtdMd_cBerqVHmKHzn52eKFl-8jD7P9CNZONWv9pR0= to (Kumyrna, <8403.034180, 297.835815, 6031.794434>)
[COT 2020-10-17 20:29:03] 76561197997236738: Teleported to position <1113.177368, 5.428637, 2411.857910>
[COT 2020-10-17 20:29:43] 76561197997236738: Teleported uvtdMd_cBerqVHmKHzn52eKFl-8jD7P9CNZONWv9pR0= to (Devil's Castle, <6910.286133, 401.921875, 11371.506836>)
[COT 2020-10-17 20:30:28] 76561197997236738: Teleported uvtdMd_cBerqVHmKHzn52eKFl-8jD7P9CNZONWv9pR0= to (Kamenka, <1891.804810, 5.940956, 2155.475098>)
[COT 2020-10-17 20:30:53] 76561197997236738: Spawned vehicle LHD-9 USS Khe Sanh (ExpansionLHD) at <1979.603760, 1.086572, 1895.802856>
[COT 2020-10-17 20:31:48] 76561197997236738: Spawned vehicle Merlin (ExpansionMerlin) at <1971.590698, 20.791119, 1910.703003>
[COT 2020-10-17 20:33:03] 76561197997236738: Healed [guid=uvtdMd_cBerqVHmKHzn52eKFl-8jD7P9CNZONWv9pR0=]
[COT 2020-10-17 20:33:20] 76561197997236738: Teleported uvtdMd_cBerqVHmKHzn52eKFl-8jD7P9CNZONWv9pR0= to (Chernogorsk, <6571.540039, 6.000000, 2446.076172>)
[COT 2020-10-17 20:33:44] 76561197997236738: Item set MVS Loadout spawned on <6725.200684, 2.827572, 2389.099854>
[COT 2020-10-17 20:34:13] 76561197997236738: Deleted Entity ExpansionAirdropContainer_Basebuilding:028940 at <6725.200684, 2.950553, 2389.099854>
[COT 2020-10-17 20:34:19] 76561197997236738: Spawned vehicle Gyrocopter (ExpansionGyrocopter) at <6724.467773, 2.924566, 2407.073242>
[COT 2020-10-17 20:34:43] 76561197997236738: Spawned vehicle UH-1H (ExpansionUh1h) at <6726.298340, 2.922523, 2405.540283>
[COT 2020-10-17 20:40:10] 76561197997236738: Teleported uvtdMd_cBerqVHmKHzn52eKFl-8jD7P9CNZONWv9pR0= to (NW Airfield Tents, <4162.377441, 338.390015, 11014.220703>)
[COT 2020-10-17 20:43:08] 76561197997236738: Healed [guid=uvtdMd_cBerqVHmKHzn52eKFl-8jD7P9CNZONWv9pR0=]
[COT 2020-10-17 20:43:18] 76561197997236738: Entered the Free Camera
[COT 2020-10-17 20:45:31] 76561197997236738: Left the Free Camera
[COT 2020-10-17 20:46:45] 76561197997236738: Teleported to position <1489.914551, 440.427490, 13621.870117>
[COT 2020-10-17 20:48:57] 76561197997236738: ESP: Viewing ESP
[COT 2020-10-17 20:49:39] 76561197997236738: Teleported to position <329.844635, 294.959106, 9356.593750>
[COT 2020-10-17 20:49:48] 76561197997236738: ESP: Clearing ESP
[COT 2020-10-17 20:49:48] 76561197997236738: ESP: Viewing ESP
[COT 2020-10-17 20:50:41] 76561197997236738: Teleported uvtdMd_cBerqVHmKHzn52eKFl-8jD7P9CNZONWv9pR0= to (Krasnostav Airstrip, <12017.460938, 140.000000, 12488.272461>)
[COT 2020-10-17 20:51:04] 76561197997236738: Entered the Free Camera
[COT 2020-10-17 20:51:16] 76561197997236738: ESP: Clearing ESP
[COT 2020-10-17 20:51:16] 76561197997236738: ESP: Viewing ESP
[COT 2020-10-17 20:51:44] 76561197997236738: Left the Free Camera
