[COT 2020-07-07 06:58:58] 76561197997236738: Teleported to position <11922.774414, 54.146633, 9071.080078>
[COT 2020-07-07 06:59:19] 76561197997236738: Teleported to position <11877.538086, 58.272686, 9033.629883>
[COT 2020-07-07 06:59:19] 76561197997236738: Teleported to position <11869.838867, 57.564575, 9024.208008>
[COT 2020-07-07 06:59:20] 76561197997236738: Teleported to position <11812.372070, 66.726471, 8971.155273>
[COT 2020-07-07 07:00:02] 76561197997236738: Teleported [guid=bjiwSoIjED9FPjLYhFJx6Ml2-N7zn5tLIPDQpUMW2yY=] to <11770.175781, 80.231483, 8929.833984>
[COT 2020-07-07 07:00:28] 76561197997236738: Teleported to position <12823.250000, 6.010000, 10058.638672>
[COT 2020-07-07 07:01:33] 76561197997236738: Teleported to position <5849.260742, 77.586983, 2633.530029>
[COT 2020-07-07 07:01:40] 76561197997236738: Teleported to position <5847.003906, 78.862320, 2635.047119>
[COT 2020-07-07 07:01:40] 76561197997236738: Teleported to position <5845.583984, 79.263359, 2636.786865>
[COT 2020-07-07 07:01:41] 76561197997236738: Teleported to position <5824.062500, 80.944046, 2665.286133>
[COT 2020-07-07 07:01:44] 76561197997236738: Teleported to position <5839.204590, 119.459518, 2680.549072>
[COT 2020-07-07 07:01:45] 76561197997236738: Teleported to position <5846.483887, 119.982277, 2690.216064>
[COT 2020-07-07 07:01:55] 76561197997236738: Teleported to position <5709.603027, 105.837204, 2479.199219>
[COT 2020-07-07 07:02:03] 76561197997236738: Teleported [guid=bjiwSoIjED9FPjLYhFJx6Ml2-N7zn5tLIPDQpUMW2yY=] to <5705.289063, 105.296478, 2478.383301>
[COT 2020-07-07 07:02:12] 76561197997236738: Item set MVS Loadout spawned on <5705.167480, 105.256592, 2478.158203>
[COT 2020-07-07 07:02:25] 76561197997236738: Teleported to position <5798.333496, 123.036545, 2660.240479>
[COT 2020-07-07 07:02:31] 76561197997236738: Teleported to position <5375.846680, 102.763535, 2780.306396>
[COT 2020-07-07 07:02:42] 76561197997236738: Item set MVS Loadout spawned on <5368.204102, 102.627258, 2784.285156>
[COT 2020-07-07 07:04:01] 76561197997236738: Spawned Entity Rangefinder (Rangefinder<ff5840>, -1, 70) at <5363.106934, 102.627258, 2780.078857>
[COT 2020-07-07 07:04:10] 76561197997236738: Spawned Entity 9V Battery (Battery9V<25a85c50>, 50, 20) at <5361.216309, 102.667236, 2776.886475>
[COT 2020-07-07 07:04:28] 76561197997236738: Spawned Entity Pipsi Cola (SodaCan_ColorBase<25a84660>, 330, 30) at <5361.726563, 102.667244, 2777.825684>
[COT 2020-07-07 07:04:29] 76561197997236738: Spawned Entity Pipsi Cola (SodaCan_ColorBase<25a8a570>, 330, 30) at <5361.726563, 102.667244, 2777.825684>
[COT 2020-07-07 07:04:29] 76561197997236738: Spawned Entity Pipsi Cola (SodaCan_ColorBase<25a8bb60>, 330, 30) at <5361.726563, 102.667244, 2777.825684>
[COT 2020-07-07 07:04:29] 76561197997236738: Spawned Entity Pipsi Cola (SodaCan_ColorBase<25a84db0>, 330, 30) at <5361.726563, 102.667244, 2777.825684>
[COT 2020-07-07 07:04:34] 76561197997236738: Spawned Entity Canned Bacon (TacticalBaconCan<25a8b410>, -1, 100) at <5361.726563, 102.667244, 2777.825684>
[COT 2020-07-07 07:04:34] 76561197997236738: Spawned Entity Canned Bacon (TacticalBaconCan<25a8c2b0>, -1, 100) at <5361.726563, 102.667244, 2777.825684>
[COT 2020-07-07 07:04:36] 76561197997236738: Spawned Entity Canned Bacon (TacticalBaconCan_Opened<25a85500>, 255, 100) at <5361.726563, 102.667244, 2777.825684>
[COT 2020-07-07 07:04:36] 76561197997236738: Spawned Entity Canned Bacon (TacticalBaconCan_Opened<25a8ca00>, 255, 100) at <5361.726563, 102.667244, 2777.825684>
[COT 2020-07-07 07:04:36] 76561197997236738: Spawned Entity Canned Bacon (TacticalBaconCan_Opened<25a8d150>, 255, 100) at <5361.726563, 102.667244, 2777.825684>
[COT 2020-07-07 07:07:33] 76561197997236738: Teleported to position <5698.637695, 105.458069, 2478.352295>
[COT 2020-07-07 07:08:36] 76561197997236738: Deleted Entity ExpansionAirdropContainer_Basebuilding at <5705.167480, 105.269608, 2478.158203>
[COT 2020-07-07 07:08:58] 76561197997236738: Teleported to position <5801.935059, 121.361183, 2651.075439>
[COT 2020-07-07 07:09:08] 76561197997236738: Teleported [guid=bjiwSoIjED9FPjLYhFJx6Ml2-N7zn5tLIPDQpUMW2yY=] to <5802.869141, 121.534698, 2653.987061>
[COT 2020-07-07 07:09:28] 76561197997236738: Item set MVS Loadout spawned on <5801.900391, 121.494759, 2658.092773>
[COT 2020-07-07 07:09:34] 76561197997236738: Teleported to position <5367.968750, 102.346252, 2772.619629>
[COT 2020-07-07 07:09:37] 76561197997236738: Teleported to position <5384.252441, 61.462830, 2759.802246>
[COT 2020-07-07 07:09:37] 76561197997236738: Teleported to position <5384.624023, 61.596195, 2759.875000>
[COT 2020-07-07 07:09:40] 76561197997236738: Teleported to position <5373.782227, 102.237259, 2777.739502>
[COT 2020-07-07 07:09:41] 76561197997236738: Teleported to position <5368.543457, 102.921997, 2783.875488>
[COT 2020-07-07 07:10:14] 76561197997236738: Teleported to position <5697.634277, 105.024628, 2485.297852>
[COT 2020-07-07 07:10:17] 76561197997236738: Teleported to position <5700.559082, 100.808517, 2485.262695>
[COT 2020-07-07 07:10:18] 76561197997236738: Teleported to position <5701.853027, 98.814713, 2485.247314>
[COT 2020-07-07 07:10:25] 76561197997236738: Teleported to position <5706.531250, 105.258041, 2485.191406>
[COT 2020-07-07 07:10:37] 76561197997236738: Teleported to position <5367.675293, 102.472359, 2772.258545>
[COT 2020-07-07 07:10:38] 76561197997236738: Teleported to position <5368.017090, 102.087234, 2772.679199>
[COT 2020-07-07 07:10:38] 76561197997236738: Teleported to position <5367.999023, 101.418335, 2772.944824>
[COT 2020-07-07 07:10:45] 76561197997236738: Teleported to position <5365.041992, 99.023804, 2766.534180>
[COT 2020-07-07 07:10:49] 76561197997236738: Teleported to position <5366.846680, 99.387665, 2771.172119>
[COT 2020-07-07 07:10:56] 76561197997236738: Teleported to position <5369.810547, 103.270020, 2774.885010>
[COT 2020-07-07 07:12:45] 76561197997236738: Teleported to position <5361.191406, 59.965004, 2782.607910>
[COT 2020-07-07 07:12:51] 76561197997236738: Teleported to position <5363.167480, 60.624531, 2790.672852>
[COT 2020-07-07 07:12:52] 76561197997236738: Teleported to position <5365.726563, 58.902603, 2801.064453>
[COT 2020-07-07 07:12:55] 76561197997236738: Teleported to position <5363.532227, 102.968590, 2790.892090>
[COT 2020-07-07 07:15:47] 76561197997236738: Teleported [guid=bjiwSoIjED9FPjLYhFJx6Ml2-N7zn5tLIPDQpUMW2yY=] to <5363.951172, 105.902344, 2777.201660>
[COT 2020-07-07 07:15:54] 76561197997236738: Teleported to position <5426.874023, 80.798462, 2745.546387>
