[COT 2020-07-06 22:33:09] 76561197997236738: Spawned Entity MVS Rucksack - Black (MountainBag_ColorBase<b7abe80>, -1, 300) at <6885.151855, 405.915405, 11432.920898>
[COT 2020-07-06 22:33:36] 76561197997236738: Teleported to position <6897.324707, 424.704926, 11459.821289>
[COT 2020-07-06 22:33:57] 76561197997236738: Stripped [guid=uvtdMd_cBerqVHmKHzn52eKFl-8jD7P9CNZONWv9pR0=]
[COT 2020-07-06 22:37:25] 76561197997236738: Set wind to 12.0162 0.08 1
[COT 2020-07-06 22:37:26] 76561197997236738: Set wind to 12.0162 0.08 1
[COT 2020-07-06 22:37:26] 76561197997236738: Set wind to 12.0162 0 1
[COT 2020-07-06 22:37:26] 76561197997236738: Set wind to 12.0162 0 1
[COT 2020-07-06 22:37:26] 76561197997236738: Set wind to 12.0162 0 1
[COT 2020-07-06 22:37:26] 76561197997236738: Set wind to 12.0162 0 1
[COT 2020-07-06 22:37:27] 76561197997236738: Set rain to 0 0 0
[COT 2020-07-06 22:37:27] 76561197997236738: Set storm to 0 0.8 4000
[COT 2020-07-06 22:37:27] 76561197997236738: Set fog to 0.016337 0 0
[COT 2020-07-06 22:37:27] 76561197997236738: Set overcast to 0.0191005 0 0
[COT 2020-07-06 22:37:27] 76561197997236738: Set the date to 2020/8/10 15:36
[COT 2020-07-06 22:37:27] 76561197997236738: Set wind to 0 0 1
[COT 2020-07-06 22:37:29] 76561197997236738: Set fog to 0 0 0
[COT 2020-07-06 22:37:29] 76561197997236738: Set fog to 0 0 0
[COT 2020-07-06 22:37:29] 76561197997236738: Set rain to 0 0 0
[COT 2020-07-06 22:37:29] 76561197997236738: Set storm to 0 0.8 4000
[COT 2020-07-06 22:37:29] 76561197997236738: Set fog to 0 0 0
[COT 2020-07-06 22:37:29] 76561197997236738: Set overcast to 0.0191005 0 0
[COT 2020-07-06 22:37:29] 76561197997236738: Set the date to 2020/8/10 15:36
[COT 2020-07-06 22:37:29] 76561197997236738: Set wind to 0 0 1
[COT 2020-07-06 22:37:34] 76561197997236738: Set overcast to 0.01 0 0
[COT 2020-07-06 22:37:34] 76561197997236738: Set the date to 2020/8/10 15:41
[COT 2020-07-06 22:37:35] 76561197997236738: Set overcast to 0.01 0 0
[COT 2020-07-06 22:37:35] 76561197997236738: Set the date to 2020/8/10 15:41
[COT 2020-07-06 22:37:35] 76561197997236738: Set rain to 0 0 0
[COT 2020-07-06 22:37:35] 76561197997236738: Set storm to 0 0.8 4000
[COT 2020-07-06 22:37:35] 76561197997236738: Set fog to 0 0 0
[COT 2020-07-06 22:37:35] 76561197997236738: Set overcast to 0.01 0 0
[COT 2020-07-06 22:37:35] 76561197997236738: Set the date to 2020/8/10 15:36
[COT 2020-07-06 22:37:35] 76561197997236738: Set wind to 0 0 1
[COT 2020-07-06 22:37:46] 76561197997236738: Teleported [guid=uvtdMd_cBerqVHmKHzn52eKFl-8jD7P9CNZONWv9pR0=] to <6891.250000, 408.950989, 11444.599609>
[COT 2020-07-06 22:37:55] 76561197997236738: Bleeding stopped [guid=uvtdMd_cBerqVHmKHzn52eKFl-8jD7P9CNZONWv9pR0=]
[COT 2020-07-06 22:37:57] 76561197997236738: Healed [guid=uvtdMd_cBerqVHmKHzn52eKFl-8jD7P9CNZONWv9pR0=]
[COT 2020-07-06 22:38:04] 76561197997236738: Set Water To 5000 [guid=uvtdMd_cBerqVHmKHzn52eKFl-8jD7P9CNZONWv9pR0=]
[COT 2020-07-06 22:38:23] 76561197997236738: Spectating [guid=uvtdMd_cBerqVHmKHzn52eKFl-8jD7P9CNZONWv9pR0=]
[COT 2020-07-06 22:39:10] 76561197997236738: Stripped [guid=uvtdMd_cBerqVHmKHzn52eKFl-8jD7P9CNZONWv9pR0=]
[COT 2020-07-06 22:39:13] 76561197997236738: Stripped [guid=uvtdMd_cBerqVHmKHzn52eKFl-8jD7P9CNZONWv9pR0=]
[COT 2020-07-06 22:39:23] 76561197997236738: Stripped [guid=uvtdMd_cBerqVHmKHzn52eKFl-8jD7P9CNZONWv9pR0=]
[COT 2020-07-06 22:39:36] 76561197997236738: Stripped [guid=uvtdMd_cBerqVHmKHzn52eKFl-8jD7P9CNZONWv9pR0=]
[COT 2020-07-06 22:39:38] 76561197997236738: Stripped [guid=uvtdMd_cBerqVHmKHzn52eKFl-8jD7P9CNZONWv9pR0=]
[COT 2020-07-06 22:39:41] 76561197997236738: Stripped [guid=uvtdMd_cBerqVHmKHzn52eKFl-8jD7P9CNZONWv9pR0=]
[COT 2020-07-06 22:40:00] 76561197997236738: Stripped [guid=uvtdMd_cBerqVHmKHzn52eKFl-8jD7P9CNZONWv9pR0=]
[COT 2020-07-06 22:40:03] 76561197997236738: Stripped [guid=uvtdMd_cBerqVHmKHzn52eKFl-8jD7P9CNZONWv9pR0=]
[COT 2020-07-06 22:40:05] 76561197997236738: Stripped [guid=uvtdMd_cBerqVHmKHzn52eKFl-8jD7P9CNZONWv9pR0=]
[COT 2020-07-06 22:40:12] 76561197997236738: Stripped [guid=uvtdMd_cBerqVHmKHzn52eKFl-8jD7P9CNZONWv9pR0=]
[COT 2020-07-06 22:40:24] 76561197997236738: Stripped [guid=uvtdMd_cBerqVHmKHzn52eKFl-8jD7P9CNZONWv9pR0=]
[COT 2020-07-06 22:40:26] 76561197997236738: Stripped [guid=uvtdMd_cBerqVHmKHzn52eKFl-8jD7P9CNZONWv9pR0=]
[COT 2020-07-06 22:40:32] 76561197997236738: Stripped [guid=uvtdMd_cBerqVHmKHzn52eKFl-8jD7P9CNZONWv9pR0=]
[COT 2020-07-06 22:40:40] 76561197997236738: Stripped [guid=uvtdMd_cBerqVHmKHzn52eKFl-8jD7P9CNZONWv9pR0=]
[COT 2020-07-06 22:41:09] 76561197997236738: Healed [guid=uvtdMd_cBerqVHmKHzn52eKFl-8jD7P9CNZONWv9pR0=]
[COT 2020-07-06 22:41:32] 76561197997236738: Spawned Entity MVS Heavy - Black (ModularVestSystem_Heavy<21294110>, -1, 100) at <6890.378906, 405.951477, 11433.006836>
[COT 2020-07-06 22:41:55] 76561197997236738: Spawned Entity MVS Warrior Helmet - Black (Mich2001Helmet<2127cc20>, -1, 50) at <6890.378906, 405.951477, 11433.006836>
[COT 2020-07-06 22:42:02] 76561197997236738: Spawned Entity MVS Rucksack - Black (MountainBag_ColorBase<27838bc0>, -1, 300) at <6890.378906, 405.951477, 11433.006836>
[COT 2020-07-06 22:42:07] 76561197997236738: Spawned Entity MVS Combat Belt - OD (Modular_Belt_Base<27848460>, -1, 100) at <6890.378906, 405.951477, 11433.006836>
[COT 2020-07-06 22:42:20] 76561197997236738: Spawned Entity MVS Beard 01 - Black (BalaclavaMask_ColorBase<278433f0>, -1, 100) at <6890.378906, 405.951477, 11433.006836>
[COT 2020-07-06 22:42:25] 76561197997236738: Spawned Entity MVS Combat Pants - Black (BDUPants<27843b40>, -1, 100) at <6890.378906, 405.951477, 11433.006836>
[COT 2020-07-06 22:42:31] 76561197997236738: Spawned Entity MVS Combat Shirt - Black (TacticalShirt_ColorBase<2784eac0>, -1, 100) at <6890.378906, 405.951477, 11433.006836>
[COT 2020-07-06 22:43:17] 76561197997236738: Spawned Entity Assault Boots (MilitaryBoots_Black<2785a8e0>, -1, 100) at <6891.670898, 405.950256, 11432.283203>
[COT 2020-07-06 22:43:32] 76561197997236738: Spawned Entity Leather Gloves (LeatherGloves_Beige<278316c0>, -1, 40) at <6891.670898, 405.950256, 11432.283203>
[COT 2020-07-06 22:44:50] 76561197997236738: Spawned Entity MVS Raid Pouch - Black (Modular_Pouch_Base_Taco<27a61000>, -1, 200) at <6896.803223, 406.047974, 11423.188477>
[COT 2020-07-06 22:44:59] 76561197997236738: Spawned Entity MVS Heavy LMG Pouch - Black (MVS_Pouch_Base<27a67660>, -1, 200) at <6896.803223, 406.047974, 11423.188477>
[COT 2020-07-06 22:45:16] 76561197997236738: Spawned Entity MVS Magazine Pouch - Black (MVS_Pouch_Base<240887e0>, -1, 200) at <6896.803223, 406.047974, 11423.188477>
[COT 2020-07-06 22:46:54] 76561197997236738: Spawned Entity MVS Combat Belt - Black (Modular_Belt_Base<3180d6c0>, -1, 100) at <6885.426270, 405.962769, 11437.412109>
[COT 2020-07-06 22:47:01] 76561197997236738: Spawned Entity Tactical Gloves (TacticalGloves_Black<3181aad0>, -1, 100) at <6885.426270, 405.962769, 11437.412109>
[COT 2020-07-06 22:47:57] 76561197997236738: Spawned Entity AWM (Expansion_AWM_Base<94dda150>, -1, 200) at <6884.823242, 405.777191, 11440.965820>
[COT 2020-07-06 22:51:14] 76561197997236738: Deleted Entity LeatherGloves_Beige at <6885.426270, 405.950989, 11437.412109>
[COT 2020-07-06 22:52:43] 76561197997236738: Stripped [guid=uvtdMd_cBerqVHmKHzn52eKFl-8jD7P9CNZONWv9pR0=]
[COT 2020-07-06 22:52:55] 76561197997236738: Spawned Entity MVS Heavy - Black (ModularVestSystem_Heavy<a1c1c080>, -1, 100) at <6859.588867, 403.772827, 11442.632813>
[COT 2020-07-06 22:53:01] 76561197997236738: Spawned Entity MVS Magazine Pouch - Black (MVS_Pouch_Base<a1c226e0>, -1, 200) at <6859.588867, 403.772827, 11442.632813>
[COT 2020-07-06 22:53:08] 76561197997236738: Spawned Entity MVS Raid Pouch - Black (Modular_Pouch_Base_Taco<a1c3b910>, -1, 200) at <6859.588867, 403.772827, 11442.632813>
[COT 2020-07-06 22:53:25] 76561197997236738: Spawned Entity MVS Rucksack - Black (MountainBag_ColorBase<a086a990>, -1, 300) at <6859.588867, 403.772827, 11442.632813>
[COT 2020-07-06 22:53:28] 76561197997236738: Spawned Entity MVS Combat Belt - Black (Modular_Belt_Base<a086b830>, -1, 100) at <6859.588867, 403.772827, 11442.632813>
[COT 2020-07-06 22:53:34] 76561197997236738: Spawned Entity MVS Wraith Mask (BalaclavaMask_ColorBase<a086bf80>, -1, 100) at <6859.588867, 403.772827, 11442.632813>
[COT 2020-07-06 22:53:39] 76561197997236738: Spawned Entity MVS Shroud - Black (BalaclavaMask_ColorBase<a0873bd0>, -1, 100) at <6859.588867, 403.772827, 11442.632813>
[COT 2020-07-06 22:53:46] 76561197997236738: Spawned Entity MVS Patrol Cap - Multicam Black (Clothing<a087f9f0>, -1, 100) at <6859.588867, 403.772827, 11442.632813>
[COT 2020-07-06 22:53:49] 76561197997236738: Spawned Entity MVS Comtacs - OD (BalaclavaMask_ColorBase<92d446a0>, -1, 100) at <6859.588867, 403.772827, 11442.632813>
[COT 2020-07-06 22:53:51] 76561197997236738: Spawned Entity MVS Combat Pants - Black (BDUPants<92d47280>, -1, 100) at <6859.588867, 403.772827, 11442.632813>
[COT 2020-07-06 22:53:53] 76561197997236738: Spawned Entity MVS Combat Shirt - Black (TacticalShirt_ColorBase<92d44df0>, -1, 100) at <6859.588867, 403.772827, 11442.632813>
[COT 2020-07-06 22:54:00] 76561197997236738: Spawned Entity Hunter Boots (CombatBoots_Black<92d11af0>, -1, 120) at <6859.588867, 403.772827, 11442.632813>
[COT 2020-07-06 22:54:24] 76561197997236738: Spawned Entity Combat Knife (CombatKnife<92d0f660>, -1, 150) at <6859.588867, 403.772827, 11442.632813>
[COT 2020-07-06 22:54:38] 76561197997236738: Spawned Entity Tactical Gloves (TacticalGloves_Black<92d1b480>, -1, 100) at <6859.588867, 403.772827, 11442.632813>
[COT 2020-07-06 23:01:33] 76561197997236738: Teleported to position <6907.187988, 436.691437, 11433.841797>
[COT 2020-07-06 23:02:07] 76561197997236738: Set GodMode To true [guid=uvtdMd_cBerqVHmKHzn52eKFl-8jD7P9CNZONWv9pR0=]
[COT 2020-07-06 23:02:09] 76561197997236738: Set GodMode To false [guid=uvtdMd_cBerqVHmKHzn52eKFl-8jD7P9CNZONWv9pR0=]
[COT 2020-07-06 23:02:13] 76561197997236738: Stripped [guid=uvtdMd_cBerqVHmKHzn52eKFl-8jD7P9CNZONWv9pR0=]
[COT 2020-07-06 23:02:36] 76561197997236738: Spawned Entity  (Building<418da320>, -1, 0) at <6868.962891, 405.245087, 11434.217773>
[COT 2020-07-06 23:02:57] 76561197997236738: Teleported uvtdMd_cBerqVHmKHzn52eKFl-8jD7P9CNZONWv9pR0= to (Berezino Shipyard, <13179.197266, 5.429822, 10213.604492>)
[COT 2020-07-06 23:03:10] 76561197997236738: Spawned Entity MVS - OD (ModularVestSystem_Base<a0141bd0>, -1, 100) on 76561197997236738
[COT 2020-07-06 23:03:29] 76561197997236738: Spawned Entity EGD-5 Frag Grenade (RGD5Grenade<92c83790>, -1, 50) at <13179.197266, 5.453773, 10213.604492>
[COT 2020-07-06 23:03:39] 76561197997236738: Spawned Entity EGD-5 Frag Grenade (RGD5Grenade<9a833cd0>, -1, 50) on 76561197997236738
[COT 2020-07-06 23:03:52] 76561197997236738: Stripped [guid=uvtdMd_cBerqVHmKHzn52eKFl-8jD7P9CNZONWv9pR0=]
[COT 2020-07-06 23:04:01] 76561197997236738: Spawned Entity EGD-5 Frag Grenade (RGD5Grenade<46bb0440>, -1, 50) on 76561197997236738
[COT 2020-07-06 23:05:08] 76561197997236738: Stripped [guid=uvtdMd_cBerqVHmKHzn52eKFl-8jD7P9CNZONWv9pR0=]
[COT 2020-07-06 23:05:14] 76561197997236738: Stripped [guid=uvtdMd_cBerqVHmKHzn52eKFl-8jD7P9CNZONWv9pR0=]
[COT 2020-07-06 23:05:25] 76561197997236738: Teleported to position <6811.521973, 384.093201, 11522.666992>
[COT 2020-07-06 23:05:28] 76561197997236738: Teleported to position <6839.618652, 404.423187, 11490.320313>
[COT 2020-07-06 23:05:29] 76561197997236738: Teleported to position <6842.253906, 406.232025, 11489.214844>
[COT 2020-07-06 23:05:29] 76561197997236738: Teleported to position <6842.792969, 406.381042, 11488.906250>
[COT 2020-07-06 23:05:29] 76561197997236738: Teleported to position <6843.649902, 406.646729, 11488.415039>
[COT 2020-07-06 23:05:29] 76561197997236738: Teleported to position <6844.902344, 407.067078, 11487.695313>
[COT 2020-07-06 23:05:29] 76561197997236738: Teleported to position <6847.070801, 407.763947, 11486.506836>
[COT 2020-07-06 23:05:29] 76561197997236738: Teleported to position <6847.174805, 407.592346, 11486.668945>
[COT 2020-07-06 23:05:29] 76561197997236738: Teleported to position <6847.253906, 407.457916, 11486.797852>
[COT 2020-07-06 23:05:29] 76561197997236738: Teleported to position <6847.351563, 407.293335, 11486.958008>
[COT 2020-07-06 23:05:29] 76561197997236738: Teleported to position <6847.317383, 408.063080, 11486.898438>
[COT 2020-07-06 23:05:29] 76561197997236738: Teleported to position <6847.308105, 408.638519, 11486.808594>
[COT 2020-07-06 23:05:29] 76561197997236738: Teleported to position <6892.472168, 420.265350, 11464.903320>
[COT 2020-07-06 23:05:29] 76561197997236738: Teleported to position <6892.512695, 421.770508, 11464.940430>
[COT 2020-07-06 23:05:30] 76561197997236738: Teleported to position <6891.998047, 419.347229, 11464.240234>
[COT 2020-07-06 23:05:31] 76561197997236738: Teleported to position <6888.750977, 405.593018, 11444.115234>
[COT 2020-07-06 23:05:31] 76561197997236738: Teleported to position <6888.299316, 405.904449, 11438.486328>
[COT 2020-07-06 23:06:04] 76561197997236738: Healed [guid=uvtdMd_cBerqVHmKHzn52eKFl-8jD7P9CNZONWv9pR0=]
[COT 2020-07-06 23:06:52] 76561197997236738: Stripped [guid=uvtdMd_cBerqVHmKHzn52eKFl-8jD7P9CNZONWv9pR0=]
[COT 2020-07-06 23:06:54] 76561197997236738: Stripped [guid=uvtdMd_cBerqVHmKHzn52eKFl-8jD7P9CNZONWv9pR0=]
[COT 2020-07-06 23:06:55] 76561197997236738: Stripped [guid=uvtdMd_cBerqVHmKHzn52eKFl-8jD7P9CNZONWv9pR0=]
[COT 2020-07-06 23:06:55] 76561197997236738: Stripped [guid=uvtdMd_cBerqVHmKHzn52eKFl-8jD7P9CNZONWv9pR0=]
[COT 2020-07-06 23:07:00] 76561197997236738: Stripped [guid=uvtdMd_cBerqVHmKHzn52eKFl-8jD7P9CNZONWv9pR0=]
[COT 2020-07-06 23:07:13] 76561197997236738: Healed [guid=uvtdMd_cBerqVHmKHzn52eKFl-8jD7P9CNZONWv9pR0=]
[COT 2020-07-06 23:07:17] 76561197997236738: Healed [guid=uvtdMd_cBerqVHmKHzn52eKFl-8jD7P9CNZONWv9pR0=]
[COT 2020-07-06 23:07:25] 76561197997236738: Stripped [guid=uvtdMd_cBerqVHmKHzn52eKFl-8jD7P9CNZONWv9pR0=]
[COT 2020-07-06 23:07:26] 76561197997236738: Stripped [guid=uvtdMd_cBerqVHmKHzn52eKFl-8jD7P9CNZONWv9pR0=]
[COT 2020-07-06 23:07:26] 76561197997236738: Stripped [guid=uvtdMd_cBerqVHmKHzn52eKFl-8jD7P9CNZONWv9pR0=]
[COT 2020-07-06 23:07:26] 76561197997236738: Stripped [guid=uvtdMd_cBerqVHmKHzn52eKFl-8jD7P9CNZONWv9pR0=]
[COT 2020-07-06 23:08:33] 76561197997236738: Spawned Entity MVS Combat Shirt - Black (TacticalShirt_ColorBase<9a7daf00>, -1, 100) at <6901.423340, 405.927002, 11406.901367>
[COT 2020-07-06 23:08:36] 76561197997236738: Spawned Entity MVS Combat Shirt - Black (TacticalShirt_ColorBase<9a7de230>, -1, 100) on 76561197997236738
[COT 2020-07-06 23:08:42] 76561197997236738: Spawned Entity MVS Combat Pants - Black (BDUPants<9176d2a0>, -1, 100) on 76561197997236738
[COT 2020-07-06 23:09:03] 76561197997236738: Set wind to 14.7731 0.01 1
[COT 2020-07-06 23:09:03] 76561197997236738: Set wind to 14.7731 0.01 1
[COT 2020-07-06 23:09:04] 76561197997236738: Set rain to 0 0 0
[COT 2020-07-06 23:09:04] 76561197997236738: Set storm to 0 0.8 4000
[COT 2020-07-06 23:09:04] 76561197997236738: Set fog to 0.0677011 0 0
[COT 2020-07-06 23:09:04] 76561197997236738: Set overcast to 0.397125 0 0
[COT 2020-07-06 23:09:04] 76561197997236738: Set the date to 2020/8/10 16:7
[COT 2020-07-06 23:09:04] 76561197997236738: Set wind to 0.01 0.01 1
[COT 2020-07-06 23:09:05] 76561197997236738: Set fog to 0 0 0
[COT 2020-07-06 23:09:05] 76561197997236738: Set fog to 0 0 0
[COT 2020-07-06 23:09:05] 76561197997236738: Set rain to 0 0 0
[COT 2020-07-06 23:09:05] 76561197997236738: Set storm to 0 0.8 4000
[COT 2020-07-06 23:09:05] 76561197997236738: Set fog to 0 0 0
[COT 2020-07-06 23:09:05] 76561197997236738: Set overcast to 0.397125 0 0
[COT 2020-07-06 23:09:05] 76561197997236738: Set the date to 2020/8/10 16:7
[COT 2020-07-06 23:09:05] 76561197997236738: Set wind to 0.01 0.01 1
[COT 2020-07-06 23:09:06] 76561197997236738: Set overcast to 0.01 0 0
[COT 2020-07-06 23:09:06] 76561197997236738: Set the date to 2020/8/10 16:12
[COT 2020-07-06 23:09:06] 76561197997236738: Set overcast to 0.01 0 0
[COT 2020-07-06 23:09:06] 76561197997236738: Set the date to 2020/8/10 16:12
[COT 2020-07-06 23:09:07] 76561197997236738: Set rain to 0 0 0
[COT 2020-07-06 23:09:07] 76561197997236738: Set storm to 0 0.8 4000
[COT 2020-07-06 23:09:07] 76561197997236738: Set fog to 0 0 0
[COT 2020-07-06 23:09:07] 76561197997236738: Set overcast to 0.01 0 0
[COT 2020-07-06 23:09:07] 76561197997236738: Set the date to 2020/8/10 16:7
[COT 2020-07-06 23:09:07] 76561197997236738: Set wind to 0.01 0.01 1
[COT 2020-07-06 23:09:08] 76561197997236738: Set the date to 2020/6/28 16:7
[COT 2020-07-06 23:09:09] 76561197997236738: Set the date to 2020/6/28 16:7
[COT 2020-07-06 23:09:09] 76561197997236738: Set the date to 2020/5/12 16:7
[COT 2020-07-06 23:09:09] 76561197997236738: Set the date to 2020/5/12 16:7
[COT 2020-07-06 23:09:10] 76561197997236738: Set the date to 2020/4/5 16:7
[COT 2020-07-06 23:09:10] 76561197997236738: Set the date to 2020/4/5 16:7
[COT 2020-07-06 23:09:11] 76561197997236738: Set the date to 2020/4/16 16:7
[COT 2020-07-06 23:09:11] 76561197997236738: Set the date to 2020/4/16 16:7
[COT 2020-07-06 23:09:11] 76561197997236738: Set the date to 2020/5/8 16:7
[COT 2020-07-06 23:09:11] 76561197997236738: Set the date to 2020/5/8 16:7
[COT 2020-07-06 23:09:12] 76561197997236738: Set the date to 2020/5/30 16:7
[COT 2020-07-06 23:09:12] 76561197997236738: Set the date to 2020/5/30 16:7
[COT 2020-07-06 23:09:13] 76561197997236738: Set rain to 0 0 0
[COT 2020-07-06 23:09:13] 76561197997236738: Set storm to 0 0.8 4000
[COT 2020-07-06 23:09:13] 76561197997236738: Set fog to 0 0 0
[COT 2020-07-06 23:09:13] 76561197997236738: Set overcast to 0.01 0 0
[COT 2020-07-06 23:09:13] 76561197997236738: Set the date to 2020/5/30 16:7
[COT 2020-07-06 23:09:13] 76561197997236738: Set wind to 0.01 0.01 1
[COT 2020-07-06 23:09:16] 76561197997236738: Set the date to 2020/5/30 3:35
[COT 2020-07-06 23:09:16] 76561197997236738: Set the date to 2020/5/30 3:35
[COT 2020-07-06 23:09:17] 76561197997236738: Set the date to 2020/5/30 5:2
[COT 2020-07-06 23:09:17] 76561197997236738: Set the date to 2020/5/30 5:2
[COT 2020-07-06 23:09:17] 76561197997236738: Set the date to 2020/5/30 4:4
[COT 2020-07-06 23:09:18] 76561197997236738: Set the date to 2020/5/30 4:4
[COT 2020-07-06 23:09:18] 76561197997236738: Set the date to 2020/5/30 5:2
[COT 2020-07-06 23:09:18] 76561197997236738: Set the date to 2020/5/30 5:2
[COT 2020-07-06 23:09:19] 76561197997236738: Set rain to 0 0 0
[COT 2020-07-06 23:09:19] 76561197997236738: Set storm to 0 0.8 4000
[COT 2020-07-06 23:09:19] 76561197997236738: Set fog to 0 0 0
[COT 2020-07-06 23:09:19] 76561197997236738: Set overcast to 0.01 0 0
[COT 2020-07-06 23:09:19] 76561197997236738: Set the date to 2020/5/30 5:2
[COT 2020-07-06 23:09:19] 76561197997236738: Set wind to 0.01 0.01 1
[COT 2020-07-06 23:09:33] 76561197997236738: Spawned Entity Assault Boots (MilitaryBoots_Black<90f89db0>, -1, 100) on 76561197997236738
[COT 2020-07-06 23:09:33] 76561197997236738: Spawned Entity Assault Boots (MilitaryBoots_Black<90f8fcc0>, -1, 100) at <6899.426758, 406.036194, 11422.291016>
[COT 2020-07-06 23:09:48] 76561197997236738: Set wind to 12.008 0.04 1
[COT 2020-07-06 23:09:48] 76561197997236738: Set wind to 12.008 0.04 1
[COT 2020-07-06 23:09:49] 76561197997236738: Set wind to 12.008 0.04 1
[COT 2020-07-06 23:09:49] 76561197997236738: Set wind to 12.008 0 1
[COT 2020-07-06 23:09:49] 76561197997236738: Set wind to 12.008 0 1
[COT 2020-07-06 23:09:49] 76561197997236738: Set wind to 12.008 0.01 1
[COT 2020-07-06 23:09:49] 76561197997236738: Set wind to 12.008 0.01 1
[COT 2020-07-06 23:09:50] 76561197997236738: Set rain to 0 0 0
[COT 2020-07-06 23:09:50] 76561197997236738: Set storm to 0 0.8 4000
[COT 2020-07-06 23:09:50] 76561197997236738: Set fog to 0.000371486 0 0
[COT 2020-07-06 23:09:50] 76561197997236738: Set overcast to 0.0355245 0 0
[COT 2020-07-06 23:09:50] 76561197997236738: Set the date to 2020/5/30 5:2
[COT 2020-07-06 23:09:50] 76561197997236738: Set wind to 0.01 0.01 1
[COT 2020-07-06 23:09:52] 76561197997236738: Set rain to 0 0 0
[COT 2020-07-06 23:09:52] 76561197997236738: Set storm to 0 0.8 4000
[COT 2020-07-06 23:09:52] 76561197997236738: Set fog to 0.000371486 0 0
[COT 2020-07-06 23:09:52] 76561197997236738: Set overcast to 0.0355245 0 0
[COT 2020-07-06 23:09:52] 76561197997236738: Set the date to 2020/5/30 5:2
[COT 2020-07-06 23:09:52] 76561197997236738: Set wind to 0.01 0.01 1
[COT 2020-07-06 23:10:18] 76561197997236738: Spawned Entity MVS Combat Pants - Black (BDUPants<90b76990>, -1, 100) on 76561197997236738
[COT 2020-07-06 23:10:23] 76561197997236738: Spawned Entity MVS Combat Pants - Black (BDUPants<90b86230>, -1, 100) at <6891.756348, 405.960754, 11434.877930>
[COT 2020-07-06 23:10:34] 76561197997236738: Spawned Entity MVS Shroud - Black (BalaclavaMask_ColorBase<96d48a70>, -1, 100) at <6891.756348, 405.960754, 11434.877930>
[COT 2020-07-06 23:10:39] 76561197997236738: Spawned Entity MVS Rucksack - Black (MountainBag_ColorBase<96d42410>, -1, 300) on 76561197997236738
[COT 2020-07-06 23:10:40] 76561197997236738: Spawned Entity MVS Rucksack - Black (MountainBag_ColorBase<96d42b60>, -1, 300) at <6891.756348, 405.960754, 11434.877930>
[COT 2020-07-06 23:11:16] 76561197997236738: Spawned Entity Night Vision Goggles (NVGoggles<3897ff90>, -1, 100) at <6894.182617, 405.904541, 11433.083008>
[COT 2020-07-06 23:12:31] 76561197997236738: Spawned Entity  (Building<2c7a0c90>, -1, 0) at <6893.471680, 405.924988, 11433.456055>
[COT 2020-07-06 23:12:44] 76561197997236738: Teleported to position <6912.069336, 409.622528, 11443.504883>
[COT 2020-07-06 23:12:46] 76561197997236738: Teleported to position <6904.791992, 413.564209, 11444.360352>
[COT 2020-07-06 23:13:08] 76561197997236738: Deleted Entity ExpansionUh1hWreck at <6883.328613, 414.791931, 11448.548828>
[COT 2020-07-06 23:13:21] 76561197997236738: Deleted Entity TreeHard_t_naked_2s at <6878.322754, 415.676910, 11426.343750>
[COT 2020-07-06 23:13:57] 76561197997236738: Spawned vehicle Merlin (ExpansionMerlin) at <6895.174316, 413.209412, 11421.314453>
[COT 2020-07-06 23:14:29] 76561197997236738: Healed [guid=uvtdMd_cBerqVHmKHzn52eKFl-8jD7P9CNZONWv9pR0=]
[COT 2020-07-06 23:14:49] 76561197997236738: Healed [guid=uvtdMd_cBerqVHmKHzn52eKFl-8jD7P9CNZONWv9pR0=]
[COT 2020-07-06 23:14:50] 76561197997236738: Healed [guid=uvtdMd_cBerqVHmKHzn52eKFl-8jD7P9CNZONWv9pR0=]
[COT 2020-07-06 23:14:50] 76561197997236738: Healed [guid=uvtdMd_cBerqVHmKHzn52eKFl-8jD7P9CNZONWv9pR0=]
[COT 2020-07-06 23:15:16] 76561197997236738: Teleported [guid=uvtdMd_cBerqVHmKHzn52eKFl-8jD7P9CNZONWv9pR0=] to <13173.700195, 5.535850, 10217.099609>
[COT 2020-07-06 23:15:26] 76561197997236738: Set GodMode To true [guid=uvtdMd_cBerqVHmKHzn52eKFl-8jD7P9CNZONWv9pR0=]
[COT 2020-07-06 23:15:28] 76561197997236738: Healed [guid=uvtdMd_cBerqVHmKHzn52eKFl-8jD7P9CNZONWv9pR0=]
[COT 2020-07-06 23:15:28] 76561197997236738: Healed [guid=uvtdMd_cBerqVHmKHzn52eKFl-8jD7P9CNZONWv9pR0=]
[COT 2020-07-06 23:15:28] 76561197997236738: Healed [guid=uvtdMd_cBerqVHmKHzn52eKFl-8jD7P9CNZONWv9pR0=]
[COT 2020-07-06 23:15:29] 76561197997236738: Healed [guid=uvtdMd_cBerqVHmKHzn52eKFl-8jD7P9CNZONWv9pR0=]
[COT 2020-07-06 23:15:29] 76561197997236738: Healed [guid=uvtdMd_cBerqVHmKHzn52eKFl-8jD7P9CNZONWv9pR0=]
[COT 2020-07-06 23:15:29] 76561197997236738: Healed [guid=uvtdMd_cBerqVHmKHzn52eKFl-8jD7P9CNZONWv9pR0=]
[COT 2020-07-06 23:15:30] 76561197997236738: Stripped [guid=uvtdMd_cBerqVHmKHzn52eKFl-8jD7P9CNZONWv9pR0=]
[COT 2020-07-06 23:15:31] 76561197997236738: Stripped [guid=uvtdMd_cBerqVHmKHzn52eKFl-8jD7P9CNZONWv9pR0=]
[COT 2020-07-06 23:15:31] 76561197997236738: Stripped [guid=uvtdMd_cBerqVHmKHzn52eKFl-8jD7P9CNZONWv9pR0=]
[COT 2020-07-06 23:15:49] 76561197997236738: Deleted Entity ExpansionMerlin at <6887.836426, 414.966217, 11434.590820>
[COT 2020-07-06 23:16:03] 76561197997236738: Spawned vehicle Merlin (ExpansionMerlin) at <6897.879883, 413.209412, 11423.518555>
[COT 2020-07-06 23:16:29] 76561197997236738: Healed [guid=uvtdMd_cBerqVHmKHzn52eKFl-8jD7P9CNZONWv9pR0=]
[COT 2020-07-06 23:16:29] 76561197997236738: Healed [guid=uvtdMd_cBerqVHmKHzn52eKFl-8jD7P9CNZONWv9pR0=]
[COT 2020-07-06 23:16:29] 76561197997236738: Healed [guid=uvtdMd_cBerqVHmKHzn52eKFl-8jD7P9CNZONWv9pR0=]
[COT 2020-07-06 23:16:29] 76561197997236738: Healed [guid=uvtdMd_cBerqVHmKHzn52eKFl-8jD7P9CNZONWv9pR0=]
[COT 2020-07-06 23:16:30] 76561197997236738: Healed [guid=uvtdMd_cBerqVHmKHzn52eKFl-8jD7P9CNZONWv9pR0=]
[COT 2020-07-06 23:16:30] 76561197997236738: Healed [guid=uvtdMd_cBerqVHmKHzn52eKFl-8jD7P9CNZONWv9pR0=]
[COT 2020-07-06 23:17:20] 76561197997236738: Spawned vehicle UH-1H (ExpansionUh1h) at <6887.691895, 413.209412, 11428.711914>
[COT 2020-07-06 23:17:36] 76561197997236738: Spawned Entity Morphine Auto-Injector (Morphine<96c23cc0>, -1, 50) at <6892.974609, 413.249359, 11426.909180>
[COT 2020-07-06 23:17:57] 76561197997236738: Spawned Entity IV Saline Bag (SalineBagIV<96c4b8f0>, -1, 20) at <6892.974609, 413.249359, 11426.909180>
[COT 2020-07-06 23:18:27] 76561197997236738: Spawned vehicle Mh-6 Little Bird (ExpansionMh6) at <6894.354004, 413.209412, 11445.049805>
[COT 2020-07-06 23:19:47] 76561197997236738: Spawned Entity MVS Patrol Cap - Multicam Black (Clothing<92a911b0>, -1, 100) at <6891.666016, 413.249359, 11416.171875>
[COT 2020-07-06 23:19:48] 76561197997236738: Spawned Entity MVS Patrol Cap - Multicam Black (Clothing<92aad710>, -1, 100) on 76561197997236738
[COT 2020-07-06 23:20:22] 76561197997236738: Spawned Entity Strawberry Jam (Marmalade<98138890>, 340, 20) on 76561197997236738 at <13173.700195, 5.535850, 10217.099609>
[COT 2020-07-06 23:20:23] 76561197997236738: Spawned Entity Strawberry Jam (Marmalade<98141380>, 340, 20) on 76561197997236738 at <13173.700195, 5.535850, 10217.099609>
[COT 2020-07-06 23:20:23] 76561197997236738: Spawned Entity Strawberry Jam (Marmalade<9813e050>, 340, 20) on 76561197997236738 at <13173.700195, 5.535850, 10217.099609>
[COT 2020-07-06 23:20:26] 76561197997236738: Spawned Entity Strawberry Jam (Marmalade<9813ca60>, 340, 20) at <6891.249023, 413.249359, 11417.956055>
[COT 2020-07-06 23:20:27] 76561197997236738: Spawned Entity Strawberry Jam (Marmalade<9813b470>, 340, 20) at <6891.249023, 413.249359, 11417.956055>
[COT 2020-07-06 23:20:27] 76561197997236738: Spawned Entity Strawberry Jam (Marmalade<981430c0>, 340, 20) at <6891.249023, 413.249359, 11417.956055>
[COT 2020-07-06 23:20:31] 76561197997236738: Spawned Entity Pipsi Cola (SodaCan_ColorBase<98143f60>, 330, 30) at <6891.249023, 413.249359, 11417.956055>
[COT 2020-07-06 23:20:31] 76561197997236738: Spawned Entity Pipsi Cola (SodaCan_ColorBase<9813d1b0>, 330, 30) at <6891.249023, 413.249359, 11417.956055>
[COT 2020-07-06 23:20:31] 76561197997236738: Spawned Entity Pipsi Cola (SodaCan_ColorBase<9813d900>, 330, 30) at <6891.249023, 413.249359, 11417.956055>
[COT 2020-07-06 23:20:59] 76561197997236738: ESP: ESP updating
[COT 2020-07-06 23:21:29] 76561197997236738: Set GodMode To false [guid=uvtdMd_cBerqVHmKHzn52eKFl-8jD7P9CNZONWv9pR0=]
[COT 2020-07-06 23:21:31] 76561197997236738: Healed [guid=uvtdMd_cBerqVHmKHzn52eKFl-8jD7P9CNZONWv9pR0=]
[COT 2020-07-06 23:22:02] 76561197997236738: Spawned Entity IV Saline Bag (SalineBagIV<9c48baf0>, -1, 20) at <6892.204590, 413.249359, 11422.501953>
[COT 2020-07-06 23:22:03] 76561197997236738: Spawned Entity IV Saline Bag (SalineBagIV<9c48df80>, -1, 20) at <6892.204590, 413.249359, 11422.501953>
[COT 2020-07-06 23:23:23] 76561197997236738: Spawned Entity Epinephrine Auto-Injector (Epinephrine<933cb810>, -1, 50) at <6892.266602, 413.249359, 11422.129883>
[COT 2020-07-06 23:23:30] 76561197997236738: Spawned Entity Morphine Auto-Injector (Morphine<933ceb40>, -1, 50) at <6892.266602, 413.249359, 11422.129883>
[COT 2020-07-06 23:23:51] 76561197997236738: Spawned Entity IV Saline Bag (SalineBagIV<933ace20>, -1, 20) at <6892.266602, 413.249359, 11422.129883>
[COT 2020-07-06 23:25:39] 76561197997236738: ESP: Clearing ESP
[COT 2020-07-06 23:25:40] 76561197997236738: ESP: Viewing ESP
[COT 2020-07-06 23:25:40] 76561197997236738: ESP: Clearing ESP
[COT 2020-07-06 23:26:32] 76561197997236738: Deleted Entity ExpansionCamoTent at <6889.877930, 405.623779, 11443.453125>
[COT 2020-07-06 23:27:15] 76561197997236738: Spawned Entity  (Building<49b2c8d0>, -1, 0) at <6900.326172, 411.156616, 11415.483398>
[COT 2020-07-06 23:27:30] 76561197997236738: Deleted Entity Land_Castle_Wall2_30 at <6914.691406, 411.504730, 11414.689453>
[COT 2020-07-06 23:27:33] 76561197997236738: Deleted Entity Land_Castle_Wall2_30 at <6914.691406, 411.504730, 11414.689453>
[COT 2020-07-06 23:27:43] 76561197997236738: Deleted Entity bldr_Platform1_Ramp at <6900.326172, 411.156616, 11415.483398>
[COT 2020-07-06 23:27:48] 76561197997236738: Teleported to position <6894.953613, 411.508881, 11414.309570>
[COT 2020-07-06 23:27:50] 76561197997236738: Teleported to position <6893.979492, 411.156616, 11415.710938>
[COT 2020-07-06 23:27:52] 76561197997236738: Teleported to position <6891.726074, 411.803802, 11414.284180>
[COT 2020-07-06 23:27:53] 76561197997236738: Teleported to position <6890.841797, 411.156616, 11414.726563>
[COT 2020-07-06 23:27:54] 76561197997236738: Teleported to position <6889.490723, 407.017578, 11413.634766>
[COT 2020-07-06 23:27:58] 76561197997236738: Teleported to position <6890.106934, 414.229462, 11414.267578>
[COT 2020-07-06 23:28:09] 76561197997236738: Teleported to position <6872.602539, 404.161743, 11447.691406>
[COT 2020-07-06 23:28:18] 76561197997236738: Teleported to position <6878.789551, 420.271088, 11410.443359>
[COT 2020-07-06 23:28:32] 76561197997236738: Teleported to position <6861.941895, 403.844666, 11442.924805>
[COT 2020-07-06 23:28:35] 76561197997236738: Teleported to position <6888.089355, 411.156616, 11452.699219>
[COT 2020-07-06 23:28:43] 76561197997236738: Teleported to position <6885.338379, 414.308380, 11452.818359>
[COT 2020-07-06 23:29:32] 76561197997236738: Spawned Entity  (Building<49b25bb0>, -1, 0) at <6906.705566, 405.941071, 11412.415039>
[COT 2020-07-06 23:29:45] 76561197997236738: Teleported to position <6893.654785, 411.561859, 11414.304688>
[COT 2020-07-06 23:29:49] 76561197997236738: Teleported to position <6895.479492, 411.556091, 11414.305664>
[COT 2020-07-06 23:29:51] 76561197997236738: Teleported to position <6892.979980, 412.396515, 11414.234375>
[COT 2020-07-06 23:29:54] 76561197997236738: Teleported to position <6890.114746, 414.273438, 11414.278320>
[COT 2020-07-06 23:30:20] 76561197997236738: Spawned Entity  (Building<49b28620>, -1, 0) at <6891.054688, 413.249359, 11415.893555>
[COT 2020-07-06 23:30:35] 76561197997236738: Deleted Entity bldr_Platform1_Ramp at <6891.054688, 413.249359, 11415.893555>
[COT 2020-07-06 23:30:58] 76561197997236738: Deleted Entity bldr_Platform1_Ramp at <6906.705566, 405.941071, 11412.415039>
[COT 2020-07-06 23:31:01] 76561197997236738: Teleported to position <6890.114746, 414.135986, 11414.273438>
[COT 2020-07-06 23:31:12] 76561197997236738: Spawned Entity  (Building<49b446c0>, -1, 0) at <6894.778320, 405.949982, 11409.840820>
[COT 2020-07-06 23:31:35] 76561197997236738: Spawned Entity  (Building<49b25bb0>, -1, 0) at <6900.891113, 405.935455, 11412.110352>
[COT 2020-07-06 23:32:02] 76561197997236738: Spawned Entity  (Building<49b36c80>, -1, 0) at <6897.296875, 406.843597, 11412.132813>
[COT 2020-07-06 23:32:06] 76561197997236738: Spawned Entity  (Building<49b3af30>, -1, 0) at <6897.240723, 406.953064, 11412.166016>
[COT 2020-07-06 23:32:15] 76561197997236738: Spawned Entity  (Building<49b378a0>, -1, 0) at <6897.170410, 407.089996, 11412.206055>
[COT 2020-07-06 23:32:37] 76561197997236738: Spawned Entity  (Building<49b3d390>, -1, 0) at <6911.508789, 405.732391, 11411.168945>
[COT 2020-07-06 23:32:42] 76561197997236738: Spawned Entity  (Building<49b40a20>, -1, 0) at <6911.508789, 405.732391, 11411.168945>
[COT 2020-07-06 23:32:44] 76561197997236738: Spawned Entity  (Building<49b44cd0>, -1, 0) at <6911.508789, 405.732391, 11411.168945>
[COT 2020-07-06 23:32:49] 76561197997236738: Spawned Entity  (Building<49b3d9a0>, -1, 0) at <6911.508789, 405.732391, 11411.168945>
[COT 2020-07-06 23:33:38] 76561197997236738: Teleported to position <6892.471191, 405.959351, 11437.345703>
[COT 2020-07-06 23:34:00] 76561197997236738: Healed [guid=uvtdMd_cBerqVHmKHzn52eKFl-8jD7P9CNZONWv9pR0=]
[COT 2020-07-06 23:34:14] 76561197997236738: Deleted Entity bldr_Target_Concrete_Ramp at <6897.240723, 406.953064, 11412.166016>
[COT 2020-07-06 23:34:20] 76561197997236738: Deleted Entity bldr_Platform1_Ramp at <6911.508789, 405.732391, 11411.168945>
[COT 2020-07-06 23:34:22] 76561197997236738: Deleted Entity bldr_Platform2_Enter at <6911.508789, 405.732391, 11411.168945>
[COT 2020-07-06 23:34:23] 76561197997236738: Deleted Entity bldr_Platform2_Enter at <6911.508789, 405.732391, 11411.168945>
[COT 2020-07-06 23:34:29] 76561197997236738: Deleted Entity bldr_Platform1_Ramp at <6897.170410, 407.089996, 11412.206055>
[COT 2020-07-06 23:34:30] 76561197997236738: Deleted Entity bldr_Platform1_Ramp at <6900.891113, 405.935455, 11412.110352>
[COT 2020-07-06 23:34:41] 76561197997236738: Deleted Entity bldr_misc_obstacle_ramp at <6897.296875, 406.843597, 11412.132813>
[COT 2020-07-06 23:35:01] 76561197997236738: Spawned Entity  (Building<49b25bb0>, -1, 0) at <6883.874023, 408.863098, 11412.202148>
[COT 2020-07-06 23:35:17] 76561197997236738: Deleted Entity Land_Tisy_RadarPlatform_Top at <6893.471680, 405.924988, 11433.456055>
[COT 2020-07-06 23:35:36] 76561197997236738: Teleported to position <6897.043457, 417.811310, 11423.076172>
[COT 2020-07-06 23:35:40] 76561197997236738: Teleported to position <6897.798828, 414.020874, 11423.685547>
[COT 2020-07-06 23:35:40] 76561197997236738: Teleported to position <6897.888672, 414.011658, 11423.274414>
[COT 2020-07-06 23:35:41] 76561197997236738: Teleported to position <6898.060547, 414.014526, 11423.001953>
[COT 2020-07-06 23:35:41] 76561197997236738: Teleported to position <6898.229492, 414.027069, 11422.690430>
[COT 2020-07-06 23:35:57] 76561197997236738: Deleted Entity bldr_Platform2_Stairs_30 at <6883.874023, 408.863098, 11412.202148>
[COT 2020-07-06 23:36:06] 76561197997236738: Deleted Entity bldr_Platform1_Ramp at <6894.778320, 405.949982, 11409.840820>
[COT 2020-07-06 23:36:18] 76561197997236738: Deleted Entity bldr_Platform2_Stairs_30 at <6911.508789, 405.732391, 11411.168945>
[COT 2020-07-06 23:36:24] 76561197997236738: Teleported to position <6898.243164, 418.664124, 11423.621094>
[COT 2020-07-06 23:36:30] 76561197997236738: Teleported to position <6899.172363, 416.726471, 11423.835938>
[COT 2020-07-06 23:36:35] 76561197997236738: Teleported to position <6897.730469, 412.223816, 11418.259766>
[COT 2020-07-06 23:36:41] 76561197997236738: Teleported to position <6897.385254, 416.677399, 11422.725586>
[COT 2020-07-06 23:36:44] 76561197997236738: Teleported to position <6897.740234, 414.156006, 11428.667969>
[COT 2020-07-06 23:36:48] 76561197997236738: Teleported to position <6897.828125, 414.291962, 11430.527344>
[COT 2020-07-06 23:36:54] 76561197997236738: Teleported to position <6896.634766, 415.547485, 11428.626953>
[COT 2020-07-06 23:36:57] 76561197997236738: Teleported to position <6897.809082, 414.147491, 11428.509766>
[COT 2020-07-06 23:36:58] 76561197997236738: Teleported to position <6898.403320, 414.137482, 11428.617188>
[COT 2020-07-06 23:37:01] 76561197997236738: Teleported to position <6898.470703, 414.138336, 11428.674805>
[COT 2020-07-06 23:37:03] 76561197997236738: Teleported to position <6898.891113, 414.133911, 11428.527344>
[COT 2020-07-06 23:37:22] 76561197997236738: Teleported to position <6897.770020, 416.673645, 11424.104492>
[COT 2020-07-06 23:37:26] 76561197997236738: Teleported to position <6897.584961, 414.056335, 11424.514648>
[COT 2020-07-06 23:37:32] 76561197997236738: Teleported to position <6897.389648, 414.077637, 11424.853516>
[COT 2020-07-06 23:37:36] 76561197997236738: Teleported to position <6897.194336, 414.102661, 11425.189453>
[COT 2020-07-06 23:37:38] 76561197997236738: Teleported to position <6896.994629, 414.132721, 11425.516602>
[COT 2020-07-06 23:37:40] 76561197997236738: Teleported to position <6896.793457, 414.173584, 11425.856445>
[COT 2020-07-06 23:37:42] 76561197997236738: Teleported to position <6896.584473, 414.352692, 11426.212891>
[COT 2020-07-06 23:37:53] 76561197997236738: Teleported to position <6897.665039, 414.116455, 11426.987305>
[COT 2020-07-06 23:37:55] 76561197997236738: Teleported to position <6898.270996, 414.137421, 11428.037109>
[COT 2020-07-06 23:37:57] 76561197997236738: Teleported to position <6898.883301, 414.175751, 11429.100586>
[COT 2020-07-06 23:38:15] 76561197997236738: Entered the Free Camera
[COT 2020-07-06 23:39:02] 76561197997236738: Left the Free Camera
[COT 2020-07-06 23:39:04] 76561197997236738: Teleported to position <6913.051270, 415.784454, 11436.932617>
[COT 2020-07-06 23:39:05] 76561197997236738: Teleported to position <6868.428223, 410.007568, 11454.027344>
[COT 2020-07-06 23:39:08] 76561197997236738: Teleported to position <6866.847656, 404.923248, 11454.668945>
[COT 2020-07-06 23:39:19] 76561197997236738: Teleported to position <6886.708496, 411.996429, 11467.763672>
[COT 2020-07-06 23:39:22] 76561197997236738: Teleported to position <6887.975098, 408.660645, 11455.784180>
